2025-10-04T17:00:04.6232501Z Current runner version: '2.328.0'
2025-10-04T17:00:04.6257735Z ##[group]Runner Image Provisioner
2025-10-04T17:00:04.6258586Z Hosted Compute Agent
2025-10-04T17:00:04.6259136Z Version: 20250912.392
2025-10-04T17:00:04.6260393Z Commit: d921fda672a98b64f4f82364647e2f10b2267d0b
2025-10-04T17:00:04.6261113Z Build Date: 2025-09-12T15:23:14Z
2025-10-04T17:00:04.6261678Z ##[endgroup]
2025-10-04T17:00:04.6262303Z ##[group]Operating System
2025-10-04T17:00:04.6262845Z Ubuntu
2025-10-04T17:00:04.6263325Z 24.04.3
2025-10-04T17:00:04.6263792Z LTS
2025-10-04T17:00:04.6264264Z ##[endgroup]
2025-10-04T17:00:04.6264749Z ##[group]Runner Image
2025-10-04T17:00:04.6265300Z Image: ubuntu-24.04
2025-10-04T17:00:04.6265822Z Version: 20250929.60.1
2025-10-04T17:00:04.6266818Z Included Software: https://github.com/actions/runner-images/blob/ubuntu24/20250929.60/images/ubuntu/Ubuntu2404-Readme.md
2025-10-04T17:00:04.6268435Z Image Release: https://github.com/actions/runner-images/releases/tag/ubuntu24%2F20250929.60
2025-10-04T17:00:04.6269561Z ##[endgroup]
2025-10-04T17:00:04.6272143Z ##[group]GITHUB_TOKEN Permissions
2025-10-04T17:00:04.6274385Z Actions: write
2025-10-04T17:00:04.6274999Z Attestations: write
2025-10-04T17:00:04.6275497Z Checks: write
2025-10-04T17:00:04.6275974Z Contents: write
2025-10-04T17:00:04.6276418Z Deployments: write
2025-10-04T17:00:04.6276985Z Discussions: write
2025-10-04T17:00:04.6277484Z Issues: write
2025-10-04T17:00:04.6277939Z Metadata: read
2025-10-04T17:00:04.6278439Z Models: read
2025-10-04T17:00:04.6278923Z Packages: write
2025-10-04T17:00:04.6279568Z Pages: write
2025-10-04T17:00:04.6280135Z PullRequests: write
2025-10-04T17:00:04.6280693Z RepositoryProjects: write
2025-10-04T17:00:04.6281205Z SecurityEvents: write
2025-10-04T17:00:04.6281937Z Statuses: write
2025-10-04T17:00:04.6282399Z ##[endgroup]
2025-10-04T17:00:04.6284571Z Secret source: Actions
2025-10-04T17:00:04.6285386Z Prepare workflow directory
2025-10-04T17:00:04.6920196Z Prepare all required actions
2025-10-04T17:00:04.6958872Z Getting action download info
2025-10-04T17:00:05.0961299Z Download action repository 'actions/checkout@v5' (SHA:08c6903cd8c0fde910a37f88322edcfb5dd907a8)
2025-10-04T17:00:05.6766626Z Complete job name: posix (linux, clang, shared)
2025-10-04T17:00:05.7528652Z ##[group]Run actions/checkout@v5
2025-10-04T17:00:05.7529757Z with:
2025-10-04T17:00:05.7530207Z   repository: commonmark/cmark
2025-10-04T17:00:05.7530934Z   token: ***
2025-10-04T17:00:05.7531345Z   ssh-strict: true
2025-10-04T17:00:05.7531762Z   ssh-user: git
2025-10-04T17:00:05.7532189Z   persist-credentials: true
2025-10-04T17:00:05.7532701Z   clean: true
2025-10-04T17:00:05.7533141Z   sparse-checkout-cone-mode: true
2025-10-04T17:00:05.7533638Z   fetch-depth: 1
2025-10-04T17:00:05.7534063Z   fetch-tags: false
2025-10-04T17:00:05.7534491Z   show-progress: true
2025-10-04T17:00:05.7534907Z   lfs: false
2025-10-04T17:00:05.7535312Z   submodules: false
2025-10-04T17:00:05.7535745Z   set-safe-directory: true
2025-10-04T17:00:05.7536446Z env:
2025-10-04T17:00:05.7536868Z   ASAN_OPTIONS: 
2025-10-04T17:00:05.7537271Z   CC: clang
2025-10-04T17:00:05.7537636Z   CXX: clang++
2025-10-04T17:00:05.7538017Z   CFLAGS:  
2025-10-04T17:00:05.7538385Z   CXXFLAGS:  
2025-10-04T17:00:05.7538810Z ##[endgroup]
2025-10-04T17:00:05.8518788Z Syncing repository: commonmark/cmark
2025-10-04T17:00:05.8521054Z ##[group]Getting Git version info
2025-10-04T17:00:05.8521811Z Working directory is '/home/runner/work/cmark/cmark'
2025-10-04T17:00:05.8522788Z [command]/usr/bin/git version
2025-10-04T17:00:05.9446042Z git version 2.51.0
2025-10-04T17:00:05.9469822Z ##[endgroup]
2025-10-04T17:00:05.9497214Z Temporarily overriding HOME='/home/runner/work/_temp/e7667bd0-11b1-4d1f-8952-30732ad20244' before making global git config changes
2025-10-04T17:00:05.9499067Z Adding repository directory to the temporary git global config as a safe directory
2025-10-04T17:00:05.9503429Z [command]/usr/bin/git config --global --add safe.directory /home/runner/work/cmark/cmark
2025-10-04T17:00:05.9588378Z Deleting the contents of '/home/runner/work/cmark/cmark'
2025-10-04T17:00:05.9592639Z ##[group]Initializing the repository
2025-10-04T17:00:05.9598255Z [command]/usr/bin/git init /home/runner/work/cmark/cmark
2025-10-04T17:00:06.0526958Z hint: Using 'master' as the name for the initial branch. This default branch name
2025-10-04T17:00:06.0528366Z hint: is subject to change. To configure the initial branch name to use in all
2025-10-04T17:00:06.0529758Z hint: of your new repositories, which will suppress this warning, call:
2025-10-04T17:00:06.0530671Z hint:
2025-10-04T17:00:06.0531315Z hint: 	git config --global init.defaultBranch <name>
2025-10-04T17:00:06.0532064Z hint:
2025-10-04T17:00:06.0532775Z hint: Names commonly chosen instead of 'master' are 'main', 'trunk' and
2025-10-04T17:00:06.0533931Z hint: 'development'. The just-created branch can be renamed via this command:
2025-10-04T17:00:06.0534847Z hint:
2025-10-04T17:00:06.0535320Z hint: 	git branch -m <name>
2025-10-04T17:00:06.0535892Z hint:
2025-10-04T17:00:06.0536676Z hint: Disable this message with "git config set advice.defaultBranchName false"
2025-10-04T17:00:06.0568007Z Initialized empty Git repository in /home/runner/work/cmark/cmark/.git/
2025-10-04T17:00:06.0581890Z [command]/usr/bin/git remote add origin https://github.com/commonmark/cmark
2025-10-04T17:00:06.0705947Z ##[endgroup]
2025-10-04T17:00:06.0706908Z ##[group]Disabling automatic garbage collection
2025-10-04T17:00:06.0710066Z [command]/usr/bin/git config --local gc.auto 0
2025-10-04T17:00:06.0740798Z ##[endgroup]
2025-10-04T17:00:06.0741505Z ##[group]Setting up auth
2025-10-04T17:00:06.0748175Z [command]/usr/bin/git config --local --name-only --get-regexp core\.sshCommand
2025-10-04T17:00:06.0783171Z [command]/usr/bin/git submodule foreach --recursive sh -c "git config --local --name-only --get-regexp 'core\.sshCommand' && git config --local --unset-all 'core.sshCommand' || :"
2025-10-04T17:00:06.2762743Z [command]/usr/bin/git config --local --name-only --get-regexp http\.https\:\/\/github\.com\/\.extraheader
2025-10-04T17:00:06.2795179Z [command]/usr/bin/git submodule foreach --recursive sh -c "git config --local --name-only --get-regexp 'http\.https\:\/\/github\.com\/\.extraheader' && git config --local --unset-all 'http.https://github.com/.extraheader' || :"
2025-10-04T17:00:06.3021220Z [command]/usr/bin/git config --local http.https://github.com/.extraheader AUTHORIZATION: basic ***
2025-10-04T17:00:06.3057520Z ##[endgroup]
2025-10-04T17:00:06.3059930Z ##[group]Fetching the repository
2025-10-04T17:00:06.3069917Z [command]/usr/bin/git -c protocol.version=2 fetch --no-tags --prune --no-recurse-submodules --depth=1 origin +b8886b25f3ef185eb6400fd24de5519cf85c8bb4:refs/remotes/origin/master
2025-10-04T17:00:06.9455169Z From https://github.com/commonmark/cmark
2025-10-04T17:00:06.9457121Z  * [new ref]         b8886b25f3ef185eb6400fd24de5519cf85c8bb4 -> origin/master
2025-10-04T17:00:06.9530934Z ##[endgroup]
2025-10-04T17:00:06.9533264Z ##[group]Determining the checkout info
2025-10-04T17:00:06.9536065Z ##[endgroup]
2025-10-04T17:00:06.9539312Z [command]/usr/bin/git sparse-checkout disable
2025-10-04T17:00:06.9632274Z [command]/usr/bin/git config --local --unset-all extensions.worktreeConfig
2025-10-04T17:00:06.9662297Z ##[group]Checking out the ref
2025-10-04T17:00:06.9667661Z [command]/usr/bin/git checkout --progress --force -B master refs/remotes/origin/master
2025-10-04T17:00:06.9841194Z Reset branch 'master'
2025-10-04T17:00:06.9843093Z branch 'master' set up to track 'origin/master'.
2025-10-04T17:00:06.9852306Z ##[endgroup]
2025-10-04T17:00:06.9890412Z [command]/usr/bin/git log -1 --format=%H
2025-10-04T17:00:06.9915558Z b8886b25f3ef185eb6400fd24de5519cf85c8bb4
2025-10-04T17:00:07.0140422Z ##[group]Run cmake \
2025-10-04T17:00:07.0141463Z [36;1mcmake \[0m
2025-10-04T17:00:07.0142396Z [36;1m   -DBUILD_SHARED_LIBS=YES \[0m
2025-10-04T17:00:07.0143603Z [36;1m   -DCMAKE_BUILD_TYPE=Debug \[0m
2025-10-04T17:00:07.0144751Z [36;1m   -S . -B build[0m
2025-10-04T17:00:07.0145752Z [36;1mcmake --build build[0m
2025-10-04T17:00:07.0147171Z [36;1m ctest --test-dir build --output-on-failure[0m
2025-10-04T17:00:07.0188750Z shell: /usr/bin/bash -e {0}
2025-10-04T17:00:07.0190051Z env:
2025-10-04T17:00:07.0190831Z   ASAN_OPTIONS: 
2025-10-04T17:00:07.0191701Z   CC: clang
2025-10-04T17:00:07.0192474Z   CXX: clang++
2025-10-04T17:00:07.0193281Z   CFLAGS:  
2025-10-04T17:00:07.0194050Z   CXXFLAGS:  
2025-10-04T17:00:07.0194860Z ##[endgroup]
2025-10-04T17:00:07.4004366Z CMake Deprecation Warning at CMakeLists.txt:1 (cmake_minimum_required):
2025-10-04T17:00:07.4007171Z   Compatibility with CMake < 3.10 will be removed from a future version of
2025-10-04T17:00:07.4008879Z   CMake.
2025-10-04T17:00:07.4009321Z 
2025-10-04T17:00:07.4010371Z   Update the VERSION argument <min> value.  Or, use the <min>...<max> syntax
2025-10-04T17:00:07.4012487Z   to tell CMake that the project requires at least <min> but has been updated
2025-10-04T17:00:07.4014300Z   to work with policies introduced by <max> or earlier.
2025-10-04T17:00:07.4015279Z 
2025-10-04T17:00:07.4015287Z 
2025-10-04T17:00:11.7624993Z -- The C compiler identification is Clang 18.1.3
2025-10-04T17:00:12.2411411Z -- The CXX compiler identification is Clang 18.1.3
2025-10-04T17:00:12.3777488Z -- Detecting C compiler ABI info
2025-10-04T17:00:12.6408224Z -- Detecting C compiler ABI info - done
2025-10-04T17:00:12.6550442Z -- Check for working C compiler: /usr/bin/clang - skipped
2025-10-04T17:00:12.6593893Z -- Detecting C compile features
2025-10-04T17:00:12.6636943Z -- Detecting C compile features - done
2025-10-04T17:00:12.7068434Z -- Detecting CXX compiler ABI info
2025-10-04T17:00:12.8390519Z -- Detecting CXX compiler ABI info - done
2025-10-04T17:00:12.8533593Z -- Check for working CXX compiler: /usr/bin/clang++ - skipped
2025-10-04T17:00:12.8538184Z -- Detecting CXX compile features
2025-10-04T17:00:12.8547084Z -- Detecting CXX compile features - done
2025-10-04T17:00:12.9774555Z -- Performing Test COMPILER_HAS_HIDDEN_VISIBILITY
2025-10-04T17:00:13.0820866Z -- Performing Test COMPILER_HAS_HIDDEN_VISIBILITY - Success
2025-10-04T17:00:13.0828903Z -- Performing Test COMPILER_HAS_HIDDEN_INLINE_VISIBILITY
2025-10-04T17:00:13.1853651Z -- Performing Test COMPILER_HAS_HIDDEN_INLINE_VISIBILITY - Success
2025-10-04T17:00:13.1856005Z -- Performing Test COMPILER_HAS_DEPRECATED_ATTR
2025-10-04T17:00:13.3958168Z -- Performing Test COMPILER_HAS_DEPRECATED_ATTR - Success
2025-10-04T17:00:13.9702775Z -- Found Python3: /usr/bin/python3.12 (found version "3.12.3") found components: Interpreter
2025-10-04T17:00:13.9715281Z -- Configuring done (6.6s)
2025-10-04T17:00:14.0102539Z -- Generating done (0.0s)
2025-10-04T17:00:14.0107302Z -- Build files have been written to: /home/runner/work/cmark/cmark/build
2025-10-04T17:00:14.0320371Z [  3%] Building C object src/CMakeFiles/cmark.dir/blocks.c.o
2025-10-04T17:00:14.6370429Z [  7%] Building C object src/CMakeFiles/cmark.dir/buffer.c.o
2025-10-04T17:00:14.6794892Z [ 11%] Building C object src/CMakeFiles/cmark.dir/cmark.c.o
2025-10-04T17:00:14.7153846Z [ 15%] Building C object src/CMakeFiles/cmark.dir/cmark_ctype.c.o
2025-10-04T17:00:14.7460460Z [ 19%] Building C object src/CMakeFiles/cmark.dir/commonmark.c.o
2025-10-04T17:00:14.7963539Z [ 23%] Building C object src/CMakeFiles/cmark.dir/houdini_href_e.c.o
2025-10-04T17:00:14.8314619Z [ 26%] Building C object src/CMakeFiles/cmark.dir/houdini_html_e.c.o
2025-10-04T17:00:14.8658797Z [ 30%] Building C object src/CMakeFiles/cmark.dir/houdini_html_u.c.o
2025-10-04T17:00:14.9293868Z [ 34%] Building C object src/CMakeFiles/cmark.dir/html.c.o
2025-10-04T17:00:14.9741696Z [ 38%] Building C object src/CMakeFiles/cmark.dir/inlines.c.o
2025-10-04T17:00:15.0569993Z [ 42%] Building C object src/CMakeFiles/cmark.dir/iterator.c.o
2025-10-04T17:00:15.0963452Z [ 46%] Building C object src/CMakeFiles/cmark.dir/latex.c.o
2025-10-04T17:00:15.1443262Z [ 50%] Building C object src/CMakeFiles/cmark.dir/man.c.o
2025-10-04T17:00:15.1862517Z [ 53%] Building C object src/CMakeFiles/cmark.dir/node.c.o
2025-10-04T17:00:15.2476841Z [ 57%] Building C object src/CMakeFiles/cmark.dir/references.c.o
2025-10-04T17:00:15.2893463Z [ 61%] Building C object src/CMakeFiles/cmark.dir/render.c.o
2025-10-04T17:00:15.3294990Z [ 65%] Building C object src/CMakeFiles/cmark.dir/scanners.c.o
2025-10-04T17:00:15.4973239Z [ 69%] Building C object src/CMakeFiles/cmark.dir/utf8.c.o
2025-10-04T17:00:15.5756888Z [ 73%] Building C object src/CMakeFiles/cmark.dir/xml.c.o
2025-10-04T17:00:15.6172678Z [ 76%] Linking C shared library libcmark.so
2025-10-04T17:00:15.6636751Z [ 76%] Built target cmark
2025-10-04T17:00:15.6706955Z [ 80%] Building C object src/CMakeFiles/cmark_exe.dir/main.c.o
2025-10-04T17:00:15.7645248Z [ 84%] Linking C executable cmark
2025-10-04T17:00:15.8027569Z [ 84%] Built target cmark_exe
2025-10-04T17:00:15.8098956Z [ 88%] Building CXX object api_test/CMakeFiles/api_test.dir/cplusplus.cpp.o
2025-10-04T17:00:16.0019162Z [ 92%] Building C object api_test/CMakeFiles/api_test.dir/harness.c.o
2025-10-04T17:00:16.0537772Z [ 96%] Building C object api_test/CMakeFiles/api_test.dir/main.c.o
2025-10-04T17:00:16.1243947Z [100%] Linking CXX executable api_test
2025-10-04T17:00:16.1911092Z [100%] Built target api_test
2025-10-04T17:00:16.6274455Z Internal ctest changing into directory: /home/runner/work/cmark/cmark/build
2025-10-04T17:00:16.7086192Z Test project /home/runner/work/cmark/cmark/build
2025-10-04T17:00:16.7540529Z     Start 1: api_test
2025-10-04T17:00:16.7618624Z 1/9 Test #1: api_test .........................   Passed    0.00 sec
2025-10-04T17:00:16.7620749Z     Start 2: html_normalization
2025-10-04T17:00:17.0054997Z 2/9 Test #2: html_normalization ...............   Passed    0.24 sec
2025-10-04T17:00:17.0056622Z     Start 3: spectest_library
2025-10-04T17:00:17.1018318Z 3/9 Test #3: spectest_library .................   Passed    0.10 sec
2025-10-04T17:00:17.1019700Z     Start 4: pathological_tests_library
2025-10-04T17:00:19.3806115Z 4/9 Test #4: pathological_tests_library .......   Passed    2.28 sec
2025-10-04T17:00:19.3807340Z     Start 5: roundtriptest_library
2025-10-04T17:00:19.5332266Z 5/9 Test #5: roundtriptest_library ............   Passed    0.15 sec
2025-10-04T17:00:19.5333420Z     Start 6: entity_library
2025-10-04T17:00:19.5702201Z 6/9 Test #6: entity_library ...................   Passed    0.04 sec
2025-10-04T17:00:19.5703637Z     Start 7: spectest_executable
2025-10-04T17:00:20.0804544Z 7/9 Test #7: spectest_executable ..............   Passed    0.51 sec
2025-10-04T17:00:20.0806119Z     Start 8: smartpuncttest_executable
2025-10-04T17:00:20.1363454Z 8/9 Test #8: smartpuncttest_executable ........   Passed    0.06 sec
2025-10-04T17:00:20.1364674Z     Start 9: regressiontest_executable
2025-10-04T17:00:20.1954747Z 9/9 Test #9: regressiontest_executable ........   Passed    0.06 sec
2025-10-04T17:00:20.1958120Z 
2025-10-04T17:00:20.1958362Z 100% tests passed, 0 tests failed out of 9
2025-10-04T17:00:20.1959016Z 
2025-10-04T17:00:20.1959166Z Total Test time (real) =   3.49 sec
2025-10-04T17:00:20.2717836Z Post job cleanup.
2025-10-04T17:00:20.3520255Z [command]/usr/bin/git version
2025-10-04T17:00:20.3558027Z git version 2.51.0
2025-10-04T17:00:20.3595369Z Temporarily overriding HOME='/home/runner/work/_temp/ad1286f2-63aa-4022-af28-06375e683fe5' before making global git config changes
2025-10-04T17:00:20.3596388Z Adding repository directory to the temporary git global config as a safe directory
2025-10-04T17:00:20.3602000Z [command]/usr/bin/git config --global --add safe.directory /home/runner/work/cmark/cmark
2025-10-04T17:00:20.3638990Z [command]/usr/bin/git config --local --name-only --get-regexp core\.sshCommand
2025-10-04T17:00:20.3672392Z [command]/usr/bin/git submodule foreach --recursive sh -c "git config --local --name-only --get-regexp 'core\.sshCommand' && git config --local --unset-all 'core.sshCommand' || :"
2025-10-04T17:00:20.3957217Z [command]/usr/bin/git config --local --name-only --get-regexp http\.https\:\/\/github\.com\/\.extraheader
2025-10-04T17:00:20.3983818Z http.https://github.com/.extraheader
2025-10-04T17:00:20.3994762Z [command]/usr/bin/git config --local --unset-all http.https://github.com/.extraheader
2025-10-04T17:00:20.4030475Z [command]/usr/bin/git submodule foreach --recursive sh -c "git config --local --name-only --get-regexp 'http\.https\:\/\/github\.com\/\.extraheader' && git config --local --unset-all 'http.https://github.com/.extraheader' || :"
2025-10-04T17:00:20.4380460Z Cleaning up orphan processes
