Apache Maven 3.6.3
Maven home: /usr/share/maven
Java version: 17.0.16, vendor: Ubuntu, runtime: /usr/lib/jvm/java-17-openjdk-amd64
Default locale: en_US, platform encoding: ANSI_X3.4-1968
OS name: "linux", version: "5.4.0-204-generic", arch: "amd64", family: "unix"
[INFO] Error stacktraces are turned on.
[INFO] Scanning for projects...
[INFO]
[INFO] ------------------< org.apache.commons:commons-lang3 >------------------
[INFO] Building Apache Commons Lang 3.20.0-SNAPSHOT
[INFO] --------------------------------[ jar ]---------------------------------
[INFO]
[INFO] --- maven-clean-plugin:3.5.0:clean (default-clean) @ commons-lang3 ---
[INFO]
[INFO] --- maven-enforcer-plugin:3.5.0:enforce (enforce-maven-version) @ commons-lang3 ---
[INFO] Rule 0: org.apache.maven.enforcer.rules.version.RequireMavenVersion passed
[INFO]
[INFO] --- maven-enforcer-plugin:3.5.0:enforce (enforce-java-version) @ commons-lang3 ---
[INFO] Rule 0: org.apache.maven.enforcer.rules.version.RequireJavaVersion passed
[INFO]
[INFO] --- apache-rat-plugin:0.16.1:check (rat-check) @ commons-lang3 ---
[INFO] Rat check: Summary over all files. Unapproved: 0, unknown: 0, generated: 0, approved: 574 licenses.
[INFO]
[INFO] --- maven-artifact-plugin:3.6.1:check-buildplan (check-buildplan) @ commons-lang3 ---
[INFO] No known issue in 22 plugins
[INFO]
[INFO] --- build-helper-maven-plugin:3.6.1:parse-version (parse-version) @ commons-lang3 ---
[INFO]
[INFO] --- maven-antrun-plugin:3.1.0:run (javadoc.resources) @ commons-lang3 ---
[INFO] Executing tasks
[INFO]      [copy] Copying 2 files to /app/target/apidocs/META-INF
[INFO] Executed tasks
[INFO]
[INFO] --- maven-remote-resources-plugin:3.3.0:process (process-resource-bundles) @ commons-lang3 ---
[INFO] Skipping remote resources execution.
[INFO]
[INFO] --- buildnumber-maven-plugin:3.2.1:create (default) @ commons-lang3 ---
[INFO] Executing: /bin/sh -c cd '/app' && 'git' 'log' '-1' '--no-merges' '--format=format:%H %aI %aE %aN'
[INFO] Working directory: /app
[WARNING] Cannot get the revision information from the scm repository, proceeding with revision of ?????? :
Exception while executing SCM command.
[INFO] Storing buildNumber: ?????? at timestamp: 1760305409236
[INFO] Executing: /bin/sh -c cd '/app' && 'git' 'symbolic-ref' 'HEAD'
[INFO] Working directory: /app
[WARNING] Cannot get the branch information from the git repository:
Error while executing command.
[INFO] Executing: /bin/sh -c cd '/app' && 'git' 'log' '-1' '--no-merges' '--format=format:%H %aI %aE %aN'
[INFO] Working directory: /app
[WARNING] Cannot get the branch information from the scm repository, proceeding with UNKNOWN_BRANCH :
Exception while executing SCM command.
[INFO] Storing scmBranch: UNKNOWN_BRANCH
[INFO]
[INFO] --- maven-resources-plugin:3.3.1:resources (default-resources) @ commons-lang3 ---
[INFO] skip non existing resourceDirectory /app/src/main/resources
[INFO] Copying 2 resources from  to target/classes/META-INF
[INFO]
[INFO] --- maven-compiler-plugin:3.14.1:compile (default-compile) @ commons-lang3 ---
[INFO] Recompiling the module because of changed source code.
[INFO] Compiling 259 source files with javac [debug release 8] to target/classes
[INFO] /app/src/main/java/org/apache/commons/lang3/builder/ToStringStyle.java: Some input files use or override a deprecated API.
[INFO] /app/src/main/java/org/apache/commons/lang3/builder/ToStringStyle.java: Recompile with -Xlint:deprecation for details.
[INFO] /app/src/main/java/org/apache/commons/lang3/AppendableJoiner.java: Some input files use unchecked or unsafe operations.
[INFO] /app/src/main/java/org/apache/commons/lang3/AppendableJoiner.java: Recompile with -Xlint:unchecked for details.
[INFO]
[INFO] --- maven-bundle-plugin:6.0.0:manifest (bundle-manifest) @ commons-lang3 ---
[INFO] No MANIFEST.MF file found, generating manifest.
[INFO] Writing manifest: /app/target/osgi/MANIFEST.MF
[INFO]
[INFO] --- maven-resources-plugin:3.3.1:testResources (default-testResources) @ commons-lang3 ---
[INFO] Copying 2 resources from src/test/resources to target/test-classes
[INFO] Copying 2 resources from  to target/test-classes/META-INF
[INFO]
[INFO] --- maven-compiler-plugin:3.14.1:testCompile (default-testCompile) @ commons-lang3 ---
[INFO] Recompiling the module because of changed dependency.
[INFO] Compiling 267 source files with javac [debug release 8] to target/test-classes
[WARNING] /app/src/test/java/org/apache/commons/lang3/builder/ReflectionDiffBuilderTest.java:[172,52] non-varargs call of varargs method with inexact argument type for last parameter;
  cast to java.lang.String for a varargs call
  cast to java.lang.String[] for a non-varargs call and to suppress this warning
[INFO] /app/src/test/java/org/apache/commons/lang3/AppendableJoinerTest.java: Some input files use or override a deprecated API.
[INFO] /app/src/test/java/org/apache/commons/lang3/AppendableJoinerTest.java: Recompile with -Xlint:deprecation for details.
[INFO] /app/src/test/java/org/apache/commons/lang3/EnumUtilsTest.java: Some input files use unchecked or unsafe operations.
[INFO] /app/src/test/java/org/apache/commons/lang3/EnumUtilsTest.java: Recompile with -Xlint:unchecked for details.
[INFO]
[INFO] --- jacoco-maven-plugin:0.8.13:prepare-agent (prepare-agent) @ commons-lang3 ---
[INFO] argLine set to -javaagent:/root/.m2/repository/org/jacoco/org.jacoco.agent/0.8.13/org.jacoco.agent-0.8.13-runtime.jar=destfile=/app/target/jacoco.exec -Xmx512m --add-opens java.base/java.lang.reflect=ALL-UNNAMED --add-opens java.base/java.lang=ALL-UNNAMED --add-opens java.base/java.util=ALL-UNNAMED --add-opens java.base/java.time=ALL-UNNAMED --add-opens java.base/java.time.chrono=ALL-UNNAMED
[INFO]
[INFO] --- maven-surefire-plugin:3.5.4:test (default-test) @ commons-lang3 ---
[INFO] Surefire report directory: /app/target/surefire-reports
[INFO] Using auto detected provider org.apache.maven.surefire.junitplatform.JUnitPlatformProvider
[INFO]
[INFO] -------------------------------------------------------
[INFO]  T E S T S
[INFO] -------------------------------------------------------
[INFO] Running org.apache.commons.lang3.AppendableJoinerTest
[INFO] Tests run: 11, Failures: 0, Errors: 0, Skipped: 0, Time elapsed: 0.139 s -- in org.apache.commons.lang3.AppendableJoinerTest
[INFO] Running org.apache.commons.lang3.StringUtilsValueOfTest
[INFO] Tests run: 3, Failures: 0, Errors: 0, Skipped: 0, Time elapsed: 0.023 s -- in org.apache.commons.lang3.StringUtilsValueOfTest
[INFO] Running org.apache.commons.lang3.mutable.MutableIntTest
[INFO] Tests run: 25, Failures: 0, Errors: 0, Skipped: 0, Time elapsed: 0.034 s -- in org.apache.commons.lang3.mutable.MutableIntTest
[INFO] Running org.apache.commons.lang3.mutable.MutableLongTest
[INFO] Tests run: 25, Failures: 0, Errors: 0, Skipped: 0, Time elapsed: 0.027 s -- in org.apache.commons.lang3.mutable.MutableLongTest
[INFO] Running org.apache.commons.lang3.mutable.MutableBooleanTest
[INFO] Tests run: 9, Failures: 0, Errors: 0, Skipped: 0, Time elapsed: 0.012 s -- in org.apache.commons.lang3.mutable.MutableBooleanTest
[INFO] Running org.apache.commons.lang3.mutable.MutableShortTest
[INFO] Tests run: 22, Failures: 0, Errors: 0, Skipped: 0, Time elapsed: 0.024 s -- in org.apache.commons.lang3.mutable.MutableShortTest
[INFO] Running org.apache.commons.lang3.mutable.MutableByteTest
[INFO] Tests run: 25, Failures: 0, Errors: 0, Skipped: 0, Time elapsed: 0.022 s -- in org.apache.commons.lang3.mutable.MutableByteTest
[INFO] Running org.apache.commons.lang3.mutable.MutableFloatTest
[INFO] Tests run: 26, Failures: 0, Errors: 0, Skipped: 0, Time elapsed: 0.021 s -- in org.apache.commons.lang3.mutable.MutableFloatTest
[INFO] Running org.apache.commons.lang3.mutable.MutableDoubleTest
[INFO] Tests run: 26, Failures: 0, Errors: 0, Skipped: 0, Time elapsed: 0.017 s -- in org.apache.commons.lang3.mutable.MutableDoubleTest
[INFO] Running org.apache.commons.lang3.mutable.MutableObjectTest
[INFO] Tests run: 5, Failures: 0, Errors: 0, Skipped: 0, Time elapsed: 0.004 s -- in org.apache.commons.lang3.mutable.MutableObjectTest
[INFO] Running org.apache.commons.lang3.util.IterableStringTokenizerTest
[INFO] Tests run: 29, Failures: 0, Errors: 0, Skipped: 0, Time elapsed: 0.039 s -- in org.apache.commons.lang3.util.IterableStringTokenizerTest
[INFO] Running org.apache.commons.lang3.util.FluentBitSetTest
[INFO] Tests run: 43, Failures: 0, Errors: 0, Skipped: 0, Time elapsed: 0.044 s -- in org.apache.commons.lang3.util.FluentBitSetTest
[INFO] Running org.apache.commons.lang3.AnnotationUtilsTest
[INFO] Tests run: 10, Failures: 0, Errors: 0, Skipped: 0, Time elapsed: 0.036 s -- in org.apache.commons.lang3.AnnotationUtilsTest
[INFO] Running org.apache.commons.lang3.function.IntToCharFunctionTest
[INFO] Tests run: 1, Failures: 0, Errors: 0, Skipped: 0, Time elapsed: 0.002 s -- in org.apache.commons.lang3.function.IntToCharFunctionTest
[INFO] Running org.apache.commons.lang3.function.SuppliersTest
[INFO] Tests run: 1, Failures: 0, Errors: 0, Skipped: 0, Time elapsed: 0.002 s -- in org.apache.commons.lang3.function.SuppliersTest
[INFO] Running org.apache.commons.lang3.function.TriFunctionTest
[INFO] Tests run: 2, Failures: 0, Errors: 0, Skipped: 0, Time elapsed: 0.003 s -- in org.apache.commons.lang3.function.TriFunctionTest
[INFO] Running org.apache.commons.lang3.function.MethodInvokersFailableSupplierTest
[INFO] Tests run: 2, Failures: 0, Errors: 0, Skipped: 0, Time elapsed: 0.006 s -- in org.apache.commons.lang3.function.MethodInvokersFailableSupplierTest
[INFO] Running org.apache.commons.lang3.function.FailableTest
[INFO] Tests run: 177, Failures: 0, Errors: 0, Skipped: 0, Time elapsed: 0.227 s -- in org.apache.commons.lang3.function.FailableTest
[INFO] Running org.apache.commons.lang3.function.FunctionsTest
[INFO] Tests run: 5, Failures: 0, Errors: 0, Skipped: 0, Time elapsed: 0.007 s -- in org.apache.commons.lang3.function.FunctionsTest
[INFO] Running org.apache.commons.lang3.function.MethodInvokersFunctionTest
[INFO] Tests run: 8, Failures: 0, Errors: 0, Skipped: 0, Time elapsed: 0.011 s -- in org.apache.commons.lang3.function.MethodInvokersFunctionTest
[INFO] Running org.apache.commons.lang3.function.MethodInvokersFailableBiFunctionTest
[INFO] Tests run: 5, Failures: 0, Errors: 0, Skipped: 0, Time elapsed: 0.005 s -- in org.apache.commons.lang3.function.MethodInvokersFailableBiFunctionTest
[INFO] Running org.apache.commons.lang3.function.ByteSupplierTest
[INFO] Tests run: 1, Failures: 0, Errors: 0, Skipped: 0, Time elapsed: 0.001 s -- in org.apache.commons.lang3.function.ByteSupplierTest
[INFO] Running org.apache.commons.lang3.function.PredicatesTest
[INFO] Tests run: 2, Failures: 0, Errors: 0, Skipped: 0, Time elapsed: 0.002 s -- in org.apache.commons.lang3.function.PredicatesTest
[INFO] Running org.apache.commons.lang3.function.ObjectsTest
[INFO] Tests run: 4, Failures: 0, Errors: 0, Skipped: 0, Time elapsed: 0.003 s -- in org.apache.commons.lang3.function.ObjectsTest
[INFO] Running org.apache.commons.lang3.function.MethodInvokersFailableFunctionTest
[INFO] Tests run: 6, Failures: 0, Errors: 0, Skipped: 0, Time elapsed: 0.005 s -- in org.apache.commons.lang3.function.MethodInvokersFailableFunctionTest
[INFO] Running org.apache.commons.lang3.function.BooleanConsumerTest
[INFO] Tests run: 2, Failures: 0, Errors: 0, Skipped: 0, Time elapsed: 0.003 s -- in org.apache.commons.lang3.function.BooleanConsumerTest
[INFO] Running org.apache.commons.lang3.function.MethodInvokersBiConsumerTest
[INFO] Tests run: 3, Failures: 0, Errors: 0, Skipped: 0, Time elapsed: 0.004 s -- in org.apache.commons.lang3.function.MethodInvokersBiConsumerTest
[INFO] Running org.apache.commons.lang3.function.FailableSupplierTest
[INFO] Tests run: 4, Failures: 0, Errors: 0, Skipped: 0, Time elapsed: 0.002 s -- in org.apache.commons.lang3.function.FailableSupplierTest
[INFO] Running org.apache.commons.lang3.function.ConsumersTest
[INFO] Tests run: 2, Failures: 0, Errors: 0, Skipped: 0, Time elapsed: 0.002 s -- in org.apache.commons.lang3.function.ConsumersTest
[INFO] Running org.apache.commons.lang3.function.ToBooleanBiFunctionTest
[INFO] Tests run: 1, Failures: 0, Errors: 0, Skipped: 0, Time elapsed: 0.001 s -- in org.apache.commons.lang3.function.ToBooleanBiFunctionTest
[INFO] Running org.apache.commons.lang3.function.MethodInvokersBiFunctionTest
[INFO] Tests run: 5, Failures: 0, Errors: 0, Skipped: 0, Time elapsed: 0.007 s -- in org.apache.commons.lang3.function.MethodInvokersBiFunctionTest
[INFO] Running org.apache.commons.lang3.function.MethodInvokersFailableBiConsumerTest
[INFO] Tests run: 5, Failures: 0, Errors: 0, Skipped: 0, Time elapsed: 0.004 s -- in org.apache.commons.lang3.function.MethodInvokersFailableBiConsumerTest
[INFO] Running org.apache.commons.lang3.function.MethodInvokersSupplierTest
[INFO] Tests run: 2, Failures: 0, Errors: 0, Skipped: 0, Time elapsed: 0.002 s -- in org.apache.commons.lang3.function.MethodInvokersSupplierTest
[INFO] Running org.apache.commons.lang3.function.TriConsumerTest
[INFO] Tests run: 2, Failures: 0, Errors: 0, Skipped: 0, Time elapsed: 0.002 s -- in org.apache.commons.lang3.function.TriConsumerTest
[INFO] Running org.apache.commons.lang3.function.ByteConsumerTest
[INFO] Tests run: 2, Failures: 0, Errors: 0, Skipped: 0, Time elapsed: 0.002 s -- in org.apache.commons.lang3.function.ByteConsumerTest
[INFO] Running org.apache.commons.lang3.StreamsTest
[INFO] Tests run: 11, Failures: 0, Errors: 0, Skipped: 0, Time elapsed: 0.020 s -- in org.apache.commons.lang3.StreamsTest
[INFO] Running org.apache.commons.lang3.NotImplementedExceptionTest
[INFO] Tests run: 1, Failures: 0, Errors: 0, Skipped: 0, Time elapsed: 0.001 s -- in org.apache.commons.lang3.NotImplementedExceptionTest
[INFO] Running org.apache.commons.lang3.compare.ObjectToStringComparatorTest
[INFO] Tests run: 5, Failures: 0, Errors: 0, Skipped: 0, Time elapsed: 0.003 s -- in org.apache.commons.lang3.compare.ObjectToStringComparatorTest
[INFO] Running org.apache.commons.lang3.compare.ComparableUtilsTest
[INFO] Running org.apache.commons.lang3.compare.ComparableUtilsTest$A_is_1
[INFO] Running B is 10 (B > A)
[INFO] Running C is 10 ([B,C] > A)
[INFO] Tests run: 20, Failures: 0, Errors: 0, Skipped: 0, Time elapsed: 0.003 s -- in C is 10 ([B,C] > A)
[INFO] Running C is 1 (B > A = C)
[INFO] Tests run: 4, Failures: 0, Errors: 0, Skipped: 0, Time elapsed: 0.003 s -- in C is 1 (B > A = C)
[INFO] Running C is 0 (B > A > C)
[INFO] Tests run: 4, Failures: 0, Errors: 0, Skipped: 0, Time elapsed: 0.005 s -- in C is 0 (B > A > C)
[INFO] Tests run: 0, Failures: 0, Errors: 0, Skipped: 0, Time elapsed: 0.020 s -- in B is 10 (B > A)
[INFO] Running B is 1 (B = A)
[INFO] Running C is 10 (B = A < C)
[INFO] Tests run: 13, Failures: 0, Errors: 0, Skipped: 0, Time elapsed: 0.003 s -- in C is 10 (B = A < C)
[INFO] Running C is 1 (B = A = C)
[INFO] Tests run: 4, Failures: 0, Errors: 0, Skipped: 0, Time elapsed: 0.004 s -- in C is 1 (B = A = C)
[INFO] Running C is 0 (B = A > C)
[INFO] Tests run: 4, Failures: 0, Errors: 0, Skipped: 0, Time elapsed: 0.004 s -- in C is 0 (B = A > C)
[INFO] Tests run: 0, Failures: 0, Errors: 0, Skipped: 0, Time elapsed: 0.017 s -- in B is 1 (B = A)
[INFO] Running B is 0 (B < A)
[INFO] Running C is 10 (B < A < C)
[INFO] Tests run: 13, Failures: 0, Errors: 0, Skipped: 0, Time elapsed: 0.003 s -- in C is 10 (B < A < C)
[INFO] Running C is 1 (B < A = C)
[INFO] Tests run: 4, Failures: 0, Errors: 0, Skipped: 0, Time elapsed: 0.004 s -- in C is 1 (B < A = C)
[INFO] Running C is 0 ([B=C] < A)
[INFO] Tests run: 4, Failures: 0, Errors: 0, Skipped: 0, Time elapsed: 0.002 s -- in C is 0 ([B=C] < A)
[INFO] Tests run: 0, Failures: 0, Errors: 0, Skipped: 0, Time elapsed: 0.016 s -- in B is 0 (B < A)
[INFO] Tests run: 0, Failures: 0, Errors: 0, Skipped: 0, Time elapsed: 0.055 s -- in org.apache.commons.lang3.compare.ComparableUtilsTest$A_is_1
[INFO] Tests run: 0, Failures: 0, Errors: 0, Skipped: 0, Time elapsed: 0.061 s -- in org.apache.commons.lang3.compare.ComparableUtilsTest
[INFO] Running org.apache.commons.lang3.StringEscapeUtilsTest
[INFO] Tests run: 32, Failures: 0, Errors: 0, Skipped: 0, Time elapsed: 0.253 s -- in org.apache.commons.lang3.StringEscapeUtilsTest
[INFO] Running org.apache.commons.lang3.ArrayUtilsTest
[INFO] Tests run: 355, Failures: 0, Errors: 0, Skipped: 0, Time elapsed: 0.148 s -- in org.apache.commons.lang3.ArrayUtilsTest
[INFO] Running org.apache.commons.lang3.StringUtilsAbbreviateTest
[INFO] Tests run: 7, Failures: 0, Errors: 0, Skipped: 0, Time elapsed: 0.009 s -- in org.apache.commons.lang3.StringUtilsAbbreviateTest
[INFO] Running org.apache.commons.lang3.CharUtilsTest
[INFO] Tests run: 24, Failures: 0, Errors: 0, Skipped: 0, Time elapsed: 0.012 s -- in org.apache.commons.lang3.CharUtilsTest
[INFO] Running org.apache.commons.lang3.CharSetUtilsTest
[INFO] Tests run: 11, Failures: 0, Errors: 0, Skipped: 0, Time elapsed: 0.009 s -- in org.apache.commons.lang3.CharSetUtilsTest
[INFO] Running org.apache.commons.lang3.BooleanUtilsTest
[INFO] Tests run: 90, Failures: 0, Errors: 0, Skipped: 0, Time elapsed: 0.035 s -- in org.apache.commons.lang3.BooleanUtilsTest
[INFO] Running org.apache.commons.lang3.DoubleRangeTest
[INFO] Tests run: 27, Failures: 0, Errors: 0, Skipped: 0, Time elapsed: 0.025 s -- in org.apache.commons.lang3.DoubleRangeTest
[INFO] Running org.apache.commons.lang3.ConversionTest
[INFO] Tests run: 48, Failures: 0, Errors: 0, Skipped: 0, Time elapsed: 0.074 s -- in org.apache.commons.lang3.ConversionTest
[INFO] Running org.apache.commons.lang3.ClassLoaderUtilsTest
[INFO] Tests run: 4, Failures: 0, Errors: 0, Skipped: 0, Time elapsed: 0.004 s -- in org.apache.commons.lang3.ClassLoaderUtilsTest
[INFO] Running org.apache.commons.lang3.LongRangeTest
[INFO] Tests run: 29, Failures: 0, Errors: 0, Skipped: 0, Time elapsed: 0.022 s -- in org.apache.commons.lang3.LongRangeTest
[INFO] Running org.apache.commons.lang3.text.StrBuilderTest
[INFO] Tests run: 91, Failures: 0, Errors: 0, Skipped: 0, Time elapsed: 0.050 s -- in org.apache.commons.lang3.text.StrBuilderTest
[INFO] Running org.apache.commons.lang3.text.StrTokenizerTest
[INFO] Tests run: 55, Failures: 0, Errors: 0, Skipped: 0, Time elapsed: 0.025 s -- in org.apache.commons.lang3.text.StrTokenizerTest
[INFO] Running org.apache.commons.lang3.text.StrBuilderAppendInsertTest
[INFO] Tests run: 51, Failures: 0, Errors: 0, Skipped: 0, Time elapsed: 0.036 s -- in org.apache.commons.lang3.text.StrBuilderAppendInsertTest
[INFO] Running org.apache.commons.lang3.text.translate.NumericEntityUnescaperTest
[INFO] Tests run: 3, Failures: 0, Errors: 0, Skipped: 0, Time elapsed: 0.002 s -- in org.apache.commons.lang3.text.translate.NumericEntityUnescaperTest
[INFO] Running org.apache.commons.lang3.text.translate.UnicodeUnescaperTest
[INFO] Tests run: 3, Failures: 0, Errors: 0, Skipped: 0, Time elapsed: 0.001 s -- in org.apache.commons.lang3.text.translate.UnicodeUnescaperTest
[INFO] Running org.apache.commons.lang3.text.translate.UnicodeUnpairedSurrogateRemoverTest
[INFO] Tests run: 2, Failures: 0, Errors: 0, Skipped: 0, Time elapsed: 0 s -- in org.apache.commons.lang3.text.translate.UnicodeUnpairedSurrogateRemoverTest
[INFO] Running org.apache.commons.lang3.text.translate.NumericEntityEscaperTest
[INFO] Tests run: 4, Failures: 0, Errors: 0, Skipped: 0, Time elapsed: 0.002 s -- in org.apache.commons.lang3.text.translate.NumericEntityEscaperTest
[INFO] Running org.apache.commons.lang3.text.translate.UnicodeEscaperTest
[INFO] Tests run: 3, Failures: 0, Errors: 0, Skipped: 0, Time elapsed: 0.001 s -- in org.apache.commons.lang3.text.translate.UnicodeEscaperTest
[INFO] Running org.apache.commons.lang3.text.translate.LookupTranslatorTest
[INFO] Tests run: 2, Failures: 0, Errors: 0, Skipped: 0, Time elapsed: 0.001 s -- in org.apache.commons.lang3.text.translate.LookupTranslatorTest
[INFO] Running org.apache.commons.lang3.text.translate.EntityArraysTest
[INFO] Tests run: 3, Failures: 0, Errors: 0, Skipped: 0, Time elapsed: 0.002 s -- in org.apache.commons.lang3.text.translate.EntityArraysTest
[INFO] Running org.apache.commons.lang3.text.translate.OctalUnescaperTest
[INFO] Tests run: 1, Failures: 0, Errors: 0, Skipped: 0, Time elapsed: 0.001 s -- in org.apache.commons.lang3.text.translate.OctalUnescaperTest
[INFO] Running org.apache.commons.lang3.text.StrMatcherTest
[INFO] Tests run: 14, Failures: 0, Errors: 0, Skipped: 0, Time elapsed: 0.005 s -- in org.apache.commons.lang3.text.StrMatcherTest
[INFO] Running org.apache.commons.lang3.text.CompositeFormatTest
[INFO] Tests run: 2, Failures: 0, Errors: 0, Skipped: 0, Time elapsed: 0.025 s -- in org.apache.commons.lang3.text.CompositeFormatTest
[INFO] Running org.apache.commons.lang3.text.FormattableUtilsTest
[INFO] Tests run: 5, Failures: 0, Errors: 0, Skipped: 0, Time elapsed: 0.004 s -- in org.apache.commons.lang3.text.FormattableUtilsTest
[INFO] Running org.apache.commons.lang3.text.ExtendedMessageFormatTest
[INFO] Tests run: 11, Failures: 0, Errors: 0, Skipped: 0, Time elapsed: 10.07 s -- in org.apache.commons.lang3.text.ExtendedMessageFormatTest
[INFO] Running org.apache.commons.lang3.text.StrLookupTest
[INFO] Tests run: 6, Failures: 0, Errors: 0, Skipped: 0, Time elapsed: 0.006 s -- in org.apache.commons.lang3.text.StrLookupTest
[INFO] Running org.apache.commons.lang3.text.StrSubstitutorTest
[INFO] Tests run: 41, Failures: 0, Errors: 0, Skipped: 0, Time elapsed: 0.024 s -- in org.apache.commons.lang3.text.StrSubstitutorTest
[INFO] Running org.apache.commons.lang3.text.WordUtilsTest
[INFO] Tests run: 16, Failures: 0, Errors: 0, Skipped: 0, Time elapsed: 0.009 s -- in org.apache.commons.lang3.text.WordUtilsTest
[INFO] Running org.apache.commons.lang3.CachedRandomBitsTest
[INFO] Tests run: 11, Failures: 0, Errors: 0, Skipped: 0, Time elapsed: 0.009 s -- in org.apache.commons.lang3.CachedRandomBitsTest
[INFO] Running org.apache.commons.lang3.tuple.ImmutableTripleTest
[INFO] Tests run: 17, Failures: 0, Errors: 0, Skipped: 0, Time elapsed: 0.013 s -- in org.apache.commons.lang3.tuple.ImmutableTripleTest
[INFO] Running org.apache.commons.lang3.tuple.ImmutablePairTest
[INFO] Tests run: 24, Failures: 0, Errors: 0, Skipped: 0, Time elapsed: 0.010 s -- in org.apache.commons.lang3.tuple.ImmutablePairTest
[INFO] Running org.apache.commons.lang3.tuple.MutableTripleTest
[INFO] Tests run: 11, Failures: 0, Errors: 0, Skipped: 0, Time elapsed: 0.005 s -- in org.apache.commons.lang3.tuple.MutableTripleTest
[INFO] Running org.apache.commons.lang3.tuple.TripleTest
[INFO] Tests run: 13, Failures: 0, Errors: 0, Skipped: 0, Time elapsed: 0.006 s -- in org.apache.commons.lang3.tuple.TripleTest
[INFO] Running org.apache.commons.lang3.tuple.MutablePairTest
[INFO] Tests run: 13, Failures: 0, Errors: 0, Skipped: 0, Time elapsed: 0.006 s -- in org.apache.commons.lang3.tuple.MutablePairTest
[INFO] Running org.apache.commons.lang3.tuple.PairTest
[INFO] Tests run: 23, Failures: 0, Errors: 0, Skipped: 0, Time elapsed: 0.015 s -- in org.apache.commons.lang3.tuple.PairTest
[INFO] Running org.apache.commons.lang3.CharsetsTest
[INFO] Tests run: 3, Failures: 0, Errors: 0, Skipped: 0, Time elapsed: 0.002 s -- in org.apache.commons.lang3.CharsetsTest
[INFO] Running org.apache.commons.lang3.stream.StreamsTest
[INFO] Tests run: 35, Failures: 0, Errors: 0, Skipped: 0, Time elapsed: 0.019 s -- in org.apache.commons.lang3.stream.StreamsTest
[INFO] Running org.apache.commons.lang3.stream.LangCollectorsTest
[INFO] Tests run: 17, Failures: 0, Errors: 0, Skipped: 0, Time elapsed: 0.007 s -- in org.apache.commons.lang3.stream.LangCollectorsTest
[INFO] Running org.apache.commons.lang3.stream.FailableStreamTest
[INFO] Tests run: 3, Failures: 0, Errors: 0, Skipped: 0, Time elapsed: 0.003 s -- in org.apache.commons.lang3.stream.FailableStreamTest
[INFO] Running org.apache.commons.lang3.stream.IntStreamsTest
[INFO] Tests run: 4, Failures: 0, Errors: 0, Skipped: 0, Time elapsed: 0.002 s -- in org.apache.commons.lang3.stream.IntStreamsTest
[INFO] Running org.apache.commons.lang3.ClassUtilsOssFuzzTest
[INFO] Tests run: 2, Failures: 0, Errors: 0, Skipped: 0, Time elapsed: 4.227 s -- in org.apache.commons.lang3.ClassUtilsOssFuzzTest
[INFO] Running org.apache.commons.lang3.StringUtilsTrimStripTest
[WARNING] Tests run: 16, Failures: 0, Errors: 0, Skipped: 1, Time elapsed: 0.022 s -- in org.apache.commons.lang3.StringUtilsTrimStripTest
[INFO] Running org.apache.commons.lang3.FunctionsTest
[INFO] Tests run: 43, Failures: 0, Errors: 0, Skipped: 0, Time elapsed: 0.040 s -- in org.apache.commons.lang3.FunctionsTest
[INFO] Running org.apache.commons.lang3.concurrent.AtomicInitializerSupplierTest
[INFO] Tests run: 10, Failures: 0, Errors: 0, Skipped: 0, Time elapsed: 0.021 s -- in org.apache.commons.lang3.concurrent.AtomicInitializerSupplierTest
[INFO] Running org.apache.commons.lang3.concurrent.AtomicSafeInitializerTest
[INFO] Tests run: 15, Failures: 0, Errors: 0, Skipped: 0, Time elapsed: 0.038 s -- in org.apache.commons.lang3.concurrent.AtomicSafeInitializerTest
[INFO] Running org.apache.commons.lang3.concurrent.ThresholdCircuitBreakerTest
[INFO] Tests run: 5, Failures: 0, Errors: 0, Skipped: 0, Time elapsed: 0.004 s -- in org.apache.commons.lang3.concurrent.ThresholdCircuitBreakerTest
[INFO] Running org.apache.commons.lang3.concurrent.EventCountCircuitBreakerTest
[INFO] Tests run: 18, Failures: 0, Errors: 0, Skipped: 0, Time elapsed: 0.062 s -- in org.apache.commons.lang3.concurrent.EventCountCircuitBreakerTest
[INFO] Running org.apache.commons.lang3.concurrent.LazyInitializerFailableCloserTest
[INFO] Tests run: 5, Failures: 0, Errors: 0, Skipped: 0, Time elapsed: 0.008 s -- in org.apache.commons.lang3.concurrent.LazyInitializerFailableCloserTest
[INFO] Running org.apache.commons.lang3.concurrent.MemoizerComputableTest
[INFO] Tests run: 6, Failures: 0, Errors: 0, Skipped: 0, Time elapsed: 0.031 s -- in org.apache.commons.lang3.concurrent.MemoizerComputableTest
[INFO] Running org.apache.commons.lang3.concurrent.ConcurrentExceptionTest
[INFO] Tests run: 4, Failures: 0, Errors: 0, Skipped: 0, Time elapsed: 0.002 s -- in org.apache.commons.lang3.concurrent.ConcurrentExceptionTest
[INFO] Running org.apache.commons.lang3.concurrent.LazyInitializerAnonClassTest
[INFO] Tests run: 5, Failures: 0, Errors: 0, Skipped: 0, Time elapsed: 0.008 s -- in org.apache.commons.lang3.concurrent.LazyInitializerAnonClassTest
[INFO] Running org.apache.commons.lang3.concurrent.MemoizerFunctionTest
[INFO] Tests run: 6, Failures: 0, Errors: 0, Skipped: 0, Time elapsed: 0.010 s -- in org.apache.commons.lang3.concurrent.MemoizerFunctionTest
[INFO] Running org.apache.commons.lang3.concurrent.ConcurrentUtilsTest
[INFO] Tests run: 35, Failures: 0, Errors: 0, Skipped: 0, Time elapsed: 0.018 s -- in org.apache.commons.lang3.concurrent.ConcurrentUtilsTest
[INFO] Running org.apache.commons.lang3.concurrent.UncheckedExecutionExceptionTest
[INFO] Tests run: 1, Failures: 0, Errors: 0, Skipped: 0, Time elapsed: 0.001 s -- in org.apache.commons.lang3.concurrent.UncheckedExecutionExceptionTest
[INFO] Running org.apache.commons.lang3.concurrent.AtomicSafeInitializerSupplierTest
[INFO] Tests run: 12, Failures: 0, Errors: 0, Skipped: 0, Time elapsed: 0.018 s -- in org.apache.commons.lang3.concurrent.AtomicSafeInitializerSupplierTest
[INFO] Running org.apache.commons.lang3.concurrent.locks.LockingVisitorsTest
[INFO] Tests run: 19, Failures: 0, Errors: 0, Skipped: 0, Time elapsed: 78.21 s -- in org.apache.commons.lang3.concurrent.locks.LockingVisitorsTest
[INFO] Running org.apache.commons.lang3.concurrent.BasicThreadFactoryTest
[INFO] Tests run: 17, Failures: 0, Errors: 0, Skipped: 0, Time elapsed: 0.018 s -- in org.apache.commons.lang3.concurrent.BasicThreadFactoryTest
[INFO] Running org.apache.commons.lang3.concurrent.TimedSemaphoreTest
[INFO] Tests run: 17, Failures: 0, Errors: 0, Skipped: 0, Time elapsed: 1.188 s -- in org.apache.commons.lang3.concurrent.TimedSemaphoreTest
[INFO] Running org.apache.commons.lang3.concurrent.UncheckedFutureTest
[INFO] Tests run: 8, Failures: 0, Errors: 0, Skipped: 0, Time elapsed: 0.012 s -- in org.apache.commons.lang3.concurrent.UncheckedFutureTest
[INFO] Running org.apache.commons.lang3.concurrent.MultiBackgroundInitializerSupplierTest
[INFO] Tests run: 22, Failures: 0, Errors: 0, Skipped: 0, Time elapsed: 0.057 s -- in org.apache.commons.lang3.concurrent.MultiBackgroundInitializerSupplierTest
[INFO] Running org.apache.commons.lang3.concurrent.LazyInitializerCloserTest
[INFO] Tests run: 5, Failures: 0, Errors: 0, Skipped: 0, Time elapsed: 0.009 s -- in org.apache.commons.lang3.concurrent.LazyInitializerCloserTest
[INFO] Running org.apache.commons.lang3.concurrent.LazyInitializerSingleInstanceTest
[INFO] Tests run: 5, Failures: 0, Errors: 0, Skipped: 0, Time elapsed: 0.009 s -- in org.apache.commons.lang3.concurrent.LazyInitializerSingleInstanceTest
[INFO] Running org.apache.commons.lang3.concurrent.BackgroundInitializerTest
[INFO] Tests run: 18, Failures: 0, Errors: 0, Skipped: 0, Time elapsed: 0.018 s -- in org.apache.commons.lang3.concurrent.BackgroundInitializerTest
[INFO] Running org.apache.commons.lang3.concurrent.LazyInitializerSimpleTest
[INFO] Tests run: 5, Failures: 0, Errors: 0, Skipped: 0, Time elapsed: 0.007 s -- in org.apache.commons.lang3.concurrent.LazyInitializerSimpleTest
[INFO] Running org.apache.commons.lang3.concurrent.UncheckedTimeoutExceptionTest
[INFO] Tests run: 1, Failures: 0, Errors: 0, Skipped: 0, Time elapsed: 0.001 s -- in org.apache.commons.lang3.concurrent.UncheckedTimeoutExceptionTest
[INFO] Running org.apache.commons.lang3.concurrent.LazyInitializerSupplierTest
[INFO] Tests run: 10, Failures: 0, Errors: 0, Skipped: 0, Time elapsed: 0.013 s -- in org.apache.commons.lang3.concurrent.LazyInitializerSupplierTest
[INFO] Running org.apache.commons.lang3.concurrent.ConstantInitializerTest
[INFO] Tests run: 8, Failures: 0, Errors: 0, Skipped: 0, Time elapsed: 0.007 s -- in org.apache.commons.lang3.concurrent.ConstantInitializerTest
[INFO] Running org.apache.commons.lang3.concurrent.AtomicInitializerObjectTest
[INFO] Tests run: 5, Failures: 0, Errors: 0, Skipped: 0, Time elapsed: 0.007 s -- in org.apache.commons.lang3.concurrent.AtomicInitializerObjectTest
[INFO] Running org.apache.commons.lang3.concurrent.CircuitBreakingExceptionTest
[INFO] Tests run: 7, Failures: 0, Errors: 0, Skipped: 0, Time elapsed: 0.005 s -- in org.apache.commons.lang3.concurrent.CircuitBreakingExceptionTest
[INFO] Running org.apache.commons.lang3.concurrent.ConcurrentRuntimeExceptionTest
[INFO] Tests run: 3, Failures: 0, Errors: 0, Skipped: 0, Time elapsed: 0.002 s -- in org.apache.commons.lang3.concurrent.ConcurrentRuntimeExceptionTest
[INFO] Running org.apache.commons.lang3.concurrent.MultiBackgroundInitializerTest
[INFO] Tests run: 18, Failures: 0, Errors: 0, Skipped: 0, Time elapsed: 0.033 s -- in org.apache.commons.lang3.concurrent.MultiBackgroundInitializerTest
[INFO] Running org.apache.commons.lang3.concurrent.FutureTasksTest
[INFO] Tests run: 1, Failures: 0, Errors: 0, Skipped: 0, Time elapsed: 0.001 s -- in org.apache.commons.lang3.concurrent.FutureTasksTest
[INFO] Running org.apache.commons.lang3.concurrent.CallableBackgroundInitializerTest
[INFO] Tests run: 4, Failures: 0, Errors: 0, Skipped: 0, Time elapsed: 0.004 s -- in org.apache.commons.lang3.concurrent.CallableBackgroundInitializerTest
[INFO] Running org.apache.commons.lang3.concurrent.BackgroundInitializerSupplierTest
[INFO] Tests run: 21, Failures: 0, Errors: 0, Skipped: 0, Time elapsed: 0.020 s -- in org.apache.commons.lang3.concurrent.BackgroundInitializerSupplierTest
[INFO] Running org.apache.commons.lang3.concurrent.AtomicInitializerNonObjectTest
[INFO] Tests run: 5, Failures: 0, Errors: 0, Skipped: 0, Time elapsed: 0.006 s -- in org.apache.commons.lang3.concurrent.AtomicInitializerNonObjectTest
[INFO] Running org.apache.commons.lang3.time.CalendarUtilsTest
[INFO] Tests run: 1903, Failures: 0, Errors: 0, Skipped: 0, Time elapsed: 0.818 s -- in org.apache.commons.lang3.time.CalendarUtilsTest
[INFO] Running org.apache.commons.lang3.time.DateUtilsTest
[INFO] Tests run: 128, Failures: 0, Errors: 0, Skipped: 0, Time elapsed: 0.294 s -- in org.apache.commons.lang3.time.DateUtilsTest
[INFO] Running org.apache.commons.lang3.time.GmtTimeZoneTest
[INFO] Tests run: 11, Failures: 0, Errors: 0, Skipped: 0, Time elapsed: 0.002 s -- in org.apache.commons.lang3.time.GmtTimeZoneTest
[INFO] Running org.apache.commons.lang3.time.Java15BugFastDateParserTest
[INFO] Tests run: 1034, Failures: 0, Errors: 0, Skipped: 0, Time elapsed: 1.736 s -- in org.apache.commons.lang3.time.Java15BugFastDateParserTest
[INFO] Running org.apache.commons.lang3.time.TimeZonesTest
[INFO] Tests run: 1, Failures: 0, Errors: 0, Skipped: 0, Time elapsed: 0 s -- in org.apache.commons.lang3.time.TimeZonesTest
[INFO] Running org.apache.commons.lang3.time.FastDatePrinterTimeZonesTest
[INFO] Tests run: 632, Failures: 0, Errors: 0, Skipped: 0, Time elapsed: 0.252 s -- in org.apache.commons.lang3.time.FastDatePrinterTimeZonesTest
[INFO] Running org.apache.commons.lang3.time.FastDateFormat_PrinterTest
[INFO] Tests run: 23, Failures: 0, Errors: 0, Skipped: 0, Time elapsed: 0.034 s -- in org.apache.commons.lang3.time.FastDateFormat_PrinterTest
[INFO] Running org.apache.commons.lang3.time.DurationFormatUtilsTest
[INFO] Tests run: 33, Failures: 0, Errors: 0, Skipped: 0, Time elapsed: 9.990 s -- in org.apache.commons.lang3.time.DurationFormatUtilsTest
[INFO] Running org.apache.commons.lang3.time.FastDateParser_MoreOrLessTest
[INFO] Tests run: 7, Failures: 0, Errors: 0, Skipped: 0, Time elapsed: 0.003 s -- in org.apache.commons.lang3.time.FastDateParser_MoreOrLessTest
[INFO] Running org.apache.commons.lang3.time.FastDatePrinterTest
[INFO] Tests run: 23, Failures: 0, Errors: 0, Skipped: 0, Time elapsed: 0.007 s -- in org.apache.commons.lang3.time.FastDatePrinterTest
[INFO] Running org.apache.commons.lang3.time.DateFormatUtilsTest
[INFO] Tests run: 13, Failures: 0, Errors: 0, Skipped: 0, Time elapsed: 0.006 s -- in org.apache.commons.lang3.time.DateFormatUtilsTest
[INFO] Running org.apache.commons.lang3.time.WeekYearTest
[INFO] Tests run: 32, Failures: 0, Errors: 0, Skipped: 0, Time elapsed: 0.021 s -- in org.apache.commons.lang3.time.WeekYearTest
[INFO] Running org.apache.commons.lang3.time.FastDateFormatTest
[INFO] Tests run: 20, Failures: 0, Errors: 0, Skipped: 0, Time elapsed: 1.114 s -- in org.apache.commons.lang3.time.FastDateFormatTest
[INFO] Running org.apache.commons.lang3.time.DurationUtilsTest
[INFO] Tests run: 15, Failures: 0, Errors: 0, Skipped: 0, Time elapsed: 0.012 s -- in org.apache.commons.lang3.time.DurationUtilsTest
[INFO] Running org.apache.commons.lang3.time.FastDateParser_TimeZoneStrategyTest
[WARNING] Tests run: 2038, Failures: 0, Errors: 0, Skipped: 5, Time elapsed: 86.58 s -- in org.apache.commons.lang3.time.FastDateParser_TimeZoneStrategyTest
[INFO] Running org.apache.commons.lang3.time.DateUtilsRoundingTest
[INFO] Tests run: 22, Failures: 0, Errors: 0, Skipped: 0, Time elapsed: 0.016 s -- in org.apache.commons.lang3.time.DateUtilsRoundingTest
[INFO] Running org.apache.commons.lang3.time.FastDateParserSDFTest
[INFO] Tests run: 276, Failures: 0, Errors: 0, Skipped: 0, Time elapsed: 0.120 s -- in org.apache.commons.lang3.time.FastDateParserSDFTest
[INFO] Running org.apache.commons.lang3.time.FastDateParserTest
[INFO] Tests run: 43773, Failures: 0, Errors: 0, Skipped: 0, Time elapsed: 30.73 s -- in org.apache.commons.lang3.time.FastDateParserTest
[INFO] Running org.apache.commons.lang3.time.DateUtilsFragmentTest
[INFO] Tests run: 57, Failures: 0, Errors: 0, Skipped: 0, Time elapsed: 0.011 s -- in org.apache.commons.lang3.time.DateUtilsFragmentTest
[INFO] Running org.apache.commons.lang3.time.FastTimeZoneTest
[INFO] Tests run: 10, Failures: 0, Errors: 0, Skipped: 0, Time elapsed: 0.002 s -- in org.apache.commons.lang3.time.FastTimeZoneTest
[INFO] Running org.apache.commons.lang3.time.StopWatchTest
[INFO] Tests run: 35, Failures: 0, Errors: 0, Skipped: 0, Time elapsed: 0.651 s -- in org.apache.commons.lang3.time.StopWatchTest
[INFO] Running org.apache.commons.lang3.ArrayFillTest
[INFO] Tests run: 19, Failures: 0, Errors: 0, Skipped: 0, Time elapsed: 0.010 s -- in org.apache.commons.lang3.ArrayFillTest
[INFO] Running org.apache.commons.lang3.RandomUtilsTest
[INFO] Tests run: 117, Failures: 0, Errors: 0, Skipped: 0, Time elapsed: 0.261 s -- in org.apache.commons.lang3.RandomUtilsTest
[INFO] Running org.apache.commons.lang3.builder.RecursiveToStringStyleTest
[INFO] Tests run: 8, Failures: 0, Errors: 0, Skipped: 0, Time elapsed: 0.005 s -- in org.apache.commons.lang3.builder.RecursiveToStringStyleTest
[INFO] Running org.apache.commons.lang3.builder.MultiLineToStringStyleTest
[INFO] Tests run: 11, Failures: 0, Errors: 0, Skipped: 0, Time elapsed: 0.003 s -- in org.apache.commons.lang3.builder.MultiLineToStringStyleTest
[INFO] Running org.apache.commons.lang3.builder.CompareToBuilderTest
[INFO] Tests run: 48, Failures: 0, Errors: 0, Skipped: 0, Time elapsed: 0.012 s -- in org.apache.commons.lang3.builder.CompareToBuilderTest
[INFO] Running org.apache.commons.lang3.builder.DiffTest
[INFO] Tests run: 4, Failures: 0, Errors: 0, Skipped: 0, Time elapsed: 0.006 s -- in org.apache.commons.lang3.builder.DiffTest
[INFO] Running org.apache.commons.lang3.builder.HashCodeBuilderAndEqualsBuilderTest
[INFO] Tests run: 5, Failures: 0, Errors: 0, Skipped: 0, Time elapsed: 0.953 s -- in org.apache.commons.lang3.builder.HashCodeBuilderAndEqualsBuilderTest
[INFO] Running org.apache.commons.lang3.builder.ConversionTest
[INFO] Tests run: 3, Failures: 0, Errors: 0, Skipped: 0, Time elapsed: 0.025 s -- in org.apache.commons.lang3.builder.ConversionTest
[INFO] Running org.apache.commons.lang3.builder.ToStringStyleConcurrencyTest
[INFO] Tests run: 3, Failures: 0, Errors: 0, Skipped: 0, Time elapsed: 2.749 s -- in org.apache.commons.lang3.builder.ToStringStyleConcurrencyTest
[INFO] Running org.apache.commons.lang3.builder.EqualsBuilderReflectJreImplementationTest
[INFO] Tests run: 2, Failures: 0, Errors: 0, Skipped: 0, Time elapsed: 0.610 s -- in org.apache.commons.lang3.builder.EqualsBuilderReflectJreImplementationTest
[INFO] Running org.apache.commons.lang3.builder.NoFieldNamesToStringStyleTest
[INFO] Tests run: 11, Failures: 0, Errors: 0, Skipped: 0, Time elapsed: 0.003 s -- in org.apache.commons.lang3.builder.NoFieldNamesToStringStyleTest
[INFO] Running org.apache.commons.lang3.builder.ReflectionToStringBuilderExcludeNullValuesTest
[INFO] Tests run: 5, Failures: 0, Errors: 0, Skipped: 0, Time elapsed: 0.001 s -- in org.apache.commons.lang3.builder.ReflectionToStringBuilderExcludeNullValuesTest
[INFO] Running org.apache.commons.lang3.builder.EqualsBuilderTest
[INFO] Tests run: 59, Failures: 0, Errors: 0, Skipped: 0, Time elapsed: 0.020 s -- in org.apache.commons.lang3.builder.EqualsBuilderTest
[INFO] Running org.apache.commons.lang3.builder.ReflectionToStringBuilderConcurrencyTest
[WARNING] Tests run: 3, Failures: 0, Errors: 0, Skipped: 3, Time elapsed: 0 s -- in org.apache.commons.lang3.builder.ReflectionToStringBuilderConcurrencyTest
[INFO] Running org.apache.commons.lang3.builder.ToStringBuilderTest
[INFO] Tests run: 95, Failures: 0, Errors: 0, Skipped: 0, Time elapsed: 0.022 s -- in org.apache.commons.lang3.builder.ToStringBuilderTest
[INFO] Running org.apache.commons.lang3.builder.JsonToStringStyleTest
[INFO] Tests run: 29, Failures: 0, Errors: 0, Skipped: 0, Time elapsed: 0.050 s -- in org.apache.commons.lang3.builder.JsonToStringStyleTest
[INFO] Running org.apache.commons.lang3.builder.ReflectionToStringBuilderExcludeWithAnnotationTest
[INFO] Tests run: 1, Failures: 0, Errors: 0, Skipped: 0, Time elapsed: 0.002 s -- in org.apache.commons.lang3.builder.ReflectionToStringBuilderExcludeWithAnnotationTest
[INFO] Running org.apache.commons.lang3.builder.NoClassNameToStringStyleTest
[INFO] Tests run: 11, Failures: 0, Errors: 0, Skipped: 0, Time elapsed: 0.002 s -- in org.apache.commons.lang3.builder.NoClassNameToStringStyleTest
[INFO] Running org.apache.commons.lang3.builder.ReflectionToStringBuilderTest
[INFO] Tests run: 1, Failures: 0, Errors: 0, Skipped: 0, Time elapsed: 0.001 s -- in org.apache.commons.lang3.builder.ReflectionToStringBuilderTest
[INFO] Running org.apache.commons.lang3.builder.ReflectionToStringBuilderExcludeTest
[INFO] Tests run: 11, Failures: 0, Errors: 0, Skipped: 0, Time elapsed: 0.002 s -- in org.apache.commons.lang3.builder.ReflectionToStringBuilderExcludeTest
[INFO] Running org.apache.commons.lang3.builder.ReflectionToStringBuilderMutateInspectConcurrencyTest
[WARNING] Tests run: 1, Failures: 0, Errors: 0, Skipped: 1, Time elapsed: 0 s -- in org.apache.commons.lang3.builder.ReflectionToStringBuilderMutateInspectConcurrencyTest
[INFO] Running org.apache.commons.lang3.builder.ToStringStyleTest
[INFO] Tests run: 12, Failures: 0, Errors: 0, Skipped: 0, Time elapsed: 0.001 s -- in org.apache.commons.lang3.builder.ToStringStyleTest
[INFO] Running org.apache.commons.lang3.builder.ShortPrefixToStringStyleTest
[INFO] Tests run: 11, Failures: 0, Errors: 0, Skipped: 0, Time elapsed: 0.003 s -- in org.apache.commons.lang3.builder.ShortPrefixToStringStyleTest
[INFO] Running org.apache.commons.lang3.builder.DefaultToStringStyleTest
[INFO] Tests run: 11, Failures: 0, Errors: 0, Skipped: 0, Time elapsed: 0.002 s -- in org.apache.commons.lang3.builder.DefaultToStringStyleTest
[INFO] Running org.apache.commons.lang3.builder.ReflectionToStringBuilderCustomImplementationTest
[INFO] Tests run: 1, Failures: 0, Errors: 0, Skipped: 0, Time elapsed: 0 s -- in org.apache.commons.lang3.builder.ReflectionToStringBuilderCustomImplementationTest
[INFO] Running org.apache.commons.lang3.builder.ReflectionDiffBuilderTest
[INFO] Tests run: 16, Failures: 0, Errors: 0, Skipped: 0, Time elapsed: 0.609 s -- in org.apache.commons.lang3.builder.ReflectionDiffBuilderTest
[INFO] Running org.apache.commons.lang3.builder.StandardToStringStyleTest
[INFO] Tests run: 20, Failures: 0, Errors: 0, Skipped: 0, Time elapsed: 0.012 s -- in org.apache.commons.lang3.builder.StandardToStringStyleTest
[INFO] Running org.apache.commons.lang3.builder.ReflectionToStringBuilderIncludeTest
[INFO] Tests run: 20, Failures: 0, Errors: 0, Skipped: 0, Time elapsed: 0.009 s -- in org.apache.commons.lang3.builder.ReflectionToStringBuilderIncludeTest
[INFO] Running org.apache.commons.lang3.builder.IDKeyTest
[INFO] Tests run: 1, Failures: 0, Errors: 0, Skipped: 0, Time elapsed: 0 s -- in org.apache.commons.lang3.builder.IDKeyTest
[INFO] Running org.apache.commons.lang3.builder.MultilineRecursiveToStringStyleTest
[INFO] Tests run: 14, Failures: 0, Errors: 0, Skipped: 0, Time elapsed: 0.034 s -- in org.apache.commons.lang3.builder.MultilineRecursiveToStringStyleTest
[INFO] Running org.apache.commons.lang3.builder.DiffResultTest
[INFO] Tests run: 11, Failures: 0, Errors: 0, Skipped: 0, Time elapsed: 0.008 s -- in org.apache.commons.lang3.builder.DiffResultTest
[INFO] Running org.apache.commons.lang3.builder.DiffBuilderTest
[INFO] Tests run: 39, Failures: 0, Errors: 0, Skipped: 0, Time elapsed: 0.022 s -- in org.apache.commons.lang3.builder.DiffBuilderTest
[INFO] Running org.apache.commons.lang3.builder.SimpleToStringStyleTest
[INFO] Tests run: 11, Failures: 0, Errors: 0, Skipped: 0, Time elapsed: 0.002 s -- in org.apache.commons.lang3.builder.SimpleToStringStyleTest
[INFO] Running org.apache.commons.lang3.builder.HashCodeBuilderTest
[INFO] Tests run: 46, Failures: 0, Errors: 0, Skipped: 0, Time elapsed: 0.012 s -- in org.apache.commons.lang3.builder.HashCodeBuilderTest
[INFO] Running org.apache.commons.lang3.builder.ReflectionToStringBuilderSummaryTest
[INFO] Tests run: 1, Failures: 0, Errors: 0, Skipped: 0, Time elapsed: 0.001 s -- in org.apache.commons.lang3.builder.ReflectionToStringBuilderSummaryTest
[INFO] Running org.apache.commons.lang3.SystemPropertiesTest
[INFO] Tests run: 59, Failures: 0, Errors: 0, Skipped: 0, Time elapsed: 0.045 s -- in org.apache.commons.lang3.SystemPropertiesTest
[INFO] Running org.apache.commons.lang3.EnumUtilsTest
[INFO] Tests run: 48, Failures: 0, Errors: 0, Skipped: 0, Time elapsed: 0.024 s -- in org.apache.commons.lang3.EnumUtilsTest
[INFO] Running org.apache.commons.lang3.SystemUtilsTest
[INFO] Tests run: 24, Failures: 0, Errors: 0, Skipped: 0, Time elapsed: 0.008 s -- in org.apache.commons.lang3.SystemUtilsTest
[INFO] Running org.apache.commons.lang3.RegExUtilsTest
[INFO] Tests run: 19, Failures: 0, Errors: 0, Skipped: 0, Time elapsed: 0.008 s -- in org.apache.commons.lang3.RegExUtilsTest
[INFO] Running org.apache.commons.lang3.CharSetTest
[INFO] Tests run: 15, Failures: 0, Errors: 0, Skipped: 0, Time elapsed: 0.008 s -- in org.apache.commons.lang3.CharSetTest
[INFO] Running org.apache.commons.lang3.CharEncodingTest
[INFO] Tests run: 5, Failures: 0, Errors: 0, Skipped: 0, Time elapsed: 0.031 s -- in org.apache.commons.lang3.CharEncodingTest
[INFO] Running org.apache.commons.lang3.CharRangeTest
[INFO] Tests run: 17, Failures: 0, Errors: 0, Skipped: 0, Time elapsed: 0.017 s -- in org.apache.commons.lang3.CharRangeTest
[INFO] Running org.apache.commons.lang3.StringUtilsIsTest
[INFO] Tests run: 8, Failures: 0, Errors: 0, Skipped: 0, Time elapsed: 0.002 s -- in org.apache.commons.lang3.StringUtilsIsTest
[INFO] Running org.apache.commons.lang3.ArrayUtilsRemoveMultipleTest
[INFO] Tests run: 55, Failures: 0, Errors: 0, Skipped: 0, Time elapsed: 0.013 s -- in org.apache.commons.lang3.ArrayUtilsRemoveMultipleTest
[INFO] Running org.apache.commons.lang3.StringUtilsStartsEndsWithTest
[INFO] Tests run: 6, Failures: 0, Errors: 0, Skipped: 0, Time elapsed: 0.002 s -- in org.apache.commons.lang3.StringUtilsStartsEndsWithTest
[INFO] Running org.apache.commons.lang3.ArrayUtilsSetTest
[INFO] Tests run: 2, Failures: 0, Errors: 0, Skipped: 0, Time elapsed: 0.001 s -- in org.apache.commons.lang3.ArrayUtilsSetTest
[INFO] Running org.apache.commons.lang3.ArchUtilsTest
[INFO] Tests run: 6, Failures: 0, Errors: 0, Skipped: 0, Time elapsed: 0.002 s -- in org.apache.commons.lang3.ArchUtilsTest
[INFO] Running org.apache.commons.lang3.StringUtilsEqualsIndexOfTest
[INFO] Tests run: 70, Failures: 0, Errors: 0, Skipped: 0, Time elapsed: 0.023 s -- in org.apache.commons.lang3.StringUtilsEqualsIndexOfTest
[INFO] Running org.apache.commons.lang3.IntegerRangeTest
[INFO] Tests run: 28, Failures: 0, Errors: 0, Skipped: 0, Time elapsed: 0.009 s -- in org.apache.commons.lang3.IntegerRangeTest
[INFO] Running org.apache.commons.lang3.SerializationUtilsTest
[INFO] Tests run: 28, Failures: 0, Errors: 0, Skipped: 0, Time elapsed: 0.024 s -- in org.apache.commons.lang3.SerializationUtilsTest
[INFO] Running org.apache.commons.lang3.StringUtilsTest
[WARNING] Tests run: 164, Failures: 0, Errors: 0, Skipped: 1, Time elapsed: 0.095 s -- in org.apache.commons.lang3.StringUtilsTest
[INFO] Running org.apache.commons.lang3.BitFieldTest
[INFO] Tests run: 15, Failures: 0, Errors: 0, Skipped: 0, Time elapsed: 0.004 s -- in org.apache.commons.lang3.BitFieldTest
[INFO] Running org.apache.commons.lang3.ValidateTest
[INFO] Running org.apache.commons.lang3.ValidateTest$ValidState
[INFO] Running org.apache.commons.lang3.ValidateTest$ValidState$WitMessage
[INFO] Tests run: 2, Failures: 0, Errors: 0, Skipped: 0, Time elapsed: 0.002 s -- in org.apache.commons.lang3.ValidateTest$ValidState$WitMessage
[INFO] Running org.apache.commons.lang3.ValidateTest$ValidState$WithoutMessage
[INFO] Tests run: 2, Failures: 0, Errors: 0, Skipped: 0, Time elapsed: 0.001 s -- in org.apache.commons.lang3.ValidateTest$ValidState$WithoutMessage
[INFO] Tests run: 0, Failures: 0, Errors: 0, Skipped: 0, Time elapsed: 0.003 s -- in org.apache.commons.lang3.ValidateTest$ValidState
[INFO] Running org.apache.commons.lang3.ValidateTest$ValidIndex
[INFO] Running org.apache.commons.lang3.ValidateTest$ValidIndex$WithCollection
[INFO] Running org.apache.commons.lang3.ValidateTest$ValidIndex$WithCollection$WithoutMessage
[INFO] Tests run: 5, Failures: 0, Errors: 0, Skipped: 0, Time elapsed: 0.003 s -- in org.apache.commons.lang3.ValidateTest$ValidIndex$WithCollection$WithoutMessage
[INFO] Running org.apache.commons.lang3.ValidateTest$ValidIndex$WithCollection$WithMessage
[INFO] Tests run: 5, Failures: 0, Errors: 0, Skipped: 0, Time elapsed: 0.003 s -- in org.apache.commons.lang3.ValidateTest$ValidIndex$WithCollection$WithMessage
[INFO] Tests run: 0, Failures: 0, Errors: 0, Skipped: 0, Time elapsed: 0.006 s -- in org.apache.commons.lang3.ValidateTest$ValidIndex$WithCollection
[INFO] Running org.apache.commons.lang3.ValidateTest$ValidIndex$WithCharSequence
[INFO] Running org.apache.commons.lang3.ValidateTest$ValidIndex$WithCharSequence$WithoutMessage
[INFO] Tests run: 5, Failures: 0, Errors: 0, Skipped: 0, Time elapsed: 0.003 s -- in org.apache.commons.lang3.ValidateTest$ValidIndex$WithCharSequence$WithoutMessage
[INFO] Running org.apache.commons.lang3.ValidateTest$ValidIndex$WithCharSequence$WithMessage
[INFO] Tests run: 5, Failures: 0, Errors: 0, Skipped: 0, Time elapsed: 0.003 s -- in org.apache.commons.lang3.ValidateTest$ValidIndex$WithCharSequence$WithMessage
[INFO] Tests run: 0, Failures: 0, Errors: 0, Skipped: 0, Time elapsed: 0.006 s -- in org.apache.commons.lang3.ValidateTest$ValidIndex$WithCharSequence
[INFO] Running org.apache.commons.lang3.ValidateTest$ValidIndex$WithArray
[INFO] Running org.apache.commons.lang3.ValidateTest$ValidIndex$WithArray$WithoutMessage
[INFO] Tests run: 5, Failures: 0, Errors: 0, Skipped: 0, Time elapsed: 0.002 s -- in org.apache.commons.lang3.ValidateTest$ValidIndex$WithArray$WithoutMessage
[INFO] Running org.apache.commons.lang3.ValidateTest$ValidIndex$WithArray$WithMessage
[INFO] Tests run: 5, Failures: 0, Errors: 0, Skipped: 0, Time elapsed: 0.002 s -- in org.apache.commons.lang3.ValidateTest$ValidIndex$WithArray$WithMessage
[INFO] Tests run: 0, Failures: 0, Errors: 0, Skipped: 0, Time elapsed: 0.006 s -- in org.apache.commons.lang3.ValidateTest$ValidIndex$WithArray
[INFO] Tests run: 0, Failures: 0, Errors: 0, Skipped: 0, Time elapsed: 0.019 s -- in org.apache.commons.lang3.ValidateTest$ValidIndex
[INFO] Running org.apache.commons.lang3.ValidateTest$UtilClassConventions
[INFO] Tests run: 4, Failures: 0, Errors: 0, Skipped: 0, Time elapsed: 0.001 s -- in org.apache.commons.lang3.ValidateTest$UtilClassConventions
[INFO] Running org.apache.commons.lang3.ValidateTest$NotNull
[INFO] Running org.apache.commons.lang3.ValidateTest$NotNull$WithoutMessage
[INFO] Tests run: 3, Failures: 0, Errors: 0, Skipped: 0, Time elapsed: 0.055 s -- in org.apache.commons.lang3.ValidateTest$NotNull$WithoutMessage
[INFO] Running org.apache.commons.lang3.ValidateTest$NotNull$WithMessage
[INFO] Tests run: 3, Failures: 0, Errors: 0, Skipped: 0, Time elapsed: 0.002 s -- in org.apache.commons.lang3.ValidateTest$NotNull$WithMessage
[INFO] Tests run: 0, Failures: 0, Errors: 0, Skipped: 0, Time elapsed: 0.089 s -- in org.apache.commons.lang3.ValidateTest$NotNull
[INFO] Running org.apache.commons.lang3.ValidateTest$NotNaN
[INFO] Running org.apache.commons.lang3.ValidateTest$NotNaN$WithoutMessage
[INFO] Tests run: 4, Failures: 0, Errors: 0, Skipped: 0, Time elapsed: 0.002 s -- in org.apache.commons.lang3.ValidateTest$NotNaN$WithoutMessage
[INFO] Running org.apache.commons.lang3.ValidateTest$NotNaN$WithMessage
[INFO] Tests run: 4, Failures: 0, Errors: 0, Skipped: 0, Time elapsed: 0.001 s -- in org.apache.commons.lang3.ValidateTest$NotNaN$WithMessage
[INFO] Tests run: 0, Failures: 0, Errors: 0, Skipped: 0, Time elapsed: 0.004 s -- in org.apache.commons.lang3.ValidateTest$NotNaN
[INFO] Running org.apache.commons.lang3.ValidateTest$NotEmpty
[INFO] Running org.apache.commons.lang3.ValidateTest$NotEmpty$WithMap
[INFO] Running org.apache.commons.lang3.ValidateTest$NotEmpty$WithMap$WithoutMessage
[INFO] Tests run: 4, Failures: 0, Errors: 0, Skipped: 0, Time elapsed: 0.002 s -- in org.apache.commons.lang3.ValidateTest$NotEmpty$WithMap$WithoutMessage
[INFO] Running org.apache.commons.lang3.ValidateTest$NotEmpty$WithMap$WithMessage
[INFO] Tests run: 4, Failures: 0, Errors: 0, Skipped: 0, Time elapsed: 0.002 s -- in org.apache.commons.lang3.ValidateTest$NotEmpty$WithMap$WithMessage
[INFO] Tests run: 0, Failures: 0, Errors: 0, Skipped: 0, Time elapsed: 0.004 s -- in org.apache.commons.lang3.ValidateTest$NotEmpty$WithMap
[INFO] Running org.apache.commons.lang3.ValidateTest$NotEmpty$WithCollection
[INFO] Running org.apache.commons.lang3.ValidateTest$NotEmpty$WithCollection$WithoutMessage
[INFO] Tests run: 4, Failures: 0, Errors: 0, Skipped: 0, Time elapsed: 0.002 s -- in org.apache.commons.lang3.ValidateTest$NotEmpty$WithCollection$WithoutMessage
[INFO] Running org.apache.commons.lang3.ValidateTest$NotEmpty$WithCollection$WithMessage
[INFO] Tests run: 4, Failures: 0, Errors: 0, Skipped: 0, Time elapsed: 0.005 s -- in org.apache.commons.lang3.ValidateTest$NotEmpty$WithCollection$WithMessage
[INFO] Tests run: 0, Failures: 0, Errors: 0, Skipped: 0, Time elapsed: 0.008 s -- in org.apache.commons.lang3.ValidateTest$NotEmpty$WithCollection
[INFO] Running org.apache.commons.lang3.ValidateTest$NotEmpty$WithCharSequence
[INFO] Running org.apache.commons.lang3.ValidateTest$NotEmpty$WithCharSequence$WithoutMessage
[INFO] Tests run: 4, Failures: 0, Errors: 0, Skipped: 0, Time elapsed: 0.002 s -- in org.apache.commons.lang3.ValidateTest$NotEmpty$WithCharSequence$WithoutMessage
[INFO] Running org.apache.commons.lang3.ValidateTest$NotEmpty$WithCharSequence$WithMessage
[INFO] Tests run: 4, Failures: 0, Errors: 0, Skipped: 0, Time elapsed: 0.002 s -- in org.apache.commons.lang3.ValidateTest$NotEmpty$WithCharSequence$WithMessage
[INFO] Tests run: 0, Failures: 0, Errors: 0, Skipped: 0, Time elapsed: 0.004 s -- in org.apache.commons.lang3.ValidateTest$NotEmpty$WithCharSequence
[INFO] Running org.apache.commons.lang3.ValidateTest$NotEmpty$WithArray
[INFO] Running org.apache.commons.lang3.ValidateTest$NotEmpty$WithArray$WithoutMessage
[INFO] Tests run: 4, Failures: 0, Errors: 0, Skipped: 0, Time elapsed: 0.002 s -- in org.apache.commons.lang3.ValidateTest$NotEmpty$WithArray$WithoutMessage
[INFO] Running org.apache.commons.lang3.ValidateTest$NotEmpty$WithArray$WithMessage
[INFO] Tests run: 4, Failures: 0, Errors: 0, Skipped: 0, Time elapsed: 0.002 s -- in org.apache.commons.lang3.ValidateTest$NotEmpty$WithArray$WithMessage
[INFO] Tests run: 0, Failures: 0, Errors: 0, Skipped: 0, Time elapsed: 0.004 s -- in org.apache.commons.lang3.ValidateTest$NotEmpty$WithArray
[INFO] Tests run: 0, Failures: 0, Errors: 0, Skipped: 0, Time elapsed: 0.020 s -- in org.apache.commons.lang3.ValidateTest$NotEmpty
[INFO] Running org.apache.commons.lang3.ValidateTest$NotBlank
[INFO] Running org.apache.commons.lang3.ValidateTest$NotBlank$WithoutMessage
[INFO] Tests run: 8, Failures: 0, Errors: 0, Skipped: 0, Time elapsed: 0.004 s -- in org.apache.commons.lang3.ValidateTest$NotBlank$WithoutMessage
[INFO] Running org.apache.commons.lang3.ValidateTest$NotBlank$WithMessage
[INFO] Tests run: 8, Failures: 0, Errors: 0, Skipped: 0, Time elapsed: 0.003 s -- in org.apache.commons.lang3.ValidateTest$NotBlank$WithMessage
[INFO] Tests run: 0, Failures: 0, Errors: 0, Skipped: 0, Time elapsed: 0.008 s -- in org.apache.commons.lang3.ValidateTest$NotBlank
[INFO] Running org.apache.commons.lang3.ValidateTest$NoNullElements
[INFO] Running org.apache.commons.lang3.ValidateTest$NoNullElements$WithCollection
[INFO] Running org.apache.commons.lang3.ValidateTest$NoNullElements$WithCollection$WithoutMessage
[INFO] Tests run: 4, Failures: 0, Errors: 0, Skipped: 0, Time elapsed: 0.003 s -- in org.apache.commons.lang3.ValidateTest$NoNullElements$WithCollection$WithoutMessage
[INFO] Running org.apache.commons.lang3.ValidateTest$NoNullElements$WithCollection$WithMessage
[INFO] Tests run: 4, Failures: 0, Errors: 0, Skipped: 0, Time elapsed: 0.002 s -- in org.apache.commons.lang3.ValidateTest$NoNullElements$WithCollection$WithMessage
[INFO] Tests run: 0, Failures: 0, Errors: 0, Skipped: 0, Time elapsed: 0.005 s -- in org.apache.commons.lang3.ValidateTest$NoNullElements$WithCollection
[INFO] Running org.apache.commons.lang3.ValidateTest$NoNullElements$WithArray
[INFO] Running org.apache.commons.lang3.ValidateTest$NoNullElements$WithArray$WithoutMessage
[INFO] Tests run: 4, Failures: 0, Errors: 0, Skipped: 0, Time elapsed: 0.002 s -- in org.apache.commons.lang3.ValidateTest$NoNullElements$WithArray$WithoutMessage
[INFO] Running org.apache.commons.lang3.ValidateTest$NoNullElements$WithArray$WithMessage
[INFO] Tests run: 4, Failures: 0, Errors: 0, Skipped: 0, Time elapsed: 0.002 s -- in org.apache.commons.lang3.ValidateTest$NoNullElements$WithArray$WithMessage
[INFO] Tests run: 0, Failures: 0, Errors: 0, Skipped: 0, Time elapsed: 0.005 s -- in org.apache.commons.lang3.ValidateTest$NoNullElements$WithArray
[INFO] Tests run: 0, Failures: 0, Errors: 0, Skipped: 0, Time elapsed: 0.010 s -- in org.apache.commons.lang3.ValidateTest$NoNullElements
[INFO] Running org.apache.commons.lang3.ValidateTest$MatchesPattern
[INFO] Running org.apache.commons.lang3.ValidateTest$MatchesPattern$WithoutMessage
[INFO] Tests run: 2, Failures: 0, Errors: 0, Skipped: 0, Time elapsed: 0.001 s -- in org.apache.commons.lang3.ValidateTest$MatchesPattern$WithoutMessage
[INFO] Running org.apache.commons.lang3.ValidateTest$MatchesPattern$WithMessage
[INFO] Tests run: 2, Failures: 0, Errors: 0, Skipped: 0, Time elapsed: 0.001 s -- in org.apache.commons.lang3.ValidateTest$MatchesPattern$WithMessage
[INFO] Tests run: 0, Failures: 0, Errors: 0, Skipped: 0, Time elapsed: 0.002 s -- in org.apache.commons.lang3.ValidateTest$MatchesPattern
[INFO] Running org.apache.commons.lang3.ValidateTest$IsTrue
[INFO] Running org.apache.commons.lang3.ValidateTest$IsTrue$WithoutMessage
[INFO] Tests run: 2, Failures: 0, Errors: 0, Skipped: 0, Time elapsed: 0.001 s -- in org.apache.commons.lang3.ValidateTest$IsTrue$WithoutMessage
[INFO] Running org.apache.commons.lang3.ValidateTest$IsTrue$WithObjectTemplate
[INFO] Tests run: 2, Failures: 0, Errors: 0, Skipped: 0, Time elapsed: 0.001 s -- in org.apache.commons.lang3.ValidateTest$IsTrue$WithObjectTemplate
[INFO] Running org.apache.commons.lang3.ValidateTest$IsTrue$WithMessageSupplier
[INFO] Tests run: 2, Failures: 0, Errors: 0, Skipped: 0, Time elapsed: 0.001 s -- in org.apache.commons.lang3.ValidateTest$IsTrue$WithMessageSupplier
[INFO] Running org.apache.commons.lang3.ValidateTest$IsTrue$WithMessage
[INFO] Tests run: 3, Failures: 0, Errors: 0, Skipped: 0, Time elapsed: 0.002 s -- in org.apache.commons.lang3.ValidateTest$IsTrue$WithMessage
[INFO] Running org.apache.commons.lang3.ValidateTest$IsTrue$WithLongTemplate
[INFO] Tests run: 2, Failures: 0, Errors: 0, Skipped: 0, Time elapsed: 0.001 s -- in org.apache.commons.lang3.ValidateTest$IsTrue$WithLongTemplate
[INFO] Running org.apache.commons.lang3.ValidateTest$IsTrue$WithDoubleTemplate
[INFO] Tests run: 2, Failures: 0, Errors: 0, Skipped: 0, Time elapsed: 0.001 s -- in org.apache.commons.lang3.ValidateTest$IsTrue$WithDoubleTemplate
[INFO] Tests run: 0, Failures: 0, Errors: 0, Skipped: 0, Time elapsed: 0.007 s -- in org.apache.commons.lang3.ValidateTest$IsTrue
[INFO] Running org.apache.commons.lang3.ValidateTest$IsInstanceOf
[INFO] Running org.apache.commons.lang3.ValidateTest$IsInstanceOf$WithoutMessage
[INFO] Tests run: 2, Failures: 0, Errors: 0, Skipped: 0, Time elapsed: 0.001 s -- in org.apache.commons.lang3.ValidateTest$IsInstanceOf$WithoutMessage
[INFO] Running org.apache.commons.lang3.ValidateTest$IsInstanceOf$WithMessageTemplate
[INFO] Tests run: 2, Failures: 0, Errors: 0, Skipped: 0, Time elapsed: 0.001 s -- in org.apache.commons.lang3.ValidateTest$IsInstanceOf$WithMessageTemplate
[INFO] Running org.apache.commons.lang3.ValidateTest$IsInstanceOf$WithMessage
[INFO] Tests run: 2, Failures: 0, Errors: 0, Skipped: 0, Time elapsed: 0.001 s -- in org.apache.commons.lang3.ValidateTest$IsInstanceOf$WithMessage
[INFO] Tests run: 0, Failures: 0, Errors: 0, Skipped: 0, Time elapsed: 0.004 s -- in org.apache.commons.lang3.ValidateTest$IsInstanceOf
[INFO] Running org.apache.commons.lang3.ValidateTest$IsAssignable
[INFO] Running org.apache.commons.lang3.ValidateTest$IsAssignable$WithoutMessage
[INFO] Tests run: 5, Failures: 0, Errors: 0, Skipped: 0, Time elapsed: 0.002 s -- in org.apache.commons.lang3.ValidateTest$IsAssignable$WithoutMessage
[INFO] Running org.apache.commons.lang3.ValidateTest$IsAssignable$WithMessage
[INFO] Tests run: 2, Failures: 0, Errors: 0, Skipped: 0, Time elapsed: 0.001 s -- in org.apache.commons.lang3.ValidateTest$IsAssignable$WithMessage
[INFO] Tests run: 0, Failures: 0, Errors: 0, Skipped: 0, Time elapsed: 0.004 s -- in org.apache.commons.lang3.ValidateTest$IsAssignable
[INFO] Running org.apache.commons.lang3.ValidateTest$InclusiveBetween
[INFO] Running org.apache.commons.lang3.ValidateTest$InclusiveBetween$WithLong
[INFO] Running org.apache.commons.lang3.ValidateTest$InclusiveBetween$WithLong$WithoutMessage
[INFO] Tests run: 5, Failures: 0, Errors: 0, Skipped: 0, Time elapsed: 0.002 s -- in org.apache.commons.lang3.ValidateTest$InclusiveBetween$WithLong$WithoutMessage
[INFO] Running org.apache.commons.lang3.ValidateTest$InclusiveBetween$WithLong$WithMessage
[INFO] Tests run: 5, Failures: 0, Errors: 0, Skipped: 0, Time elapsed: 0.002 s -- in org.apache.commons.lang3.ValidateTest$InclusiveBetween$WithLong$WithMessage
[INFO] Tests run: 0, Failures: 0, Errors: 0, Skipped: 0, Time elapsed: 0.005 s -- in org.apache.commons.lang3.ValidateTest$InclusiveBetween$WithLong
[INFO] Running org.apache.commons.lang3.ValidateTest$InclusiveBetween$WithDouble
[INFO] Running org.apache.commons.lang3.ValidateTest$InclusiveBetween$WithDouble$WithoutMessage
[INFO] Tests run: 5, Failures: 0, Errors: 0, Skipped: 0, Time elapsed: 0.002 s -- in org.apache.commons.lang3.ValidateTest$InclusiveBetween$WithDouble$WithoutMessage
[INFO] Running org.apache.commons.lang3.ValidateTest$InclusiveBetween$WithDouble$WithMessage
[INFO] Tests run: 5, Failures: 0, Errors: 0, Skipped: 0, Time elapsed: 0.002 s -- in org.apache.commons.lang3.ValidateTest$InclusiveBetween$WithDouble$WithMessage
[INFO] Tests run: 0, Failures: 0, Errors: 0, Skipped: 0, Time elapsed: 0.005 s -- in org.apache.commons.lang3.ValidateTest$InclusiveBetween$WithDouble
[INFO] Running org.apache.commons.lang3.ValidateTest$InclusiveBetween$WithComparable
[INFO] Running org.apache.commons.lang3.ValidateTest$InclusiveBetween$WithComparable$WithoutMessage
[INFO] Tests run: 5, Failures: 0, Errors: 0, Skipped: 0, Time elapsed: 0.002 s -- in org.apache.commons.lang3.ValidateTest$InclusiveBetween$WithComparable$WithoutMessage
[INFO] Running org.apache.commons.lang3.ValidateTest$InclusiveBetween$WithComparable$WithMessage
[INFO] Tests run: 5, Failures: 0, Errors: 0, Skipped: 0, Time elapsed: 0.002 s -- in org.apache.commons.lang3.ValidateTest$InclusiveBetween$WithComparable$WithMessage
[INFO] Tests run: 0, Failures: 0, Errors: 0, Skipped: 0, Time elapsed: 0.004 s -- in org.apache.commons.lang3.ValidateTest$InclusiveBetween$WithComparable
[INFO] Tests run: 0, Failures: 0, Errors: 0, Skipped: 0, Time elapsed: 0.015 s -- in org.apache.commons.lang3.ValidateTest$InclusiveBetween
[INFO] Running org.apache.commons.lang3.ValidateTest$Finite
[INFO] Running org.apache.commons.lang3.ValidateTest$Finite$WithoutMessage
[INFO] Tests run: 4, Failures: 0, Errors: 0, Skipped: 0, Time elapsed: 0.002 s -- in org.apache.commons.lang3.ValidateTest$Finite$WithoutMessage
[INFO] Running org.apache.commons.lang3.ValidateTest$Finite$WithMessage
[INFO] Tests run: 4, Failures: 0, Errors: 0, Skipped: 0, Time elapsed: 0.002 s -- in org.apache.commons.lang3.ValidateTest$Finite$WithMessage
[INFO] Tests run: 0, Failures: 0, Errors: 0, Skipped: 0, Time elapsed: 0.004 s -- in org.apache.commons.lang3.ValidateTest$Finite
[INFO] Running org.apache.commons.lang3.ValidateTest$ExclusiveBetween
[INFO] Running org.apache.commons.lang3.ValidateTest$ExclusiveBetween$WithLong
[INFO] Running org.apache.commons.lang3.ValidateTest$ExclusiveBetween$WithLong$WithoutMessage
[INFO] Tests run: 5, Failures: 0, Errors: 0, Skipped: 0, Time elapsed: 0.003 s -- in org.apache.commons.lang3.ValidateTest$ExclusiveBetween$WithLong$WithoutMessage
[INFO] Running org.apache.commons.lang3.ValidateTest$ExclusiveBetween$WithLong$WithMessage
[INFO] Tests run: 5, Failures: 0, Errors: 0, Skipped: 0, Time elapsed: 0.003 s -- in org.apache.commons.lang3.ValidateTest$ExclusiveBetween$WithLong$WithMessage
[INFO] Tests run: 0, Failures: 0, Errors: 0, Skipped: 0, Time elapsed: 0.006 s -- in org.apache.commons.lang3.ValidateTest$ExclusiveBetween$WithLong
[INFO] Running org.apache.commons.lang3.ValidateTest$ExclusiveBetween$WithDouble
[INFO] Running org.apache.commons.lang3.ValidateTest$ExclusiveBetween$WithDouble$WithoutMessage
[INFO] Tests run: 5, Failures: 0, Errors: 0, Skipped: 0, Time elapsed: 0.003 s -- in org.apache.commons.lang3.ValidateTest$ExclusiveBetween$WithDouble$WithoutMessage
[INFO] Running org.apache.commons.lang3.ValidateTest$ExclusiveBetween$WithDouble$WithMessage
[INFO] Tests run: 5, Failures: 0, Errors: 0, Skipped: 0, Time elapsed: 0.002 s -- in org.apache.commons.lang3.ValidateTest$ExclusiveBetween$WithDouble$WithMessage
[INFO] Tests run: 0, Failures: 0, Errors: 0, Skipped: 0, Time elapsed: 0.006 s -- in org.apache.commons.lang3.ValidateTest$ExclusiveBetween$WithDouble
[INFO] Running org.apache.commons.lang3.ValidateTest$ExclusiveBetween$WithComparable
[INFO] Running org.apache.commons.lang3.ValidateTest$ExclusiveBetween$WithComparable$WithoutMessage
[INFO] Tests run: 5, Failures: 0, Errors: 0, Skipped: 0, Time elapsed: 0.002 s -- in org.apache.commons.lang3.ValidateTest$ExclusiveBetween$WithComparable$WithoutMessage
[INFO] Running org.apache.commons.lang3.ValidateTest$ExclusiveBetween$WithComparable$WithMessage
[INFO] Tests run: 5, Failures: 0, Errors: 0, Skipped: 0, Time elapsed: 0.002 s -- in org.apache.commons.lang3.ValidateTest$ExclusiveBetween$WithComparable$WithMessage
[INFO] Tests run: 0, Failures: 0, Errors: 0, Skipped: 0, Time elapsed: 0.005 s -- in org.apache.commons.lang3.ValidateTest$ExclusiveBetween$WithComparable
[INFO] Tests run: 0, Failures: 0, Errors: 0, Skipped: 0, Time elapsed: 0.017 s -- in org.apache.commons.lang3.ValidateTest$ExclusiveBetween
[INFO] Tests run: 0, Failures: 0, Errors: 0, Skipped: 0, Time elapsed: 0.209 s -- in org.apache.commons.lang3.ValidateTest
[INFO] Running org.apache.commons.lang3.ArrayUtilsRemoveTest
[INFO] Tests run: 37, Failures: 0, Errors: 0, Skipped: 0, Time elapsed: 0.009 s -- in org.apache.commons.lang3.ArrayUtilsRemoveTest
[INFO] Running org.apache.commons.lang3.StringUtilsContainsTest
[INFO] Tests run: 23, Failures: 0, Errors: 0, Skipped: 0, Time elapsed: 0.005 s -- in org.apache.commons.lang3.StringUtilsContainsTest
[INFO] Running org.apache.commons.lang3.StringUtilsEmptyBlankTest
[INFO] Tests run: 12, Failures: 0, Errors: 0, Skipped: 0, Time elapsed: 0.002 s -- in org.apache.commons.lang3.StringUtilsEmptyBlankTest
[INFO] Running org.apache.commons.lang3.LocaleUtilsTest
[INFO] Tests run: 2551, Failures: 0, Errors: 0, Skipped: 0, Time elapsed: 0.671 s -- in org.apache.commons.lang3.LocaleUtilsTest
[INFO] Running org.apache.commons.lang3.ClassPathUtilsTest
[INFO] Tests run: 15, Failures: 0, Errors: 0, Skipped: 0, Time elapsed: 0.004 s -- in org.apache.commons.lang3.ClassPathUtilsTest
[INFO] Running org.apache.commons.lang3.CharSequenceUtilsTest
[INFO] Tests run: 14, Failures: 0, Errors: 0, Skipped: 0, Time elapsed: 0.060 s -- in org.apache.commons.lang3.CharSequenceUtilsTest
[INFO] Running org.apache.commons.lang3.RandomStringUtilsTest
[WARNING] Tests run: 82, Failures: 0, Errors: 0, Skipped: 1, Time elapsed: 0.204 s -- in org.apache.commons.lang3.RandomStringUtilsTest
[INFO] Running org.apache.commons.lang3.math.NumberUtilsTest
[INFO] Tests run: 120, Failures: 0, Errors: 0, Skipped: 0, Time elapsed: 0.041 s -- in org.apache.commons.lang3.math.NumberUtilsTest
[INFO] Running org.apache.commons.lang3.math.IEEE754rUtilsTest
[INFO] Tests run: 3, Failures: 0, Errors: 0, Skipped: 0, Time elapsed: 0.002 s -- in org.apache.commons.lang3.math.IEEE754rUtilsTest
[INFO] Running org.apache.commons.lang3.math.FractionTest
[INFO] Tests run: 35, Failures: 0, Errors: 0, Skipped: 0, Time elapsed: 0.131 s -- in org.apache.commons.lang3.math.FractionTest
[INFO] Running org.apache.commons.lang3.event.EventUtilsTest
[INFO] Tests run: 8, Failures: 0, Errors: 0, Skipped: 0, Time elapsed: 0.010 s -- in org.apache.commons.lang3.event.EventUtilsTest
[INFO] Running org.apache.commons.lang3.event.EventListenerSupportTest
[INFO] Tests run: 12, Failures: 0, Errors: 0, Skipped: 0, Time elapsed: 0.015 s -- in org.apache.commons.lang3.event.EventListenerSupportTest
[INFO] Running org.apache.commons.lang3.ClassUtilsTest
[INFO] Tests run: 66, Failures: 0, Errors: 0, Skipped: 0, Time elapsed: 0.027 s -- in org.apache.commons.lang3.ClassUtilsTest
[INFO] Running org.apache.commons.lang3.ObjectUtilsTest
[INFO] Tests run: 59, Failures: 0, Errors: 0, Skipped: 0, Time elapsed: 0.018 s -- in org.apache.commons.lang3.ObjectUtilsTest
[INFO] Running org.apache.commons.lang3.JavaVersionTest
[INFO] Tests run: 3, Failures: 0, Errors: 0, Skipped: 0, Time elapsed: 0 s -- in org.apache.commons.lang3.JavaVersionTest
[INFO] Running org.apache.commons.lang3.RuntimeEnvironmentTest
[INFO] Tests run: 10, Failures: 0, Errors: 0, Skipped: 0, Time elapsed: 0.031 s -- in org.apache.commons.lang3.RuntimeEnvironmentTest
[INFO] Running org.apache.commons.lang3.RangeTest
[INFO] Tests run: 28, Failures: 0, Errors: 0, Skipped: 0, Time elapsed: 0.009 s -- in org.apache.commons.lang3.RangeTest
[INFO] Running org.apache.commons.lang3.reflect.Lang1703Test
[INFO] Tests run: 1, Failures: 0, Errors: 0, Skipped: 0, Time elapsed: 0.001 s -- in org.apache.commons.lang3.reflect.Lang1703Test
[INFO] Running org.apache.commons.lang3.reflect.MethodUtilsTest
[INFO] Tests run: 59, Failures: 0, Errors: 0, Skipped: 0, Time elapsed: 0.038 s -- in org.apache.commons.lang3.reflect.MethodUtilsTest
[INFO] Running org.apache.commons.lang3.reflect.ConstructorUtilsTest
[INFO] Tests run: 8, Failures: 0, Errors: 0, Skipped: 0, Time elapsed: 0.005 s -- in org.apache.commons.lang3.reflect.ConstructorUtilsTest
[INFO] Running org.apache.commons.lang3.reflect.FieldUtilsTest
[INFO] Tests run: 68, Failures: 0, Errors: 0, Skipped: 0, Time elapsed: 0.045 s -- in org.apache.commons.lang3.reflect.FieldUtilsTest
[INFO] Running org.apache.commons.lang3.reflect.InheritanceUtilsTest
[INFO] Tests run: 9, Failures: 0, Errors: 0, Skipped: 0, Time elapsed: 0.002 s -- in org.apache.commons.lang3.reflect.InheritanceUtilsTest
[INFO] Running org.apache.commons.lang3.reflect.TypeLiteralTest
[INFO] Tests run: 4, Failures: 0, Errors: 0, Skipped: 0, Time elapsed: 0.007 s -- in org.apache.commons.lang3.reflect.TypeLiteralTest
[INFO] Running org.apache.commons.lang3.reflect.TypeUtilsTest
[WARNING] Tests run: 391, Failures: 0, Errors: 0, Skipped: 1, Time elapsed: 0.124 s -- in org.apache.commons.lang3.reflect.TypeUtilsTest
[INFO] Running org.apache.commons.lang3.ArraySorterTest
[INFO] Tests run: 9, Failures: 0, Errors: 0, Skipped: 0, Time elapsed: 0.002 s -- in org.apache.commons.lang3.ArraySorterTest
[INFO] Running org.apache.commons.lang3.ArrayUtilsInsertTest
[INFO] Tests run: 9, Failures: 0, Errors: 0, Skipped: 0, Time elapsed: 0.005 s -- in org.apache.commons.lang3.ArrayUtilsInsertTest
[INFO] Running org.apache.commons.lang3.ThreadUtilsTest
[INFO] Tests run: 32, Failures: 0, Errors: 0, Skipped: 0, Time elapsed: 0.024 s -- in org.apache.commons.lang3.ThreadUtilsTest
[INFO] Running org.apache.commons.lang3.StringUtilsSubstringTest
[INFO] Tests run: 17, Failures: 0, Errors: 0, Skipped: 0, Time elapsed: 0.003 s -- in org.apache.commons.lang3.StringUtilsSubstringTest
[INFO] Running org.apache.commons.lang3.exception.CloneFailedExceptionTest
[INFO] Tests run: 6, Failures: 0, Errors: 0, Skipped: 0, Time elapsed: 0.001 s -- in org.apache.commons.lang3.exception.CloneFailedExceptionTest
[INFO] Running org.apache.commons.lang3.exception.ContextedRuntimeExceptionTest
[INFO] Tests run: 14, Failures: 0, Errors: 0, Skipped: 0, Time elapsed: 0.017 s -- in org.apache.commons.lang3.exception.ContextedRuntimeExceptionTest
[INFO] Running org.apache.commons.lang3.exception.DefaultExceptionContextTest
[INFO] Tests run: 10, Failures: 0, Errors: 0, Skipped: 0, Time elapsed: 0.004 s -- in org.apache.commons.lang3.exception.DefaultExceptionContextTest
[INFO] Running org.apache.commons.lang3.exception.ExceptionUtilsTest
[INFO] Tests run: 64, Failures: 0, Errors: 0, Skipped: 0, Time elapsed: 0.033 s -- in org.apache.commons.lang3.exception.ExceptionUtilsTest
[INFO] Running org.apache.commons.lang3.exception.ContextedExceptionTest
[INFO] Tests run: 15, Failures: 0, Errors: 0, Skipped: 0, Time elapsed: 0.009 s -- in org.apache.commons.lang3.exception.ContextedExceptionTest
[INFO] Running org.apache.commons.lang3.exception.UncheckedIllegalAccessExceptionTest
[INFO] Tests run: 1, Failures: 0, Errors: 0, Skipped: 0, Time elapsed: 0 s -- in org.apache.commons.lang3.exception.UncheckedIllegalAccessExceptionTest
[INFO] Running org.apache.commons.lang3.exception.UncheckedReflectiveOperationExceptionTest
[INFO] Tests run: 1, Failures: 0, Errors: 0, Skipped: 0, Time elapsed: 0.001 s -- in org.apache.commons.lang3.exception.UncheckedReflectiveOperationExceptionTest
[INFO] Running org.apache.commons.lang3.exception.UncheckedInterruptedExceptionTest
[INFO] Tests run: 1, Failures: 0, Errors: 0, Skipped: 0, Time elapsed: 0 s -- in org.apache.commons.lang3.exception.UncheckedInterruptedExceptionTest
[INFO] Running org.apache.commons.lang3.exception.UncheckedExceptionTest
[INFO] Tests run: 1, Failures: 0, Errors: 0, Skipped: 0, Time elapsed: 0.001 s -- in org.apache.commons.lang3.exception.UncheckedExceptionTest
[INFO] Running org.apache.commons.lang3.StringsTest
[INFO] Tests run: 9, Failures: 0, Errors: 0, Skipped: 0, Time elapsed: 0.004 s -- in org.apache.commons.lang3.StringsTest
[INFO] Running org.apache.commons.lang3.ArrayUtilsAddTest
[INFO] Tests run: 22, Failures: 0, Errors: 0, Skipped: 0, Time elapsed: 0.006 s -- in org.apache.commons.lang3.ArrayUtilsAddTest
[INFO]
[INFO] Results:
[INFO]
[WARNING] Tests run: 57443, Failures: 0, Errors: 0, Skipped: 13
[INFO]
[INFO]
[INFO] --- maven-jar-plugin:3.4.2:jar (default-jar) @ commons-lang3 ---
[INFO] Building jar: /app/target/commons-lang3-3.20.0-SNAPSHOT.jar
[INFO]
[INFO] --- maven-jar-plugin:3.4.2:test-jar (default) @ commons-lang3 ---
[INFO] Building jar: /app/target/commons-lang3-3.20.0-SNAPSHOT-tests.jar
[INFO]
[INFO] --- maven-source-plugin:3.2.1:jar-no-fork (create-source-jar) @ commons-lang3 ---
[INFO] Building jar: /app/target/commons-lang3-3.20.0-SNAPSHOT-sources.jar
[INFO]
[INFO] --- maven-source-plugin:3.2.1:test-jar-no-fork (create-source-jar) @ commons-lang3 ---
[INFO] Building jar: /app/target/commons-lang3-3.20.0-SNAPSHOT-test-sources.jar
[INFO]
[INFO] >>> maven-javadoc-plugin:3.11.2:javadoc (create-javadoc-jar) > generate-sources @ commons-lang3 >>>
[INFO]
[INFO] --- maven-enforcer-plugin:3.5.0:enforce (enforce-maven-version) @ commons-lang3 ---
[INFO]
[INFO] --- maven-enforcer-plugin:3.5.0:enforce (enforce-java-version) @ commons-lang3 ---
[INFO]
[INFO] --- apache-rat-plugin:0.16.1:check (rat-check) @ commons-lang3 ---
[INFO] Rat check: Summary over all files. Unapproved: 0, unknown: 0, generated: 0, approved: 574 licenses.
[INFO]
[INFO] --- maven-artifact-plugin:3.6.1:check-buildplan (check-buildplan) @ commons-lang3 ---
[INFO] No known issue in 22 plugins
[INFO]
[INFO] --- build-helper-maven-plugin:3.6.1:parse-version (parse-version) @ commons-lang3 ---
[INFO]
[INFO] --- maven-antrun-plugin:3.1.0:run (javadoc.resources) @ commons-lang3 ---
[INFO] Executing tasks
[INFO] Executed tasks
[INFO]
[INFO] <<< maven-javadoc-plugin:3.11.2:javadoc (create-javadoc-jar) < generate-sources @ commons-lang3 <<<
[INFO]
[INFO]
[INFO] --- maven-javadoc-plugin:3.11.2:javadoc (create-javadoc-jar) @ commons-lang3 ---
[INFO] ------------------------------------------------------------------------
[INFO] BUILD FAILURE
[INFO] ------------------------------------------------------------------------
[INFO] Total time:  05:56 min
[INFO] Finished at: 2025-10-12T14:48:14-07:00
[INFO] ------------------------------------------------------------------------
[ERROR] Failed to execute goal org.apache.maven.plugins:maven-javadoc-plugin:3.11.2:javadoc (create-javadoc-jar) on project commons-lang3: An error has occurred in Javadoc report generation: Unable to write 'options' temporary file for command execution: Input length = 1 -> [Help 1]
org.apache.maven.lifecycle.LifecycleExecutionException: Failed to execute goal org.apache.maven.plugins:maven-javadoc-plugin:3.11.2:javadoc (create-javadoc-jar) on project commons-lang3: An error has occurred in Javadoc report generation: Unable to write 'options' temporary file for command execution
    at org.apache.maven.lifecycle.internal.MojoExecutor.execute (MojoExecutor.java:215)
    at org.apache.maven.lifecycle.internal.MojoExecutor.execute (MojoExecutor.java:156)
    at org.apache.maven.lifecycle.internal.MojoExecutor.execute (MojoExecutor.java:148)
    at org.apache.maven.lifecycle.internal.LifecycleModuleBuilder.buildProject (LifecycleModuleBuilder.java:117)
    at org.apache.maven.lifecycle.internal.LifecycleModuleBuilder.buildProject (LifecycleModuleBuilder.java:81)
    at org.apache.maven.lifecycle.internal.builder.singlethreaded.SingleThreadedBuilder.build (SingleThreadedBuilder.java:56)
    at org.apache.maven.lifecycle.internal.LifecycleStarter.execute (LifecycleStarter.java:128)
    at org.apache.maven.DefaultMaven.doExecute (DefaultMaven.java:305)
    at org.apache.maven.DefaultMaven.doExecute (DefaultMaven.java:192)
    at org.apache.maven.DefaultMaven.execute (DefaultMaven.java:105)
    at org.apache.maven.cli.MavenCli.execute (MavenCli.java:957)
    at org.apache.maven.cli.MavenCli.doMain (MavenCli.java:289)
    at org.apache.maven.cli.MavenCli.main (MavenCli.java:193)
    at jdk.internal.reflect.NativeMethodAccessorImpl.invoke0 (Native Method)
    at jdk.internal.reflect.NativeMethodAccessorImpl.invoke (NativeMethodAccessorImpl.java:77)
    at jdk.internal.reflect.DelegatingMethodAccessorImpl.invoke (DelegatingMethodAccessorImpl.java:43)
    at java.lang.reflect.Method.invoke (Method.java:569)
    at org.codehaus.plexus.classworlds.launcher.Launcher.launchEnhanced (Launcher.java:282)
    at org.codehaus.plexus.classworlds.launcher.Launcher.launch (Launcher.java:225)
    at org.codehaus.plexus.classworlds.launcher.Launcher.mainWithExitCode (Launcher.java:406)
    at org.codehaus.plexus.classworlds.launcher.Launcher.main (Launcher.java:347)
Caused by: org.apache.maven.plugin.MojoExecutionException: An error has occurred in Javadoc report generation: Unable to write 'options' temporary file for command execution
    at org.apache.maven.plugins.javadoc.AbstractJavadocMojo.failOnError (AbstractJavadocMojo.java:6048)
    at org.apache.maven.plugins.javadoc.JavadocReport.doExecute (JavadocReport.java:300)
    at org.apache.maven.plugins.javadoc.AbstractJavadocMojo.execute (AbstractJavadocMojo.java:1878)
    at org.apache.maven.plugin.DefaultBuildPluginManager.executeMojo (DefaultBuildPluginManager.java:137)
    at org.apache.maven.lifecycle.internal.MojoExecutor.execute (MojoExecutor.java:210)
    at org.apache.maven.lifecycle.internal.MojoExecutor.execute (MojoExecutor.java:156)
    at org.apache.maven.lifecycle.internal.MojoExecutor.execute (MojoExecutor.java:148)
    at org.apache.maven.lifecycle.internal.LifecycleModuleBuilder.buildProject (LifecycleModuleBuilder.java:117)
    at org.apache.maven.lifecycle.internal.LifecycleModuleBuilder.buildProject (LifecycleModuleBuilder.java:81)
    at org.apache.maven.lifecycle.internal.builder.singlethreaded.SingleThreadedBuilder.build (SingleThreadedBuilder.java:56)
    at org.apache.maven.lifecycle.internal.LifecycleStarter.execute (LifecycleStarter.java:128)
    at org.apache.maven.DefaultMaven.doExecute (DefaultMaven.java:305)
    at org.apache.maven.DefaultMaven.doExecute (DefaultMaven.java:192)
    at org.apache.maven.DefaultMaven.execute (DefaultMaven.java:105)
    at org.apache.maven.cli.MavenCli.execute (MavenCli.java:957)
    at org.apache.maven.cli.MavenCli.doMain (MavenCli.java:289)
    at org.apache.maven.cli.MavenCli.main (MavenCli.java:193)
    at jdk.internal.reflect.NativeMethodAccessorImpl.invoke0 (Native Method)
    at jdk.internal.reflect.NativeMethodAccessorImpl.invoke (NativeMethodAccessorImpl.java:77)
    at jdk.internal.reflect.DelegatingMethodAccessorImpl.invoke (DelegatingMethodAccessorImpl.java:43)
    at java.lang.reflect.Method.invoke (Method.java:569)
    at org.codehaus.plexus.classworlds.launcher.Launcher.launchEnhanced (Launcher.java:282)
    at org.codehaus.plexus.classworlds.launcher.Launcher.launch (Launcher.java:225)
    at org.codehaus.plexus.classworlds.launcher.Launcher.mainWithExitCode (Launcher.java:406)
    at org.codehaus.plexus.classworlds.launcher.Launcher.main (Launcher.java:347)
Caused by: org.apache.maven.reporting.MavenReportException: Unable to write 'options' temporary file for command execution
    at org.apache.maven.plugins.javadoc.AbstractJavadocMojo.addCommandLineOptions (AbstractJavadocMojo.java:4193)
    at org.apache.maven.plugins.javadoc.AbstractJavadocMojo.executeReport (AbstractJavadocMojo.java:2032)
    at org.apache.maven.plugins.javadoc.JavadocReport.generate (JavadocReport.java:142)
    at org.apache.maven.plugins.javadoc.JavadocReport.doExecute (JavadocReport.java:298)
    at org.apache.maven.plugins.javadoc.AbstractJavadocMojo.execute (AbstractJavadocMojo.java:1878)
    at org.apache.maven.plugin.DefaultBuildPluginManager.executeMojo (DefaultBuildPluginManager.java:137)
    at org.apache.maven.lifecycle.internal.MojoExecutor.execute (MojoExecutor.java:210)
    at org.apache.maven.lifecycle.internal.MojoExecutor.execute (MojoExecutor.java:156)
    at org.apache.maven.lifecycle.internal.MojoExecutor.execute (MojoExecutor.java:148)
    at org.apache.maven.lifecycle.internal.LifecycleModuleBuilder.buildProject (LifecycleModuleBuilder.java:117)
    at org.apache.maven.lifecycle.internal.LifecycleModuleBuilder.buildProject (LifecycleModuleBuilder.java:81)
    at org.apache.maven.lifecycle.internal.builder.singlethreaded.SingleThreadedBuilder.build (SingleThreadedBuilder.java:56)
    at org.apache.maven.lifecycle.internal.LifecycleStarter.execute (LifecycleStarter.java:128)
    at org.apache.maven.DefaultMaven.doExecute (DefaultMaven.java:305)
    at org.apache.maven.DefaultMaven.doExecute (DefaultMaven.java:192)
    at org.apache.maven.DefaultMaven.execute (DefaultMaven.java:105)
    at org.apache.maven.cli.MavenCli.execute (MavenCli.java:957)
    at org.apache.maven.cli.MavenCli.doMain (MavenCli.java:289)
    at org.apache.maven.cli.MavenCli.main (MavenCli.java:193)
    at jdk.internal.reflect.NativeMethodAccessorImpl.invoke0 (Native Method)
    at jdk.internal.reflect.NativeMethodAccessorImpl.invoke (NativeMethodAccessorImpl.java:77)
    at jdk.internal.reflect.DelegatingMethodAccessorImpl.invoke (DelegatingMethodAccessorImpl.java:43)
    at java.lang.reflect.Method.invoke (Method.java:569)
    at org.codehaus.plexus.classworlds.launcher.Launcher.launchEnhanced (Launcher.java:282)
    at org.codehaus.plexus.classworlds.launcher.Launcher.launch (Launcher.java:225)
    at org.codehaus.plexus.classworlds.launcher.Launcher.mainWithExitCode (Launcher.java:406)
    at org.codehaus.plexus.classworlds.launcher.Launcher.main (Launcher.java:347)
Caused by: java.nio.charset.UnmappableCharacterException: Input length = 1
    at java.nio.charset.CoderResult.throwException (CoderResult.java:275)
    at sun.nio.cs.StreamEncoder.implWrite (StreamEncoder.java:307)
    at sun.nio.cs.StreamEncoder.implWrite (StreamEncoder.java:282)
    at sun.nio.cs.StreamEncoder.write (StreamEncoder.java:132)
    at java.io.OutputStreamWriter.write (OutputStreamWriter.java:205)
    at java.io.BufferedWriter.flushBuffer (BufferedWriter.java:120)
    at java.io.BufferedWriter.close (BufferedWriter.java:268)
    at java.nio.file.Files.write (Files.java:3587)
    at org.apache.maven.plugins.javadoc.AbstractJavadocMojo.addCommandLineOptions (AbstractJavadocMojo.java:4190)
    at org.apache.maven.plugins.javadoc.AbstractJavadocMojo.executeReport (AbstractJavadocMojo.java:2032)
    at org.apache.maven.plugins.javadoc.JavadocReport.generate (JavadocReport.java:142)
    at org.apache.maven.plugins.javadoc.JavadocReport.doExecute (JavadocReport.java:298)
    at org.apache.maven.plugins.javadoc.AbstractJavadocMojo.execute (AbstractJavadocMojo.java:1878)
    at org.apache.maven.plugin.DefaultBuildPluginManager.executeMojo (DefaultBuildPluginManager.java:137)
    at org.apache.maven.lifecycle.internal.MojoExecutor.execute (MojoExecutor.java:210)
    at org.apache.maven.lifecycle.internal.MojoExecutor.execute (MojoExecutor.java:156)
    at org.apache.maven.lifecycle.internal.MojoExecutor.execute (MojoExecutor.java:148)
    at org.apache.maven.lifecycle.internal.LifecycleModuleBuilder.buildProject (LifecycleModuleBuilder.java:117)
    at org.apache.maven.lifecycle.internal.LifecycleModuleBuilder.buildProject (LifecycleModuleBuilder.java:81)
    at org.apache.maven.lifecycle.internal.builder.singlethreaded.SingleThreadedBuilder.build (SingleThreadedBuilder.java:56)
    at org.apache.maven.lifecycle.internal.LifecycleStarter.execute (LifecycleStarter.java:128)
    at org.apache.maven.DefaultMaven.doExecute (DefaultMaven.java:305)
    at org.apache.maven.DefaultMaven.doExecute (DefaultMaven.java:192)
    at org.apache.maven.DefaultMaven.execute (DefaultMaven.java:105)
    at org.apache.maven.cli.MavenCli.execute (MavenCli.java:957)
    at org.apache.maven.cli.MavenCli.doMain (MavenCli.java:289)
    at org.apache.maven.cli.MavenCli.main (MavenCli.java:193)
    at jdk.internal.reflect.NativeMethodAccessorImpl.invoke0 (Native Method)
    at jdk.internal.reflect.NativeMethodAccessorImpl.invoke (NativeMethodAccessorImpl.java:77)
    at jdk.internal.reflect.DelegatingMethodAccessorImpl.invoke (DelegatingMethodAccessorImpl.java:43)
    at java.lang.reflect.Method.invoke (Method.java:569)
    at org.codehaus.plexus.classworlds.launcher.Launcher.launchEnhanced (Launcher.java:282)
    at org.codehaus.plexus.classworlds.launcher.Launcher.launch (Launcher.java:225)
    at org.codehaus.plexus.classworlds.launcher.Launcher.mainWithExitCode (Launcher.java:406)
    at org.codehaus.plexus.classworlds.launcher.Launcher.main (Launcher.java:347)
[ERROR]
[ERROR] Re-run Maven using the -X switch to enable full debug logging.
[ERROR]
[ERROR] For more information about the errors and possible solutions, please read the following articles:
[ERROR] [Help 1] http://cwiki.apache.org/confluence/display/MAVEN/MojoExecutionException
[[1;34mINFO[m] Scanning for projects...
[[1;34mINFO[m]
[[1;34mINFO[m] [1m------------------< [0;36morg.apache.commons:commons-lang3[0;1m >------------------[m
[[1;34mINFO[m] [1mBuilding Apache Commons Lang 3.20.0-SNAPSHOT[m
[[1;34mINFO[m] [1m--------------------------------[ jar ]---------------------------------[m
[[1;34mINFO[m]
[[1;34mINFO[m] [1m--- [0;32mmaven-enforcer-plugin:3.5.0:enforce[m [1m(enforce-maven-version)[m @ [36mcommons-lang3[0;1m ---[m
[[1;34mINFO[m] Rule 0: org.apache.maven.enforcer.rules.version.RequireMavenVersion passed
[[1;34mINFO[m]
[[1;34mINFO[m] [1m--- [0;32mmaven-enforcer-plugin:3.5.0:enforce[m [1m(enforce-java-version)[m @ [36mcommons-lang3[0;1m ---[m
[[1;34mINFO[m] Rule 0: org.apache.maven.enforcer.rules.version.RequireJavaVersion passed
[[1;34mINFO[m]
[[1;34mINFO[m] [1m--- [0;32mapache-rat-plugin:0.16.1:check[m [1m(rat-check)[m @ [36mcommons-lang3[0;1m ---[m
[[1;34mINFO[m] Rat check: Summary over all files. Unapproved: 0, unknown: 0, generated: 0, approved: 574 licenses.
[[1;34mINFO[m]
[[1;34mINFO[m] [1m--- [0;32mmaven-artifact-plugin:3.6.1:check-buildplan[m [1m(check-buildplan)[m @ [36mcommons-lang3[0;1m ---[m
[[1;34mINFO[m] No known issue in 22 plugins
[[1;34mINFO[m]
[[1;34mINFO[m] [1m--- [0;32mbuild-helper-maven-plugin:3.6.1:parse-version[m [1m(parse-version)[m @ [36mcommons-lang3[0;1m ---[m
[[1;34mINFO[m]
[[1;34mINFO[m] [1m--- [0;32mmaven-antrun-plugin:3.1.0:run[m [1m(javadoc.resources)[m @ [36mcommons-lang3[0;1m ---[m
[[1;34mINFO[m] Executing tasks
[[1;34mINFO[m] Executed tasks
[[1;34mINFO[m]
[[1;34mINFO[m] [1m--- [0;32mmaven-remote-resources-plugin:3.3.0:process[m [1m(process-resource-bundles)[m @ [36mcommons-lang3[0;1m ---[m
[[1;34mINFO[m] Skipping remote resources execution.
[[1;34mINFO[m]
[[1;34mINFO[m] [1m--- [0;32mbuildnumber-maven-plugin:3.2.1:create[m [1m(default)[m @ [36mcommons-lang3[0;1m ---[m
[[1;34mINFO[m] Executing: /bin/sh -c cd '/app' && 'git' 'log' '-1' '--no-merges' '--format=format:%H %aI %aE %aN'
[[1;34mINFO[m] Working directory: /app
[[1;33mWARNING[m] Cannot get the revision information from the scm repository, proceeding with revision of ?????? :
Exception while executing SCM command.
[[1;34mINFO[m] Storing buildNumber: ?????? at timestamp: 1760305702227
[[1;34mINFO[m] Executing: /bin/sh -c cd '/app' && 'git' 'symbolic-ref' 'HEAD'
[[1;34mINFO[m] Working directory: /app
[[1;33mWARNING[m] Cannot get the branch information from the git repository:
Error while executing command.
[[1;34mINFO[m] Executing: /bin/sh -c cd '/app' && 'git' 'log' '-1' '--no-merges' '--format=format:%H %aI %aE %aN'
[[1;34mINFO[m] Working directory: /app
[[1;33mWARNING[m] Cannot get the branch information from the scm repository, proceeding with UNKNOWN_BRANCH :
Exception while executing SCM command.
[[1;34mINFO[m] Storing scmBranch: UNKNOWN_BRANCH
[[1;34mINFO[m]
[[1;34mINFO[m] [1m--- [0;32mmaven-resources-plugin:3.3.1:resources[m [1m(default-resources)[m @ [36mcommons-lang3[0;1m ---[m
[[1;34mINFO[m] skip non existing resourceDirectory /app/src/main/resources
[[1;34mINFO[m] Copying 2 resources from  to target/classes/META-INF
[[1;34mINFO[m]
[[1;34mINFO[m] [1m--- [0;32mmaven-compiler-plugin:3.14.1:compile[m [1m(default-compile)[m @ [36mcommons-lang3[0;1m ---[m
[[1;34mINFO[m] Nothing to compile - all classes are up to date.
[[1;34mINFO[m]
[[1;34mINFO[m] [1m--- [0;32mmaven-bundle-plugin:6.0.0:manifest[m [1m(bundle-manifest)[m @ [36mcommons-lang3[0;1m ---[m
[[1;34mINFO[m] Writing manifest: /app/target/osgi/MANIFEST.MF
[[1;34mINFO[m]
[[1;34mINFO[m] [1m--- [0;32mmaven-resources-plugin:3.3.1:testResources[m [1m(default-testResources)[m @ [36mcommons-lang3[0;1m ---[m
[[1;34mINFO[m] Copying 2 resources from src/test/resources to target/test-classes
[[1;34mINFO[m] Copying 2 resources from  to target/test-classes/META-INF
[[1;34mINFO[m]
[[1;34mINFO[m] [1m--- [0;32mmaven-compiler-plugin:3.14.1:testCompile[m [1m(default-testCompile)[m @ [36mcommons-lang3[0;1m ---[m
[[1;34mINFO[m] Nothing to compile - all classes are up to date.
[[1;34mINFO[m]
[[1;34mINFO[m] [1m--- [0;32mjacoco-maven-plugin:0.8.13:prepare-agent[m [1m(prepare-agent)[m @ [36mcommons-lang3[0;1m ---[m
[[1;34mINFO[m] argLine set to -javaagent:/root/.m2/repository/org/jacoco/org.jacoco.agent/0.8.13/org.jacoco.agent-0.8.13-runtime.jar=destfile=/app/target/jacoco.exec -Xmx512m --add-opens java.base/java.lang.reflect=ALL-UNNAMED --add-opens java.base/java.lang=ALL-UNNAMED --add-opens java.base/java.util=ALL-UNNAMED --add-opens java.base/java.time=ALL-UNNAMED --add-opens java.base/java.time.chrono=ALL-UNNAMED
[[1;34mINFO[m]
[[1;34mINFO[m] [1m--- [0;32mmaven-surefire-plugin:3.5.4:test[m [1m(default-test)[m @ [36mcommons-lang3[0;1m ---[m
[[1;34mINFO[m] Using auto detected provider org.apache.maven.surefire.junitplatform.JUnitPlatformProvider
[[1;34mINFO[m]
[[1;34mINFO[m] -------------------------------------------------------
[[1;34mINFO[m]  T E S T S
[[1;34mINFO[m] -------------------------------------------------------
[[1;34mINFO[m] Running org.apache.commons.lang3.[1mAppendableJoinerTest[m
[[1;34mINFO[m] [1;32mTests run: [0;1;32m11[m, Failures: 0, Errors: 0, Skipped: 0, Time elapsed: 0.179 s -- in org.apache.commons.lang3.[1mAppendableJoinerTest[m
[[1;34mINFO[m] Running org.apache.commons.lang3.[1mStringUtilsValueOfTest[m
[[1;34mINFO[m] [1;32mTests run: [0;1;32m3[m, Failures: 0, Errors: 0, Skipped: 0, Time elapsed: 0.028 s -- in org.apache.commons.lang3.[1mStringUtilsValueOfTest[m
[[1;34mINFO[m] Running org.apache.commons.lang3.mutable.[1mMutableIntTest[m
[[1;34mINFO[m] [1;32mTests run: [0;1;32m25[m, Failures: 0, Errors: 0, Skipped: 0, Time elapsed: 0.039 s -- in org.apache.commons.lang3.mutable.[1mMutableIntTest[m
[[1;34mINFO[m] Running org.apache.commons.lang3.mutable.[1mMutableLongTest[m
[[1;34mINFO[m] [1;32mTests run: [0;1;32m25[m, Failures: 0, Errors: 0, Skipped: 0, Time elapsed: 0.030 s -- in org.apache.commons.lang3.mutable.[1mMutableLongTest[m
[[1;34mINFO[m] Running org.apache.commons.lang3.mutable.[1mMutableBooleanTest[m
[[1;34mINFO[m] [1;32mTests run: [0;1;32m9[m, Failures: 0, Errors: 0, Skipped: 0, Time elapsed: 0.014 s -- in org.apache.commons.lang3.mutable.[1mMutableBooleanTest[m
[[1;34mINFO[m] Running org.apache.commons.lang3.mutable.[1mMutableShortTest[m
[[1;34mINFO[m] [1;32mTests run: [0;1;32m22[m, Failures: 0, Errors: 0, Skipped: 0, Time elapsed: 0.024 s -- in org.apache.commons.lang3.mutable.[1mMutableShortTest[m
[[1;34mINFO[m] Running org.apache.commons.lang3.mutable.[1mMutableByteTest[m
[[1;34mINFO[m] [1;32mTests run: [0;1;32m25[m, Failures: 0, Errors: 0, Skipped: 0, Time elapsed: 0.023 s -- in org.apache.commons.lang3.mutable.[1mMutableByteTest[m
[[1;34mINFO[m] Running org.apache.commons.lang3.mutable.[1mMutableFloatTest[m
[[1;34mINFO[m] [1;32mTests run: [0;1;32m26[m, Failures: 0, Errors: 0, Skipped: 0, Time elapsed: 0.026 s -- in org.apache.commons.lang3.mutable.[1mMutableFloatTest[m
[[1;34mINFO[m] Running org.apache.commons.lang3.mutable.[1mMutableDoubleTest[m
[[1;34mINFO[m] [1;32mTests run: [0;1;32m26[m, Failures: 0, Errors: 0, Skipped: 0, Time elapsed: 0.020 s -- in org.apache.commons.lang3.mutable.[1mMutableDoubleTest[m
[[1;34mINFO[m] Running org.apache.commons.lang3.mutable.[1mMutableObjectTest[m
[[1;34mINFO[m] [1;32mTests run: [0;1;32m5[m, Failures: 0, Errors: 0, Skipped: 0, Time elapsed: 0.005 s -- in org.apache.commons.lang3.mutable.[1mMutableObjectTest[m
[[1;34mINFO[m] Running org.apache.commons.lang3.util.[1mIterableStringTokenizerTest[m
[[1;34mINFO[m] [1;32mTests run: [0;1;32m29[m, Failures: 0, Errors: 0, Skipped: 0, Time elapsed: 0.055 s -- in org.apache.commons.lang3.util.[1mIterableStringTokenizerTest[m
[[1;34mINFO[m] Running org.apache.commons.lang3.util.[1mFluentBitSetTest[m
[[1;34mINFO[m] [1;32mTests run: [0;1;32m43[m, Failures: 0, Errors: 0, Skipped: 0, Time elapsed: 0.060 s -- in org.apache.commons.lang3.util.[1mFluentBitSetTest[m
[[1;34mINFO[m] Running org.apache.commons.lang3.[1mAnnotationUtilsTest[m
[[1;34mINFO[m] [1;32mTests run: [0;1;32m10[m, Failures: 0, Errors: 0, Skipped: 0, Time elapsed: 0.064 s -- in org.apache.commons.lang3.[1mAnnotationUtilsTest[m
[[1;34mINFO[m] Running org.apache.commons.lang3.function.[1mIntToCharFunctionTest[m
[[1;34mINFO[m] [1;32mTests run: [0;1;32m1[m, Failures: 0, Errors: 0, Skipped: 0, Time elapsed: 0.001 s -- in org.apache.commons.lang3.function.[1mIntToCharFunctionTest[m
[[1;34mINFO[m] Running org.apache.commons.lang3.function.[1mSuppliersTest[m
[[1;34mINFO[m] [1;32mTests run: [0;1;32m1[m, Failures: 0, Errors: 0, Skipped: 0, Time elapsed: 0.002 s -- in org.apache.commons.lang3.function.[1mSuppliersTest[m
[[1;34mINFO[m] Running org.apache.commons.lang3.function.[1mTriFunctionTest[m
[[1;34mINFO[m] [1;32mTests run: [0;1;32m2[m, Failures: 0, Errors: 0, Skipped: 0, Time elapsed: 0.004 s -- in org.apache.commons.lang3.function.[1mTriFunctionTest[m
[[1;34mINFO[m] Running org.apache.commons.lang3.function.[1mMethodInvokersFailableSupplierTest[m
[[1;34mINFO[m] [1;32mTests run: [0;1;32m2[m, Failures: 0, Errors: 0, Skipped: 0, Time elapsed: 0.010 s -- in org.apache.commons.lang3.function.[1mMethodInvokersFailableSupplierTest[m
[[1;34mINFO[m] Running org.apache.commons.lang3.function.[1mFailableTest[m
[[1;34mINFO[m] [1;32mTests run: [0;1;32m177[m, Failures: 0, Errors: 0, Skipped: 0, Time elapsed: 0.301 s -- in org.apache.commons.lang3.function.[1mFailableTest[m
[[1;34mINFO[m] Running org.apache.commons.lang3.function.[1mFunctionsTest[m
[[1;34mINFO[m] [1;32mTests run: [0;1;32m5[m, Failures: 0, Errors: 0, Skipped: 0, Time elapsed: 0.009 s -- in org.apache.commons.lang3.function.[1mFunctionsTest[m
[[1;34mINFO[m] Running org.apache.commons.lang3.function.[1mMethodInvokersFunctionTest[m
[[1;34mINFO[m] [1;32mTests run: [0;1;32m8[m, Failures: 0, Errors: 0, Skipped: 0, Time elapsed: 0.013 s -- in org.apache.commons.lang3.function.[1mMethodInvokersFunctionTest[m
[[1;34mINFO[m] Running org.apache.commons.lang3.function.[1mMethodInvokersFailableBiFunctionTest[m
[[1;34mINFO[m] [1;32mTests run: [0;1;32m5[m, Failures: 0, Errors: 0, Skipped: 0, Time elapsed: 0.006 s -- in org.apache.commons.lang3.function.[1mMethodInvokersFailableBiFunctionTest[m
[[1;34mINFO[m] Running org.apache.commons.lang3.function.[1mByteSupplierTest[m
[[1;34mINFO[m] [1;32mTests run: [0;1;32m1[m, Failures: 0, Errors: 0, Skipped: 0, Time elapsed: 0.001 s -- in org.apache.commons.lang3.function.[1mByteSupplierTest[m
[[1;34mINFO[m] Running org.apache.commons.lang3.function.[1mPredicatesTest[m
[[1;34mINFO[m] [1;32mTests run: [0;1;32m2[m, Failures: 0, Errors: 0, Skipped: 0, Time elapsed: 0.002 s -- in org.apache.commons.lang3.function.[1mPredicatesTest[m
[[1;34mINFO[m] Running org.apache.commons.lang3.function.[1mObjectsTest[m
[[1;34mINFO[m] [1;32mTests run: [0;1;32m4[m, Failures: 0, Errors: 0, Skipped: 0, Time elapsed: 0.004 s -- in org.apache.commons.lang3.function.[1mObjectsTest[m
[[1;34mINFO[m] Running org.apache.commons.lang3.function.[1mMethodInvokersFailableFunctionTest[m
[[1;34mINFO[m] [1;32mTests run: [0;1;32m6[m, Failures: 0, Errors: 0, Skipped: 0, Time elapsed: 0.006 s -- in org.apache.commons.lang3.function.[1mMethodInvokersFailableFunctionTest[m
[[1;34mINFO[m] Running org.apache.commons.lang3.function.[1mBooleanConsumerTest[m
[[1;34mINFO[m] [1;32mTests run: [0;1;32m2[m, Failures: 0, Errors: 0, Skipped: 0, Time elapsed: 0.003 s -- in org.apache.commons.lang3.function.[1mBooleanConsumerTest[m
[[1;34mINFO[m] Running org.apache.commons.lang3.function.[1mMethodInvokersBiConsumerTest[m
[[1;34mINFO[m] [1;32mTests run: [0;1;32m3[m, Failures: 0, Errors: 0, Skipped: 0, Time elapsed: 0.004 s -- in org.apache.commons.lang3.function.[1mMethodInvokersBiConsumerTest[m
[[1;34mINFO[m] Running org.apache.commons.lang3.function.[1mFailableSupplierTest[m
[[1;34mINFO[m] [1;32mTests run: [0;1;32m4[m, Failures: 0, Errors: 0, Skipped: 0, Time elapsed: 0.002 s -- in org.apache.commons.lang3.function.[1mFailableSupplierTest[m
[[1;34mINFO[m] Running org.apache.commons.lang3.function.[1mConsumersTest[m
[[1;34mINFO[m] [1;32mTests run: [0;1;32m2[m, Failures: 0, Errors: 0, Skipped: 0, Time elapsed: 0.003 s -- in org.apache.commons.lang3.function.[1mConsumersTest[m
[[1;34mINFO[m] Running org.apache.commons.lang3.function.[1mToBooleanBiFunctionTest[m
[[1;34mINFO[m] [1;32mTests run: [0;1;32m1[m, Failures: 0, Errors: 0, Skipped: 0, Time elapsed: 0.001 s -- in org.apache.commons.lang3.function.[1mToBooleanBiFunctionTest[m
[[1;34mINFO[m] Running org.apache.commons.lang3.function.[1mMethodInvokersBiFunctionTest[m
[[1;34mINFO[m] [1;32mTests run: [0;1;32m5[m, Failures: 0, Errors: 0, Skipped: 0, Time elapsed: 0.008 s -- in org.apache.commons.lang3.function.[1mMethodInvokersBiFunctionTest[m
[[1;34mINFO[m] Running org.apache.commons.lang3.function.[1mMethodInvokersFailableBiConsumerTest[m
[[1;34mINFO[m] [1;32mTests run: [0;1;32m5[m, Failures: 0, Errors: 0, Skipped: 0, Time elapsed: 0.005 s -- in org.apache.commons.lang3.function.[1mMethodInvokersFailableBiConsumerTest[m
[[1;34mINFO[m] Running org.apache.commons.lang3.function.[1mMethodInvokersSupplierTest[m
[[1;34mINFO[m] [1;32mTests run: [0;1;32m2[m, Failures: 0, Errors: 0, Skipped: 0, Time elapsed: 0.002 s -- in org.apache.commons.lang3.function.[1mMethodInvokersSupplierTest[m
[[1;34mINFO[m] Running org.apache.commons.lang3.function.[1mTriConsumerTest[m
[[1;34mINFO[m] [1;32mTests run: [0;1;32m2[m, Failures: 0, Errors: 0, Skipped: 0, Time elapsed: 0.004 s -- in org.apache.commons.lang3.function.[1mTriConsumerTest[m
[[1;34mINFO[m] Running org.apache.commons.lang3.function.[1mByteConsumerTest[m
[[1;34mINFO[m] [1;32mTests run: [0;1;32m2[m, Failures: 0, Errors: 0, Skipped: 0, Time elapsed: 0.003 s -- in org.apache.commons.lang3.function.[1mByteConsumerTest[m
[[1;34mINFO[m] Running org.apache.commons.lang3.[1mStreamsTest[m
[[1;34mINFO[m] [1;32mTests run: [0;1;32m11[m, Failures: 0, Errors: 0, Skipped: 0, Time elapsed: 0.022 s -- in org.apache.commons.lang3.[1mStreamsTest[m
[[1;34mINFO[m] Running org.apache.commons.lang3.[1mNotImplementedExceptionTest[m
[[1;34mINFO[m] [1;32mTests run: [0;1;32m1[m, Failures: 0, Errors: 0, Skipped: 0, Time elapsed: 0.001 s -- in org.apache.commons.lang3.[1mNotImplementedExceptionTest[m
[[1;34mINFO[m] Running org.apache.commons.lang3.compare.[1mObjectToStringComparatorTest[m
[[1;34mINFO[m] [1;32mTests run: [0;1;32m5[m, Failures: 0, Errors: 0, Skipped: 0, Time elapsed: 0.003 s -- in org.apache.commons.lang3.compare.[1mObjectToStringComparatorTest[m
[[1;34mINFO[m] Running org.apache.commons.lang3.compare.[1mComparableUtilsTest[m
[[1;34mINFO[m] Running org.apache.commons.lang3.compare.[1mComparableUtilsTest$A_is_1[m
[[1;34mINFO[m] Running [1mB is 10 (B > A)[m
[[1;34mINFO[m] Running [1mC is 10 ([B,C] > A)[m
[[1;34mINFO[m] [1;32mTests run: [0;1;32m20[m, Failures: 0, Errors: 0, Skipped: 0, Time elapsed: 0.003 s -- in [1mC is 10 ([B,C] > A)[m
[[1;34mINFO[m] Running [1mC is 1 (B > A = C)[m
[[1;34mINFO[m] [1;32mTests run: [0;1;32m4[m, Failures: 0, Errors: 0, Skipped: 0, Time elapsed: 0.004 s -- in [1mC is 1 (B > A = C)[m
[[1;34mINFO[m] Running [1mC is 0 (B > A > C)[m
[[1;34mINFO[m] [1;32mTests run: [0;1;32m4[m, Failures: 0, Errors: 0, Skipped: 0, Time elapsed: 0.003 s -- in [1mC is 0 (B > A > C)[m
[[1;34mINFO[m] [1mTests run: [0;1m0[m, Failures: 0, Errors: 0, Skipped: 0, Time elapsed: 0.022 s -- in [1mB is 10 (B > A)[m
[[1;34mINFO[m] Running [1mB is 1 (B = A)[m
[[1;34mINFO[m] Running [1mC is 10 (B = A < C)[m
[[1;34mINFO[m] [1;32mTests run: [0;1;32m13[m, Failures: 0, Errors: 0, Skipped: 0, Time elapsed: 0.003 s -- in [1mC is 10 (B = A < C)[m
[[1;34mINFO[m] Running [1mC is 1 (B = A = C)[m
[[1;34mINFO[m] [1;32mTests run: [0;1;32m4[m, Failures: 0, Errors: 0, Skipped: 0, Time elapsed: 0.004 s -- in [1mC is 1 (B = A = C)[m
[[1;34mINFO[m] Running [1mC is 0 (B = A > C)[m
[[1;34mINFO[m] [1;32mTests run: [0;1;32m4[m, Failures: 0, Errors: 0, Skipped: 0, Time elapsed: 0.003 s -- in [1mC is 0 (B = A > C)[m
[[1;34mINFO[m] [1mTests run: [0;1m0[m, Failures: 0, Errors: 0, Skipped: 0, Time elapsed: 0.018 s -- in [1mB is 1 (B = A)[m
[[1;34mINFO[m] Running [1mB is 0 (B < A)[m
[[1;34mINFO[m] Running [1mC is 10 (B < A < C)[m
[[1;34mINFO[m] [1;32mTests run: [0;1;32m13[m, Failures: 0, Errors: 0, Skipped: 0, Time elapsed: 0.003 s -- in [1mC is 10 (B < A < C)[m
[[1;34mINFO[m] Running [1mC is 1 (B < A = C)[m
[[1;34mINFO[m] [1;32mTests run: [0;1;32m4[m, Failures: 0, Errors: 0, Skipped: 0, Time elapsed: 0.004 s -- in [1mC is 1 (B < A = C)[m
[[1;34mINFO[m] Running [1mC is 0 ([B=C] < A)[m
[[1;34mINFO[m] [1;32mTests run: [0;1;32m4[m, Failures: 0, Errors: 0, Skipped: 0, Time elapsed: 0.003 s -- in [1mC is 0 ([B=C] < A)[m
[[1;34mINFO[m] [1mTests run: [0;1m0[m, Failures: 0, Errors: 0, Skipped: 0, Time elapsed: 0.017 s -- in [1mB is 0 (B < A)[m
[[1;34mINFO[m] [1mTests run: [0;1m0[m, Failures: 0, Errors: 0, Skipped: 0, Time elapsed: 0.058 s -- in org.apache.commons.lang3.compare.[1mComparableUtilsTest$A_is_1[m
[[1;34mINFO[m] [1mTests run: [0;1m0[m, Failures: 0, Errors: 0, Skipped: 0, Time elapsed: 0.067 s -- in org.apache.commons.lang3.compare.[1mComparableUtilsTest[m
[[1;34mINFO[m] Running org.apache.commons.lang3.[1mStringEscapeUtilsTest[m
[[1;34mINFO[m] [1;32mTests run: [0;1;32m32[m, Failures: 0, Errors: 0, Skipped: 0, Time elapsed: 0.254 s -- in org.apache.commons.lang3.[1mStringEscapeUtilsTest[m
[[1;34mINFO[m] Running org.apache.commons.lang3.[1mArrayUtilsTest[m
[[1;34mINFO[m] [1;32mTests run: [0;1;32m355[m, Failures: 0, Errors: 0, Skipped: 0, Time elapsed: 0.153 s -- in org.apache.commons.lang3.[1mArrayUtilsTest[m
[[1;34mINFO[m] Running org.apache.commons.lang3.[1mStringUtilsAbbreviateTest[m
[[1;34mINFO[m] [1;32mTests run: [0;1;32m7[m, Failures: 0, Errors: 0, Skipped: 0, Time elapsed: 0.005 s -- in org.apache.commons.lang3.[1mStringUtilsAbbreviateTest[m
[[1;34mINFO[m] Running org.apache.commons.lang3.[1mCharUtilsTest[m
[[1;34mINFO[m] [1;32mTests run: [0;1;32m24[m, Failures: 0, Errors: 0, Skipped: 0, Time elapsed: 0.012 s -- in org.apache.commons.lang3.[1mCharUtilsTest[m
[[1;34mINFO[m] Running org.apache.commons.lang3.[1mCharSetUtilsTest[m
[[1;34mINFO[m] [1;32mTests run: [0;1;32m11[m, Failures: 0, Errors: 0, Skipped: 0, Time elapsed: 0.009 s -- in org.apache.commons.lang3.[1mCharSetUtilsTest[m
[[1;34mINFO[m] Running org.apache.commons.lang3.[1mBooleanUtilsTest[m
[[1;34mINFO[m] [1;32mTests run: [0;1;32m90[m, Failures: 0, Errors: 0, Skipped: 0, Time elapsed: 0.036 s -- in org.apache.commons.lang3.[1mBooleanUtilsTest[m
[[1;34mINFO[m] Running org.apache.commons.lang3.[1mDoubleRangeTest[m
[[1;34mINFO[m] [1;32mTests run: [0;1;32m27[m, Failures: 0, Errors: 0, Skipped: 0, Time elapsed: 0.023 s -- in org.apache.commons.lang3.[1mDoubleRangeTest[m
[[1;34mINFO[m] Running org.apache.commons.lang3.[1mConversionTest[m
[[1;34mINFO[m] [1;32mTests run: [0;1;32m48[m, Failures: 0, Errors: 0, Skipped: 0, Time elapsed: 0.095 s -- in org.apache.commons.lang3.[1mConversionTest[m
[[1;34mINFO[m] Running org.apache.commons.lang3.[1mClassLoaderUtilsTest[m
[[1;34mINFO[m] [1;32mTests run: [0;1;32m4[m, Failures: 0, Errors: 0, Skipped: 0, Time elapsed: 0.006 s -- in org.apache.commons.lang3.[1mClassLoaderUtilsTest[m
[[1;34mINFO[m] Running org.apache.commons.lang3.[1mLongRangeTest[m
[[1;34mINFO[m] [1;32mTests run: [0;1;32m29[m, Failures: 0, Errors: 0, Skipped: 0, Time elapsed: 0.020 s -- in org.apache.commons.lang3.[1mLongRangeTest[m
[[1;34mINFO[m] Running org.apache.commons.lang3.text.[1mStrBuilderTest[m
[[1;34mINFO[m] [1;32mTests run: [0;1;32m91[m, Failures: 0, Errors: 0, Skipped: 0, Time elapsed: 0.059 s -- in org.apache.commons.lang3.text.[1mStrBuilderTest[m
[[1;34mINFO[m] Running org.apache.commons.lang3.text.[1mStrTokenizerTest[m
[[1;34mINFO[m] [1;32mTests run: [0;1;32m55[m, Failures: 0, Errors: 0, Skipped: 0, Time elapsed: 0.030 s -- in org.apache.commons.lang3.text.[1mStrTokenizerTest[m
[[1;34mINFO[m] Running org.apache.commons.lang3.text.[1mStrBuilderAppendInsertTest[m
[[1;34mINFO[m] [1;32mTests run: [0;1;32m51[m, Failures: 0, Errors: 0, Skipped: 0, Time elapsed: 0.045 s -- in org.apache.commons.lang3.text.[1mStrBuilderAppendInsertTest[m
[[1;34mINFO[m] Running org.apache.commons.lang3.text.translate.[1mNumericEntityUnescaperTest[m
[[1;34mINFO[m] [1;32mTests run: [0;1;32m3[m, Failures: 0, Errors: 0, Skipped: 0, Time elapsed: 0.002 s -- in org.apache.commons.lang3.text.translate.[1mNumericEntityUnescaperTest[m
[[1;34mINFO[m] Running org.apache.commons.lang3.text.translate.[1mUnicodeUnescaperTest[m
[[1;34mINFO[m] [1;32mTests run: [0;1;32m3[m, Failures: 0, Errors: 0, Skipped: 0, Time elapsed: 0.001 s -- in org.apache.commons.lang3.text.translate.[1mUnicodeUnescaperTest[m
[[1;34mINFO[m] Running org.apache.commons.lang3.text.translate.[1mUnicodeUnpairedSurrogateRemoverTest[m
[[1;34mINFO[m] [1;32mTests run: [0;1;32m2[m, Failures: 0, Errors: 0, Skipped: 0, Time elapsed: 0.001 s -- in org.apache.commons.lang3.text.translate.[1mUnicodeUnpairedSurrogateRemoverTest[m
[[1;34mINFO[m] Running org.apache.commons.lang3.text.translate.[1mNumericEntityEscaperTest[m
[[1;34mINFO[m] [1;32mTests run: [0;1;32m4[m, Failures: 0, Errors: 0, Skipped: 0, Time elapsed: 0.002 s -- in org.apache.commons.lang3.text.translate.[1mNumericEntityEscaperTest[m
[[1;34mINFO[m] Running org.apache.commons.lang3.text.translate.[1mUnicodeEscaperTest[m
[[1;34mINFO[m] [1;32mTests run: [0;1;32m3[m, Failures: 0, Errors: 0, Skipped: 0, Time elapsed: 0.001 s -- in org.apache.commons.lang3.text.translate.[1mUnicodeEscaperTest[m
[[1;34mINFO[m] Running org.apache.commons.lang3.text.translate.[1mLookupTranslatorTest[m
[[1;34mINFO[m] [1;32mTests run: [0;1;32m2[m, Failures: 0, Errors: 0, Skipped: 0, Time elapsed: 0.001 s -- in org.apache.commons.lang3.text.translate.[1mLookupTranslatorTest[m
[[1;34mINFO[m] Running org.apache.commons.lang3.text.translate.[1mEntityArraysTest[m
[[1;34mINFO[m] [1;32mTests run: [0;1;32m3[m, Failures: 0, Errors: 0, Skipped: 0, Time elapsed: 0.002 s -- in org.apache.commons.lang3.text.translate.[1mEntityArraysTest[m
[[1;34mINFO[m] Running org.apache.commons.lang3.text.translate.[1mOctalUnescaperTest[m
[[1;34mINFO[m] [1;32mTests run: [0;1;32m1[m, Failures: 0, Errors: 0, Skipped: 0, Time elapsed: 0 s -- in org.apache.commons.lang3.text.translate.[1mOctalUnescaperTest[m
[[1;34mINFO[m] Running org.apache.commons.lang3.text.[1mStrMatcherTest[m
[[1;34mINFO[m] [1;32mTests run: [0;1;32m14[m, Failures: 0, Errors: 0, Skipped: 0, Time elapsed: 0.006 s -- in org.apache.commons.lang3.text.[1mStrMatcherTest[m
[[1;34mINFO[m] Running org.apache.commons.lang3.text.[1mCompositeFormatTest[m
[[1;34mINFO[m] [1;32mTests run: [0;1;32m2[m, Failures: 0, Errors: 0, Skipped: 0, Time elapsed: 0.028 s -- in org.apache.commons.lang3.text.[1mCompositeFormatTest[m
[[1;34mINFO[m] Running org.apache.commons.lang3.text.[1mFormattableUtilsTest[m
[[1;34mINFO[m] [1;32mTests run: [0;1;32m5[m, Failures: 0, Errors: 0, Skipped: 0, Time elapsed: 0.011 s -- in org.apache.commons.lang3.text.[1mFormattableUtilsTest[m
[[1;34mINFO[m] Running org.apache.commons.lang3.text.[1mExtendedMessageFormatTest[m
[[1;34mINFO[m] [1;32mTests run: [0;1;32m11[m, Failures: 0, Errors: 0, Skipped: 0, Time elapsed: 9.721 s -- in org.apache.commons.lang3.text.[1mExtendedMessageFormatTest[m
[[1;34mINFO[m] Running org.apache.commons.lang3.text.[1mStrLookupTest[m
[[1;34mINFO[m] [1;32mTests run: [0;1;32m6[m, Failures: 0, Errors: 0, Skipped: 0, Time elapsed: 0.007 s -- in org.apache.commons.lang3.text.[1mStrLookupTest[m
[[1;34mINFO[m] Running org.apache.commons.lang3.text.[1mStrSubstitutorTest[m
[[1;34mINFO[m] [1;32mTests run: [0;1;32m41[m, Failures: 0, Errors: 0, Skipped: 0, Time elapsed: 0.024 s -- in org.apache.commons.lang3.text.[1mStrSubstitutorTest[m
[[1;34mINFO[m] Running org.apache.commons.lang3.text.[1mWordUtilsTest[m
[[1;34mINFO[m] [1;32mTests run: [0;1;32m16[m, Failures: 0, Errors: 0, Skipped: 0, Time elapsed: 0.009 s -- in org.apache.commons.lang3.text.[1mWordUtilsTest[m
[[1;34mINFO[m] Running org.apache.commons.lang3.[1mCachedRandomBitsTest[m
[[1;34mINFO[m] [1;32mTests run: [0;1;32m11[m, Failures: 0, Errors: 0, Skipped: 0, Time elapsed: 0.010 s -- in org.apache.commons.lang3.[1mCachedRandomBitsTest[m
[[1;34mINFO[m] Running org.apache.commons.lang3.tuple.[1mImmutableTripleTest[m
[[1;34mINFO[m] [1;32mTests run: [0;1;32m17[m, Failures: 0, Errors: 0, Skipped: 0, Time elapsed: 0.012 s -- in org.apache.commons.lang3.tuple.[1mImmutableTripleTest[m
[[1;34mINFO[m] Running org.apache.commons.lang3.tuple.[1mImmutablePairTest[m
[[1;34mINFO[m] [1;32mTests run: [0;1;32m24[m, Failures: 0, Errors: 0, Skipped: 0, Time elapsed: 0.009 s -- in org.apache.commons.lang3.tuple.[1mImmutablePairTest[m
[[1;34mINFO[m] Running org.apache.commons.lang3.tuple.[1mMutableTripleTest[m
[[1;34mINFO[m] [1;32mTests run: [0;1;32m11[m, Failures: 0, Errors: 0, Skipped: 0, Time elapsed: 0.005 s -- in org.apache.commons.lang3.tuple.[1mMutableTripleTest[m
[[1;34mINFO[m] Running org.apache.commons.lang3.tuple.[1mTripleTest[m
[[1;34mINFO[m] [1;32mTests run: [0;1;32m13[m, Failures: 0, Errors: 0, Skipped: 0, Time elapsed: 0.005 s -- in org.apache.commons.lang3.tuple.[1mTripleTest[m
[[1;34mINFO[m] Running org.apache.commons.lang3.tuple.[1mMutablePairTest[m
[[1;34mINFO[m] [1;32mTests run: [0;1;32m13[m, Failures: 0, Errors: 0, Skipped: 0, Time elapsed: 0.005 s -- in org.apache.commons.lang3.tuple.[1mMutablePairTest[m
[[1;34mINFO[m] Running org.apache.commons.lang3.tuple.[1mPairTest[m
[[1;34mINFO[m] [1;32mTests run: [0;1;32m23[m, Failures: 0, Errors: 0, Skipped: 0, Time elapsed: 0.014 s -- in org.apache.commons.lang3.tuple.[1mPairTest[m
[[1;34mINFO[m] Running org.apache.commons.lang3.[1mCharsetsTest[m
[[1;34mINFO[m] [1;32mTests run: [0;1;32m3[m, Failures: 0, Errors: 0, Skipped: 0, Time elapsed: 0.002 s -- in org.apache.commons.lang3.[1mCharsetsTest[m
[[1;34mINFO[m] Running org.apache.commons.lang3.stream.[1mStreamsTest[m
[[1;34mINFO[m] [1;32mTests run: [0;1;32m35[m, Failures: 0, Errors: 0, Skipped: 0, Time elapsed: 0.019 s -- in org.apache.commons.lang3.stream.[1mStreamsTest[m
[[1;34mINFO[m] Running org.apache.commons.lang3.stream.[1mLangCollectorsTest[m
[[1;34mINFO[m] [1;32mTests run: [0;1;32m17[m, Failures: 0, Errors: 0, Skipped: 0, Time elapsed: 0.006 s -- in org.apache.commons.lang3.stream.[1mLangCollectorsTest[m
[[1;34mINFO[m] Running org.apache.commons.lang3.stream.[1mFailableStreamTest[m
[[1;34mINFO[m] [1;32mTests run: [0;1;32m3[m, Failures: 0, Errors: 0, Skipped: 0, Time elapsed: 0.002 s -- in org.apache.commons.lang3.stream.[1mFailableStreamTest[m
[[1;34mINFO[m] Running org.apache.commons.lang3.stream.[1mIntStreamsTest[m
[[1;34mINFO[m] [1;32mTests run: [0;1;32m4[m, Failures: 0, Errors: 0, Skipped: 0, Time elapsed: 0.001 s -- in org.apache.commons.lang3.stream.[1mIntStreamsTest[m
[[1;34mINFO[m] Running org.apache.commons.lang3.[1mClassUtilsOssFuzzTest[m
[[1;34mINFO[m] [1;32mTests run: [0;1;32m2[m, Failures: 0, Errors: 0, Skipped: 0, Time elapsed: 4.445 s -- in org.apache.commons.lang3.[1mClassUtilsOssFuzzTest[m
[[1;34mINFO[m] Running org.apache.commons.lang3.[1mStringUtilsTrimStripTest[m
[[1;33mWARNING[m] [1;33mTests [0;1mrun: [0;1m16[m, Failures: 0, Errors: 0, [1;33mSkipped: [0;1;33m1[m, Time elapsed: 0.023 s -- in org.apache.commons.lang3.[1mStringUtilsTrimStripTest[m
[[1;34mINFO[m] Running org.apache.commons.lang3.[1mFunctionsTest[m
[[1;34mINFO[m] [1;32mTests run: [0;1;32m43[m, Failures: 0, Errors: 0, Skipped: 0, Time elapsed: 0.051 s -- in org.apache.commons.lang3.[1mFunctionsTest[m
[[1;34mINFO[m] Running org.apache.commons.lang3.concurrent.[1mAtomicInitializerSupplierTest[m
[[1;34mINFO[m] [1;32mTests run: [0;1;32m10[m, Failures: 0, Errors: 0, Skipped: 0, Time elapsed: 0.017 s -- in org.apache.commons.lang3.concurrent.[1mAtomicInitializerSupplierTest[m
[[1;34mINFO[m] Running org.apache.commons.lang3.concurrent.[1mAtomicSafeInitializerTest[m
[[1;34mINFO[m] [1;32mTests run: [0;1;32m15[m, Failures: 0, Errors: 0, Skipped: 0, Time elapsed: 0.030 s -- in org.apache.commons.lang3.concurrent.[1mAtomicSafeInitializerTest[m
[[1;34mINFO[m] Running org.apache.commons.lang3.concurrent.[1mThresholdCircuitBreakerTest[m
[[1;34mINFO[m] [1;32mTests run: [0;1;32m5[m, Failures: 0, Errors: 0, Skipped: 0, Time elapsed: 0.004 s -- in org.apache.commons.lang3.concurrent.[1mThresholdCircuitBreakerTest[m
[[1;34mINFO[m] Running org.apache.commons.lang3.concurrent.[1mEventCountCircuitBreakerTest[m
[[1;34mINFO[m] [1;32mTests run: [0;1;32m18[m, Failures: 0, Errors: 0, Skipped: 0, Time elapsed: 0.050 s -- in org.apache.commons.lang3.concurrent.[1mEventCountCircuitBreakerTest[m
[[1;34mINFO[m] Running org.apache.commons.lang3.concurrent.[1mLazyInitializerFailableCloserTest[m
[[1;34mINFO[m] [1;32mTests run: [0;1;32m5[m, Failures: 0, Errors: 0, Skipped: 0, Time elapsed: 0.007 s -- in org.apache.commons.lang3.concurrent.[1mLazyInitializerFailableCloserTest[m
[[1;34mINFO[m] Running org.apache.commons.lang3.concurrent.[1mMemoizerComputableTest[m
[[1;34mINFO[m] [1;32mTests run: [0;1;32m6[m, Failures: 0, Errors: 0, Skipped: 0, Time elapsed: 0.031 s -- in org.apache.commons.lang3.concurrent.[1mMemoizerComputableTest[m
[[1;34mINFO[m] Running org.apache.commons.lang3.concurrent.[1mConcurrentExceptionTest[m
[[1;34mINFO[m] [1;32mTests run: [0;1;32m4[m, Failures: 0, Errors: 0, Skipped: 0, Time elapsed: 0.002 s -- in org.apache.commons.lang3.concurrent.[1mConcurrentExceptionTest[m
[[1;34mINFO[m] Running org.apache.commons.lang3.concurrent.[1mLazyInitializerAnonClassTest[m
[[1;34mINFO[m] [1;32mTests run: [0;1;32m5[m, Failures: 0, Errors: 0, Skipped: 0, Time elapsed: 0.007 s -- in org.apache.commons.lang3.concurrent.[1mLazyInitializerAnonClassTest[m
[[1;34mINFO[m] Running org.apache.commons.lang3.concurrent.[1mMemoizerFunctionTest[m
[[1;34mINFO[m] [1;32mTests run: [0;1;32m6[m, Failures: 0, Errors: 0, Skipped: 0, Time elapsed: 0.007 s -- in org.apache.commons.lang3.concurrent.[1mMemoizerFunctionTest[m
[[1;34mINFO[m] Running org.apache.commons.lang3.concurrent.[1mConcurrentUtilsTest[m
[[1;34mINFO[m] [1;32mTests run: [0;1;32m35[m, Failures: 0, Errors: 0, Skipped: 0, Time elapsed: 0.019 s -- in org.apache.commons.lang3.concurrent.[1mConcurrentUtilsTest[m
[[1;34mINFO[m] Running org.apache.commons.lang3.concurrent.[1mUncheckedExecutionExceptionTest[m
[[1;34mINFO[m] [1;32mTests run: [0;1;32m1[m, Failures: 0, Errors: 0, Skipped: 0, Time elapsed: 0.001 s -- in org.apache.commons.lang3.concurrent.[1mUncheckedExecutionExceptionTest[m
[[1;34mINFO[m] Running org.apache.commons.lang3.concurrent.[1mAtomicSafeInitializerSupplierTest[m
[[1;34mINFO[m] [1;32mTests run: [0;1;32m12[m, Failures: 0, Errors: 0, Skipped: 0, Time elapsed: 0.018 s -- in org.apache.commons.lang3.concurrent.[1mAtomicSafeInitializerSupplierTest[m
[[1;34mINFO[m] Running org.apache.commons.lang3.concurrent.locks.[1mLockingVisitorsTest[m
[[1;34mINFO[m] [1;32mTests run: [0;1;32m19[m, Failures: 0, Errors: 0, Skipped: 0, Time elapsed: 78.22 s -- in org.apache.commons.lang3.concurrent.locks.[1mLockingVisitorsTest[m
[[1;34mINFO[m] Running org.apache.commons.lang3.concurrent.[1mBasicThreadFactoryTest[m
[[1;34mINFO[m] [1;32mTests run: [0;1;32m17[m, Failures: 0, Errors: 0, Skipped: 0, Time elapsed: 0.019 s -- in org.apache.commons.lang3.concurrent.[1mBasicThreadFactoryTest[m
[[1;34mINFO[m] Running org.apache.commons.lang3.concurrent.[1mTimedSemaphoreTest[m
[[1;34mINFO[m] [1;32mTests run: [0;1;32m17[m, Failures: 0, Errors: 0, Skipped: 0, Time elapsed: 1.203 s -- in org.apache.commons.lang3.concurrent.[1mTimedSemaphoreTest[m
[[1;34mINFO[m] Running org.apache.commons.lang3.concurrent.[1mUncheckedFutureTest[m
[[1;34mINFO[m] [1;32mTests run: [0;1;32m8[m, Failures: 0, Errors: 0, Skipped: 0, Time elapsed: 0.015 s -- in org.apache.commons.lang3.concurrent.[1mUncheckedFutureTest[m
[[1;34mINFO[m] Running org.apache.commons.lang3.concurrent.[1mMultiBackgroundInitializerSupplierTest[m
[[1;34mINFO[m] [1;32mTests run: [0;1;32m22[m, Failures: 0, Errors: 0, Skipped: 0, Time elapsed: 0.070 s -- in org.apache.commons.lang3.concurrent.[1mMultiBackgroundInitializerSupplierTest[m
[[1;34mINFO[m] Running org.apache.commons.lang3.concurrent.[1mLazyInitializerCloserTest[m
[[1;34mINFO[m] [1;32mTests run: [0;1;32m5[m, Failures: 0, Errors: 0, Skipped: 0, Time elapsed: 0.012 s -- in org.apache.commons.lang3.concurrent.[1mLazyInitializerCloserTest[m
[[1;34mINFO[m] Running org.apache.commons.lang3.concurrent.[1mLazyInitializerSingleInstanceTest[m
[[1;34mINFO[m] [1;32mTests run: [0;1;32m5[m, Failures: 0, Errors: 0, Skipped: 0, Time elapsed: 0.011 s -- in org.apache.commons.lang3.concurrent.[1mLazyInitializerSingleInstanceTest[m
[[1;34mINFO[m] Running org.apache.commons.lang3.concurrent.[1mBackgroundInitializerTest[m
[[1;34mINFO[m] [1;32mTests run: [0;1;32m18[m, Failures: 0, Errors: 0, Skipped: 0, Time elapsed: 0.023 s -- in org.apache.commons.lang3.concurrent.[1mBackgroundInitializerTest[m
[[1;34mINFO[m] Running org.apache.commons.lang3.concurrent.[1mLazyInitializerSimpleTest[m
[[1;34mINFO[m] [1;32mTests run: [0;1;32m5[m, Failures: 0, Errors: 0, Skipped: 0, Time elapsed: 0.010 s -- in org.apache.commons.lang3.concurrent.[1mLazyInitializerSimpleTest[m
[[1;34mINFO[m] Running org.apache.commons.lang3.concurrent.[1mUncheckedTimeoutExceptionTest[m
[[1;34mINFO[m] [1;32mTests run: [0;1;32m1[m, Failures: 0, Errors: 0, Skipped: 0, Time elapsed: 0.001 s -- in org.apache.commons.lang3.concurrent.[1mUncheckedTimeoutExceptionTest[m
[[1;34mINFO[m] Running org.apache.commons.lang3.concurrent.[1mLazyInitializerSupplierTest[m
[[1;34mINFO[m] [1;32mTests run: [0;1;32m10[m, Failures: 0, Errors: 0, Skipped: 0, Time elapsed: 0.015 s -- in org.apache.commons.lang3.concurrent.[1mLazyInitializerSupplierTest[m
[[1;34mINFO[m] Running org.apache.commons.lang3.concurrent.[1mConstantInitializerTest[m
[[1;34mINFO[m] [1;32mTests run: [0;1;32m8[m, Failures: 0, Errors: 0, Skipped: 0, Time elapsed: 0.008 s -- in org.apache.commons.lang3.concurrent.[1mConstantInitializerTest[m
[[1;34mINFO[m] Running org.apache.commons.lang3.concurrent.[1mAtomicInitializerObjectTest[m
[[1;34mINFO[m] [1;32mTests run: [0;1;32m5[m, Failures: 0, Errors: 0, Skipped: 0, Time elapsed: 0.013 s -- in org.apache.commons.lang3.concurrent.[1mAtomicInitializerObjectTest[m
[[1;34mINFO[m] Running org.apache.commons.lang3.concurrent.[1mCircuitBreakingExceptionTest[m
[[1;34mINFO[m] [1;32mTests run: [0;1;32m7[m, Failures: 0, Errors: 0, Skipped: 0, Time elapsed: 0.008 s -- in org.apache.commons.lang3.concurrent.[1mCircuitBreakingExceptionTest[m
[[1;34mINFO[m] Running org.apache.commons.lang3.concurrent.[1mConcurrentRuntimeExceptionTest[m
[[1;34mINFO[m] [1;32mTests run: [0;1;32m3[m, Failures: 0, Errors: 0, Skipped: 0, Time elapsed: 0.003 s -- in org.apache.commons.lang3.concurrent.[1mConcurrentRuntimeExceptionTest[m
[[1;34mINFO[m] Running org.apache.commons.lang3.concurrent.[1mMultiBackgroundInitializerTest[m
[[1;34mINFO[m] [1;32mTests run: [0;1;32m18[m, Failures: 0, Errors: 0, Skipped: 0, Time elapsed: 0.036 s -- in org.apache.commons.lang3.concurrent.[1mMultiBackgroundInitializerTest[m
[[1;34mINFO[m] Running org.apache.commons.lang3.concurrent.[1mFutureTasksTest[m
[[1;34mINFO[m] [1;32mTests run: [0;1;32m1[m, Failures: 0, Errors: 0, Skipped: 0, Time elapsed: 0.001 s -- in org.apache.commons.lang3.concurrent.[1mFutureTasksTest[m
[[1;34mINFO[m] Running org.apache.commons.lang3.concurrent.[1mCallableBackgroundInitializerTest[m
[[1;34mINFO[m] [1;32mTests run: [0;1;32m4[m, Failures: 0, Errors: 0, Skipped: 0, Time elapsed: 0.003 s -- in org.apache.commons.lang3.concurrent.[1mCallableBackgroundInitializerTest[m
[[1;34mINFO[m] Running org.apache.commons.lang3.concurrent.[1mBackgroundInitializerSupplierTest[m
[[1;34mINFO[m] [1;32mTests run: [0;1;32m21[m, Failures: 0, Errors: 0, Skipped: 0, Time elapsed: 0.020 s -- in org.apache.commons.lang3.concurrent.[1mBackgroundInitializerSupplierTest[m
[[1;34mINFO[m] Running org.apache.commons.lang3.concurrent.[1mAtomicInitializerNonObjectTest[m
[[1;34mINFO[m] [1;32mTests run: [0;1;32m5[m, Failures: 0, Errors: 0, Skipped: 0, Time elapsed: 0.011 s -- in org.apache.commons.lang3.concurrent.[1mAtomicInitializerNonObjectTest[m
[[1;34mINFO[m] Running org.apache.commons.lang3.time.[1mCalendarUtilsTest[m
[[1;34mINFO[m] [1;32mTests run: [0;1;32m1903[m, Failures: 0, Errors: 0, Skipped: 0, Time elapsed: 1.129 s -- in org.apache.commons.lang3.time.[1mCalendarUtilsTest[m
[[1;34mINFO[m] Running org.apache.commons.lang3.time.[1mDateUtilsTest[m
[[1;34mINFO[m] [1;32mTests run: [0;1;32m128[m, Failures: 0, Errors: 0, Skipped: 0, Time elapsed: 0.311 s -- in org.apache.commons.lang3.time.[1mDateUtilsTest[m
[[1;34mINFO[m] Running org.apache.commons.lang3.time.[1mGmtTimeZoneTest[m
[[1;34mINFO[m] [1;32mTests run: [0;1;32m11[m, Failures: 0, Errors: 0, Skipped: 0, Time elapsed: 0.003 s -- in org.apache.commons.lang3.time.[1mGmtTimeZoneTest[m
[[1;34mINFO[m] Running org.apache.commons.lang3.time.[1mJava15BugFastDateParserTest[m
[[1;34mINFO[m] [1;32mTests run: [0;1;32m1034[m, Failures: 0, Errors: 0, Skipped: 0, Time elapsed: 1.618 s -- in org.apache.commons.lang3.time.[1mJava15BugFastDateParserTest[m
[[1;34mINFO[m] Running org.apache.commons.lang3.time.[1mTimeZonesTest[m
[[1;34mINFO[m] [1;32mTests run: [0;1;32m1[m, Failures: 0, Errors: 0, Skipped: 0, Time elapsed: 0.001 s -- in org.apache.commons.lang3.time.[1mTimeZonesTest[m
[[1;34mINFO[m] Running org.apache.commons.lang3.time.[1mFastDatePrinterTimeZonesTest[m
[[1;34mINFO[m] [1;32mTests run: [0;1;32m632[m, Failures: 0, Errors: 0, Skipped: 0, Time elapsed: 0.242 s -- in org.apache.commons.lang3.time.[1mFastDatePrinterTimeZonesTest[m
[[1;34mINFO[m] Running org.apache.commons.lang3.time.[1mFastDateFormat_PrinterTest[m
[[1;34mINFO[m] [1;32mTests run: [0;1;32m23[m, Failures: 0, Errors: 0, Skipped: 0, Time elapsed: 0.050 s -- in org.apache.commons.lang3.time.[1mFastDateFormat_PrinterTest[m
[[1;34mINFO[m] Running org.apache.commons.lang3.time.[1mDurationFormatUtilsTest[m
[[1;34mINFO[m] [1;32mTests run: [0;1;32m33[m, Failures: 0, Errors: 0, Skipped: 0, Time elapsed: 9.788 s -- in org.apache.commons.lang3.time.[1mDurationFormatUtilsTest[m
[[1;34mINFO[m] Running org.apache.commons.lang3.time.[1mFastDateParser_MoreOrLessTest[m
[[1;34mINFO[m] [1;32mTests run: [0;1;32m7[m, Failures: 0, Errors: 0, Skipped: 0, Time elapsed: 0.002 s -- in org.apache.commons.lang3.time.[1mFastDateParser_MoreOrLessTest[m
[[1;34mINFO[m] Running org.apache.commons.lang3.time.[1mFastDatePrinterTest[m
[[1;34mINFO[m] [1;32mTests run: [0;1;32m23[m, Failures: 0, Errors: 0, Skipped: 0, Time elapsed: 0.007 s -- in org.apache.commons.lang3.time.[1mFastDatePrinterTest[m
[[1;34mINFO[m] Running org.apache.commons.lang3.time.[1mDateFormatUtilsTest[m
[[1;34mINFO[m] [1;32mTests run: [0;1;32m13[m, Failures: 0, Errors: 0, Skipped: 0, Time elapsed: 0.006 s -- in org.apache.commons.lang3.time.[1mDateFormatUtilsTest[m
[[1;34mINFO[m] Running org.apache.commons.lang3.time.[1mWeekYearTest[m
[[1;34mINFO[m] [1;32mTests run: [0;1;32m32[m, Failures: 0, Errors: 0, Skipped: 0, Time elapsed: 0.022 s -- in org.apache.commons.lang3.time.[1mWeekYearTest[m
[[1;34mINFO[m] Running org.apache.commons.lang3.time.[1mFastDateFormatTest[m
[[1;34mINFO[m] [1;32mTests run: [0;1;32m20[m, Failures: 0, Errors: 0, Skipped: 0, Time elapsed: 1.132 s -- in org.apache.commons.lang3.time.[1mFastDateFormatTest[m
[[1;34mINFO[m] Running org.apache.commons.lang3.time.[1mDurationUtilsTest[m
[[1;34mINFO[m] [1;32mTests run: [0;1;32m15[m, Failures: 0, Errors: 0, Skipped: 0, Time elapsed: 0.013 s -- in org.apache.commons.lang3.time.[1mDurationUtilsTest[m
[[1;34mINFO[m] Running org.apache.commons.lang3.time.[1mFastDateParser_TimeZoneStrategyTest[m
[[1;33mWARNING[m] [1;33mTests [0;1mrun: [0;1m2038[m, Failures: 0, Errors: 0, [1;33mSkipped: [0;1;33m5[m, Time elapsed: 78.00 s -- in org.apache.commons.lang3.time.[1mFastDateParser_TimeZoneStrategyTest[m
[[1;34mINFO[m] Running org.apache.commons.lang3.time.[1mDateUtilsRoundingTest[m
[[1;34mINFO[m] [1;32mTests run: [0;1;32m22[m, Failures: 0, Errors: 0, Skipped: 0, Time elapsed: 0.009 s -- in org.apache.commons.lang3.time.[1mDateUtilsRoundingTest[m
[[1;34mINFO[m] Running org.apache.commons.lang3.time.[1mFastDateParserSDFTest[m
[[1;34mINFO[m] [1;32mTests run: [0;1;32m276[m, Failures: 0, Errors: 0, Skipped: 0, Time elapsed: 0.102 s -- in org.apache.commons.lang3.time.[1mFastDateParserSDFTest[m
[[1;34mINFO[m] Running org.apache.commons.lang3.time.[1mFastDateParserTest[m
[[1;34mINFO[m] [1;32mTests run: [0;1;32m43773[m, Failures: 0, Errors: 0, Skipped: 0, Time elapsed: 29.82 s -- in org.apache.commons.lang3.time.[1mFastDateParserTest[m
[[1;34mINFO[m] Running org.apache.commons.lang3.time.[1mDateUtilsFragmentTest[m
[[1;34mINFO[m] [1;32mTests run: [0;1;32m57[m, Failures: 0, Errors: 0, Skipped: 0, Time elapsed: 0.011 s -- in org.apache.commons.lang3.time.[1mDateUtilsFragmentTest[m
[[1;34mINFO[m] Running org.apache.commons.lang3.time.[1mFastTimeZoneTest[m
[[1;34mINFO[m] [1;32mTests run: [0;1;32m10[m, Failures: 0, Errors: 0, Skipped: 0, Time elapsed: 0.002 s -- in org.apache.commons.lang3.time.[1mFastTimeZoneTest[m
[[1;34mINFO[m] Running org.apache.commons.lang3.time.[1mStopWatchTest[m
[[1;34mINFO[m] [1;32mTests run: [0;1;32m35[m, Failures: 0, Errors: 0, Skipped: 0, Time elapsed: 0.644 s -- in org.apache.commons.lang3.time.[1mStopWatchTest[m
[[1;34mINFO[m] Running org.apache.commons.lang3.[1mArrayFillTest[m
[[1;34mINFO[m] [1;32mTests run: [0;1;32m19[m, Failures: 0, Errors: 0, Skipped: 0, Time elapsed: 0.005 s -- in org.apache.commons.lang3.[1mArrayFillTest[m
[[1;34mINFO[m] Running org.apache.commons.lang3.[1mRandomUtilsTest[m
[[1;34mINFO[m] [1;32mTests run: [0;1;32m117[m, Failures: 0, Errors: 0, Skipped: 0, Time elapsed: 0.158 s -- in org.apache.commons.lang3.[1mRandomUtilsTest[m
[[1;34mINFO[m] Running org.apache.commons.lang3.builder.[1mRecursiveToStringStyleTest[m
[[1;34mINFO[m] [1;32mTests run: [0;1;32m8[m, Failures: 0, Errors: 0, Skipped: 0, Time elapsed: 0.005 s -- in org.apache.commons.lang3.builder.[1mRecursiveToStringStyleTest[m
[[1;34mINFO[m] Running org.apache.commons.lang3.builder.[1mMultiLineToStringStyleTest[m
[[1;34mINFO[m] [1;32mTests run: [0;1;32m11[m, Failures: 0, Errors: 0, Skipped: 0, Time elapsed: 0.004 s -- in org.apache.commons.lang3.builder.[1mMultiLineToStringStyleTest[m
[[1;34mINFO[m] Running org.apache.commons.lang3.builder.[1mCompareToBuilderTest[m
[[1;34mINFO[m] [1;32mTests run: [0;1;32m48[m, Failures: 0, Errors: 0, Skipped: 0, Time elapsed: 0.013 s -- in org.apache.commons.lang3.builder.[1mCompareToBuilderTest[m
[[1;34mINFO[m] Running org.apache.commons.lang3.builder.[1mDiffTest[m
[[1;34mINFO[m] [1;32mTests run: [0;1;32m4[m, Failures: 0, Errors: 0, Skipped: 0, Time elapsed: 0.006 s -- in org.apache.commons.lang3.builder.[1mDiffTest[m
[[1;34mINFO[m] Running org.apache.commons.lang3.builder.[1mHashCodeBuilderAndEqualsBuilderTest[m
[[1;34mINFO[m] [1;32mTests run: [0;1;32m5[m, Failures: 0, Errors: 0, Skipped: 0, Time elapsed: 1.053 s -- in org.apache.commons.lang3.builder.[1mHashCodeBuilderAndEqualsBuilderTest[m
[[1;34mINFO[m] Running org.apache.commons.lang3.builder.[1mConversionTest[m
[[1;34mINFO[m] [1;32mTests run: [0;1;32m3[m, Failures: 0, Errors: 0, Skipped: 0, Time elapsed: 0.001 s -- in org.apache.commons.lang3.builder.[1mConversionTest[m
[[1;34mINFO[m] Running org.apache.commons.lang3.builder.[1mToStringStyleConcurrencyTest[m
[[1;34mINFO[m] [1;32mTests run: [0;1;32m3[m, Failures: 0, Errors: 0, Skipped: 0, Time elapsed: 2.782 s -- in org.apache.commons.lang3.builder.[1mToStringStyleConcurrencyTest[m
[[1;34mINFO[m] Running org.apache.commons.lang3.builder.[1mEqualsBuilderReflectJreImplementationTest[m
[[1;34mINFO[m] [1;32mTests run: [0;1;32m2[m, Failures: 0, Errors: 0, Skipped: 0, Time elapsed: 0.486 s -- in org.apache.commons.lang3.builder.[1mEqualsBuilderReflectJreImplementationTest[m
[[1;34mINFO[m] Running org.apache.commons.lang3.builder.[1mNoFieldNamesToStringStyleTest[m
[[1;34mINFO[m] [1;32mTests run: [0;1;32m11[m, Failures: 0, Errors: 0, Skipped: 0, Time elapsed: 0.003 s -- in org.apache.commons.lang3.builder.[1mNoFieldNamesToStringStyleTest[m
[[1;34mINFO[m] Running org.apache.commons.lang3.builder.[1mReflectionToStringBuilderExcludeNullValuesTest[m
[[1;34mINFO[m] [1;32mTests run: [0;1;32m5[m, Failures: 0, Errors: 0, Skipped: 0, Time elapsed: 0.002 s -- in org.apache.commons.lang3.builder.[1mReflectionToStringBuilderExcludeNullValuesTest[m
[[1;34mINFO[m] Running org.apache.commons.lang3.builder.[1mEqualsBuilderTest[m
[[1;34mINFO[m] [1;32mTests run: [0;1;32m59[m, Failures: 0, Errors: 0, Skipped: 0, Time elapsed: 0.051 s -- in org.apache.commons.lang3.builder.[1mEqualsBuilderTest[m
[[1;34mINFO[m] Running org.apache.commons.lang3.builder.[1mReflectionToStringBuilderConcurrencyTest[m
[[1;33mWARNING[m] [1;33mTests [0;1mrun: [0;1m3[m, Failures: 0, Errors: 0, [1;33mSkipped: [0;1;33m3[m, Time elapsed: 0.001 s -- in org.apache.commons.lang3.builder.[1mReflectionToStringBuilderConcurrencyTest[m
[[1;34mINFO[m] Running org.apache.commons.lang3.builder.[1mToStringBuilderTest[m
[[1;34mINFO[m] [1;32mTests run: [0;1;32m95[m, Failures: 0, Errors: 0, Skipped: 0, Time elapsed: 0.026 s -- in org.apache.commons.lang3.builder.[1mToStringBuilderTest[m
[[1;34mINFO[m] Running org.apache.commons.lang3.builder.[1mJsonToStringStyleTest[m
[[1;34mINFO[m] [1;32mTests run: [0;1;32m29[m, Failures: 0, Errors: 0, Skipped: 0, Time elapsed: 0.018 s -- in org.apache.commons.lang3.builder.[1mJsonToStringStyleTest[m
[[1;34mINFO[m] Running org.apache.commons.lang3.builder.[1mReflectionToStringBuilderExcludeWithAnnotationTest[m
[[1;34mINFO[m] [1;32mTests run: [0;1;32m1[m, Failures: 0, Errors: 0, Skipped: 0, Time elapsed: 0.001 s -- in org.apache.commons.lang3.builder.[1mReflectionToStringBuilderExcludeWithAnnotationTest[m
[[1;34mINFO[m] Running org.apache.commons.lang3.builder.[1mNoClassNameToStringStyleTest[m
[[1;34mINFO[m] [1;32mTests run: [0;1;32m11[m, Failures: 0, Errors: 0, Skipped: 0, Time elapsed: 0.003 s -- in org.apache.commons.lang3.builder.[1mNoClassNameToStringStyleTest[m
[[1;34mINFO[m] Running org.apache.commons.lang3.builder.[1mReflectionToStringBuilderTest[m
[[1;34mINFO[m] [1;32mTests run: [0;1;32m1[m, Failures: 0, Errors: 0, Skipped: 0, Time elapsed: 0 s -- in org.apache.commons.lang3.builder.[1mReflectionToStringBuilderTest[m
[[1;34mINFO[m] Running org.apache.commons.lang3.builder.[1mReflectionToStringBuilderExcludeTest[m
[[1;34mINFO[m] [1;32mTests run: [0;1;32m11[m, Failures: 0, Errors: 0, Skipped: 0, Time elapsed: 0.002 s -- in org.apache.commons.lang3.builder.[1mReflectionToStringBuilderExcludeTest[m
[[1;34mINFO[m] Running org.apache.commons.lang3.builder.[1mReflectionToStringBuilderMutateInspectConcurrencyTest[m
[[1;33mWARNING[m] [1;33mTests [0;1mrun: [0;1m1[m, Failures: 0, Errors: 0, [1;33mSkipped: [0;1;33m1[m, Time elapsed: 0.001 s -- in org.apache.commons.lang3.builder.[1mReflectionToStringBuilderMutateInspectConcurrencyTest[m
[[1;34mINFO[m] Running org.apache.commons.lang3.builder.[1mToStringStyleTest[m
[[1;34mINFO[m] [1;32mTests run: [0;1;32m12[m, Failures: 0, Errors: 0, Skipped: 0, Time elapsed: 0.002 s -- in org.apache.commons.lang3.builder.[1mToStringStyleTest[m
[[1;34mINFO[m] Running org.apache.commons.lang3.builder.[1mShortPrefixToStringStyleTest[m
[[1;34mINFO[m] [1;32mTests run: [0;1;32m11[m, Failures: 0, Errors: 0, Skipped: 0, Time elapsed: 0.030 s -- in org.apache.commons.lang3.builder.[1mShortPrefixToStringStyleTest[m
[[1;34mINFO[m] Running org.apache.commons.lang3.builder.[1mDefaultToStringStyleTest[m
[[1;34mINFO[m] [1;32mTests run: [0;1;32m11[m, Failures: 0, Errors: 0, Skipped: 0, Time elapsed: 0.004 s -- in org.apache.commons.lang3.builder.[1mDefaultToStringStyleTest[m
[[1;34mINFO[m] Running org.apache.commons.lang3.builder.[1mReflectionToStringBuilderCustomImplementationTest[m
[[1;34mINFO[m] [1;32mTests run: [0;1;32m1[m, Failures: 0, Errors: 0, Skipped: 0, Time elapsed: 0.001 s -- in org.apache.commons.lang3.builder.[1mReflectionToStringBuilderCustomImplementationTest[m
[[1;34mINFO[m] Running org.apache.commons.lang3.builder.[1mReflectionDiffBuilderTest[m
[[1;34mINFO[m] [1;32mTests run: [0;1;32m16[m, Failures: 0, Errors: 0, Skipped: 0, Time elapsed: 0.544 s -- in org.apache.commons.lang3.builder.[1mReflectionDiffBuilderTest[m
[[1;34mINFO[m] Running org.apache.commons.lang3.builder.[1mStandardToStringStyleTest[m
[[1;34mINFO[m] [1;32mTests run: [0;1;32m20[m, Failures: 0, Errors: 0, Skipped: 0, Time elapsed: 0.011 s -- in org.apache.commons.lang3.builder.[1mStandardToStringStyleTest[m
[[1;34mINFO[m] Running org.apache.commons.lang3.builder.[1mReflectionToStringBuilderIncludeTest[m
[[1;34mINFO[m] [1;32mTests run: [0;1;32m20[m, Failures: 0, Errors: 0, Skipped: 0, Time elapsed: 0.008 s -- in org.apache.commons.lang3.builder.[1mReflectionToStringBuilderIncludeTest[m
[[1;34mINFO[m] Running org.apache.commons.lang3.builder.[1mIDKeyTest[m
[[1;34mINFO[m] [1;32mTests run: [0;1;32m1[m, Failures: 0, Errors: 0, Skipped: 0, Time elapsed: 0.001 s -- in org.apache.commons.lang3.builder.[1mIDKeyTest[m
[[1;34mINFO[m] Running org.apache.commons.lang3.builder.[1mMultilineRecursiveToStringStyleTest[m
[[1;34mINFO[m] [1;32mTests run: [0;1;32m14[m, Failures: 0, Errors: 0, Skipped: 0, Time elapsed: 0.009 s -- in org.apache.commons.lang3.builder.[1mMultilineRecursiveToStringStyleTest[m
[[1;34mINFO[m] Running org.apache.commons.lang3.builder.[1mDiffResultTest[m
[[1;34mINFO[m] [1;32mTests run: [0;1;32m11[m, Failures: 0, Errors: 0, Skipped: 0, Time elapsed: 0.005 s -- in org.apache.commons.lang3.builder.[1mDiffResultTest[m
[[1;34mINFO[m] Running org.apache.commons.lang3.builder.[1mDiffBuilderTest[m
[[1;34mINFO[m] [1;32mTests run: [0;1;32m39[m, Failures: 0, Errors: 0, Skipped: 0, Time elapsed: 0.093 s -- in org.apache.commons.lang3.builder.[1mDiffBuilderTest[m
[[1;34mINFO[m] Running org.apache.commons.lang3.builder.[1mSimpleToStringStyleTest[m
[[1;34mINFO[m] [1;32mTests run: [0;1;32m11[m, Failures: 0, Errors: 0, Skipped: 0, Time elapsed: 0.005 s -- in org.apache.commons.lang3.builder.[1mSimpleToStringStyleTest[m
[[1;34mINFO[m] Running org.apache.commons.lang3.builder.[1mHashCodeBuilderTest[m
[[1;34mINFO[m] [1;32mTests run: [0;1;32m46[m, Failures: 0, Errors: 0, Skipped: 0, Time elapsed: 0.012 s -- in org.apache.commons.lang3.builder.[1mHashCodeBuilderTest[m
[[1;34mINFO[m] Running org.apache.commons.lang3.builder.[1mReflectionToStringBuilderSummaryTest[m
[[1;34mINFO[m] [1;32mTests run: [0;1;32m1[m, Failures: 0, Errors: 0, Skipped: 0, Time elapsed: 0.001 s -- in org.apache.commons.lang3.builder.[1mReflectionToStringBuilderSummaryTest[m
[[1;34mINFO[m] Running org.apache.commons.lang3.[1mSystemPropertiesTest[m
[[1;34mINFO[m] [1;32mTests run: [0;1;32m59[m, Failures: 0, Errors: 0, Skipped: 0, Time elapsed: 0.045 s -- in org.apache.commons.lang3.[1mSystemPropertiesTest[m
[[1;34mINFO[m] Running org.apache.commons.lang3.[1mEnumUtilsTest[m
[[1;34mINFO[m] [1;32mTests run: [0;1;32m48[m, Failures: 0, Errors: 0, Skipped: 0, Time elapsed: 0.021 s -- in org.apache.commons.lang3.[1mEnumUtilsTest[m
[[1;34mINFO[m] Running org.apache.commons.lang3.[1mSystemUtilsTest[m
[[1;34mINFO[m] [1;32mTests run: [0;1;32m24[m, Failures: 0, Errors: 0, Skipped: 0, Time elapsed: 0.015 s -- in org.apache.commons.lang3.[1mSystemUtilsTest[m
[[1;34mINFO[m] Running org.apache.commons.lang3.[1mRegExUtilsTest[m
[[1;34mINFO[m] [1;32mTests run: [0;1;32m19[m, Failures: 0, Errors: 0, Skipped: 0, Time elapsed: 0.009 s -- in org.apache.commons.lang3.[1mRegExUtilsTest[m
[[1;34mINFO[m] Running org.apache.commons.lang3.[1mCharSetTest[m
[[1;34mINFO[m] [1;32mTests run: [0;1;32m15[m, Failures: 0, Errors: 0, Skipped: 0, Time elapsed: 0.008 s -- in org.apache.commons.lang3.[1mCharSetTest[m
[[1;34mINFO[m] Running org.apache.commons.lang3.[1mCharEncodingTest[m
[[1;34mINFO[m] [1;32mTests run: [0;1;32m5[m, Failures: 0, Errors: 0, Skipped: 0, Time elapsed: 0.010 s -- in org.apache.commons.lang3.[1mCharEncodingTest[m
[[1;34mINFO[m] Running org.apache.commons.lang3.[1mCharRangeTest[m
[[1;34mINFO[m] [1;32mTests run: [0;1;32m17[m, Failures: 0, Errors: 0, Skipped: 0, Time elapsed: 0.018 s -- in org.apache.commons.lang3.[1mCharRangeTest[m
[[1;34mINFO[m] Running org.apache.commons.lang3.[1mStringUtilsIsTest[m
[[1;34mINFO[m] [1;32mTests run: [0;1;32m8[m, Failures: 0, Errors: 0, Skipped: 0, Time elapsed: 0.001 s -- in org.apache.commons.lang3.[1mStringUtilsIsTest[m
[[1;34mINFO[m] Running org.apache.commons.lang3.[1mArrayUtilsRemoveMultipleTest[m
[[1;34mINFO[m] [1;32mTests run: [0;1;32m55[m, Failures: 0, Errors: 0, Skipped: 0, Time elapsed: 0.014 s -- in org.apache.commons.lang3.[1mArrayUtilsRemoveMultipleTest[m
[[1;34mINFO[m] Running org.apache.commons.lang3.[1mStringUtilsStartsEndsWithTest[m
[[1;34mINFO[m] [1;32mTests run: [0;1;32m6[m, Failures: 0, Errors: 0, Skipped: 0, Time elapsed: 0.001 s -- in org.apache.commons.lang3.[1mStringUtilsStartsEndsWithTest[m
[[1;34mINFO[m] Running org.apache.commons.lang3.[1mArrayUtilsSetTest[m
[[1;34mINFO[m] [1;32mTests run: [0;1;32m2[m, Failures: 0, Errors: 0, Skipped: 0, Time elapsed: 0 s -- in org.apache.commons.lang3.[1mArrayUtilsSetTest[m
[[1;34mINFO[m] Running org.apache.commons.lang3.[1mArchUtilsTest[m
[[1;34mINFO[m] [1;32mTests run: [0;1;32m6[m, Failures: 0, Errors: 0, Skipped: 0, Time elapsed: 0.002 s -- in org.apache.commons.lang3.[1mArchUtilsTest[m
[[1;34mINFO[m] Running org.apache.commons.lang3.[1mStringUtilsEqualsIndexOfTest[m
[[1;34mINFO[m] [1;32mTests run: [0;1;32m70[m, Failures: 0, Errors: 0, Skipped: 0, Time elapsed: 0.024 s -- in org.apache.commons.lang3.[1mStringUtilsEqualsIndexOfTest[m
[[1;34mINFO[m] Running org.apache.commons.lang3.[1mIntegerRangeTest[m
[[1;34mINFO[m] [1;32mTests run: [0;1;32m28[m, Failures: 0, Errors: 0, Skipped: 0, Time elapsed: 0.009 s -- in org.apache.commons.lang3.[1mIntegerRangeTest[m
[[1;34mINFO[m] Running org.apache.commons.lang3.[1mSerializationUtilsTest[m
[[1;34mINFO[m] [1;32mTests run: [0;1;32m28[m, Failures: 0, Errors: 0, Skipped: 0, Time elapsed: 0.021 s -- in org.apache.commons.lang3.[1mSerializationUtilsTest[m
[[1;34mINFO[m] Running org.apache.commons.lang3.[1mStringUtilsTest[m
[[1;33mWARNING[m] [1;33mTests [0;1mrun: [0;1m164[m, Failures: 0, Errors: 0, [1;33mSkipped: [0;1;33m1[m, Time elapsed: 0.094 s -- in org.apache.commons.lang3.[1mStringUtilsTest[m
[[1;34mINFO[m] Running org.apache.commons.lang3.[1mBitFieldTest[m
[[1;34mINFO[m] [1;32mTests run: [0;1;32m15[m, Failures: 0, Errors: 0, Skipped: 0, Time elapsed: 0.003 s -- in org.apache.commons.lang3.[1mBitFieldTest[m
[[1;34mINFO[m] Running org.apache.commons.lang3.[1mValidateTest[m
[[1;34mINFO[m] Running org.apache.commons.lang3.[1mValidateTest$ValidState[m
[[1;34mINFO[m] Running org.apache.commons.lang3.[1mValidateTest$ValidState$WitMessage[m
[[1;34mINFO[m] [1;32mTests run: [0;1;32m2[m, Failures: 0, Errors: 0, Skipped: 0, Time elapsed: 0.001 s -- in org.apache.commons.lang3.[1mValidateTest$ValidState$WitMessage[m
[[1;34mINFO[m] Running org.apache.commons.lang3.[1mValidateTest$ValidState$WithoutMessage[m
[[1;34mINFO[m] [1;32mTests run: [0;1;32m2[m, Failures: 0, Errors: 0, Skipped: 0, Time elapsed: 0.001 s -- in org.apache.commons.lang3.[1mValidateTest$ValidState$WithoutMessage[m
[[1;34mINFO[m] [1mTests run: [0;1m0[m, Failures: 0, Errors: 0, Skipped: 0, Time elapsed: 0.002 s -- in org.apache.commons.lang3.[1mValidateTest$ValidState[m
[[1;34mINFO[m] Running org.apache.commons.lang3.[1mValidateTest$ValidIndex[m
[[1;34mINFO[m] Running org.apache.commons.lang3.[1mValidateTest$ValidIndex$WithCollection[m
[[1;34mINFO[m] Running org.apache.commons.lang3.[1mValidateTest$ValidIndex$WithCollection$WithoutMessage[m
[[1;34mINFO[m] [1;32mTests run: [0;1;32m5[m, Failures: 0, Errors: 0, Skipped: 0, Time elapsed: 0.003 s -- in org.apache.commons.lang3.[1mValidateTest$ValidIndex$WithCollection$WithoutMessage[m
[[1;34mINFO[m] Running org.apache.commons.lang3.[1mValidateTest$ValidIndex$WithCollection$WithMessage[m
[[1;34mINFO[m] [1;32mTests run: [0;1;32m5[m, Failures: 0, Errors: 0, Skipped: 0, Time elapsed: 0.002 s -- in org.apache.commons.lang3.[1mValidateTest$ValidIndex$WithCollection$WithMessage[m
[[1;34mINFO[m] [1mTests run: [0;1m0[m, Failures: 0, Errors: 0, Skipped: 0, Time elapsed: 0.005 s -- in org.apache.commons.lang3.[1mValidateTest$ValidIndex$WithCollection[m
[[1;34mINFO[m] Running org.apache.commons.lang3.[1mValidateTest$ValidIndex$WithCharSequence[m
[[1;34mINFO[m] Running org.apache.commons.lang3.[1mValidateTest$ValidIndex$WithCharSequence$WithoutMessage[m
[[1;34mINFO[m] [1;32mTests run: [0;1;32m5[m, Failures: 0, Errors: 0, Skipped: 0, Time elapsed: 0.002 s -- in org.apache.commons.lang3.[1mValidateTest$ValidIndex$WithCharSequence$WithoutMessage[m
[[1;34mINFO[m] Running org.apache.commons.lang3.[1mValidateTest$ValidIndex$WithCharSequence$WithMessage[m
[[1;34mINFO[m] [1;32mTests run: [0;1;32m5[m, Failures: 0, Errors: 0, Skipped: 0, Time elapsed: 0.010 s -- in org.apache.commons.lang3.[1mValidateTest$ValidIndex$WithCharSequence$WithMessage[m
[[1;34mINFO[m] [1mTests run: [0;1m0[m, Failures: 0, Errors: 0, Skipped: 0, Time elapsed: 0.014 s -- in org.apache.commons.lang3.[1mValidateTest$ValidIndex$WithCharSequence[m
[[1;34mINFO[m] Running org.apache.commons.lang3.[1mValidateTest$ValidIndex$WithArray[m
[[1;34mINFO[m] Running org.apache.commons.lang3.[1mValidateTest$ValidIndex$WithArray$WithoutMessage[m
[[1;34mINFO[m] [1;32mTests run: [0;1;32m5[m, Failures: 0, Errors: 0, Skipped: 0, Time elapsed: 0.004 s -- in org.apache.commons.lang3.[1mValidateTest$ValidIndex$WithArray$WithoutMessage[m
[[1;34mINFO[m] Running org.apache.commons.lang3.[1mValidateTest$ValidIndex$WithArray$WithMessage[m
[[1;34mINFO[m] [1;32mTests run: [0;1;32m5[m, Failures: 0, Errors: 0, Skipped: 0, Time elapsed: 0.004 s -- in org.apache.commons.lang3.[1mValidateTest$ValidIndex$WithArray$WithMessage[m
[[1;34mINFO[m] [1mTests run: [0;1m0[m, Failures: 0, Errors: 0, Skipped: 0, Time elapsed: 0.008 s -- in org.apache.commons.lang3.[1mValidateTest$ValidIndex$WithArray[m
[[1;34mINFO[m] [1mTests run: [0;1m0[m, Failures: 0, Errors: 0, Skipped: 0, Time elapsed: 0.028 s -- in org.apache.commons.lang3.[1mValidateTest$ValidIndex[m
[[1;34mINFO[m] Running org.apache.commons.lang3.[1mValidateTest$UtilClassConventions[m
[[1;34mINFO[m] [1;32mTests run: [0;1;32m4[m, Failures: 0, Errors: 0, Skipped: 0, Time elapsed: 0.001 s -- in org.apache.commons.lang3.[1mValidateTest$UtilClassConventions[m
[[1;34mINFO[m] Running org.apache.commons.lang3.[1mValidateTest$NotNull[m
[[1;34mINFO[m] Running org.apache.commons.lang3.[1mValidateTest$NotNull$WithoutMessage[m
[[1;34mINFO[m] [1;32mTests run: [0;1;32m3[m, Failures: 0, Errors: 0, Skipped: 0, Time elapsed: 0.002 s -- in org.apache.commons.lang3.[1mValidateTest$NotNull$WithoutMessage[m
[[1;34mINFO[m] Running org.apache.commons.lang3.[1mValidateTest$NotNull$WithMessage[m
[[1;34mINFO[m] [1;32mTests run: [0;1;32m3[m, Failures: 0, Errors: 0, Skipped: 0, Time elapsed: 0.002 s -- in org.apache.commons.lang3.[1mValidateTest$NotNull$WithMessage[m
[[1;34mINFO[m] [1mTests run: [0;1m0[m, Failures: 0, Errors: 0, Skipped: 0, Time elapsed: 0.004 s -- in org.apache.commons.lang3.[1mValidateTest$NotNull[m
[[1;34mINFO[m] Running org.apache.commons.lang3.[1mValidateTest$NotNaN[m
[[1;34mINFO[m] Running org.apache.commons.lang3.[1mValidateTest$NotNaN$WithoutMessage[m
[[1;34mINFO[m] [1;32mTests run: [0;1;32m4[m, Failures: 0, Errors: 0, Skipped: 0, Time elapsed: 0.002 s -- in org.apache.commons.lang3.[1mValidateTest$NotNaN$WithoutMessage[m
[[1;34mINFO[m] Running org.apache.commons.lang3.[1mValidateTest$NotNaN$WithMessage[m
[[1;34mINFO[m] [1;32mTests run: [0;1;32m4[m, Failures: 0, Errors: 0, Skipped: 0, Time elapsed: 0.001 s -- in org.apache.commons.lang3.[1mValidateTest$NotNaN$WithMessage[m
[[1;34mINFO[m] [1mTests run: [0;1m0[m, Failures: 0, Errors: 0, Skipped: 0, Time elapsed: 0.003 s -- in org.apache.commons.lang3.[1mValidateTest$NotNaN[m
[[1;34mINFO[m] Running org.apache.commons.lang3.[1mValidateTest$NotEmpty[m
[[1;34mINFO[m] Running org.apache.commons.lang3.[1mValidateTest$NotEmpty$WithMap[m
[[1;34mINFO[m] Running org.apache.commons.lang3.[1mValidateTest$NotEmpty$WithMap$WithoutMessage[m
[[1;34mINFO[m] [1;32mTests run: [0;1;32m4[m, Failures: 0, Errors: 0, Skipped: 0, Time elapsed: 0.002 s -- in org.apache.commons.lang3.[1mValidateTest$NotEmpty$WithMap$WithoutMessage[m
[[1;34mINFO[m] Running org.apache.commons.lang3.[1mValidateTest$NotEmpty$WithMap$WithMessage[m
[[1;34mINFO[m] [1;32mTests run: [0;1;32m4[m, Failures: 0, Errors: 0, Skipped: 0, Time elapsed: 0.002 s -- in org.apache.commons.lang3.[1mValidateTest$NotEmpty$WithMap$WithMessage[m
[[1;34mINFO[m] [1mTests run: [0;1m0[m, Failures: 0, Errors: 0, Skipped: 0, Time elapsed: 0.004 s -- in org.apache.commons.lang3.[1mValidateTest$NotEmpty$WithMap[m
[[1;34mINFO[m] Running org.apache.commons.lang3.[1mValidateTest$NotEmpty$WithCollection[m
[[1;34mINFO[m] Running org.apache.commons.lang3.[1mValidateTest$NotEmpty$WithCollection$WithoutMessage[m
[[1;34mINFO[m] [1;32mTests run: [0;1;32m4[m, Failures: 0, Errors: 0, Skipped: 0, Time elapsed: 0.002 s -- in org.apache.commons.lang3.[1mValidateTest$NotEmpty$WithCollection$WithoutMessage[m
[[1;34mINFO[m] Running org.apache.commons.lang3.[1mValidateTest$NotEmpty$WithCollection$WithMessage[m
[[1;34mINFO[m] [1;32mTests run: [0;1;32m4[m, Failures: 0, Errors: 0, Skipped: 0, Time elapsed: 0.002 s -- in org.apache.commons.lang3.[1mValidateTest$NotEmpty$WithCollection$WithMessage[m
[[1;34mINFO[m] [1mTests run: [0;1m0[m, Failures: 0, Errors: 0, Skipped: 0, Time elapsed: 0.005 s -- in org.apache.commons.lang3.[1mValidateTest$NotEmpty$WithCollection[m
[[1;34mINFO[m] Running org.apache.commons.lang3.[1mValidateTest$NotEmpty$WithCharSequence[m
[[1;34mINFO[m] Running org.apache.commons.lang3.[1mValidateTest$NotEmpty$WithCharSequence$WithoutMessage[m
[[1;34mINFO[m] [1;32mTests run: [0;1;32m4[m, Failures: 0, Errors: 0, Skipped: 0, Time elapsed: 0.002 s -- in org.apache.commons.lang3.[1mValidateTest$NotEmpty$WithCharSequence$WithoutMessage[m
[[1;34mINFO[m] Running org.apache.commons.lang3.[1mValidateTest$NotEmpty$WithCharSequence$WithMessage[m
[[1;34mINFO[m] [1;32mTests run: [0;1;32m4[m, Failures: 0, Errors: 0, Skipped: 0, Time elapsed: 0.002 s -- in org.apache.commons.lang3.[1mValidateTest$NotEmpty$WithCharSequence$WithMessage[m
[[1;34mINFO[m] [1mTests run: [0;1m0[m, Failures: 0, Errors: 0, Skipped: 0, Time elapsed: 0.004 s -- in org.apache.commons.lang3.[1mValidateTest$NotEmpty$WithCharSequence[m
[[1;34mINFO[m] Running org.apache.commons.lang3.[1mValidateTest$NotEmpty$WithArray[m
[[1;34mINFO[m] Running org.apache.commons.lang3.[1mValidateTest$NotEmpty$WithArray$WithoutMessage[m
[[1;34mINFO[m] [1;32mTests run: [0;1;32m4[m, Failures: 0, Errors: 0, Skipped: 0, Time elapsed: 0.002 s -- in org.apache.commons.lang3.[1mValidateTest$NotEmpty$WithArray$WithoutMessage[m
[[1;34mINFO[m] Running org.apache.commons.lang3.[1mValidateTest$NotEmpty$WithArray$WithMessage[m
[[1;34mINFO[m] [1;32mTests run: [0;1;32m4[m, Failures: 0, Errors: 0, Skipped: 0, Time elapsed: 0.002 s -- in org.apache.commons.lang3.[1mValidateTest$NotEmpty$WithArray$WithMessage[m
[[1;34mINFO[m] [1mTests run: [0;1m0[m, Failures: 0, Errors: 0, Skipped: 0, Time elapsed: 0.004 s -- in org.apache.commons.lang3.[1mValidateTest$NotEmpty$WithArray[m
[[1;34mINFO[m] [1mTests run: [0;1m0[m, Failures: 0, Errors: 0, Skipped: 0, Time elapsed: 0.017 s -- in org.apache.commons.lang3.[1mValidateTest$NotEmpty[m
[[1;34mINFO[m] Running org.apache.commons.lang3.[1mValidateTest$NotBlank[m
[[1;34mINFO[m] Running org.apache.commons.lang3.[1mValidateTest$NotBlank$WithoutMessage[m
[[1;34mINFO[m] [1;32mTests run: [0;1;32m8[m, Failures: 0, Errors: 0, Skipped: 0, Time elapsed: 0.002 s -- in org.apache.commons.lang3.[1mValidateTest$NotBlank$WithoutMessage[m
[[1;34mINFO[m] Running org.apache.commons.lang3.[1mValidateTest$NotBlank$WithMessage[m
[[1;34mINFO[m] [1;32mTests run: [0;1;32m8[m, Failures: 0, Errors: 0, Skipped: 0, Time elapsed: 0.003 s -- in org.apache.commons.lang3.[1mValidateTest$NotBlank$WithMessage[m
[[1;34mINFO[m] [1mTests run: [0;1m0[m, Failures: 0, Errors: 0, Skipped: 0, Time elapsed: 0.007 s -- in org.apache.commons.lang3.[1mValidateTest$NotBlank[m
[[1;34mINFO[m] Running org.apache.commons.lang3.[1mValidateTest$NoNullElements[m
[[1;34mINFO[m] Running org.apache.commons.lang3.[1mValidateTest$NoNullElements$WithCollection[m
[[1;34mINFO[m] Running org.apache.commons.lang3.[1mValidateTest$NoNullElements$WithCollection$WithoutMessage[m
[[1;34mINFO[m] [1;32mTests run: [0;1;32m4[m, Failures: 0, Errors: 0, Skipped: 0, Time elapsed: 0.003 s -- in org.apache.commons.lang3.[1mValidateTest$NoNullElements$WithCollection$WithoutMessage[m
[[1;34mINFO[m] Running org.apache.commons.lang3.[1mValidateTest$NoNullElements$WithCollection$WithMessage[m
[[1;34mINFO[m] [1;32mTests run: [0;1;32m4[m, Failures: 0, Errors: 0, Skipped: 0, Time elapsed: 0.002 s -- in org.apache.commons.lang3.[1mValidateTest$NoNullElements$WithCollection$WithMessage[m
[[1;34mINFO[m] [1mTests run: [0;1m0[m, Failures: 0, Errors: 0, Skipped: 0, Time elapsed: 0.005 s -- in org.apache.commons.lang3.[1mValidateTest$NoNullElements$WithCollection[m
[[1;34mINFO[m] Running org.apache.commons.lang3.[1mValidateTest$NoNullElements$WithArray[m
[[1;34mINFO[m] Running org.apache.commons.lang3.[1mValidateTest$NoNullElements$WithArray$WithoutMessage[m
[[1;34mINFO[m] [1;32mTests run: [0;1;32m4[m, Failures: 0, Errors: 0, Skipped: 0, Time elapsed: 0.002 s -- in org.apache.commons.lang3.[1mValidateTest$NoNullElements$WithArray$WithoutMessage[m
[[1;34mINFO[m] Running org.apache.commons.lang3.[1mValidateTest$NoNullElements$WithArray$WithMessage[m
[[1;34mINFO[m] [1;32mTests run: [0;1;32m4[m, Failures: 0, Errors: 0, Skipped: 0, Time elapsed: 0.002 s -- in org.apache.commons.lang3.[1mValidateTest$NoNullElements$WithArray$WithMessage[m
[[1;34mINFO[m] [1mTests run: [0;1m0[m, Failures: 0, Errors: 0, Skipped: 0, Time elapsed: 0.004 s -- in org.apache.commons.lang3.[1mValidateTest$NoNullElements$WithArray[m
[[1;34mINFO[m] [1mTests run: [0;1m0[m, Failures: 0, Errors: 0, Skipped: 0, Time elapsed: 0.010 s -- in org.apache.commons.lang3.[1mValidateTest$NoNullElements[m
[[1;34mINFO[m] Running org.apache.commons.lang3.[1mValidateTest$MatchesPattern[m
[[1;34mINFO[m] Running org.apache.commons.lang3.[1mValidateTest$MatchesPattern$WithoutMessage[m
[[1;34mINFO[m] [1;32mTests run: [0;1;32m2[m, Failures: 0, Errors: 0, Skipped: 0, Time elapsed: 0.001 s -- in org.apache.commons.lang3.[1mValidateTest$MatchesPattern$WithoutMessage[m
[[1;34mINFO[m] Running org.apache.commons.lang3.[1mValidateTest$MatchesPattern$WithMessage[m
[[1;34mINFO[m] [1;32mTests run: [0;1;32m2[m, Failures: 0, Errors: 0, Skipped: 0, Time elapsed: 0.001 s -- in org.apache.commons.lang3.[1mValidateTest$MatchesPattern$WithMessage[m
[[1;34mINFO[m] [1mTests run: [0;1m0[m, Failures: 0, Errors: 0, Skipped: 0, Time elapsed: 0.002 s -- in org.apache.commons.lang3.[1mValidateTest$MatchesPattern[m
[[1;34mINFO[m] Running org.apache.commons.lang3.[1mValidateTest$IsTrue[m
[[1;34mINFO[m] Running org.apache.commons.lang3.[1mValidateTest$IsTrue$WithoutMessage[m
[[1;34mINFO[m] [1;32mTests run: [0;1;32m2[m, Failures: 0, Errors: 0, Skipped: 0, Time elapsed: 0.001 s -- in org.apache.commons.lang3.[1mValidateTest$IsTrue$WithoutMessage[m
[[1;34mINFO[m] Running org.apache.commons.lang3.[1mValidateTest$IsTrue$WithObjectTemplate[m
[[1;34mINFO[m] [1;32mTests run: [0;1;32m2[m, Failures: 0, Errors: 0, Skipped: 0, Time elapsed: 0.001 s -- in org.apache.commons.lang3.[1mValidateTest$IsTrue$WithObjectTemplate[m
[[1;34mINFO[m] Running org.apache.commons.lang3.[1mValidateTest$IsTrue$WithMessageSupplier[m
[[1;34mINFO[m] [1;32mTests run: [0;1;32m2[m, Failures: 0, Errors: 0, Skipped: 0, Time elapsed: 0.001 s -- in org.apache.commons.lang3.[1mValidateTest$IsTrue$WithMessageSupplier[m
[[1;34mINFO[m] Running org.apache.commons.lang3.[1mValidateTest$IsTrue$WithMessage[m
[[1;34mINFO[m] [1;32mTests run: [0;1;32m3[m, Failures: 0, Errors: 0, Skipped: 0, Time elapsed: 0.001 s -- in org.apache.commons.lang3.[1mValidateTest$IsTrue$WithMessage[m
[[1;34mINFO[m] Running org.apache.commons.lang3.[1mValidateTest$IsTrue$WithLongTemplate[m
[[1;34mINFO[m] [1;32mTests run: [0;1;32m2[m, Failures: 0, Errors: 0, Skipped: 0, Time elapsed: 0.001 s -- in org.apache.commons.lang3.[1mValidateTest$IsTrue$WithLongTemplate[m
[[1;34mINFO[m] Running org.apache.commons.lang3.[1mValidateTest$IsTrue$WithDoubleTemplate[m
[[1;34mINFO[m] [1;32mTests run: [0;1;32m2[m, Failures: 0, Errors: 0, Skipped: 0, Time elapsed: 0.001 s -- in org.apache.commons.lang3.[1mValidateTest$IsTrue$WithDoubleTemplate[m
[[1;34mINFO[m] [1mTests run: [0;1m0[m, Failures: 0, Errors: 0, Skipped: 0, Time elapsed: 0.008 s -- in org.apache.commons.lang3.[1mValidateTest$IsTrue[m
[[1;34mINFO[m] Running org.apache.commons.lang3.[1mValidateTest$IsInstanceOf[m
[[1;34mINFO[m] Running org.apache.commons.lang3.[1mValidateTest$IsInstanceOf$WithoutMessage[m
[[1;34mINFO[m] [1;32mTests run: [0;1;32m2[m, Failures: 0, Errors: 0, Skipped: 0, Time elapsed: 0.001 s -- in org.apache.commons.lang3.[1mValidateTest$IsInstanceOf$WithoutMessage[m
[[1;34mINFO[m] Running org.apache.commons.lang3.[1mValidateTest$IsInstanceOf$WithMessageTemplate[m
[[1;34mINFO[m] [1;32mTests run: [0;1;32m2[m, Failures: 0, Errors: 0, Skipped: 0, Time elapsed: 0.001 s -- in org.apache.commons.lang3.[1mValidateTest$IsInstanceOf$WithMessageTemplate[m
[[1;34mINFO[m] Running org.apache.commons.lang3.[1mValidateTest$IsInstanceOf$WithMessage[m
[[1;34mINFO[m] [1;32mTests run: [0;1;32m2[m, Failures: 0, Errors: 0, Skipped: 0, Time elapsed: 0.001 s -- in org.apache.commons.lang3.[1mValidateTest$IsInstanceOf$WithMessage[m
[[1;34mINFO[m] [1mTests run: [0;1m0[m, Failures: 0, Errors: 0, Skipped: 0, Time elapsed: 0.004 s -- in org.apache.commons.lang3.[1mValidateTest$IsInstanceOf[m
[[1;34mINFO[m] Running org.apache.commons.lang3.[1mValidateTest$IsAssignable[m
[[1;34mINFO[m] Running org.apache.commons.lang3.[1mValidateTest$IsAssignable$WithoutMessage[m
[[1;34mINFO[m] [1;32mTests run: [0;1;32m5[m, Failures: 0, Errors: 0, Skipped: 0, Time elapsed: 0.002 s -- in org.apache.commons.lang3.[1mValidateTest$IsAssignable$WithoutMessage[m
[[1;34mINFO[m] Running org.apache.commons.lang3.[1mValidateTest$IsAssignable$WithMessage[m
[[1;34mINFO[m] [1;32mTests run: [0;1;32m2[m, Failures: 0, Errors: 0, Skipped: 0, Time elapsed: 0.001 s -- in org.apache.commons.lang3.[1mValidateTest$IsAssignable$WithMessage[m
[[1;34mINFO[m] [1mTests run: [0;1m0[m, Failures: 0, Errors: 0, Skipped: 0, Time elapsed: 0.004 s -- in org.apache.commons.lang3.[1mValidateTest$IsAssignable[m
[[1;34mINFO[m] Running org.apache.commons.lang3.[1mValidateTest$InclusiveBetween[m
[[1;34mINFO[m] Running org.apache.commons.lang3.[1mValidateTest$InclusiveBetween$WithLong[m
[[1;34mINFO[m] Running org.apache.commons.lang3.[1mValidateTest$InclusiveBetween$WithLong$WithoutMessage[m
[[1;34mINFO[m] [1;32mTests run: [0;1;32m5[m, Failures: 0, Errors: 0, Skipped: 0, Time elapsed: 0.002 s -- in org.apache.commons.lang3.[1mValidateTest$InclusiveBetween$WithLong$WithoutMessage[m
[[1;34mINFO[m] Running org.apache.commons.lang3.[1mValidateTest$InclusiveBetween$WithLong$WithMessage[m
[[1;34mINFO[m] [1;32mTests run: [0;1;32m5[m, Failures: 0, Errors: 0, Skipped: 0, Time elapsed: 0.002 s -- in org.apache.commons.lang3.[1mValidateTest$InclusiveBetween$WithLong$WithMessage[m
[[1;34mINFO[m] [1mTests run: [0;1m0[m, Failures: 0, Errors: 0, Skipped: 0, Time elapsed: 0.005 s -- in org.apache.commons.lang3.[1mValidateTest$InclusiveBetween$WithLong[m
[[1;34mINFO[m] Running org.apache.commons.lang3.[1mValidateTest$InclusiveBetween$WithDouble[m
[[1;34mINFO[m] Running org.apache.commons.lang3.[1mValidateTest$InclusiveBetween$WithDouble$WithoutMessage[m
[[1;34mINFO[m] [1;32mTests run: [0;1;32m5[m, Failures: 0, Errors: 0, Skipped: 0, Time elapsed: 0.002 s -- in org.apache.commons.lang3.[1mValidateTest$InclusiveBetween$WithDouble$WithoutMessage[m
[[1;34mINFO[m] Running org.apache.commons.lang3.[1mValidateTest$InclusiveBetween$WithDouble$WithMessage[m
[[1;34mINFO[m] [1;32mTests run: [0;1;32m5[m, Failures: 0, Errors: 0, Skipped: 0, Time elapsed: 0.002 s -- in org.apache.commons.lang3.[1mValidateTest$InclusiveBetween$WithDouble$WithMessage[m
[[1;34mINFO[m] [1mTests run: [0;1m0[m, Failures: 0, Errors: 0, Skipped: 0, Time elapsed: 0.005 s -- in org.apache.commons.lang3.[1mValidateTest$InclusiveBetween$WithDouble[m
[[1;34mINFO[m] Running org.apache.commons.lang3.[1mValidateTest$InclusiveBetween$WithComparable[m
[[1;34mINFO[m] Running org.apache.commons.lang3.[1mValidateTest$InclusiveBetween$WithComparable$WithoutMessage[m
[[1;34mINFO[m] [1;32mTests run: [0;1;32m5[m, Failures: 0, Errors: 0, Skipped: 0, Time elapsed: 0.002 s -- in org.apache.commons.lang3.[1mValidateTest$InclusiveBetween$WithComparable$WithoutMessage[m
[[1;34mINFO[m] Running org.apache.commons.lang3.[1mValidateTest$InclusiveBetween$WithComparable$WithMessage[m
[[1;34mINFO[m] [1;32mTests run: [0;1;32m5[m, Failures: 0, Errors: 0, Skipped: 0, Time elapsed: 0.002 s -- in org.apache.commons.lang3.[1mValidateTest$InclusiveBetween$WithComparable$WithMessage[m
[[1;34mINFO[m] [1mTests run: [0;1m0[m, Failures: 0, Errors: 0, Skipped: 0, Time elapsed: 0.037 s -- in org.apache.commons.lang3.[1mValidateTest$InclusiveBetween$WithComparable[m
[[1;34mINFO[m] [1mTests run: [0;1m0[m, Failures: 0, Errors: 0, Skipped: 0, Time elapsed: 0.048 s -- in org.apache.commons.lang3.[1mValidateTest$InclusiveBetween[m
[[1;34mINFO[m] Running org.apache.commons.lang3.[1mValidateTest$Finite[m
[[1;34mINFO[m] Running org.apache.commons.lang3.[1mValidateTest$Finite$WithoutMessage[m
[[1;34mINFO[m] [1;32mTests run: [0;1;32m4[m, Failures: 0, Errors: 0, Skipped: 0, Time elapsed: 0.003 s -- in org.apache.commons.lang3.[1mValidateTest$Finite$WithoutMessage[m
[[1;34mINFO[m] Running org.apache.commons.lang3.[1mValidateTest$Finite$WithMessage[m
[[1;34mINFO[m] [1;32mTests run: [0;1;32m4[m, Failures: 0, Errors: 0, Skipped: 0, Time elapsed: 0.003 s -- in org.apache.commons.lang3.[1mValidateTest$Finite$WithMessage[m
[[1;34mINFO[m] [1mTests run: [0;1m0[m, Failures: 0, Errors: 0, Skipped: 0, Time elapsed: 0.009 s -- in org.apache.commons.lang3.[1mValidateTest$Finite[m
[[1;34mINFO[m] Running org.apache.commons.lang3.[1mValidateTest$ExclusiveBetween[m
[[1;34mINFO[m] Running org.apache.commons.lang3.[1mValidateTest$ExclusiveBetween$WithLong[m
[[1;34mINFO[m] Running org.apache.commons.lang3.[1mValidateTest$ExclusiveBetween$WithLong$WithoutMessage[m
[[1;34mINFO[m] [1;32mTests run: [0;1;32m5[m, Failures: 0, Errors: 0, Skipped: 0, Time elapsed: 0.004 s -- in org.apache.commons.lang3.[1mValidateTest$ExclusiveBetween$WithLong$WithoutMessage[m
[[1;34mINFO[m] Running org.apache.commons.lang3.[1mValidateTest$ExclusiveBetween$WithLong$WithMessage[m
[[1;34mINFO[m] [1;32mTests run: [0;1;32m5[m, Failures: 0, Errors: 0, Skipped: 0, Time elapsed: 0.006 s -- in org.apache.commons.lang3.[1mValidateTest$ExclusiveBetween$WithLong$WithMessage[m
[[1;34mINFO[m] [1mTests run: [0;1m0[m, Failures: 0, Errors: 0, Skipped: 0, Time elapsed: 0.010 s -- in org.apache.commons.lang3.[1mValidateTest$ExclusiveBetween$WithLong[m
[[1;34mINFO[m] Running org.apache.commons.lang3.[1mValidateTest$ExclusiveBetween$WithDouble[m
[[1;34mINFO[m] Running org.apache.commons.lang3.[1mValidateTest$ExclusiveBetween$WithDouble$WithoutMessage[m
[[1;34mINFO[m] [1;32mTests run: [0;1;32m5[m, Failures: 0, Errors: 0, Skipped: 0, Time elapsed: 0.002 s -- in org.apache.commons.lang3.[1mValidateTest$ExclusiveBetween$WithDouble$WithoutMessage[m
[[1;34mINFO[m] Running org.apache.commons.lang3.[1mValidateTest$ExclusiveBetween$WithDouble$WithMessage[m
[[1;34mINFO[m] [1;32mTests run: [0;1;32m5[m, Failures: 0, Errors: 0, Skipped: 0, Time elapsed: 0.003 s -- in org.apache.commons.lang3.[1mValidateTest$ExclusiveBetween$WithDouble$WithMessage[m
[[1;34mINFO[m] [1mTests run: [0;1m0[m, Failures: 0, Errors: 0, Skipped: 0, Time elapsed: 0.006 s -- in org.apache.commons.lang3.[1mValidateTest$ExclusiveBetween$WithDouble[m
[[1;34mINFO[m] Running org.apache.commons.lang3.[1mValidateTest$ExclusiveBetween$WithComparable[m
[[1;34mINFO[m] Running org.apache.commons.lang3.[1mValidateTest$ExclusiveBetween$WithComparable$WithoutMessage[m
[[1;34mINFO[m] [1;32mTests run: [0;1;32m5[m, Failures: 0, Errors: 0, Skipped: 0, Time elapsed: 0.003 s -- in org.apache.commons.lang3.[1mValidateTest$ExclusiveBetween$WithComparable$WithoutMessage[m
[[1;34mINFO[m] Running org.apache.commons.lang3.[1mValidateTest$ExclusiveBetween$WithComparable$WithMessage[m
[[1;34mINFO[m] [1;32mTests run: [0;1;32m5[m, Failures: 0, Errors: 0, Skipped: 0, Time elapsed: 0.003 s -- in org.apache.commons.lang3.[1mValidateTest$ExclusiveBetween$WithComparable$WithMessage[m
[[1;34mINFO[m] [1mTests run: [0;1m0[m, Failures: 0, Errors: 0, Skipped: 0, Time elapsed: 0.006 s -- in org.apache.commons.lang3.[1mValidateTest$ExclusiveBetween$WithComparable[m
[[1;34mINFO[m] [1mTests run: [0;1m0[m, Failures: 0, Errors: 0, Skipped: 0, Time elapsed: 0.022 s -- in org.apache.commons.lang3.[1mValidateTest$ExclusiveBetween[m
[[1;34mINFO[m] [1mTests run: [0;1m0[m, Failures: 0, Errors: 0, Skipped: 0, Time elapsed: 0.175 s -- in org.apache.commons.lang3.[1mValidateTest[m
[[1;34mINFO[m] Running org.apache.commons.lang3.[1mArrayUtilsRemoveTest[m
[[1;34mINFO[m] [1;32mTests run: [0;1;32m37[m, Failures: 0, Errors: 0, Skipped: 0, Time elapsed: 0.011 s -- in org.apache.commons.lang3.[1mArrayUtilsRemoveTest[m
[[1;34mINFO[m] Running org.apache.commons.lang3.[1mStringUtilsContainsTest[m
[[1;34mINFO[m] [1;32mTests run: [0;1;32m23[m, Failures: 0, Errors: 0, Skipped: 0, Time elapsed: 0.008 s -- in org.apache.commons.lang3.[1mStringUtilsContainsTest[m
[[1;34mINFO[m] Running org.apache.commons.lang3.[1mStringUtilsEmptyBlankTest[m
[[1;34mINFO[m] [1;32mTests run: [0;1;32m12[m, Failures: 0, Errors: 0, Skipped: 0, Time elapsed: 0.003 s -- in org.apache.commons.lang3.[1mStringUtilsEmptyBlankTest[m
[[1;34mINFO[m] Running org.apache.commons.lang3.[1mLocaleUtilsTest[m
[[1;34mINFO[m] [1;32mTests run: [0;1;32m2551[m, Failures: 0, Errors: 0, Skipped: 0, Time elapsed: 0.720 s -- in org.apache.commons.lang3.[1mLocaleUtilsTest[m
[[1;34mINFO[m] Running org.apache.commons.lang3.[1mClassPathUtilsTest[m
[[1;34mINFO[m] [1;32mTests run: [0;1;32m15[m, Failures: 0, Errors: 0, Skipped: 0, Time elapsed: 0.004 s -- in org.apache.commons.lang3.[1mClassPathUtilsTest[m
[[1;34mINFO[m] Running org.apache.commons.lang3.[1mCharSequenceUtilsTest[m
[[1;34mINFO[m] [1;32mTests run: [0;1;32m14[m, Failures: 0, Errors: 0, Skipped: 0, Time elapsed: 0.069 s -- in org.apache.commons.lang3.[1mCharSequenceUtilsTest[m
[[1;34mINFO[m] Running org.apache.commons.lang3.[1mRandomStringUtilsTest[m
[[1;33mWARNING[m] [1;33mTests [0;1mrun: [0;1m82[m, Failures: 0, Errors: 0, [1;33mSkipped: [0;1;33m1[m, Time elapsed: 0.243 s -- in org.apache.commons.lang3.[1mRandomStringUtilsTest[m
[[1;34mINFO[m] Running org.apache.commons.lang3.math.[1mNumberUtilsTest[m
[[1;34mINFO[m] [1;32mTests run: [0;1;32m120[m, Failures: 0, Errors: 0, Skipped: 0, Time elapsed: 0.041 s -- in org.apache.commons.lang3.math.[1mNumberUtilsTest[m
[[1;34mINFO[m] Running org.apache.commons.lang3.math.[1mIEEE754rUtilsTest[m
[[1;34mINFO[m] [1;32mTests run: [0;1;32m3[m, Failures: 0, Errors: 0, Skipped: 0, Time elapsed: 0.002 s -- in org.apache.commons.lang3.math.[1mIEEE754rUtilsTest[m
[[1;34mINFO[m] Running org.apache.commons.lang3.math.[1mFractionTest[m
[[1;34mINFO[m] [1;32mTests run: [0;1;32m35[m, Failures: 0, Errors: 0, Skipped: 0, Time elapsed: 0.120 s -- in org.apache.commons.lang3.math.[1mFractionTest[m
[[1;34mINFO[m] Running org.apache.commons.lang3.event.[1mEventUtilsTest[m
[[1;34mINFO[m] [1;32mTests run: [0;1;32m8[m, Failures: 0, Errors: 0, Skipped: 0, Time elapsed: 0.008 s -- in org.apache.commons.lang3.event.[1mEventUtilsTest[m
[[1;34mINFO[m] Running org.apache.commons.lang3.event.[1mEventListenerSupportTest[m
[[1;34mINFO[m] [1;32mTests run: [0;1;32m12[m, Failures: 0, Errors: 0, Skipped: 0, Time elapsed: 0.015 s -- in org.apache.commons.lang3.event.[1mEventListenerSupportTest[m
[[1;34mINFO[m] Running org.apache.commons.lang3.[1mClassUtilsTest[m
[[1;34mINFO[m] [1;32mTests run: [0;1;32m66[m, Failures: 0, Errors: 0, Skipped: 0, Time elapsed: 0.026 s -- in org.apache.commons.lang3.[1mClassUtilsTest[m
[[1;34mINFO[m] Running org.apache.commons.lang3.[1mObjectUtilsTest[m
[[1;34mINFO[m] [1;32mTests run: [0;1;32m59[m, Failures: 0, Errors: 0, Skipped: 0, Time elapsed: 0.018 s -- in org.apache.commons.lang3.[1mObjectUtilsTest[m
[[1;34mINFO[m] Running org.apache.commons.lang3.[1mJavaVersionTest[m
[[1;34mINFO[m] [1;32mTests run: [0;1;32m3[m, Failures: 0, Errors: 0, Skipped: 0, Time elapsed: 0.001 s -- in org.apache.commons.lang3.[1mJavaVersionTest[m
[[1;34mINFO[m] Running org.apache.commons.lang3.[1mRuntimeEnvironmentTest[m
[[1;34mINFO[m] [1;32mTests run: [0;1;32m10[m, Failures: 0, Errors: 0, Skipped: 0, Time elapsed: 0.032 s -- in org.apache.commons.lang3.[1mRuntimeEnvironmentTest[m
[[1;34mINFO[m] Running org.apache.commons.lang3.[1mRangeTest[m
[[1;34mINFO[m] [1;32mTests run: [0;1;32m28[m, Failures: 0, Errors: 0, Skipped: 0, Time elapsed: 0.008 s -- in org.apache.commons.lang3.[1mRangeTest[m
[[1;34mINFO[m] Running org.apache.commons.lang3.reflect.[1mLang1703Test[m
[[1;34mINFO[m] [1;32mTests run: [0;1;32m1[m, Failures: 0, Errors: 0, Skipped: 0, Time elapsed: 0.001 s -- in org.apache.commons.lang3.reflect.[1mLang1703Test[m
[[1;34mINFO[m] Running org.apache.commons.lang3.reflect.[1mMethodUtilsTest[m
[[1;34mINFO[m] [1;32mTests run: [0;1;32m59[m, Failures: 0, Errors: 0, Skipped: 0, Time elapsed: 0.039 s -- in org.apache.commons.lang3.reflect.[1mMethodUtilsTest[m
[[1;34mINFO[m] Running org.apache.commons.lang3.reflect.[1mConstructorUtilsTest[m
[[1;34mINFO[m] [1;32mTests run: [0;1;32m8[m, Failures: 0, Errors: 0, Skipped: 0, Time elapsed: 0.004 s -- in org.apache.commons.lang3.reflect.[1mConstructorUtilsTest[m
[[1;34mINFO[m] Running org.apache.commons.lang3.reflect.[1mFieldUtilsTest[m
[[1;34mINFO[m] [1;32mTests run: [0;1;32m68[m, Failures: 0, Errors: 0, Skipped: 0, Time elapsed: 0.042 s -- in org.apache.commons.lang3.reflect.[1mFieldUtilsTest[m
[[1;34mINFO[m] Running org.apache.commons.lang3.reflect.[1mInheritanceUtilsTest[m
[[1;34mINFO[m] [1;32mTests run: [0;1;32m9[m, Failures: 0, Errors: 0, Skipped: 0, Time elapsed: 0.002 s -- in org.apache.commons.lang3.reflect.[1mInheritanceUtilsTest[m
[[1;34mINFO[m] Running org.apache.commons.lang3.reflect.[1mTypeLiteralTest[m
[[1;34mINFO[m] [1;32mTests run: [0;1;32m4[m, Failures: 0, Errors: 0, Skipped: 0, Time elapsed: 0.007 s -- in org.apache.commons.lang3.reflect.[1mTypeLiteralTest[m
[[1;34mINFO[m] Running org.apache.commons.lang3.reflect.[1mTypeUtilsTest[m
[[1;33mWARNING[m] [1;33mTests [0;1mrun: [0;1m391[m, Failures: 0, Errors: 0, [1;33mSkipped: [0;1;33m1[m, Time elapsed: 0.141 s -- in org.apache.commons.lang3.reflect.[1mTypeUtilsTest[m
[[1;34mINFO[m] Running org.apache.commons.lang3.[1mArraySorterTest[m
[[1;34mINFO[m] [1;32mTests run: [0;1;32m9[m, Failures: 0, Errors: 0, Skipped: 0, Time elapsed: 0.002 s -- in org.apache.commons.lang3.[1mArraySorterTest[m
[[1;34mINFO[m] Running org.apache.commons.lang3.[1mArrayUtilsInsertTest[m
[[1;34mINFO[m] [1;32mTests run: [0;1;32m9[m, Failures: 0, Errors: 0, Skipped: 0, Time elapsed: 0.004 s -- in org.apache.commons.lang3.[1mArrayUtilsInsertTest[m
[[1;34mINFO[m] Running org.apache.commons.lang3.[1mThreadUtilsTest[m
[[1;34mINFO[m] [1;32mTests run: [0;1;32m32[m, Failures: 0, Errors: 0, Skipped: 0, Time elapsed: 0.029 s -- in org.apache.commons.lang3.[1mThreadUtilsTest[m
[[1;34mINFO[m] Running org.apache.commons.lang3.[1mStringUtilsSubstringTest[m
[[1;34mINFO[m] [1;32mTests run: [0;1;32m17[m, Failures: 0, Errors: 0, Skipped: 0, Time elapsed: 0.004 s -- in org.apache.commons.lang3.[1mStringUtilsSubstringTest[m
[[1;34mINFO[m] Running org.apache.commons.lang3.exception.[1mCloneFailedExceptionTest[m
[[1;34mINFO[m] [1;32mTests run: [0;1;32m6[m, Failures: 0, Errors: 0, Skipped: 0, Time elapsed: 0.003 s -- in org.apache.commons.lang3.exception.[1mCloneFailedExceptionTest[m
[[1;34mINFO[m] Running org.apache.commons.lang3.exception.[1mContextedRuntimeExceptionTest[m
[[1;34mINFO[m] [1;32mTests run: [0;1;32m14[m, Failures: 0, Errors: 0, Skipped: 0, Time elapsed: 0.018 s -- in org.apache.commons.lang3.exception.[1mContextedRuntimeExceptionTest[m
[[1;34mINFO[m] Running org.apache.commons.lang3.exception.[1mDefaultExceptionContextTest[m
[[1;34mINFO[m] [1;32mTests run: [0;1;32m10[m, Failures: 0, Errors: 0, Skipped: 0, Time elapsed: 0.005 s -- in org.apache.commons.lang3.exception.[1mDefaultExceptionContextTest[m
[[1;34mINFO[m] Running org.apache.commons.lang3.exception.[1mExceptionUtilsTest[m
[[1;34mINFO[m] [1;32mTests run: [0;1;32m64[m, Failures: 0, Errors: 0, Skipped: 0, Time elapsed: 0.029 s -- in org.apache.commons.lang3.exception.[1mExceptionUtilsTest[m
[[1;34mINFO[m] Running org.apache.commons.lang3.exception.[1mContextedExceptionTest[m
[[1;34mINFO[m] [1;32mTests run: [0;1;32m15[m, Failures: 0, Errors: 0, Skipped: 0, Time elapsed: 0.010 s -- in org.apache.commons.lang3.exception.[1mContextedExceptionTest[m
[[1;34mINFO[m] Running org.apache.commons.lang3.exception.[1mUncheckedIllegalAccessExceptionTest[m
[[1;34mINFO[m] [1;32mTests run: [0;1;32m1[m, Failures: 0, Errors: 0, Skipped: 0, Time elapsed: 0 s -- in org.apache.commons.lang3.exception.[1mUncheckedIllegalAccessExceptionTest[m
[[1;34mINFO[m] Running org.apache.commons.lang3.exception.[1mUncheckedReflectiveOperationExceptionTest[m
[[1;34mINFO[m] [1;32mTests run: [0;1;32m1[m, Failures: 0, Errors: 0, Skipped: 0, Time elapsed: 0.001 s -- in org.apache.commons.lang3.exception.[1mUncheckedReflectiveOperationExceptionTest[m
[[1;34mINFO[m] Running org.apache.commons.lang3.exception.[1mUncheckedInterruptedExceptionTest[m
[[1;34mINFO[m] [1;32mTests run: [0;1;32m1[m, Failures: 0, Errors: 0, Skipped: 0, Time elapsed: 0 s -- in org.apache.commons.lang3.exception.[1mUncheckedInterruptedExceptionTest[m
[[1;34mINFO[m] Running org.apache.commons.lang3.exception.[1mUncheckedExceptionTest[m
[[1;34mINFO[m] [1;32mTests run: [0;1;32m1[m, Failures: 0, Errors: 0, Skipped: 0, Time elapsed: 0 s -- in org.apache.commons.lang3.exception.[1mUncheckedExceptionTest[m
[[1;34mINFO[m] Running org.apache.commons.lang3.[1mStringsTest[m
[[1;34mINFO[m] [1;32mTests run: [0;1;32m9[m, Failures: 0, Errors: 0, Skipped: 0, Time elapsed: 0.004 s -- in org.apache.commons.lang3.[1mStringsTest[m
[[1;34mINFO[m] Running org.apache.commons.lang3.[1mArrayUtilsAddTest[m
[[1;34mINFO[m] [1;32mTests run: [0;1;32m22[m, Failures: 0, Errors: 0, Skipped: 0, Time elapsed: 0.008 s -- in org.apache.commons.lang3.[1mArrayUtilsAddTest[m
[[1;34mINFO[m]
[[1;34mINFO[m] Results:
[[1;34mINFO[m]
[[1;33mWARNING[m] [1;33mTests run: 57443, Failures: 0, Errors: 0, Skipped: 13[m
[[1;34mINFO[m]
[[1;34mINFO[m] [1m------------------------------------------------------------------------[m
[[1;34mINFO[m] [1;32mBUILD SUCCESS[m
[[1;34mINFO[m] [1m------------------------------------------------------------------------[m
[[1;34mINFO[m] Total time:  03:57 min
[[1;34mINFO[m] Finished at: 2025-10-12T14:52:13-07:00
[[1;34mINFO[m] [1m------------------------------------------------------------------------[m
