-- The CXX compiler identification is Clang 14.0.6
-- Detecting CXX compiler ABI info
-- Detecting CXX compiler ABI info - done
-- Check for working CXX compiler: /usr/bin/clang++-14 - skipped
-- Detecting CXX compile features
-- Detecting CXX compile features - done
-- Dynamically linking with Boost
-- Found Boost: /usr/lib/x86_64-linux-gnu/cmake/Boost-1.83.0/BoostConfig.cmake (found version "1.83.0")
-- Performing Test CMAKE_HAVE_LIBC_PTHREAD
-- Performing Test CMAKE_HAVE_LIBC_PTHREAD - Success
-- Found Threads: TRUE
-- Found ZLIB: /usr/lib/x86_64-linux-gnu/libz.so (found version "1.3")
-- Found Boost: /usr/lib/x86_64-linux-gnu/cmake/Boost-1.83.0/BoostConfig.cmake (found version "1.83.0") found components: unit_test_framework
-- Could NOT find Doxygen (missing: DOXYGEN_EXECUTABLE)
-- Configuring done (1.2s)
-- Generating done (0.1s)
-- Build files have been written to: /app/clang++-14-build
[  1%] Building CXX object test/CMakeFiles/array_ref.dir/array_ref.cpp.o
[  2%] Linking CXX executable array_ref
[  2%] Built target array_ref
[  3%] Building CXX object test/CMakeFiles/boost_fusion.dir/boost_fusion.cpp.o
[  5%] Linking CXX executable boost_fusion
[  5%] Built target boost_fusion
[  6%] Building CXX object test/CMakeFiles/boost_optional.dir/boost_optional.cpp.o
[  7%] Linking CXX executable boost_optional
[  7%] Built target boost_optional
[  9%] Building CXX object test/CMakeFiles/boost_string_ref.dir/boost_string_ref.cpp.o
[ 10%] Linking CXX executable boost_string_ref
[ 10%] Built target boost_string_ref
[ 11%] Building CXX object test/CMakeFiles/boost_string_view.dir/boost_string_view.cpp.o
[ 12%] Linking CXX executable boost_string_view
[ 12%] Built target boost_string_view
[ 14%] Building CXX object test/CMakeFiles/buffer.dir/buffer.cpp.o
[ 15%] Linking CXX executable buffer
[ 15%] Built target buffer
[ 16%] Building CXX object test/CMakeFiles/carray.dir/carray.cpp.o
[ 18%] Linking CXX executable carray
[ 18%] Built target carray
[ 19%] Building CXX object test/CMakeFiles/cases.dir/cases.cpp.o
[ 20%] Linking CXX executable cases
[ 20%] Built target cases
[ 22%] Building CXX object test/CMakeFiles/convert.dir/convert.cpp.o
[ 23%] Linking CXX executable convert
[ 23%] Built target convert
[ 24%] Building CXX object test/CMakeFiles/fixint.dir/fixint.cpp.o
[ 25%] Linking CXX executable fixint
[ 25%] Built target fixint
[ 27%] Building CXX object test/CMakeFiles/inc_adaptor_define.dir/inc_adaptor_define.cpp.o
[ 28%] Linking CXX executable inc_adaptor_define
[ 28%] Built target inc_adaptor_define
[ 29%] Building CXX object test/CMakeFiles/json.dir/json.cpp.o
[ 31%] Linking CXX executable json
[ 31%] Built target json
[ 32%] Building CXX object test/CMakeFiles/limit.dir/limit.cpp.o
[ 33%] Linking CXX executable limit
[ 33%] Built target limit
[ 35%] Building CXX object test/CMakeFiles/msgpack_basic.dir/msgpack_basic.cpp.o
[ 36%] Linking CXX executable msgpack_basic
[ 36%] Built target msgpack_basic
[ 37%] Building CXX object test/CMakeFiles/msgpack_container.dir/msgpack_container.cpp.o
[ 38%] Linking CXX executable msgpack_container
[ 38%] Built target msgpack_container
[ 40%] Building CXX object test/CMakeFiles/msgpack_stream.dir/msgpack_stream.cpp.o
[ 41%] Linking CXX executable msgpack_stream
[ 41%] Built target msgpack_stream
[ 42%] Building CXX object test/CMakeFiles/msgpack_tuple.dir/msgpack_tuple.cpp.o
[ 44%] Linking CXX executable msgpack_tuple
[ 44%] Built target msgpack_tuple
[ 45%] Building CXX object test/CMakeFiles/msgpack_vref.dir/msgpack_vref.cpp.o
[ 46%] Linking CXX executable msgpack_vref
[ 46%] Built target msgpack_vref
[ 48%] Building CXX object test/CMakeFiles/object.dir/object.cpp.o
[ 49%] Linking CXX executable object
[ 49%] Built target object
[ 50%] Building CXX object test/CMakeFiles/object_with_zone.dir/object_with_zone.cpp.o
[ 51%] Linking CXX executable object_with_zone
[ 51%] Built target object_with_zone
[ 53%] Building CXX object test/CMakeFiles/pack_unpack.dir/pack_unpack.cpp.o
[ 54%] Linking CXX executable pack_unpack
[ 54%] Built target pack_unpack
[ 55%] Building CXX object test/CMakeFiles/raw.dir/raw.cpp.o
[ 57%] Linking CXX executable raw
[ 57%] Built target raw
[ 58%] Building CXX object test/CMakeFiles/reference.dir/reference.cpp.o
[ 59%] Linking CXX executable reference
[ 59%] Built target reference
[ 61%] Building CXX object test/CMakeFiles/size_equal_only.dir/size_equal_only.cpp.o
[ 62%] Linking CXX executable size_equal_only
[ 62%] Built target size_equal_only
[ 63%] Building CXX object test/CMakeFiles/streaming.dir/streaming.cpp.o
[ 64%] Linking CXX executable streaming
[ 64%] Built target streaming
[ 66%] Building CXX object test/CMakeFiles/user_class.dir/user_class.cpp.o
[ 67%] Linking CXX executable user_class
[ 67%] Built target user_class
[ 68%] Building CXX object test/CMakeFiles/version.dir/version.cpp.o
[ 70%] Linking CXX executable version
[ 70%] Built target version
[ 71%] Building CXX object test/CMakeFiles/visitor.dir/visitor.cpp.o
[ 72%] Linking CXX executable visitor
[ 72%] Built target visitor
[ 74%] Building CXX object test/CMakeFiles/zone.dir/zone.cpp.o
[ 75%] Linking CXX executable zone
[ 75%] Built target zone
[ 76%] Building CXX object test/CMakeFiles/boost_variant.dir/boost_variant.cpp.o
[ 77%] Linking CXX executable boost_variant
[ 77%] Built target boost_variant
[ 79%] Building CXX object test/CMakeFiles/iterator_cpp11.dir/iterator_cpp11.cpp.o
[ 80%] Linking CXX executable iterator_cpp11
[ 80%] Built target iterator_cpp11
[ 81%] Building CXX object test/CMakeFiles/msgpack_cpp11.dir/msgpack_cpp11.cpp.o
[ 83%] Linking CXX executable msgpack_cpp11
[ 83%] Built target msgpack_cpp11
[ 84%] Building CXX object test/CMakeFiles/reference_cpp11.dir/reference_cpp11.cpp.o
[ 85%] Linking CXX executable reference_cpp11
[ 85%] Built target reference_cpp11
[ 87%] Building CXX object test/CMakeFiles/reference_wrapper_cpp11.dir/reference_wrapper_cpp11.cpp.o
[ 88%] Linking CXX executable reference_wrapper_cpp11
[ 88%] Built target reference_wrapper_cpp11
[ 89%] Building CXX object test/CMakeFiles/shared_ptr_cpp11.dir/shared_ptr_cpp11.cpp.o
[ 90%] Linking CXX executable shared_ptr_cpp11
[ 90%] Built target shared_ptr_cpp11
[ 92%] Building CXX object test/CMakeFiles/unique_ptr_cpp11.dir/unique_ptr_cpp11.cpp.o
[ 93%] Linking CXX executable unique_ptr_cpp11
[ 93%] Built target unique_ptr_cpp11
[ 94%] Building CXX object test/CMakeFiles/fuzz_unpack_pack_fuzzer_cpp11.dir/fuzz_unpack_pack_fuzzer_cpp11.cpp.o
[ 96%] Linking CXX executable fuzz_unpack_pack_fuzzer_cpp11
[ 96%] Built target fuzz_unpack_pack_fuzzer_cpp11
[ 97%] Building CXX object test/CMakeFiles/multi_file.dir/multi_file1.cpp.o
[ 98%] Building CXX object test/CMakeFiles/multi_file.dir/multi_file2.cpp.o
[100%] Linking CXX executable multi_file
[100%] Built target multi_file
Install the project...
-- Install configuration: ""
-- Installing: /app/clang++-14-prefix/include
-- Installing: /app/clang++-14-prefix/include/msgpack
-- Installing: /app/clang++-14-prefix/include/msgpack/fbuffer_decl.hpp
-- Installing: /app/clang++-14-prefix/include/msgpack/type.hpp
-- Installing: /app/clang++-14-prefix/include/msgpack/vrefbuffer_decl.hpp
-- Installing: /app/clang++-14-prefix/include/msgpack/v2
-- Installing: /app/clang++-14-prefix/include/msgpack/v2/fbuffer_decl.hpp
-- Installing: /app/clang++-14-prefix/include/msgpack/v2/vrefbuffer_decl.hpp
-- Installing: /app/clang++-14-prefix/include/msgpack/v2/x3_unpack.hpp
-- Installing: /app/clang++-14-prefix/include/msgpack/v2/meta_decl.hpp
-- Installing: /app/clang++-14-prefix/include/msgpack/v2/x3_parse.hpp
-- Installing: /app/clang++-14-prefix/include/msgpack/v2/zbuffer_decl.hpp
-- Installing: /app/clang++-14-prefix/include/msgpack/v2/unpack_decl.hpp
-- Installing: /app/clang++-14-prefix/include/msgpack/v2/x3_parse_decl.hpp
-- Installing: /app/clang++-14-prefix/include/msgpack/v2/object_fwd_decl.hpp
-- Installing: /app/clang++-14-prefix/include/msgpack/v2/null_visitor_decl.hpp
-- Installing: /app/clang++-14-prefix/include/msgpack/v2/object_decl.hpp
-- Installing: /app/clang++-14-prefix/include/msgpack/v2/unpack.hpp
-- Installing: /app/clang++-14-prefix/include/msgpack/v2/object_fwd.hpp
-- Installing: /app/clang++-14-prefix/include/msgpack/v2/x3_unpack_decl.hpp
-- Installing: /app/clang++-14-prefix/include/msgpack/v2/create_object_visitor.hpp
-- Installing: /app/clang++-14-prefix/include/msgpack/v2/iterator_decl.hpp
-- Installing: /app/clang++-14-prefix/include/msgpack/v2/parse_return.hpp
-- Installing: /app/clang++-14-prefix/include/msgpack/v2/create_object_visitor_decl.hpp
-- Installing: /app/clang++-14-prefix/include/msgpack/v2/parse_decl.hpp
-- Installing: /app/clang++-14-prefix/include/msgpack/v2/zone_decl.hpp
-- Installing: /app/clang++-14-prefix/include/msgpack/v2/null_visitor.hpp
-- Installing: /app/clang++-14-prefix/include/msgpack/v2/adaptor
-- Installing: /app/clang++-14-prefix/include/msgpack/v2/adaptor/map_decl.hpp
-- Installing: /app/clang++-14-prefix/include/msgpack/v2/adaptor/ext_decl.hpp
-- Installing: /app/clang++-14-prefix/include/msgpack/v2/adaptor/raw_decl.hpp
-- Installing: /app/clang++-14-prefix/include/msgpack/v2/adaptor/boost
-- Installing: /app/clang++-14-prefix/include/msgpack/v2/adaptor/boost/msgpack_variant_decl.hpp
-- Installing: /app/clang++-14-prefix/include/msgpack/v2/adaptor/int_decl.hpp
-- Installing: /app/clang++-14-prefix/include/msgpack/v2/adaptor/v4raw_decl.hpp
-- Installing: /app/clang++-14-prefix/include/msgpack/v2/adaptor/check_container_size_decl.hpp
-- Installing: /app/clang++-14-prefix/include/msgpack/v2/adaptor/fixint_decl.hpp
-- Installing: /app/clang++-14-prefix/include/msgpack/v2/adaptor/array_ref_decl.hpp
-- Installing: /app/clang++-14-prefix/include/msgpack/v2/adaptor/msgpack_tuple_decl.hpp
-- Installing: /app/clang++-14-prefix/include/msgpack/v2/adaptor/adaptor_base.hpp
-- Installing: /app/clang++-14-prefix/include/msgpack/v2/adaptor/define_decl.hpp
-- Installing: /app/clang++-14-prefix/include/msgpack/v2/adaptor/nil_decl.hpp
-- Installing: /app/clang++-14-prefix/include/msgpack/v2/adaptor/adaptor_base_decl.hpp
-- Installing: /app/clang++-14-prefix/include/msgpack/v2/adaptor/size_equal_only_decl.hpp
-- Installing: /app/clang++-14-prefix/include/msgpack/v2/adaptor/detail
-- Installing: /app/clang++-14-prefix/include/msgpack/v2/adaptor/detail/cpp03_msgpack_tuple_decl.hpp
-- Installing: /app/clang++-14-prefix/include/msgpack/v2/adaptor/detail/cpp03_define_array_decl.hpp
-- Installing: /app/clang++-14-prefix/include/msgpack/v2/adaptor/detail/cpp11_msgpack_tuple_decl.hpp
-- Installing: /app/clang++-14-prefix/include/msgpack/v2/adaptor/detail/cpp03_define_map_decl.hpp
-- Installing: /app/clang++-14-prefix/include/msgpack/v2/adaptor/detail/cpp11_define_array_decl.hpp
-- Installing: /app/clang++-14-prefix/include/msgpack/v2/adaptor/detail/cpp11_define_map_decl.hpp
-- Installing: /app/clang++-14-prefix/include/msgpack/v2/object.hpp
-- Installing: /app/clang++-14-prefix/include/msgpack/v2/sbuffer_decl.hpp
-- Installing: /app/clang++-14-prefix/include/msgpack/v2/pack_decl.hpp
-- Installing: /app/clang++-14-prefix/include/msgpack/v2/cpp_config_decl.hpp
-- Installing: /app/clang++-14-prefix/include/msgpack/v2/parse.hpp
-- Installing: /app/clang++-14-prefix/include/msgpack/v2/detail
-- Installing: /app/clang++-14-prefix/include/msgpack/v2/detail/cpp03_zone_decl.hpp
-- Installing: /app/clang++-14-prefix/include/msgpack/v2/detail/cpp11_zone_decl.hpp
-- Installing: /app/clang++-14-prefix/include/msgpack/cpp_version.hpp
-- Installing: /app/clang++-14-prefix/include/msgpack/x3_unpack.hpp
-- Installing: /app/clang++-14-prefix/include/msgpack/meta_decl.hpp
-- Installing: /app/clang++-14-prefix/include/msgpack/x3_parse.hpp
-- Installing: /app/clang++-14-prefix/include/msgpack/zbuffer_decl.hpp
-- Installing: /app/clang++-14-prefix/include/msgpack/unpack_decl.hpp
-- Installing: /app/clang++-14-prefix/include/msgpack/sbuffer.hpp
-- Installing: /app/clang++-14-prefix/include/msgpack/x3_parse_decl.hpp
-- Installing: /app/clang++-14-prefix/include/msgpack/iterator.hpp
-- Installing: /app/clang++-14-prefix/include/msgpack/version.hpp
-- Installing: /app/clang++-14-prefix/include/msgpack/assert.hpp
-- Installing: /app/clang++-14-prefix/include/msgpack/v1
-- Installing: /app/clang++-14-prefix/include/msgpack/v1/fbuffer_decl.hpp
-- Installing: /app/clang++-14-prefix/include/msgpack/v1/vrefbuffer_decl.hpp
-- Installing: /app/clang++-14-prefix/include/msgpack/v1/meta_decl.hpp
-- Installing: /app/clang++-14-prefix/include/msgpack/v1/zbuffer_decl.hpp
-- Installing: /app/clang++-14-prefix/include/msgpack/v1/unpack_decl.hpp
-- Installing: /app/clang++-14-prefix/include/msgpack/v1/sbuffer.hpp
-- Installing: /app/clang++-14-prefix/include/msgpack/v1/iterator.hpp
-- Installing: /app/clang++-14-prefix/include/msgpack/v1/version.hpp
-- Installing: /app/clang++-14-prefix/include/msgpack/v1/object_fwd_decl.hpp
-- Installing: /app/clang++-14-prefix/include/msgpack/v1/cpp_config.hpp
-- Installing: /app/clang++-14-prefix/include/msgpack/v1/object_decl.hpp
-- Installing: /app/clang++-14-prefix/include/msgpack/v1/unpack.hpp
-- Installing: /app/clang++-14-prefix/include/msgpack/v1/object_fwd.hpp
-- Installing: /app/clang++-14-prefix/include/msgpack/v1/iterator_decl.hpp
-- Installing: /app/clang++-14-prefix/include/msgpack/v1/parse_return.hpp
-- Installing: /app/clang++-14-prefix/include/msgpack/v1/meta.hpp
-- Installing: /app/clang++-14-prefix/include/msgpack/v1/zone_decl.hpp
-- Installing: /app/clang++-14-prefix/include/msgpack/v1/versioning.hpp
-- Installing: /app/clang++-14-prefix/include/msgpack/v1/unpack_exception.hpp
-- Installing: /app/clang++-14-prefix/include/msgpack/v1/zone.hpp
-- Installing: /app/clang++-14-prefix/include/msgpack/v1/adaptor
-- Installing: /app/clang++-14-prefix/include/msgpack/v1/adaptor/map_decl.hpp
-- Installing: /app/clang++-14-prefix/include/msgpack/v1/adaptor/ext_decl.hpp
-- Installing: /app/clang++-14-prefix/include/msgpack/v1/adaptor/raw_decl.hpp
-- Installing: /app/clang++-14-prefix/include/msgpack/v1/adaptor/v4raw.hpp
-- Installing: /app/clang++-14-prefix/include/msgpack/v1/adaptor/wstring.hpp
-- Installing: /app/clang++-14-prefix/include/msgpack/v1/adaptor/boost
-- Installing: /app/clang++-14-prefix/include/msgpack/v1/adaptor/boost/fusion.hpp
-- Installing: /app/clang++-14-prefix/include/msgpack/v1/adaptor/boost/msgpack_variant.hpp
-- Installing: /app/clang++-14-prefix/include/msgpack/v1/adaptor/boost/optional.hpp
-- Installing: /app/clang++-14-prefix/include/msgpack/v1/adaptor/boost/string_ref.hpp
-- Installing: /app/clang++-14-prefix/include/msgpack/v1/adaptor/boost/msgpack_variant_decl.hpp
-- Installing: /app/clang++-14-prefix/include/msgpack/v1/adaptor/boost/string_view.hpp
-- Installing: /app/clang++-14-prefix/include/msgpack/v1/adaptor/float.hpp
-- Installing: /app/clang++-14-prefix/include/msgpack/v1/adaptor/raw.hpp
-- Installing: /app/clang++-14-prefix/include/msgpack/v1/adaptor/int_decl.hpp
-- Installing: /app/clang++-14-prefix/include/msgpack/v1/adaptor/carray.hpp
-- Installing: /app/clang++-14-prefix/include/msgpack/v1/adaptor/array_ref.hpp
-- Installing: /app/clang++-14-prefix/include/msgpack/v1/adaptor/msgpack_tuple.hpp
-- Installing: /app/clang++-14-prefix/include/msgpack/v1/adaptor/ext.hpp
-- Installing: /app/clang++-14-prefix/include/msgpack/v1/adaptor/bool.hpp
-- Installing: /app/clang++-14-prefix/include/msgpack/v1/adaptor/cpp20
-- Installing: /app/clang++-14-prefix/include/msgpack/v1/adaptor/cpp20/span.hpp
-- Installing: /app/clang++-14-prefix/include/msgpack/v1/adaptor/map.hpp
-- Installing: /app/clang++-14-prefix/include/msgpack/v1/adaptor/vector_char.hpp
-- Installing: /app/clang++-14-prefix/include/msgpack/v1/adaptor/v4raw_decl.hpp
-- Installing: /app/clang++-14-prefix/include/msgpack/v1/adaptor/tr1
-- Installing: /app/clang++-14-prefix/include/msgpack/v1/adaptor/tr1/unordered_set.hpp
-- Installing: /app/clang++-14-prefix/include/msgpack/v1/adaptor/tr1/unordered_map.hpp
-- Installing: /app/clang++-14-prefix/include/msgpack/v1/adaptor/check_container_size_decl.hpp
-- Installing: /app/clang++-14-prefix/include/msgpack/v1/adaptor/int.hpp
-- Installing: /app/clang++-14-prefix/include/msgpack/v1/adaptor/complex.hpp
-- Installing: /app/clang++-14-prefix/include/msgpack/v1/adaptor/char_ptr.hpp
-- Installing: /app/clang++-14-prefix/include/msgpack/v1/adaptor/fixint_decl.hpp
-- Installing: /app/clang++-14-prefix/include/msgpack/v1/adaptor/define.hpp
-- Installing: /app/clang++-14-prefix/include/msgpack/v1/adaptor/array_ref_decl.hpp
-- Installing: /app/clang++-14-prefix/include/msgpack/v1/adaptor/vector.hpp
-- Installing: /app/clang++-14-prefix/include/msgpack/v1/adaptor/cpp11
-- Installing: /app/clang++-14-prefix/include/msgpack/v1/adaptor/cpp11/chrono.hpp
-- Installing: /app/clang++-14-prefix/include/msgpack/v1/adaptor/cpp11/array_char.hpp
-- Installing: /app/clang++-14-prefix/include/msgpack/v1/adaptor/cpp11/tuple.hpp
-- Installing: /app/clang++-14-prefix/include/msgpack/v1/adaptor/cpp11/unordered_set.hpp
-- Installing: /app/clang++-14-prefix/include/msgpack/v1/adaptor/cpp11/forward_list.hpp
-- Installing: /app/clang++-14-prefix/include/msgpack/v1/adaptor/cpp11/reference_wrapper.hpp
-- Installing: /app/clang++-14-prefix/include/msgpack/v1/adaptor/cpp11/timespec.hpp
-- Installing: /app/clang++-14-prefix/include/msgpack/v1/adaptor/cpp11/array_unsigned_char.hpp
-- Installing: /app/clang++-14-prefix/include/msgpack/v1/adaptor/cpp11/unordered_map.hpp
-- Installing: /app/clang++-14-prefix/include/msgpack/v1/adaptor/cpp11/array.hpp
-- Installing: /app/clang++-14-prefix/include/msgpack/v1/adaptor/cpp11/shared_ptr.hpp
-- Installing: /app/clang++-14-prefix/include/msgpack/v1/adaptor/cpp11/unique_ptr.hpp
-- Installing: /app/clang++-14-prefix/include/msgpack/v1/adaptor/string.hpp
-- Installing: /app/clang++-14-prefix/include/msgpack/v1/adaptor/msgpack_tuple_decl.hpp
-- Installing: /app/clang++-14-prefix/include/msgpack/v1/adaptor/pair.hpp
-- Installing: /app/clang++-14-prefix/include/msgpack/v1/adaptor/cpp17
-- Installing: /app/clang++-14-prefix/include/msgpack/v1/adaptor/cpp17/carray_byte.hpp
-- Installing: /app/clang++-14-prefix/include/msgpack/v1/adaptor/cpp17/variant.hpp
-- Installing: /app/clang++-14-prefix/include/msgpack/v1/adaptor/cpp17/optional.hpp
-- Installing: /app/clang++-14-prefix/include/msgpack/v1/adaptor/cpp17/array_byte.hpp
-- Installing: /app/clang++-14-prefix/include/msgpack/v1/adaptor/cpp17/byte.hpp
-- Installing: /app/clang++-14-prefix/include/msgpack/v1/adaptor/cpp17/string_view.hpp
-- Installing: /app/clang++-14-prefix/include/msgpack/v1/adaptor/cpp17/vector_byte.hpp
-- Installing: /app/clang++-14-prefix/include/msgpack/v1/adaptor/deque.hpp
-- Installing: /app/clang++-14-prefix/include/msgpack/v1/adaptor/list.hpp
-- Installing: /app/clang++-14-prefix/include/msgpack/v1/adaptor/vector_unsigned_char.hpp
-- Installing: /app/clang++-14-prefix/include/msgpack/v1/adaptor/adaptor_base.hpp
-- Installing: /app/clang++-14-prefix/include/msgpack/v1/adaptor/fixint.hpp
-- Installing: /app/clang++-14-prefix/include/msgpack/v1/adaptor/define_decl.hpp
-- Installing: /app/clang++-14-prefix/include/msgpack/v1/adaptor/nil_decl.hpp
-- Installing: /app/clang++-14-prefix/include/msgpack/v1/adaptor/adaptor_base_decl.hpp
-- Installing: /app/clang++-14-prefix/include/msgpack/v1/adaptor/set.hpp
-- Installing: /app/clang++-14-prefix/include/msgpack/v1/adaptor/size_equal_only.hpp
-- Installing: /app/clang++-14-prefix/include/msgpack/v1/adaptor/vector_bool.hpp
-- Installing: /app/clang++-14-prefix/include/msgpack/v1/adaptor/size_equal_only_decl.hpp
-- Installing: /app/clang++-14-prefix/include/msgpack/v1/adaptor/nil.hpp
-- Installing: /app/clang++-14-prefix/include/msgpack/v1/adaptor/detail
-- Installing: /app/clang++-14-prefix/include/msgpack/v1/adaptor/detail/cpp03_msgpack_tuple_decl.hpp
-- Installing: /app/clang++-14-prefix/include/msgpack/v1/adaptor/detail/cpp03_define_array_decl.hpp
-- Installing: /app/clang++-14-prefix/include/msgpack/v1/adaptor/detail/cpp11_convert_helper.hpp
-- Installing: /app/clang++-14-prefix/include/msgpack/v1/adaptor/detail/cpp03_define_map.hpp
-- Installing: /app/clang++-14-prefix/include/msgpack/v1/adaptor/detail/cpp11_msgpack_tuple.hpp
-- Installing: /app/clang++-14-prefix/include/msgpack/v1/adaptor/detail/cpp11_msgpack_tuple_decl.hpp
-- Installing: /app/clang++-14-prefix/include/msgpack/v1/adaptor/detail/cpp03_msgpack_tuple.hpp
-- Installing: /app/clang++-14-prefix/include/msgpack/v1/adaptor/detail/cpp11_define_array.hpp
-- Installing: /app/clang++-14-prefix/include/msgpack/v1/adaptor/detail/cpp11_define_map.hpp
-- Installing: /app/clang++-14-prefix/include/msgpack/v1/adaptor/detail/cpp03_define_array.hpp
-- Installing: /app/clang++-14-prefix/include/msgpack/v1/adaptor/detail/cpp03_define_map_decl.hpp
-- Installing: /app/clang++-14-prefix/include/msgpack/v1/adaptor/detail/cpp11_define_array_decl.hpp
-- Installing: /app/clang++-14-prefix/include/msgpack/v1/adaptor/detail/cpp11_define_map_decl.hpp
-- Installing: /app/clang++-14-prefix/include/msgpack/v1/adaptor/check_container_size.hpp
-- Installing: /app/clang++-14-prefix/include/msgpack/v1/fbuffer.hpp
-- Installing: /app/clang++-14-prefix/include/msgpack/v1/zbuffer.hpp
-- Installing: /app/clang++-14-prefix/include/msgpack/v1/object.hpp
-- Installing: /app/clang++-14-prefix/include/msgpack/v1/sbuffer_decl.hpp
-- Installing: /app/clang++-14-prefix/include/msgpack/v1/pack_decl.hpp
-- Installing: /app/clang++-14-prefix/include/msgpack/v1/cpp_config_decl.hpp
-- Installing: /app/clang++-14-prefix/include/msgpack/v1/pack.hpp
-- Installing: /app/clang++-14-prefix/include/msgpack/v1/vrefbuffer.hpp
-- Installing: /app/clang++-14-prefix/include/msgpack/v1/detail
-- Installing: /app/clang++-14-prefix/include/msgpack/v1/detail/cpp03_zone.hpp
-- Installing: /app/clang++-14-prefix/include/msgpack/v1/detail/cpp11_zone.hpp
-- Installing: /app/clang++-14-prefix/include/msgpack/v1/detail/cpp03_zone_decl.hpp
-- Installing: /app/clang++-14-prefix/include/msgpack/v1/detail/cpp11_zone_decl.hpp
-- Installing: /app/clang++-14-prefix/include/msgpack/object_fwd_decl.hpp
-- Installing: /app/clang++-14-prefix/include/msgpack/null_visitor_decl.hpp
-- Installing: /app/clang++-14-prefix/include/msgpack/cpp_config.hpp
-- Installing: /app/clang++-14-prefix/include/msgpack/object_decl.hpp
-- Installing: /app/clang++-14-prefix/include/msgpack/unpack.hpp
-- Installing: /app/clang++-14-prefix/include/msgpack/object_fwd.hpp
-- Installing: /app/clang++-14-prefix/include/msgpack/x3_unpack_decl.hpp
-- Installing: /app/clang++-14-prefix/include/msgpack/create_object_visitor.hpp
-- Installing: /app/clang++-14-prefix/include/msgpack/iterator_decl.hpp
-- Installing: /app/clang++-14-prefix/include/msgpack/parse_return.hpp
-- Installing: /app/clang++-14-prefix/include/msgpack/preprocessor
-- Installing: /app/clang++-14-prefix/include/msgpack/preprocessor/selection
-- Installing: /app/clang++-14-prefix/include/msgpack/preprocessor/selection/min.hpp
-- Installing: /app/clang++-14-prefix/include/msgpack/preprocessor/selection/max.hpp
-- Installing: /app/clang++-14-prefix/include/msgpack/preprocessor/punctuation.hpp
-- Installing: /app/clang++-14-prefix/include/msgpack/preprocessor/array
-- Installing: /app/clang++-14-prefix/include/msgpack/preprocessor/array/insert.hpp
-- Installing: /app/clang++-14-prefix/include/msgpack/preprocessor/array/replace.hpp
-- Installing: /app/clang++-14-prefix/include/msgpack/preprocessor/array/push_back.hpp
-- Installing: /app/clang++-14-prefix/include/msgpack/preprocessor/array/data.hpp
-- Installing: /app/clang++-14-prefix/include/msgpack/preprocessor/array/remove.hpp
-- Installing: /app/clang++-14-prefix/include/msgpack/preprocessor/array/pop_back.hpp
-- Installing: /app/clang++-14-prefix/include/msgpack/preprocessor/array/enum.hpp
-- Installing: /app/clang++-14-prefix/include/msgpack/preprocessor/array/to_seq.hpp
-- Installing: /app/clang++-14-prefix/include/msgpack/preprocessor/array/to_list.hpp
-- Installing: /app/clang++-14-prefix/include/msgpack/preprocessor/array/elem.hpp
-- Installing: /app/clang++-14-prefix/include/msgpack/preprocessor/array/to_tuple.hpp
-- Installing: /app/clang++-14-prefix/include/msgpack/preprocessor/array/reverse.hpp
-- Installing: /app/clang++-14-prefix/include/msgpack/preprocessor/array/push_front.hpp
-- Installing: /app/clang++-14-prefix/include/msgpack/preprocessor/array/pop_front.hpp
-- Installing: /app/clang++-14-prefix/include/msgpack/preprocessor/array/size.hpp
-- Installing: /app/clang++-14-prefix/include/msgpack/preprocessor/array/detail
-- Installing: /app/clang++-14-prefix/include/msgpack/preprocessor/array/detail/get_data.hpp
-- Installing: /app/clang++-14-prefix/include/msgpack/preprocessor/expand.hpp
-- Installing: /app/clang++-14-prefix/include/msgpack/preprocessor/logical
-- Installing: /app/clang++-14-prefix/include/msgpack/preprocessor/logical/bitand.hpp
-- Installing: /app/clang++-14-prefix/include/msgpack/preprocessor/logical/bitnor.hpp
-- Installing: /app/clang++-14-prefix/include/msgpack/preprocessor/logical/or.hpp
-- Installing: /app/clang++-14-prefix/include/msgpack/preprocessor/logical/and.hpp
-- Installing: /app/clang++-14-prefix/include/msgpack/preprocessor/logical/bool.hpp
-- Installing: /app/clang++-14-prefix/include/msgpack/preprocessor/logical/bitxor.hpp
-- Installing: /app/clang++-14-prefix/include/msgpack/preprocessor/logical/not.hpp
-- Installing: /app/clang++-14-prefix/include/msgpack/preprocessor/logical/bitor.hpp
-- Installing: /app/clang++-14-prefix/include/msgpack/preprocessor/logical/nor.hpp
-- Installing: /app/clang++-14-prefix/include/msgpack/preprocessor/logical/compl.hpp
-- Installing: /app/clang++-14-prefix/include/msgpack/preprocessor/logical/xor.hpp
-- Installing: /app/clang++-14-prefix/include/msgpack/preprocessor/repeat_from_to_3rd.hpp
-- Installing: /app/clang++-14-prefix/include/msgpack/preprocessor/min.hpp
-- Installing: /app/clang++-14-prefix/include/msgpack/preprocessor/config
-- Installing: /app/clang++-14-prefix/include/msgpack/preprocessor/config/config.hpp
-- Installing: /app/clang++-14-prefix/include/msgpack/preprocessor/config/limits.hpp
-- Installing: /app/clang++-14-prefix/include/msgpack/preprocessor/variadic.hpp
-- Installing: /app/clang++-14-prefix/include/msgpack/preprocessor/max.hpp
-- Installing: /app/clang++-14-prefix/include/msgpack/preprocessor/inc.hpp
-- Installing: /app/clang++-14-prefix/include/msgpack/preprocessor/repeat_from_to_2nd.hpp
-- Installing: /app/clang++-14-prefix/include/msgpack/preprocessor/slot.hpp
-- Installing: /app/clang++-14-prefix/include/msgpack/preprocessor/cat.hpp
-- Installing: /app/clang++-14-prefix/include/msgpack/preprocessor/enum_params.hpp
-- Installing: /app/clang++-14-prefix/include/msgpack/preprocessor/repeat_2nd.hpp
-- Installing: /app/clang++-14-prefix/include/msgpack/preprocessor/tuple.hpp
-- Installing: /app/clang++-14-prefix/include/msgpack/preprocessor/selection.hpp
-- Installing: /app/clang++-14-prefix/include/msgpack/preprocessor/comparison.hpp
-- Installing: /app/clang++-14-prefix/include/msgpack/preprocessor/tuple
-- Installing: /app/clang++-14-prefix/include/msgpack/preprocessor/tuple/insert.hpp
-- Installing: /app/clang++-14-prefix/include/msgpack/preprocessor/tuple/replace.hpp
-- Installing: /app/clang++-14-prefix/include/msgpack/preprocessor/tuple/push_back.hpp
-- Installing: /app/clang++-14-prefix/include/msgpack/preprocessor/tuple/remove.hpp
-- Installing: /app/clang++-14-prefix/include/msgpack/preprocessor/tuple/pop_back.hpp
-- Installing: /app/clang++-14-prefix/include/msgpack/preprocessor/tuple/enum.hpp
-- Installing: /app/clang++-14-prefix/include/msgpack/preprocessor/tuple/to_array.hpp
-- Installing: /app/clang++-14-prefix/include/msgpack/preprocessor/tuple/to_seq.hpp
-- Installing: /app/clang++-14-prefix/include/msgpack/preprocessor/tuple/to_list.hpp
-- Installing: /app/clang++-14-prefix/include/msgpack/preprocessor/tuple/eat.hpp
-- Installing: /app/clang++-14-prefix/include/msgpack/preprocessor/tuple/elem.hpp
-- Installing: /app/clang++-14-prefix/include/msgpack/preprocessor/tuple/reverse.hpp
-- Installing: /app/clang++-14-prefix/include/msgpack/preprocessor/tuple/push_front.hpp
-- Installing: /app/clang++-14-prefix/include/msgpack/preprocessor/tuple/rem.hpp
-- Installing: /app/clang++-14-prefix/include/msgpack/preprocessor/tuple/pop_front.hpp
-- Installing: /app/clang++-14-prefix/include/msgpack/preprocessor/tuple/size.hpp
-- Installing: /app/clang++-14-prefix/include/msgpack/preprocessor/tuple/detail
-- Installing: /app/clang++-14-prefix/include/msgpack/preprocessor/tuple/detail/is_single_return.hpp
-- Installing: /app/clang++-14-prefix/include/msgpack/preprocessor/punctuation
-- Installing: /app/clang++-14-prefix/include/msgpack/preprocessor/punctuation/is_begin_parens.hpp
-- Installing: /app/clang++-14-prefix/include/msgpack/preprocessor/punctuation/comma_if.hpp
-- Installing: /app/clang++-14-prefix/include/msgpack/preprocessor/punctuation/remove_parens.hpp
-- Installing: /app/clang++-14-prefix/include/msgpack/preprocessor/punctuation/paren_if.hpp
-- Installing: /app/clang++-14-prefix/include/msgpack/preprocessor/punctuation/paren.hpp
-- Installing: /app/clang++-14-prefix/include/msgpack/preprocessor/punctuation/detail
-- Installing: /app/clang++-14-prefix/include/msgpack/preprocessor/punctuation/detail/is_begin_parens.hpp
-- Installing: /app/clang++-14-prefix/include/msgpack/preprocessor/punctuation/comma.hpp
-- Installing: /app/clang++-14-prefix/include/msgpack/preprocessor/if.hpp
-- Installing: /app/clang++-14-prefix/include/msgpack/preprocessor/facilities.hpp
-- Installing: /app/clang++-14-prefix/include/msgpack/preprocessor/logical.hpp
-- Installing: /app/clang++-14-prefix/include/msgpack/preprocessor/control.hpp
-- Installing: /app/clang++-14-prefix/include/msgpack/preprocessor/debug
-- Installing: /app/clang++-14-prefix/include/msgpack/preprocessor/debug/assert.hpp
-- Installing: /app/clang++-14-prefix/include/msgpack/preprocessor/debug/error.hpp
-- Installing: /app/clang++-14-prefix/include/msgpack/preprocessor/debug/line.hpp
-- Installing: /app/clang++-14-prefix/include/msgpack/preprocessor/repetition.hpp
-- Installing: /app/clang++-14-prefix/include/msgpack/preprocessor/arithmetic
-- Installing: /app/clang++-14-prefix/include/msgpack/preprocessor/arithmetic/div.hpp
-- Installing: /app/clang++-14-prefix/include/msgpack/preprocessor/arithmetic/inc.hpp
-- Installing: /app/clang++-14-prefix/include/msgpack/preprocessor/arithmetic/mul.hpp
-- Installing: /app/clang++-14-prefix/include/msgpack/preprocessor/arithmetic/dec.hpp
-- Installing: /app/clang++-14-prefix/include/msgpack/preprocessor/arithmetic/mod.hpp
-- Installing: /app/clang++-14-prefix/include/msgpack/preprocessor/arithmetic/add.hpp
-- Installing: /app/clang++-14-prefix/include/msgpack/preprocessor/arithmetic/sub.hpp
-- Installing: /app/clang++-14-prefix/include/msgpack/preprocessor/arithmetic/detail
-- Installing: /app/clang++-14-prefix/include/msgpack/preprocessor/arithmetic/detail/div_base.hpp
-- Installing: /app/clang++-14-prefix/include/msgpack/preprocessor/enum.hpp
-- Installing: /app/clang++-14-prefix/include/msgpack/preprocessor/enum_shifted.hpp
-- Installing: /app/clang++-14-prefix/include/msgpack/preprocessor/expr_if.hpp
-- Installing: /app/clang++-14-prefix/include/msgpack/preprocessor/comma_if.hpp
-- Installing: /app/clang++-14-prefix/include/msgpack/preprocessor/list
-- Installing: /app/clang++-14-prefix/include/msgpack/preprocessor/list/append.hpp
-- Installing: /app/clang++-14-prefix/include/msgpack/preprocessor/list/rest_n.hpp
-- Installing: /app/clang++-14-prefix/include/msgpack/preprocessor/list/fold_left.hpp
-- Installing: /app/clang++-14-prefix/include/msgpack/preprocessor/list/transform.hpp
-- Installing: /app/clang++-14-prefix/include/msgpack/preprocessor/list/cat.hpp
-- Installing: /app/clang++-14-prefix/include/msgpack/preprocessor/list/for_each_product.hpp
-- Installing: /app/clang++-14-prefix/include/msgpack/preprocessor/list/adt.hpp
-- Installing: /app/clang++-14-prefix/include/msgpack/preprocessor/list/for_each_i.hpp
-- Installing: /app/clang++-14-prefix/include/msgpack/preprocessor/list/fold_right.hpp
-- Installing: /app/clang++-14-prefix/include/msgpack/preprocessor/list/enum.hpp
-- Installing: /app/clang++-14-prefix/include/msgpack/preprocessor/list/to_array.hpp
-- Installing: /app/clang++-14-prefix/include/msgpack/preprocessor/list/to_seq.hpp
-- Installing: /app/clang++-14-prefix/include/msgpack/preprocessor/list/for_each.hpp
-- Installing: /app/clang++-14-prefix/include/msgpack/preprocessor/list/first_n.hpp
-- Installing: /app/clang++-14-prefix/include/msgpack/preprocessor/list/filter.hpp
-- Installing: /app/clang++-14-prefix/include/msgpack/preprocessor/list/to_tuple.hpp
-- Installing: /app/clang++-14-prefix/include/msgpack/preprocessor/list/reverse.hpp
-- Installing: /app/clang++-14-prefix/include/msgpack/preprocessor/list/at.hpp
-- Installing: /app/clang++-14-prefix/include/msgpack/preprocessor/list/size.hpp
-- Installing: /app/clang++-14-prefix/include/msgpack/preprocessor/list/detail
-- Installing: /app/clang++-14-prefix/include/msgpack/preprocessor/list/detail/fold_left.hpp
-- Installing: /app/clang++-14-prefix/include/msgpack/preprocessor/list/detail/fold_right.hpp
-- Installing: /app/clang++-14-prefix/include/msgpack/preprocessor/list/detail/edg
-- Installing: /app/clang++-14-prefix/include/msgpack/preprocessor/list/detail/edg/fold_left.hpp
-- Installing: /app/clang++-14-prefix/include/msgpack/preprocessor/list/detail/edg/fold_right.hpp
-- Installing: /app/clang++-14-prefix/include/msgpack/preprocessor/list/detail/dmc
-- Installing: /app/clang++-14-prefix/include/msgpack/preprocessor/list/detail/dmc/fold_left.hpp
-- Installing: /app/clang++-14-prefix/include/msgpack/preprocessor/dec.hpp
-- Installing: /app/clang++-14-prefix/include/msgpack/preprocessor/library.hpp
-- Installing: /app/clang++-14-prefix/include/msgpack/preprocessor/wstringize.hpp
-- Installing: /app/clang++-14-prefix/include/msgpack/preprocessor/facilities
-- Installing: /app/clang++-14-prefix/include/msgpack/preprocessor/facilities/expand.hpp
-- Installing: /app/clang++-14-prefix/include/msgpack/preprocessor/facilities/is_empty.hpp
-- Installing: /app/clang++-14-prefix/include/msgpack/preprocessor/facilities/is_empty_variadic.hpp
-- Installing: /app/clang++-14-prefix/include/msgpack/preprocessor/facilities/overload.hpp
-- Installing: /app/clang++-14-prefix/include/msgpack/preprocessor/facilities/intercept.hpp
-- Installing: /app/clang++-14-prefix/include/msgpack/preprocessor/facilities/apply.hpp
-- Installing: /app/clang++-14-prefix/include/msgpack/preprocessor/facilities/empty.hpp
-- Installing: /app/clang++-14-prefix/include/msgpack/preprocessor/facilities/identity.hpp
-- Installing: /app/clang++-14-prefix/include/msgpack/preprocessor/facilities/is_1.hpp
-- Installing: /app/clang++-14-prefix/include/msgpack/preprocessor/facilities/is_empty_or_1.hpp
-- Installing: /app/clang++-14-prefix/include/msgpack/preprocessor/facilities/detail
-- Installing: /app/clang++-14-prefix/include/msgpack/preprocessor/facilities/detail/is_empty.hpp
-- Installing: /app/clang++-14-prefix/include/msgpack/preprocessor/limits.hpp
-- Installing: /app/clang++-14-prefix/include/msgpack/preprocessor/iteration.hpp
-- Installing: /app/clang++-14-prefix/include/msgpack/preprocessor/repeat_3rd.hpp
-- Installing: /app/clang++-14-prefix/include/msgpack/preprocessor/assert_msg.hpp
-- Installing: /app/clang++-14-prefix/include/msgpack/preprocessor/control
-- Installing: /app/clang++-14-prefix/include/msgpack/preprocessor/control/if.hpp
-- Installing: /app/clang++-14-prefix/include/msgpack/preprocessor/control/expr_if.hpp
-- Installing: /app/clang++-14-prefix/include/msgpack/preprocessor/control/while.hpp
-- Installing: /app/clang++-14-prefix/include/msgpack/preprocessor/control/expr_iif.hpp
-- Installing: /app/clang++-14-prefix/include/msgpack/preprocessor/control/iif.hpp
-- Installing: /app/clang++-14-prefix/include/msgpack/preprocessor/control/deduce_d.hpp
-- Installing: /app/clang++-14-prefix/include/msgpack/preprocessor/control/detail
-- Installing: /app/clang++-14-prefix/include/msgpack/preprocessor/control/detail/while.hpp
-- Installing: /app/clang++-14-prefix/include/msgpack/preprocessor/control/detail/edg
-- Installing: /app/clang++-14-prefix/include/msgpack/preprocessor/control/detail/edg/while.hpp
-- Installing: /app/clang++-14-prefix/include/msgpack/preprocessor/control/detail/dmc
-- Installing: /app/clang++-14-prefix/include/msgpack/preprocessor/control/detail/dmc/while.hpp
-- Installing: /app/clang++-14-prefix/include/msgpack/preprocessor/control/detail/msvc
-- Installing: /app/clang++-14-prefix/include/msgpack/preprocessor/control/detail/msvc/while.hpp
-- Installing: /app/clang++-14-prefix/include/msgpack/preprocessor/while.hpp
-- Installing: /app/clang++-14-prefix/include/msgpack/preprocessor/repetition
-- Installing: /app/clang++-14-prefix/include/msgpack/preprocessor/repetition/enum_trailing.hpp
-- Installing: /app/clang++-14-prefix/include/msgpack/preprocessor/repetition/enum_params.hpp
-- Installing: /app/clang++-14-prefix/include/msgpack/preprocessor/repetition/enum_trailing_binary_params.hpp
-- Installing: /app/clang++-14-prefix/include/msgpack/preprocessor/repetition/deduce_z.hpp
-- Installing: /app/clang++-14-prefix/include/msgpack/preprocessor/repetition/enum.hpp
-- Installing: /app/clang++-14-prefix/include/msgpack/preprocessor/repetition/enum_shifted.hpp
-- Installing: /app/clang++-14-prefix/include/msgpack/preprocessor/repetition/enum_binary_params.hpp
-- Installing: /app/clang++-14-prefix/include/msgpack/preprocessor/repetition/enum_params_with_defaults.hpp
-- Installing: /app/clang++-14-prefix/include/msgpack/preprocessor/repetition/repeat_from_to.hpp
-- Installing: /app/clang++-14-prefix/include/msgpack/preprocessor/repetition/enum_trailing_params.hpp
-- Installing: /app/clang++-14-prefix/include/msgpack/preprocessor/repetition/for.hpp
-- Installing: /app/clang++-14-prefix/include/msgpack/preprocessor/repetition/enum_shifted_params.hpp
-- Installing: /app/clang++-14-prefix/include/msgpack/preprocessor/repetition/deduce_r.hpp
-- Installing: /app/clang++-14-prefix/include/msgpack/preprocessor/repetition/enum_shifted_binary_params.hpp
-- Installing: /app/clang++-14-prefix/include/msgpack/preprocessor/repetition/repeat.hpp
-- Installing: /app/clang++-14-prefix/include/msgpack/preprocessor/repetition/enum_params_with_a_default.hpp
-- Installing: /app/clang++-14-prefix/include/msgpack/preprocessor/repetition/detail
-- Installing: /app/clang++-14-prefix/include/msgpack/preprocessor/repetition/detail/edg
-- Installing: /app/clang++-14-prefix/include/msgpack/preprocessor/repetition/detail/edg/for.hpp
-- Installing: /app/clang++-14-prefix/include/msgpack/preprocessor/repetition/detail/for.hpp
-- Installing: /app/clang++-14-prefix/include/msgpack/preprocessor/repetition/detail/dmc
-- Installing: /app/clang++-14-prefix/include/msgpack/preprocessor/repetition/detail/dmc/for.hpp
-- Installing: /app/clang++-14-prefix/include/msgpack/preprocessor/repetition/detail/msvc
-- Installing: /app/clang++-14-prefix/include/msgpack/preprocessor/repetition/detail/msvc/for.hpp
-- Installing: /app/clang++-14-prefix/include/msgpack/preprocessor/arithmetic.hpp
-- Installing: /app/clang++-14-prefix/include/msgpack/preprocessor/enum_params_with_defaults.hpp
-- Installing: /app/clang++-14-prefix/include/msgpack/preprocessor/repeat_from_to.hpp
-- Installing: /app/clang++-14-prefix/include/msgpack/preprocessor/comparison
-- Installing: /app/clang++-14-prefix/include/msgpack/preprocessor/comparison/equal.hpp
-- Installing: /app/clang++-14-prefix/include/msgpack/preprocessor/comparison/less_equal.hpp
-- Installing: /app/clang++-14-prefix/include/msgpack/preprocessor/comparison/less.hpp
-- Installing: /app/clang++-14-prefix/include/msgpack/preprocessor/comparison/greater.hpp
-- Installing: /app/clang++-14-prefix/include/msgpack/preprocessor/comparison/greater_equal.hpp
-- Installing: /app/clang++-14-prefix/include/msgpack/preprocessor/comparison/not_equal.hpp
-- Installing: /app/clang++-14-prefix/include/msgpack/preprocessor/variadic
-- Installing: /app/clang++-14-prefix/include/msgpack/preprocessor/variadic/to_array.hpp
-- Installing: /app/clang++-14-prefix/include/msgpack/preprocessor/variadic/to_seq.hpp
-- Installing: /app/clang++-14-prefix/include/msgpack/preprocessor/variadic/to_list.hpp
-- Installing: /app/clang++-14-prefix/include/msgpack/preprocessor/variadic/elem.hpp
-- Installing: /app/clang++-14-prefix/include/msgpack/preprocessor/variadic/to_tuple.hpp
-- Installing: /app/clang++-14-prefix/include/msgpack/preprocessor/variadic/size.hpp
-- Installing: /app/clang++-14-prefix/include/msgpack/preprocessor/variadic/detail
-- Installing: /app/clang++-14-prefix/include/msgpack/preprocessor/variadic/detail/is_single_return.hpp
-- Installing: /app/clang++-14-prefix/include/msgpack/preprocessor/empty.hpp
-- Installing: /app/clang++-14-prefix/include/msgpack/preprocessor/seq.hpp
-- Installing: /app/clang++-14-prefix/include/msgpack/preprocessor/identity.hpp
-- Installing: /app/clang++-14-prefix/include/msgpack/preprocessor/slot
-- Installing: /app/clang++-14-prefix/include/msgpack/preprocessor/slot/slot.hpp
-- Installing: /app/clang++-14-prefix/include/msgpack/preprocessor/slot/counter.hpp
-- Installing: /app/clang++-14-prefix/include/msgpack/preprocessor/slot/detail
-- Installing: /app/clang++-14-prefix/include/msgpack/preprocessor/slot/detail/slot5.hpp
-- Installing: /app/clang++-14-prefix/include/msgpack/preprocessor/slot/detail/def.hpp
-- Installing: /app/clang++-14-prefix/include/msgpack/preprocessor/slot/detail/slot4.hpp
-- Installing: /app/clang++-14-prefix/include/msgpack/preprocessor/slot/detail/slot1.hpp
-- Installing: /app/clang++-14-prefix/include/msgpack/preprocessor/slot/detail/counter.hpp
-- Installing: /app/clang++-14-prefix/include/msgpack/preprocessor/slot/detail/shared.hpp
-- Installing: /app/clang++-14-prefix/include/msgpack/preprocessor/slot/detail/slot2.hpp
-- Installing: /app/clang++-14-prefix/include/msgpack/preprocessor/slot/detail/slot3.hpp
-- Installing: /app/clang++-14-prefix/include/msgpack/preprocessor/list.hpp
-- Installing: /app/clang++-14-prefix/include/msgpack/preprocessor/iterate.hpp
-- Installing: /app/clang++-14-prefix/include/msgpack/preprocessor/array.hpp
-- Installing: /app/clang++-14-prefix/include/msgpack/preprocessor/iteration
-- Installing: /app/clang++-14-prefix/include/msgpack/preprocessor/iteration/local.hpp
-- Installing: /app/clang++-14-prefix/include/msgpack/preprocessor/iteration/iterate.hpp
-- Installing: /app/clang++-14-prefix/include/msgpack/preprocessor/iteration/self.hpp
-- Installing: /app/clang++-14-prefix/include/msgpack/preprocessor/iteration/detail
-- Installing: /app/clang++-14-prefix/include/msgpack/preprocessor/iteration/detail/iter
-- Installing: /app/clang++-14-prefix/include/msgpack/preprocessor/iteration/detail/iter/reverse5.hpp
-- Installing: /app/clang++-14-prefix/include/msgpack/preprocessor/iteration/detail/iter/forward5.hpp
-- Installing: /app/clang++-14-prefix/include/msgpack/preprocessor/iteration/detail/iter/reverse1.hpp
-- Installing: /app/clang++-14-prefix/include/msgpack/preprocessor/iteration/detail/iter/reverse2.hpp
-- Installing: /app/clang++-14-prefix/include/msgpack/preprocessor/iteration/detail/iter/reverse3.hpp
-- Installing: /app/clang++-14-prefix/include/msgpack/preprocessor/iteration/detail/iter/forward2.hpp
-- Installing: /app/clang++-14-prefix/include/msgpack/preprocessor/iteration/detail/iter/forward3.hpp
-- Installing: /app/clang++-14-prefix/include/msgpack/preprocessor/iteration/detail/iter/forward1.hpp
-- Installing: /app/clang++-14-prefix/include/msgpack/preprocessor/iteration/detail/iter/reverse4.hpp
-- Installing: /app/clang++-14-prefix/include/msgpack/preprocessor/iteration/detail/iter/forward4.hpp
-- Installing: /app/clang++-14-prefix/include/msgpack/preprocessor/iteration/detail/local.hpp
-- Installing: /app/clang++-14-prefix/include/msgpack/preprocessor/iteration/detail/rlocal.hpp
-- Installing: /app/clang++-14-prefix/include/msgpack/preprocessor/iteration/detail/start.hpp
-- Installing: /app/clang++-14-prefix/include/msgpack/preprocessor/iteration/detail/bounds
-- Installing: /app/clang++-14-prefix/include/msgpack/preprocessor/iteration/detail/bounds/upper3.hpp
-- Installing: /app/clang++-14-prefix/include/msgpack/preprocessor/iteration/detail/bounds/lower3.hpp
-- Installing: /app/clang++-14-prefix/include/msgpack/preprocessor/iteration/detail/bounds/upper1.hpp
-- Installing: /app/clang++-14-prefix/include/msgpack/preprocessor/iteration/detail/bounds/lower2.hpp
-- Installing: /app/clang++-14-prefix/include/msgpack/preprocessor/iteration/detail/bounds/lower1.hpp
-- Installing: /app/clang++-14-prefix/include/msgpack/preprocessor/iteration/detail/bounds/upper5.hpp
-- Installing: /app/clang++-14-prefix/include/msgpack/preprocessor/iteration/detail/bounds/lower5.hpp
-- Installing: /app/clang++-14-prefix/include/msgpack/preprocessor/iteration/detail/bounds/upper4.hpp
-- Installing: /app/clang++-14-prefix/include/msgpack/preprocessor/iteration/detail/bounds/lower4.hpp
-- Installing: /app/clang++-14-prefix/include/msgpack/preprocessor/iteration/detail/bounds/upper2.hpp
-- Installing: /app/clang++-14-prefix/include/msgpack/preprocessor/iteration/detail/self.hpp
-- Installing: /app/clang++-14-prefix/include/msgpack/preprocessor/iteration/detail/finish.hpp
-- Installing: /app/clang++-14-prefix/include/msgpack/preprocessor/for.hpp
-- Installing: /app/clang++-14-prefix/include/msgpack/preprocessor/enum_shifted_params.hpp
-- Installing: /app/clang++-14-prefix/include/msgpack/preprocessor/debug.hpp
-- Installing: /app/clang++-14-prefix/include/msgpack/preprocessor/stringize.hpp
-- Installing: /app/clang++-14-prefix/include/msgpack/preprocessor/repeat.hpp
-- Installing: /app/clang++-14-prefix/include/msgpack/preprocessor/enum_params_with_a_default.hpp
-- Installing: /app/clang++-14-prefix/include/msgpack/preprocessor/detail
-- Installing: /app/clang++-14-prefix/include/msgpack/preprocessor/detail/auto_rec.hpp
-- Installing: /app/clang++-14-prefix/include/msgpack/preprocessor/detail/split.hpp
-- Installing: /app/clang++-14-prefix/include/msgpack/preprocessor/detail/check.hpp
-- Installing: /app/clang++-14-prefix/include/msgpack/preprocessor/detail/is_nullary.hpp
-- Installing: /app/clang++-14-prefix/include/msgpack/preprocessor/detail/is_unary.hpp
-- Installing: /app/clang++-14-prefix/include/msgpack/preprocessor/detail/null.hpp
-- Installing: /app/clang++-14-prefix/include/msgpack/preprocessor/detail/is_binary.hpp
-- Installing: /app/clang++-14-prefix/include/msgpack/preprocessor/detail/dmc
-- Installing: /app/clang++-14-prefix/include/msgpack/preprocessor/detail/dmc/auto_rec.hpp
-- Installing: /app/clang++-14-prefix/include/msgpack/preprocessor/comma.hpp
-- Installing: /app/clang++-14-prefix/include/msgpack/preprocessor/seq
-- Installing: /app/clang++-14-prefix/include/msgpack/preprocessor/seq/insert.hpp
-- Installing: /app/clang++-14-prefix/include/msgpack/preprocessor/seq/replace.hpp
-- Installing: /app/clang++-14-prefix/include/msgpack/preprocessor/seq/rest_n.hpp
-- Installing: /app/clang++-14-prefix/include/msgpack/preprocessor/seq/push_back.hpp
-- Installing: /app/clang++-14-prefix/include/msgpack/preprocessor/seq/fold_left.hpp
-- Installing: /app/clang++-14-prefix/include/msgpack/preprocessor/seq/transform.hpp
-- Installing: /app/clang++-14-prefix/include/msgpack/preprocessor/seq/cat.hpp
-- Installing: /app/clang++-14-prefix/include/msgpack/preprocessor/seq/for_each_product.hpp
-- Installing: /app/clang++-14-prefix/include/msgpack/preprocessor/seq/for_each_i.hpp
-- Installing: /app/clang++-14-prefix/include/msgpack/preprocessor/seq/fold_right.hpp
-- Installing: /app/clang++-14-prefix/include/msgpack/preprocessor/seq/remove.hpp
-- Installing: /app/clang++-14-prefix/include/msgpack/preprocessor/seq/pop_back.hpp
-- Installing: /app/clang++-14-prefix/include/msgpack/preprocessor/seq/enum.hpp
-- Installing: /app/clang++-14-prefix/include/msgpack/preprocessor/seq/to_array.hpp
-- Installing: /app/clang++-14-prefix/include/msgpack/preprocessor/seq/variadic_seq_to_seq.hpp
-- Installing: /app/clang++-14-prefix/include/msgpack/preprocessor/seq/to_list.hpp
-- Installing: /app/clang++-14-prefix/include/msgpack/preprocessor/seq/subseq.hpp
-- Installing: /app/clang++-14-prefix/include/msgpack/preprocessor/seq/seq.hpp
-- Installing: /app/clang++-14-prefix/include/msgpack/preprocessor/seq/elem.hpp
-- Installing: /app/clang++-14-prefix/include/msgpack/preprocessor/seq/for_each.hpp
-- Installing: /app/clang++-14-prefix/include/msgpack/preprocessor/seq/first_n.hpp
-- Installing: /app/clang++-14-prefix/include/msgpack/preprocessor/seq/filter.hpp
-- Installing: /app/clang++-14-prefix/include/msgpack/preprocessor/seq/to_tuple.hpp
-- Installing: /app/clang++-14-prefix/include/msgpack/preprocessor/seq/reverse.hpp
-- Installing: /app/clang++-14-prefix/include/msgpack/preprocessor/seq/push_front.hpp
-- Installing: /app/clang++-14-prefix/include/msgpack/preprocessor/seq/pop_front.hpp
-- Installing: /app/clang++-14-prefix/include/msgpack/preprocessor/seq/size.hpp
-- Installing: /app/clang++-14-prefix/include/msgpack/preprocessor/seq/detail
-- Installing: /app/clang++-14-prefix/include/msgpack/preprocessor/seq/detail/is_empty.hpp
-- Installing: /app/clang++-14-prefix/include/msgpack/preprocessor/seq/detail/to_list_msvc.hpp
-- Installing: /app/clang++-14-prefix/include/msgpack/preprocessor/seq/detail/split.hpp
-- Installing: /app/clang++-14-prefix/include/msgpack/preprocessor/seq/detail/binary_transform.hpp
-- Installing: /app/clang++-14-prefix/include/msgpack/create_object_visitor_decl.hpp
-- Installing: /app/clang++-14-prefix/include/msgpack/meta.hpp
-- Installing: /app/clang++-14-prefix/include/msgpack/parse_decl.hpp
-- Installing: /app/clang++-14-prefix/include/msgpack/v3
-- Installing: /app/clang++-14-prefix/include/msgpack/v3/fbuffer_decl.hpp
-- Installing: /app/clang++-14-prefix/include/msgpack/v3/vrefbuffer_decl.hpp
-- Installing: /app/clang++-14-prefix/include/msgpack/v3/x3_unpack.hpp
-- Installing: /app/clang++-14-prefix/include/msgpack/v3/meta_decl.hpp
-- Installing: /app/clang++-14-prefix/include/msgpack/v3/zbuffer_decl.hpp
-- Installing: /app/clang++-14-prefix/include/msgpack/v3/unpack_decl.hpp
-- Installing: /app/clang++-14-prefix/include/msgpack/v3/x3_parse_decl.hpp
-- Installing: /app/clang++-14-prefix/include/msgpack/v3/object_fwd_decl.hpp
-- Installing: /app/clang++-14-prefix/include/msgpack/v3/null_visitor_decl.hpp
-- Installing: /app/clang++-14-prefix/include/msgpack/v3/object_decl.hpp
-- Installing: /app/clang++-14-prefix/include/msgpack/v3/unpack.hpp
-- Installing: /app/clang++-14-prefix/include/msgpack/v3/object_fwd.hpp
-- Installing: /app/clang++-14-prefix/include/msgpack/v3/x3_unpack_decl.hpp
-- Installing: /app/clang++-14-prefix/include/msgpack/v3/iterator_decl.hpp
-- Installing: /app/clang++-14-prefix/include/msgpack/v3/parse_return.hpp
-- Installing: /app/clang++-14-prefix/include/msgpack/v3/create_object_visitor_decl.hpp
-- Installing: /app/clang++-14-prefix/include/msgpack/v3/parse_decl.hpp
-- Installing: /app/clang++-14-prefix/include/msgpack/v3/zone_decl.hpp
-- Installing: /app/clang++-14-prefix/include/msgpack/v3/adaptor
-- Installing: /app/clang++-14-prefix/include/msgpack/v3/adaptor/map_decl.hpp
-- Installing: /app/clang++-14-prefix/include/msgpack/v3/adaptor/ext_decl.hpp
-- Installing: /app/clang++-14-prefix/include/msgpack/v3/adaptor/raw_decl.hpp
-- Installing: /app/clang++-14-prefix/include/msgpack/v3/adaptor/boost
-- Installing: /app/clang++-14-prefix/include/msgpack/v3/adaptor/boost/msgpack_variant_decl.hpp
-- Installing: /app/clang++-14-prefix/include/msgpack/v3/adaptor/int_decl.hpp
-- Installing: /app/clang++-14-prefix/include/msgpack/v3/adaptor/v4raw_decl.hpp
-- Installing: /app/clang++-14-prefix/include/msgpack/v3/adaptor/check_container_size_decl.hpp
-- Installing: /app/clang++-14-prefix/include/msgpack/v3/adaptor/fixint_decl.hpp
-- Installing: /app/clang++-14-prefix/include/msgpack/v3/adaptor/array_ref_decl.hpp
-- Installing: /app/clang++-14-prefix/include/msgpack/v3/adaptor/msgpack_tuple_decl.hpp
-- Installing: /app/clang++-14-prefix/include/msgpack/v3/adaptor/adaptor_base.hpp
-- Installing: /app/clang++-14-prefix/include/msgpack/v3/adaptor/define_decl.hpp
-- Installing: /app/clang++-14-prefix/include/msgpack/v3/adaptor/nil_decl.hpp
-- Installing: /app/clang++-14-prefix/include/msgpack/v3/adaptor/adaptor_base_decl.hpp
-- Installing: /app/clang++-14-prefix/include/msgpack/v3/adaptor/size_equal_only_decl.hpp
-- Installing: /app/clang++-14-prefix/include/msgpack/v3/adaptor/detail
-- Installing: /app/clang++-14-prefix/include/msgpack/v3/adaptor/detail/cpp03_msgpack_tuple_decl.hpp
-- Installing: /app/clang++-14-prefix/include/msgpack/v3/adaptor/detail/cpp03_define_array_decl.hpp
-- Installing: /app/clang++-14-prefix/include/msgpack/v3/adaptor/detail/cpp11_msgpack_tuple_decl.hpp
-- Installing: /app/clang++-14-prefix/include/msgpack/v3/adaptor/detail/cpp03_define_map_decl.hpp
-- Installing: /app/clang++-14-prefix/include/msgpack/v3/adaptor/detail/cpp11_define_array_decl.hpp
-- Installing: /app/clang++-14-prefix/include/msgpack/v3/adaptor/detail/cpp11_define_map_decl.hpp
-- Installing: /app/clang++-14-prefix/include/msgpack/v3/sbuffer_decl.hpp
-- Installing: /app/clang++-14-prefix/include/msgpack/v3/pack_decl.hpp
-- Installing: /app/clang++-14-prefix/include/msgpack/v3/cpp_config_decl.hpp
-- Installing: /app/clang++-14-prefix/include/msgpack/v3/parse.hpp
-- Installing: /app/clang++-14-prefix/include/msgpack/v3/detail
-- Installing: /app/clang++-14-prefix/include/msgpack/v3/detail/cpp03_zone_decl.hpp
-- Installing: /app/clang++-14-prefix/include/msgpack/v3/detail/cpp11_zone_decl.hpp
-- Installing: /app/clang++-14-prefix/include/msgpack/zone_decl.hpp
-- Installing: /app/clang++-14-prefix/include/msgpack/versioning.hpp
-- Installing: /app/clang++-14-prefix/include/msgpack/null_visitor.hpp
-- Installing: /app/clang++-14-prefix/include/msgpack/unpack_exception.hpp
-- Installing: /app/clang++-14-prefix/include/msgpack/unpack_define.hpp
-- Installing: /app/clang++-14-prefix/include/msgpack/zone.hpp
-- Installing: /app/clang++-14-prefix/include/msgpack/predef
-- Installing: /app/clang++-14-prefix/include/msgpack/predef/other
-- Installing: /app/clang++-14-prefix/include/msgpack/predef/other/endian.h
-- Installing: /app/clang++-14-prefix/include/msgpack/predef/other/workaround.h
-- Installing: /app/clang++-14-prefix/include/msgpack/predef/other.h
-- Installing: /app/clang++-14-prefix/include/msgpack/predef/language
-- Installing: /app/clang++-14-prefix/include/msgpack/predef/language/stdc.h
-- Installing: /app/clang++-14-prefix/include/msgpack/predef/language/objc.h
-- Installing: /app/clang++-14-prefix/include/msgpack/predef/language/stdcpp.h
-- Installing: /app/clang++-14-prefix/include/msgpack/predef/language/cuda.h
-- Installing: /app/clang++-14-prefix/include/msgpack/predef/os.h
-- Installing: /app/clang++-14-prefix/include/msgpack/predef/library.h
-- Installing: /app/clang++-14-prefix/include/msgpack/predef/library
-- Installing: /app/clang++-14-prefix/include/msgpack/predef/library/std
-- Installing: /app/clang++-14-prefix/include/msgpack/predef/library/std/_prefix.h
-- Installing: /app/clang++-14-prefix/include/msgpack/predef/library/std/msl.h
-- Installing: /app/clang++-14-prefix/include/msgpack/predef/library/std/roguewave.h
-- Installing: /app/clang++-14-prefix/include/msgpack/predef/library/std/stdcpp3.h
-- Installing: /app/clang++-14-prefix/include/msgpack/predef/library/std/stlport.h
-- Installing: /app/clang++-14-prefix/include/msgpack/predef/library/std/cxx.h
-- Installing: /app/clang++-14-prefix/include/msgpack/predef/library/std/dinkumware.h
-- Installing: /app/clang++-14-prefix/include/msgpack/predef/library/std/modena.h
-- Installing: /app/clang++-14-prefix/include/msgpack/predef/library/std/sgi.h
-- Installing: /app/clang++-14-prefix/include/msgpack/predef/library/std/vacpp.h
-- Installing: /app/clang++-14-prefix/include/msgpack/predef/library/std/libcomo.h
-- Installing: /app/clang++-14-prefix/include/msgpack/predef/library/std.h
-- Installing: /app/clang++-14-prefix/include/msgpack/predef/library/c
-- Installing: /app/clang++-14-prefix/include/msgpack/predef/library/c/_prefix.h
-- Installing: /app/clang++-14-prefix/include/msgpack/predef/library/c/cloudabi.h
-- Installing: /app/clang++-14-prefix/include/msgpack/predef/library/c/vms.h
-- Installing: /app/clang++-14-prefix/include/msgpack/predef/library/c/zos.h
-- Installing: /app/clang++-14-prefix/include/msgpack/predef/library/c/gnu.h
-- Installing: /app/clang++-14-prefix/include/msgpack/predef/library/c/uc.h
-- Installing: /app/clang++-14-prefix/include/msgpack/predef/library/c.h
-- Installing: /app/clang++-14-prefix/include/msgpack/predef/architecture
-- Installing: /app/clang++-14-prefix/include/msgpack/predef/architecture/superh.h
-- Installing: /app/clang++-14-prefix/include/msgpack/predef/architecture/z.h
-- Installing: /app/clang++-14-prefix/include/msgpack/predef/architecture/sys370.h
-- Installing: /app/clang++-14-prefix/include/msgpack/predef/architecture/x86
-- Installing: /app/clang++-14-prefix/include/msgpack/predef/architecture/x86/32.h
-- Installing: /app/clang++-14-prefix/include/msgpack/predef/architecture/x86/64.h
-- Installing: /app/clang++-14-prefix/include/msgpack/predef/architecture/arm.h
-- Installing: /app/clang++-14-prefix/include/msgpack/predef/architecture/convex.h
-- Installing: /app/clang++-14-prefix/include/msgpack/predef/architecture/ptx.h
-- Installing: /app/clang++-14-prefix/include/msgpack/predef/architecture/blackfin.h
-- Installing: /app/clang++-14-prefix/include/msgpack/predef/architecture/alpha.h
-- Installing: /app/clang++-14-prefix/include/msgpack/predef/architecture/parisc.h
-- Installing: /app/clang++-14-prefix/include/msgpack/predef/architecture/ppc.h
-- Installing: /app/clang++-14-prefix/include/msgpack/predef/architecture/sparc.h
-- Installing: /app/clang++-14-prefix/include/msgpack/predef/architecture/sys390.h
-- Installing: /app/clang++-14-prefix/include/msgpack/predef/architecture/rs6k.h
-- Installing: /app/clang++-14-prefix/include/msgpack/predef/architecture/mips.h
-- Installing: /app/clang++-14-prefix/include/msgpack/predef/architecture/m68k.h
-- Installing: /app/clang++-14-prefix/include/msgpack/predef/architecture/pyramid.h
-- Installing: /app/clang++-14-prefix/include/msgpack/predef/architecture/ia64.h
-- Installing: /app/clang++-14-prefix/include/msgpack/predef/architecture/x86.h
-- Installing: /app/clang++-14-prefix/include/msgpack/predef/architecture.h
-- Installing: /app/clang++-14-prefix/include/msgpack/predef/hardware
-- Installing: /app/clang++-14-prefix/include/msgpack/predef/hardware/simd
-- Installing: /app/clang++-14-prefix/include/msgpack/predef/hardware/simd/x86
-- Installing: /app/clang++-14-prefix/include/msgpack/predef/hardware/simd/x86/versions.h
-- Installing: /app/clang++-14-prefix/include/msgpack/predef/hardware/simd/arm.h
-- Installing: /app/clang++-14-prefix/include/msgpack/predef/hardware/simd/ppc
-- Installing: /app/clang++-14-prefix/include/msgpack/predef/hardware/simd/ppc/versions.h
-- Installing: /app/clang++-14-prefix/include/msgpack/predef/hardware/simd/ppc.h
-- Installing: /app/clang++-14-prefix/include/msgpack/predef/hardware/simd/x86_amd
-- Installing: /app/clang++-14-prefix/include/msgpack/predef/hardware/simd/x86_amd/versions.h
-- Installing: /app/clang++-14-prefix/include/msgpack/predef/hardware/simd/x86_amd.h
-- Installing: /app/clang++-14-prefix/include/msgpack/predef/hardware/simd/arm
-- Installing: /app/clang++-14-prefix/include/msgpack/predef/hardware/simd/arm/versions.h
-- Installing: /app/clang++-14-prefix/include/msgpack/predef/hardware/simd/x86.h
-- Installing: /app/clang++-14-prefix/include/msgpack/predef/hardware/simd.h
-- Installing: /app/clang++-14-prefix/include/msgpack/predef/compiler
-- Installing: /app/clang++-14-prefix/include/msgpack/predef/compiler/hp_acc.h
-- Installing: /app/clang++-14-prefix/include/msgpack/predef/compiler/clang.h
-- Installing: /app/clang++-14-prefix/include/msgpack/predef/compiler/metrowerks.h
-- Installing: /app/clang++-14-prefix/include/msgpack/predef/compiler/metaware.h
-- Installing: /app/clang++-14-prefix/include/msgpack/predef/compiler/nvcc.h
-- Installing: /app/clang++-14-prefix/include/msgpack/predef/compiler/pgi.h
-- Installing: /app/clang++-14-prefix/include/msgpack/predef/compiler/mpw.h
-- Installing: /app/clang++-14-prefix/include/msgpack/predef/compiler/diab.h
-- Installing: /app/clang++-14-prefix/include/msgpack/predef/compiler/palm.h
-- Installing: /app/clang++-14-prefix/include/msgpack/predef/compiler/borland.h
-- Installing: /app/clang++-14-prefix/include/msgpack/predef/compiler/gcc.h
-- Installing: /app/clang++-14-prefix/include/msgpack/predef/compiler/sunpro.h
-- Installing: /app/clang++-14-prefix/include/msgpack/predef/compiler/gcc_xml.h
-- Installing: /app/clang++-14-prefix/include/msgpack/predef/compiler/kai.h
-- Installing: /app/clang++-14-prefix/include/msgpack/predef/compiler/tendra.h
-- Installing: /app/clang++-14-prefix/include/msgpack/predef/compiler/sgi_mipspro.h
-- Installing: /app/clang++-14-prefix/include/msgpack/predef/compiler/greenhills.h
-- Installing: /app/clang++-14-prefix/include/msgpack/predef/compiler/comeau.h
-- Installing: /app/clang++-14-prefix/include/msgpack/predef/compiler/iar.h
-- Installing: /app/clang++-14-prefix/include/msgpack/predef/compiler/compaq.h
-- Installing: /app/clang++-14-prefix/include/msgpack/predef/compiler/ekopath.h
-- Installing: /app/clang++-14-prefix/include/msgpack/predef/compiler/digitalmars.h
-- Installing: /app/clang++-14-prefix/include/msgpack/predef/compiler/ibm.h
-- Installing: /app/clang++-14-prefix/include/msgpack/predef/compiler/microtec.h
-- Installing: /app/clang++-14-prefix/include/msgpack/predef/compiler/dignus.h
-- Installing: /app/clang++-14-prefix/include/msgpack/predef/compiler/visualc.h
-- Installing: /app/clang++-14-prefix/include/msgpack/predef/compiler/intel.h
-- Installing: /app/clang++-14-prefix/include/msgpack/predef/compiler/watcom.h
-- Installing: /app/clang++-14-prefix/include/msgpack/predef/compiler/edg.h
-- Installing: /app/clang++-14-prefix/include/msgpack/predef/compiler/llvm.h
-- Installing: /app/clang++-14-prefix/include/msgpack/predef/make.h
-- Installing: /app/clang++-14-prefix/include/msgpack/predef/version_number.h
-- Installing: /app/clang++-14-prefix/include/msgpack/predef/os
-- Installing: /app/clang++-14-prefix/include/msgpack/predef/os/haiku.h
-- Installing: /app/clang++-14-prefix/include/msgpack/predef/os/beos.h
-- Installing: /app/clang++-14-prefix/include/msgpack/predef/os/irix.h
-- Installing: /app/clang++-14-prefix/include/msgpack/predef/os/bsd
-- Installing: /app/clang++-14-prefix/include/msgpack/predef/os/bsd/free.h
-- Installing: /app/clang++-14-prefix/include/msgpack/predef/os/bsd/bsdi.h
-- Installing: /app/clang++-14-prefix/include/msgpack/predef/os/bsd/open.h
-- Installing: /app/clang++-14-prefix/include/msgpack/predef/os/bsd/net.h
-- Installing: /app/clang++-14-prefix/include/msgpack/predef/os/bsd/dragonfly.h
-- Installing: /app/clang++-14-prefix/include/msgpack/predef/os/cygwin.h
-- Installing: /app/clang++-14-prefix/include/msgpack/predef/os/android.h
-- Installing: /app/clang++-14-prefix/include/msgpack/predef/os/solaris.h
-- Installing: /app/clang++-14-prefix/include/msgpack/predef/os/ios.h
-- Installing: /app/clang++-14-prefix/include/msgpack/predef/os/vms.h
-- Installing: /app/clang++-14-prefix/include/msgpack/predef/os/amigaos.h
-- Installing: /app/clang++-14-prefix/include/msgpack/predef/os/windows.h
-- Installing: /app/clang++-14-prefix/include/msgpack/predef/os/linux.h
-- Installing: /app/clang++-14-prefix/include/msgpack/predef/os/aix.h
-- Installing: /app/clang++-14-prefix/include/msgpack/predef/os/macos.h
-- Installing: /app/clang++-14-prefix/include/msgpack/predef/os/os400.h
-- Installing: /app/clang++-14-prefix/include/msgpack/predef/os/qnxnto.h
-- Installing: /app/clang++-14-prefix/include/msgpack/predef/os/bsd.h
-- Installing: /app/clang++-14-prefix/include/msgpack/predef/os/unix.h
-- Installing: /app/clang++-14-prefix/include/msgpack/predef/os/hpux.h
-- Installing: /app/clang++-14-prefix/include/msgpack/predef/hardware.h
-- Installing: /app/clang++-14-prefix/include/msgpack/predef/version.h
-- Installing: /app/clang++-14-prefix/include/msgpack/predef/platform
-- Installing: /app/clang++-14-prefix/include/msgpack/predef/platform/windows_desktop.h
-- Installing: /app/clang++-14-prefix/include/msgpack/predef/platform/cloudabi.h
-- Installing: /app/clang++-14-prefix/include/msgpack/predef/platform/windows_runtime.h
-- Installing: /app/clang++-14-prefix/include/msgpack/predef/platform/mingw64.h
-- Installing: /app/clang++-14-prefix/include/msgpack/predef/platform/ios.h
-- Installing: /app/clang++-14-prefix/include/msgpack/predef/platform/mingw.h
-- Installing: /app/clang++-14-prefix/include/msgpack/predef/platform/windows_server.h
-- Installing: /app/clang++-14-prefix/include/msgpack/predef/platform/windows_phone.h
-- Installing: /app/clang++-14-prefix/include/msgpack/predef/platform/windows_store.h
-- Installing: /app/clang++-14-prefix/include/msgpack/predef/platform/windows_system.h
-- Installing: /app/clang++-14-prefix/include/msgpack/predef/platform/mingw32.h
-- Installing: /app/clang++-14-prefix/include/msgpack/predef/platform/windows_uwp.h
-- Installing: /app/clang++-14-prefix/include/msgpack/predef/language.h
-- Installing: /app/clang++-14-prefix/include/msgpack/predef/compiler.h
-- Installing: /app/clang++-14-prefix/include/msgpack/predef/platform.h
-- Installing: /app/clang++-14-prefix/include/msgpack/predef/detail
-- Installing: /app/clang++-14-prefix/include/msgpack/predef/detail/test.h
-- Installing: /app/clang++-14-prefix/include/msgpack/predef/detail/platform_detected.h
-- Installing: /app/clang++-14-prefix/include/msgpack/predef/detail/comp_detected.h
-- Installing: /app/clang++-14-prefix/include/msgpack/predef/detail/endian_compat.h
-- Installing: /app/clang++-14-prefix/include/msgpack/predef/detail/test_def.h
-- Installing: /app/clang++-14-prefix/include/msgpack/predef/detail/os_detected.h
-- Installing: /app/clang++-14-prefix/include/msgpack/predef/detail/_cassert.h
-- Installing: /app/clang++-14-prefix/include/msgpack/predef/detail/_exception.h
-- Installing: /app/clang++-14-prefix/include/msgpack/sysdep.hpp
-- Installing: /app/clang++-14-prefix/include/msgpack/adaptor
-- Installing: /app/clang++-14-prefix/include/msgpack/adaptor/map_decl.hpp
-- Installing: /app/clang++-14-prefix/include/msgpack/adaptor/ext_decl.hpp
-- Installing: /app/clang++-14-prefix/include/msgpack/adaptor/raw_decl.hpp
-- Installing: /app/clang++-14-prefix/include/msgpack/adaptor/v4raw.hpp
-- Installing: /app/clang++-14-prefix/include/msgpack/adaptor/wstring.hpp
-- Installing: /app/clang++-14-prefix/include/msgpack/adaptor/boost
-- Installing: /app/clang++-14-prefix/include/msgpack/adaptor/boost/fusion.hpp
-- Installing: /app/clang++-14-prefix/include/msgpack/adaptor/boost/msgpack_variant.hpp
-- Installing: /app/clang++-14-prefix/include/msgpack/adaptor/boost/optional.hpp
-- Installing: /app/clang++-14-prefix/include/msgpack/adaptor/boost/string_ref.hpp
-- Installing: /app/clang++-14-prefix/include/msgpack/adaptor/boost/msgpack_variant_decl.hpp
-- Installing: /app/clang++-14-prefix/include/msgpack/adaptor/boost/string_view.hpp
-- Installing: /app/clang++-14-prefix/include/msgpack/adaptor/float.hpp
-- Installing: /app/clang++-14-prefix/include/msgpack/adaptor/raw.hpp
-- Installing: /app/clang++-14-prefix/include/msgpack/adaptor/int_decl.hpp
-- Installing: /app/clang++-14-prefix/include/msgpack/adaptor/carray.hpp
-- Installing: /app/clang++-14-prefix/include/msgpack/adaptor/array_ref.hpp
-- Installing: /app/clang++-14-prefix/include/msgpack/adaptor/msgpack_tuple.hpp
-- Installing: /app/clang++-14-prefix/include/msgpack/adaptor/ext.hpp
-- Installing: /app/clang++-14-prefix/include/msgpack/adaptor/bool.hpp
-- Installing: /app/clang++-14-prefix/include/msgpack/adaptor/cpp20
-- Installing: /app/clang++-14-prefix/include/msgpack/adaptor/cpp20/span.hpp
-- Installing: /app/clang++-14-prefix/include/msgpack/adaptor/map.hpp
-- Installing: /app/clang++-14-prefix/include/msgpack/adaptor/vector_char.hpp
-- Installing: /app/clang++-14-prefix/include/msgpack/adaptor/v4raw_decl.hpp
-- Installing: /app/clang++-14-prefix/include/msgpack/adaptor/tr1
-- Installing: /app/clang++-14-prefix/include/msgpack/adaptor/tr1/unordered_set.hpp
-- Installing: /app/clang++-14-prefix/include/msgpack/adaptor/tr1/unordered_map.hpp
-- Installing: /app/clang++-14-prefix/include/msgpack/adaptor/check_container_size_decl.hpp
-- Installing: /app/clang++-14-prefix/include/msgpack/adaptor/int.hpp
-- Installing: /app/clang++-14-prefix/include/msgpack/adaptor/complex.hpp
-- Installing: /app/clang++-14-prefix/include/msgpack/adaptor/char_ptr.hpp
-- Installing: /app/clang++-14-prefix/include/msgpack/adaptor/fixint_decl.hpp
-- Installing: /app/clang++-14-prefix/include/msgpack/adaptor/define.hpp
-- Installing: /app/clang++-14-prefix/include/msgpack/adaptor/array_ref_decl.hpp
-- Installing: /app/clang++-14-prefix/include/msgpack/adaptor/vector.hpp
-- Installing: /app/clang++-14-prefix/include/msgpack/adaptor/cpp11
-- Installing: /app/clang++-14-prefix/include/msgpack/adaptor/cpp11/chrono.hpp
-- Installing: /app/clang++-14-prefix/include/msgpack/adaptor/cpp11/array_char.hpp
-- Installing: /app/clang++-14-prefix/include/msgpack/adaptor/cpp11/tuple.hpp
-- Installing: /app/clang++-14-prefix/include/msgpack/adaptor/cpp11/unordered_set.hpp
-- Installing: /app/clang++-14-prefix/include/msgpack/adaptor/cpp11/forward_list.hpp
-- Installing: /app/clang++-14-prefix/include/msgpack/adaptor/cpp11/reference_wrapper.hpp
-- Installing: /app/clang++-14-prefix/include/msgpack/adaptor/cpp11/timespec.hpp
-- Installing: /app/clang++-14-prefix/include/msgpack/adaptor/cpp11/array_unsigned_char.hpp
-- Installing: /app/clang++-14-prefix/include/msgpack/adaptor/cpp11/unordered_map.hpp
-- Installing: /app/clang++-14-prefix/include/msgpack/adaptor/cpp11/array.hpp
-- Installing: /app/clang++-14-prefix/include/msgpack/adaptor/cpp11/shared_ptr.hpp
-- Installing: /app/clang++-14-prefix/include/msgpack/adaptor/cpp11/unique_ptr.hpp
-- Installing: /app/clang++-14-prefix/include/msgpack/adaptor/string.hpp
-- Installing: /app/clang++-14-prefix/include/msgpack/adaptor/msgpack_tuple_decl.hpp
-- Installing: /app/clang++-14-prefix/include/msgpack/adaptor/pair.hpp
-- Installing: /app/clang++-14-prefix/include/msgpack/adaptor/cpp17
-- Installing: /app/clang++-14-prefix/include/msgpack/adaptor/cpp17/carray_byte.hpp
-- Installing: /app/clang++-14-prefix/include/msgpack/adaptor/cpp17/variant.hpp
-- Installing: /app/clang++-14-prefix/include/msgpack/adaptor/cpp17/optional.hpp
-- Installing: /app/clang++-14-prefix/include/msgpack/adaptor/cpp17/array_byte.hpp
-- Installing: /app/clang++-14-prefix/include/msgpack/adaptor/cpp17/byte.hpp
-- Installing: /app/clang++-14-prefix/include/msgpack/adaptor/cpp17/string_view.hpp
-- Installing: /app/clang++-14-prefix/include/msgpack/adaptor/cpp17/vector_byte.hpp
-- Installing: /app/clang++-14-prefix/include/msgpack/adaptor/deque.hpp
-- Installing: /app/clang++-14-prefix/include/msgpack/adaptor/list.hpp
-- Installing: /app/clang++-14-prefix/include/msgpack/adaptor/vector_unsigned_char.hpp
-- Installing: /app/clang++-14-prefix/include/msgpack/adaptor/adaptor_base.hpp
-- Installing: /app/clang++-14-prefix/include/msgpack/adaptor/fixint.hpp
-- Installing: /app/clang++-14-prefix/include/msgpack/adaptor/define_decl.hpp
-- Installing: /app/clang++-14-prefix/include/msgpack/adaptor/nil_decl.hpp
-- Installing: /app/clang++-14-prefix/include/msgpack/adaptor/adaptor_base_decl.hpp
-- Installing: /app/clang++-14-prefix/include/msgpack/adaptor/set.hpp
-- Installing: /app/clang++-14-prefix/include/msgpack/adaptor/size_equal_only.hpp
-- Installing: /app/clang++-14-prefix/include/msgpack/adaptor/vector_bool.hpp
-- Installing: /app/clang++-14-prefix/include/msgpack/adaptor/size_equal_only_decl.hpp
-- Installing: /app/clang++-14-prefix/include/msgpack/adaptor/nil.hpp
-- Installing: /app/clang++-14-prefix/include/msgpack/adaptor/check_container_size.hpp
-- Installing: /app/clang++-14-prefix/include/msgpack/fbuffer.hpp
-- Installing: /app/clang++-14-prefix/include/msgpack/version_master.hpp
-- Installing: /app/clang++-14-prefix/include/msgpack/zbuffer.hpp
-- Installing: /app/clang++-14-prefix/include/msgpack/object.hpp
-- Installing: /app/clang++-14-prefix/include/msgpack/sbuffer_decl.hpp
-- Installing: /app/clang++-14-prefix/include/msgpack/predef.h
-- Installing: /app/clang++-14-prefix/include/msgpack/pack_decl.hpp
-- Installing: /app/clang++-14-prefix/include/msgpack/cpp_config_decl.hpp
-- Installing: /app/clang++-14-prefix/include/msgpack/gcc_atomic.hpp
-- Installing: /app/clang++-14-prefix/include/msgpack/parse.hpp
-- Installing: /app/clang++-14-prefix/include/msgpack/pack.hpp
-- Installing: /app/clang++-14-prefix/include/msgpack/vrefbuffer.hpp
-- Installing: /app/clang++-14-prefix/include/msgpack/preprocessor.hpp
-- Installing: /app/clang++-14-prefix/include/msgpack.hpp
-- Installing: /app/clang++-14-prefix/lib/cmake/msgpack-cxx/msgpack-cxx-config.cmake
-- Installing: /app/clang++-14-prefix/lib/cmake/msgpack-cxx/msgpack-cxx-config-version.cmake
-- Installing: /app/clang++-14-prefix/lib/cmake/msgpack-cxx/msgpack-cxx-targets.cmake
Internal ctest changing into directory: /app/clang++-14-build
UpdateCTestConfiguration  from :/app/clang++-14-build/DartConfiguration.tcl
Parse Config file:/app/clang++-14-build/DartConfiguration.tcl
UpdateCTestConfiguration  from :/app/clang++-14-build/DartConfiguration.tcl
Parse Config file:/app/clang++-14-build/DartConfiguration.tcl
Test project /app/clang++-14-build
Constructing a list of tests
Done constructing a list of tests
Updating test list for fixtures
Added 0 tests to meet fixture requirements
Checking test dependency graph...
Checking test dependency graph end
test 1
      Start  1: array_ref

1: Test command: /app/clang++-14-build/test/array_ref
1: Working Directory: /app/clang++-14-build/test
1: Test timeout computed to be: 1500
1: Running 16 test cases...
1:
1: [1;32;49m*** No errors detected
1: [0;39;49m
 1/38 Test  #1: array_ref ........................   Passed    0.01 sec
test 2
      Start  2: boost_fusion

2: Test command: /app/clang++-14-build/test/boost_fusion
2: Working Directory: /app/clang++-14-build/test
2: Test timeout computed to be: 1500
2: Running 6 test cases...
2:
2: [1;32;49m*** No errors detected
2: [0;39;49m
 2/38 Test  #2: boost_fusion .....................   Passed    0.01 sec
test 3
      Start  3: boost_optional

3: Test command: /app/clang++-14-build/test/boost_optional
3: Working Directory: /app/clang++-14-build/test
3: Test timeout computed to be: 1500
3: Running 10 test cases...
3:
3: [1;32;49m*** No errors detected
3: [0;39;49m
 3/38 Test  #3: boost_optional ...................   Passed    0.01 sec
test 4
      Start  4: boost_string_ref

4: Test command: /app/clang++-14-build/test/boost_string_ref
4: Working Directory: /app/clang++-14-build/test
4: Test timeout computed to be: 1500
4: Running 3 test cases...
4:
4: [1;32;49m*** No errors detected
4: [0;39;49m
 4/38 Test  #4: boost_string_ref .................   Passed    0.00 sec
test 5
      Start  5: boost_string_view

5: Test command: /app/clang++-14-build/test/boost_string_view
5: Working Directory: /app/clang++-14-build/test
5: Test timeout computed to be: 1500
5: Running 4 test cases...
5:
5: [1;32;49m*** No errors detected
5: [0;39;49m
 5/38 Test  #5: boost_string_view ................   Passed    0.00 sec
test 6
      Start  6: buffer

6: Test command: /app/clang++-14-build/test/buffer
6: Working Directory: /app/clang++-14-build/test
6: Test timeout computed to be: 1500
6: Running 4 test cases...
6:
6: [1;32;49m*** No errors detected
6: [0;39;49m
 6/38 Test  #6: buffer ...........................   Passed    0.01 sec
test 7
      Start  7: carray

7: Test command: /app/clang++-14-build/test/carray
7: Working Directory: /app/clang++-14-build/test
7: Test timeout computed to be: 1500
7: Running 16 test cases...
7:
7: [1;32;49m*** No errors detected
7: [0;39;49m
 7/38 Test  #7: carray ...........................   Passed    0.01 sec
test 8
      Start  8: cases

8: Test command: /app/clang++-14-build/test/cases
8: Working Directory: /app/clang++-14-build/test
8: Test timeout computed to be: 1500
8: Running 1 test case...
8:
8: [1;32;49m*** No errors detected
8: [0;39;49m
 8/38 Test  #8: cases ............................   Passed    0.00 sec
test 9
      Start  9: convert

9: Test command: /app/clang++-14-build/test/convert
9: Working Directory: /app/clang++-14-build/test
9: Test timeout computed to be: 1500
9: Running 6 test cases...
9:
9: [1;32;49m*** No errors detected
9: [0;39;49m
 9/38 Test  #9: convert ..........................   Passed    0.01 sec
test 10
      Start 10: fixint

10: Test command: /app/clang++-14-build/test/fixint
10: Working Directory: /app/clang++-14-build/test
10: Test timeout computed to be: 1500
10: Running 2 test cases...
10:
10: [1;32;49m*** No errors detected
10: [0;39;49m
10/38 Test #10: fixint ...........................   Passed    0.01 sec
test 11
      Start 11: inc_adaptor_define

11: Test command: /app/clang++-14-build/test/inc_adaptor_define
11: Working Directory: /app/clang++-14-build/test
11: Test timeout computed to be: 1500
11/38 Test #11: inc_adaptor_define ...............   Passed    0.00 sec
test 12
      Start 12: json

12: Test command: /app/clang++-14-build/test/json
12: Working Directory: /app/clang++-14-build/test
12: Test timeout computed to be: 1500
12: Running 3 test cases...
12:
12: [1;32;49m*** No errors detected
12: [0;39;49m
12/38 Test #12: json .............................   Passed    0.00 sec
test 13
      Start 13: limit

13: Test command: /app/clang++-14-build/test/limit
13: Working Directory: /app/clang++-14-build/test
13: Test timeout computed to be: 1500
13: Running 25 test cases...
13:
13: [1;32;49m*** No errors detected
13: [0;39;49m
13/38 Test #13: limit ............................   Passed    0.01 sec
test 14
      Start 14: msgpack_basic

14: Test command: /app/clang++-14-build/test/msgpack_basic
14: Working Directory: /app/clang++-14-build/test
14: Test timeout computed to be: 1500
14: Running 45 test cases...
14:
14: [1;32;49m*** No errors detected
14: [0;39;49m
14/38 Test #14: msgpack_basic ....................   Passed    0.73 sec
test 15
      Start 15: msgpack_container

15: Test command: /app/clang++-14-build/test/msgpack_container
15: Working Directory: /app/clang++-14-build/test
15: Test timeout computed to be: 1500
15: Running 37 test cases...
15:
15: [1;32;49m*** No errors detected
15: [0;39;49m
15/38 Test #15: msgpack_container ................   Passed    1.68 sec
test 16
      Start 16: msgpack_stream

16: Test command: /app/clang++-14-build/test/msgpack_stream
16: Working Directory: /app/clang++-14-build/test
16: Test timeout computed to be: 1500
16: Running 19 test cases...
16:
16: [1;32;49m*** No errors detected
16: [0;39;49m
16/38 Test #16: msgpack_stream ...................   Passed    1.15 sec
test 17
      Start 17: msgpack_tuple

17: Test command: /app/clang++-14-build/test/msgpack_tuple
17: Working Directory: /app/clang++-14-build/test
17: Test timeout computed to be: 1500
17: Running 8 test cases...
17:
17: [1;32;49m*** No errors detected
17: [0;39;49m
17/38 Test #17: msgpack_tuple ....................   Passed    0.01 sec
test 18
      Start 18: msgpack_vref

18: Test command: /app/clang++-14-build/test/msgpack_vref
18: Working Directory: /app/clang++-14-build/test
18: Test timeout computed to be: 1500
18: Running 39 test cases...
18:
18: [1;32;49m*** No errors detected
18: [0;39;49m
18/38 Test #18: msgpack_vref .....................   Passed    0.01 sec
test 19
      Start 19: object

19: Test command: /app/clang++-14-build/test/object
19: Working Directory: /app/clang++-14-build/test
19: Test timeout computed to be: 1500
19: Running 28 test cases...
19:
19: [1;32;49m*** No errors detected
19: [0;39;49m
19/38 Test #19: object ...........................   Passed    0.04 sec
test 20
      Start 20: object_with_zone

20: Test command: /app/clang++-14-build/test/object_with_zone
20: Working Directory: /app/clang++-14-build/test
20: Test timeout computed to be: 1500
20: Running 59 test cases...
20:
20: [1;32;49m*** No errors detected
20: [0;39;49m
20/38 Test #20: object_with_zone .................   Passed    0.89 sec
test 21
      Start 21: pack_unpack

21: Test command: /app/clang++-14-build/test/pack_unpack
21: Working Directory: /app/clang++-14-build/test
21: Test timeout computed to be: 1500
21: Running 35 test cases...
21:
21: [1;32;49m*** No errors detected
21: [0;39;49m
21/38 Test #21: pack_unpack ......................   Passed    0.01 sec
test 22
      Start 22: raw

22: Test command: /app/clang++-14-build/test/raw
22: Working Directory: /app/clang++-14-build/test
22: Test timeout computed to be: 1500
22: Running 12 test cases...
22:
22: [1;32;49m*** No errors detected
22: [0;39;49m
22/38 Test #22: raw ..............................   Passed    0.01 sec
test 23
      Start 23: reference

23: Test command: /app/clang++-14-build/test/reference
23: Working Directory: /app/clang++-14-build/test
23: Test timeout computed to be: 1500
23: Running 26 test cases...
23:
23: [1;32;49m*** No errors detected
23: [0;39;49m
23/38 Test #23: reference ........................   Passed    0.01 sec
test 24
      Start 24: size_equal_only

24: Test command: /app/clang++-14-build/test/size_equal_only
24: Working Directory: /app/clang++-14-build/test
24: Test timeout computed to be: 1500
24: Running 5 test cases...
24:
24: [1;32;49m*** No errors detected
24: [0;39;49m
24/38 Test #24: size_equal_only ..................   Passed    0.01 sec
test 25
      Start 25: streaming

25: Test command: /app/clang++-14-build/test/streaming
25: Working Directory: /app/clang++-14-build/test
25: Test timeout computed to be: 1500
25: Running 3 test cases...
25:
25: [1;32;49m*** No errors detected
25: [0;39;49m
25/38 Test #25: streaming ........................   Passed    0.01 sec
test 26
      Start 26: user_class

26: Test command: /app/clang++-14-build/test/user_class
26: Working Directory: /app/clang++-14-build/test
26: Test timeout computed to be: 1500
26: Running 15 test cases...
26:
26: [1;32;49m*** No errors detected
26: [0;39;49m
26/38 Test #26: user_class .......................   Passed    0.08 sec
test 27
      Start 27: version

27: Test command: /app/clang++-14-build/test/version
27: Working Directory: /app/clang++-14-build/test
27: Test timeout computed to be: 1500
27: Running 1 test case...
27: MSGPACK_VERSION            : 7.0.0
27: MSGPACK_VERSION_MAJOR      : 7
27: MSGPACK_VERSION_MINOR      : 0
27: MSGPACK_VERSION_REVISION   : 0
27: msgpack_version()          : 7.0.0
27: msgpack_version_major()    : 7
27: msgpack_version_minor()    : 0
27: msgpack_version_revision() : 0
27:
27: [1;32;49m*** No errors detected
27: [0;39;49m
27/38 Test #27: version ..........................   Passed    0.00 sec
test 28
      Start 28: visitor

28: Test command: /app/clang++-14-build/test/visitor
28: Working Directory: /app/clang++-14-build/test
28: Test timeout computed to be: 1500
28: Running 20 test cases...
28:
28: [1;32;49m*** No errors detected
28: [0;39;49m
28/38 Test #28: visitor ..........................   Passed    0.01 sec
test 29
      Start 29: zone

29: Test command: /app/clang++-14-build/test/zone
29: Working Directory: /app/clang++-14-build/test
29: Test timeout computed to be: 1500
29: Running 7 test cases...
29:
29: [1;32;49m*** No errors detected
29: [0;39;49m
29/38 Test #29: zone .............................   Passed    0.00 sec
test 30
      Start 30: boost_variant

30: Test command: /app/clang++-14-build/test/boost_variant
30: Working Directory: /app/clang++-14-build/test
30: Test timeout computed to be: 1500
30: Running 47 test cases...
30:
30: [1;32;49m*** No errors detected
30: [0;39;49m
30/38 Test #30: boost_variant ....................   Passed    0.02 sec
test 31
      Start 31: iterator_cpp11

31: Test command: /app/clang++-14-build/test/iterator_cpp11
31: Working Directory: /app/clang++-14-build/test
31: Test timeout computed to be: 1500
31: Running 2 test cases...
31:
31: [1;32;49m*** No errors detected
31: [0;39;49m
31/38 Test #31: iterator_cpp11 ...................   Passed    0.01 sec
test 32
      Start 32: msgpack_cpp11

32: Test command: /app/clang++-14-build/test/msgpack_cpp11
32: Working Directory: /app/clang++-14-build/test
32: Test timeout computed to be: 1500
32: Running 89 test cases...
32:
32: [1;32;49m*** No errors detected
32: [0;39;49m
32/38 Test #32: msgpack_cpp11 ....................   Passed   12.76 sec
test 33
      Start 33: reference_cpp11

33: Test command: /app/clang++-14-build/test/reference_cpp11
33: Working Directory: /app/clang++-14-build/test
33: Test timeout computed to be: 1500
33: Running 15 test cases...
33:
33: [1;32;49m*** No errors detected
33: [0;39;49m
33/38 Test #33: reference_cpp11 ..................   Passed    0.01 sec
test 34
      Start 34: reference_wrapper_cpp11

34: Test command: /app/clang++-14-build/test/reference_wrapper_cpp11
34: Working Directory: /app/clang++-14-build/test
34: Test timeout computed to be: 1500
34: Running 7 test cases...
34:
34: [1;32;49m*** No errors detected
34: [0;39;49m
34/38 Test #34: reference_wrapper_cpp11 ..........   Passed    0.01 sec
test 35
      Start 35: shared_ptr_cpp11

35: Test command: /app/clang++-14-build/test/shared_ptr_cpp11
35: Working Directory: /app/clang++-14-build/test
35: Test timeout computed to be: 1500
35: Running 7 test cases...
35:
35: [1;32;49m*** No errors detected
35: [0;39;49m
35/38 Test #35: shared_ptr_cpp11 .................   Passed    0.01 sec
test 36
      Start 36: unique_ptr_cpp11

36: Test command: /app/clang++-14-build/test/unique_ptr_cpp11
36: Working Directory: /app/clang++-14-build/test
36: Test timeout computed to be: 1500
36: Running 7 test cases...
36:
36: [1;32;49m*** No errors detected
36: [0;39;49m
36/38 Test #36: unique_ptr_cpp11 .................   Passed    0.00 sec
test 37
      Start 37: fuzz_unpack_pack_fuzzer_cpp11

37: Test command: /app/clang++-14-build/test/fuzz_unpack_pack_fuzzer_cpp11
37: Working Directory: /app/clang++-14-build/test
37: Test timeout computed to be: 1500
37: Running 1 test case...
37:
37: [1;32;49m*** No errors detected
37: [0;39;49m
37/38 Test #37: fuzz_unpack_pack_fuzzer_cpp11 ....   Passed    0.01 sec
test 38
      Start 38: multi_file

38: Test command: /app/clang++-14-build/test/multi_file
38: Working Directory: /app/clang++-14-build/test
38: Test timeout computed to be: 1500
38/38 Test #38: multi_file .......................   Passed    0.00 sec

100% tests passed, 0 tests failed out of 38

Total Test time (real) =  17.57 sec
Internal ctest changing into directory: /app/clang++-14-build
   Site: 951469bce0f9
   Build name: Linux-clang++-14
Create new tag: 20251220-0353 - Experimental
Memory check project /app/clang++-14-build
      Start  1: array_ref
 1/38 MemCheck  #1: array_ref ........................   Passed    1.89 sec
      Start  2: boost_fusion
 2/38 MemCheck  #2: boost_fusion .....................   Passed    1.70 sec
      Start  3: boost_optional
 3/38 MemCheck  #3: boost_optional ...................   Passed    1.71 sec
      Start  4: boost_string_ref
 4/38 MemCheck  #4: boost_string_ref .................   Passed    1.39 sec
      Start  5: boost_string_view
 5/38 MemCheck  #5: boost_string_view ................   Passed    1.41 sec
      Start  6: buffer
 6/38 MemCheck  #6: buffer ...........................   Passed    1.35 sec
      Start  7: carray
 7/38 MemCheck  #7: carray ...........................   Passed    1.87 sec
      Start  8: cases
 8/38 MemCheck  #8: cases ............................   Passed    1.33 sec
      Start  9: convert
 9/38 MemCheck  #9: convert ..........................   Passed    1.47 sec
      Start 10: fixint
10/38 MemCheck #10: fixint ...........................   Passed    1.53 sec
      Start 11: inc_adaptor_define
11/38 MemCheck #11: inc_adaptor_define ...............   Passed    0.83 sec
      Start 12: json
12/38 MemCheck #12: json .............................   Passed    1.52 sec
      Start 13: limit
13/38 MemCheck #13: limit ............................   Passed    2.03 sec
      Start 14: msgpack_basic
14/38 MemCheck #14: msgpack_basic ....................   Passed   52.55 sec
      Start 15: msgpack_container
15/38 MemCheck #15: msgpack_container ................   Passed   68.70 sec
      Start 16: msgpack_stream
16/38 MemCheck #16: msgpack_stream ...................   Passed   73.53 sec
      Start 17: msgpack_tuple
17/38 MemCheck #17: msgpack_tuple ....................   Passed    1.54 sec
      Start 18: msgpack_vref
18/38 MemCheck #18: msgpack_vref .....................   Passed    2.50 sec
      Start 19: object
19/38 MemCheck #19: object ...........................   Passed    3.73 sec
      Start 20: object_with_zone
20/38 MemCheck #20: object_with_zone .................   Passed   37.41 sec
      Start 21: pack_unpack
21/38 MemCheck #21: pack_unpack ......................   Passed    2.12 sec
      Start 22: raw
22/38 MemCheck #22: raw ..............................   Passed    1.62 sec
      Start 23: reference
23/38 MemCheck #23: reference ........................   Passed    1.90 sec
      Start 24: size_equal_only
24/38 MemCheck #24: size_equal_only ..................   Passed    1.81 sec
      Start 25: streaming
25/38 MemCheck #25: streaming ........................   Passed    1.43 sec
      Start 26: user_class
26/38 MemCheck #26: user_class .......................   Passed    5.58 sec
      Start 27: version
27/38 MemCheck #27: version ..........................   Passed    1.21 sec
      Start 28: visitor
28/38 MemCheck #28: visitor ..........................   Passed    2.39 sec
      Start 29: zone
29/38 MemCheck #29: zone .............................   Passed    1.39 sec
      Start 30: boost_variant
30/38 MemCheck #30: boost_variant ....................   Passed    3.87 sec
      Start 31: iterator_cpp11
31/38 MemCheck #31: iterator_cpp11 ...................   Passed    1.47 sec
      Start 32: msgpack_cpp11
32/38 MemCheck #32: msgpack_cpp11 ....................   Passed  585.11 sec
      Start 33: reference_cpp11
33/38 MemCheck #33: reference_cpp11 ..................   Passed    1.65 sec
      Start 34: reference_wrapper_cpp11
34/38 MemCheck #34: reference_wrapper_cpp11 ..........   Passed    1.54 sec
      Start 35: shared_ptr_cpp11
35/38 MemCheck #35: shared_ptr_cpp11 .................   Passed    1.52 sec
      Start 36: unique_ptr_cpp11
36/38 MemCheck #36: unique_ptr_cpp11 .................   Passed    1.54 sec
      Start 37: fuzz_unpack_pack_fuzzer_cpp11
37/38 MemCheck #37: fuzz_unpack_pack_fuzzer_cpp11 ....   Passed    1.33 sec
      Start 38: multi_file
38/38 MemCheck #38: multi_file .......................   Passed    0.77 sec

100% tests passed, 0 tests failed out of 38

Total Test time (real) = 878.26 sec
-- Processing memory checking output:
MemCheck log files can be found here: (<#> corresponds to test number)
/app/clang++-14-build/Testing/Temporary/MemoryChecker.<#>.log
Memory checking results:
CMake Deprecation Warning at CMakeLists.txt:1 (cmake_minimum_required):
  Compatibility with CMake < 3.5 will be removed from a future version of
  CMake.

  Update the VERSION argument <min> value or use a ...<max> suffix to tell
  CMake that the project does not need compatibility with older versions.


-- The CXX compiler identification is Clang 14.0.6
-- Detecting CXX compiler ABI info
-- Detecting CXX compiler ABI info - done
-- Check for working CXX compiler: /usr/bin/clang++-14 - skipped
-- Detecting CXX compile features
-- Detecting CXX compile features - done
-- Found Boost: /usr/lib/x86_64-linux-gnu/cmake/Boost-1.83.0/BoostConfig.cmake (found version "1.83.0")
-- Configuring done (0.7s)
-- Generating done (0.0s)
-- Build files have been written to: /app/test-install/clang++-14-build
[ 50%] Building CXX object CMakeFiles/test-install.dir/simple.cpp.o
[100%] Linking CXX executable test-install
[100%] Built target test-install
[1,true,"example"]
