-- The C compiler identification is GNU 11.4.0
-- The CXX compiler identification is GNU 11.4.0
-- The ASM compiler identification is GNU
-- Found assembler: /usr/bin/cc
-- The ASM_MASM compiler identification is unknown
-- Found assembler: ml
-- Detecting C compiler ABI info
-- Detecting C compiler ABI info - done
-- Check for working C compiler: /usr/bin/cc - skipped
-- Detecting C compile features
-- Detecting C compile features - done
-- Detecting CXX compiler ABI info
-- Detecting CXX compiler ABI info - done
-- Check for working CXX compiler: /usr/bin/c++ - skipped
-- Detecting CXX compile features
-- Detecting CXX compile features - done
CMake Warning at cmake/CcacheVersion.cmake:78 (message):
  Could not determine ccache version
Call Stack (most recent call first):
  CMakeLists.txt:53 (include)


-- Ccache version: unknown
-- Ccache dev mode: OFF
-- Setting CMAKE_BUILD_TYPE to Release as none was specified
-- Performing Test std_atomic_without_libatomic
-- Performing Test std_atomic_without_libatomic - Success
-- Performing Test std_filesystem_without_libfs
-- Performing Test std_filesystem_without_libfs - Success
-- Looking for cpuid.h
-- Looking for cpuid.h - found
-- Looking for dirent.h
-- Looking for dirent.h - found
-- Looking for linux/fs.h
-- Looking for linux/fs.h - found
-- Looking for pwd.h
-- Looking for pwd.h - found
-- Looking for spawn.h
-- Looking for spawn.h - found
-- Looking for sys/clonefile.h
-- Looking for sys/clonefile.h - not found
-- Looking for sys/file.h
-- Looking for sys/file.h - found
-- Looking for sys/ioctl.h
-- Looking for sys/ioctl.h - found
-- Looking for sys/mman.h
-- Looking for sys/mman.h - found
-- Looking for sys/sendfile.h
-- Looking for sys/sendfile.h - found
-- Looking for sys/utime.h
-- Looking for sys/utime.h - not found
-- Looking for sys/wait.h
-- Looking for sys/wait.h - found
-- Looking for syslog.h
-- Looking for syslog.h - found
-- Looking for unistd.h
-- Looking for unistd.h - found
-- Looking for utime.h
-- Looking for utime.h - found
-- Looking for getopt_long
-- Looking for getopt_long - found
-- Looking for getpwuid
-- Looking for getpwuid - found
-- Looking for localtime_r
-- Looking for localtime_r - found
-- Looking for posix_fallocate
-- Looking for posix_fallocate - found
-- Looking for setenv
-- Looking for setenv - found
-- Looking for syslog
-- Looking for syslog - found
-- Looking for unsetenv
-- Looking for unsetenv - found
-- Looking for utimensat
-- Looking for utimensat - found
-- Looking for utimes
-- Looking for utimes - found
-- Performing Test HAVE_STRUCT_STAT_ST_ATIM
-- Performing Test HAVE_STRUCT_STAT_ST_ATIM - Success
-- Performing Test HAVE_STRUCT_STAT_ST_ATIMENSEC
-- Performing Test HAVE_STRUCT_STAT_ST_ATIMENSEC - Failed
-- Performing Test HAVE_STRUCT_STAT_ST_ATIMESPEC
-- Performing Test HAVE_STRUCT_STAT_ST_ATIMESPEC - Failed
-- Performing Test HAVE_STRUCT_STAT_ST_CTIM
-- Performing Test HAVE_STRUCT_STAT_ST_CTIM - Success
-- Performing Test HAVE_STRUCT_STAT_ST_CTIMENSEC
-- Performing Test HAVE_STRUCT_STAT_ST_CTIMENSEC - Failed
-- Performing Test HAVE_STRUCT_STAT_ST_CTIMESPEC
-- Performing Test HAVE_STRUCT_STAT_ST_CTIMESPEC - Failed
-- Performing Test HAVE_STRUCT_STAT_ST_MTIM
-- Performing Test HAVE_STRUCT_STAT_ST_MTIM - Success
-- Performing Test HAVE_STRUCT_STAT_ST_MTIMENSEC
-- Performing Test HAVE_STRUCT_STAT_ST_MTIMENSEC - Failed
-- Performing Test HAVE_STRUCT_STAT_ST_MTIMESPEC
-- Performing Test HAVE_STRUCT_STAT_ST_MTIMESPEC - Failed
-- Performing Test HAVE_STRUCT_STATFS_F_FSTYPENAME
-- Performing Test HAVE_STRUCT_STATFS_F_FSTYPENAME - Failed
-- Performing Test HAVE_AVX2
-- Performing Test HAVE_AVX2 - Success
-- Using bundled Blake3 since Blake3>=1.4.0 was not found locally
-- Using bundled CppHttplib since CppHttplib>=0.10.6 was not found locally
-- Using bundled Fmt since Fmt>=8.0.0 was not found locally
-- Using bundled NonstdSpan since NonstdSpan>=0.10.3 was not found locally
-- Using bundled TlExpected since TlExpected>=1.1.0 was not found locally
-- Downloading Xxhash from the internet since Xxhash>=0.8.0 was not found locally and DEPS=AUTO
-- Downloading Zstd from the internet since Zstd>=1.3.4 was not found locally and DEPS=AUTO
-- ZSTD VERSION: 1.5.7
-- Performing Test C_FLAG_WALL
-- Performing Test C_FLAG_WALL - Success
-- Performing Test CXX_FLAG_WALL
-- Performing Test CXX_FLAG_WALL - Success
-- Performing Test C_FLAG_WEXTRA
-- Performing Test C_FLAG_WEXTRA - Success
-- Performing Test CXX_FLAG_WEXTRA
-- Performing Test CXX_FLAG_WEXTRA - Success
-- Performing Test C_FLAG_WUNDEF
-- Performing Test C_FLAG_WUNDEF - Success
-- Performing Test CXX_FLAG_WUNDEF
-- Performing Test CXX_FLAG_WUNDEF - Success
-- Performing Test C_FLAG_WSHADOW
-- Performing Test C_FLAG_WSHADOW - Success
-- Performing Test CXX_FLAG_WSHADOW
-- Performing Test CXX_FLAG_WSHADOW - Success
-- Performing Test C_FLAG_WCAST_ALIGN
-- Performing Test C_FLAG_WCAST_ALIGN - Success
-- Performing Test CXX_FLAG_WCAST_ALIGN
-- Performing Test CXX_FLAG_WCAST_ALIGN - Success
-- Performing Test C_FLAG_WCAST_QUAL
-- Performing Test C_FLAG_WCAST_QUAL - Success
-- Performing Test CXX_FLAG_WCAST_QUAL
-- Performing Test CXX_FLAG_WCAST_QUAL - Success
-- Performing Test C_FLAG_WSTRICT_PROTOTYPES
-- Performing Test C_FLAG_WSTRICT_PROTOTYPES - Success
-- Performing Test LD_FLAG_WL_Z_NOEXECSTACK
-- Performing Test LD_FLAG_WL_Z_NOEXECSTACK - Success
-- Performing Test C_FLAG_QUNUSED_ARGUMENTS
-- Performing Test C_FLAG_QUNUSED_ARGUMENTS - Failed
-- Performing Test CXX_FLAG_QUNUSED_ARGUMENTS
-- Performing Test CXX_FLAG_QUNUSED_ARGUMENTS - Failed
-- Performing Test C_FLAG_WA_NOEXECSTACK
-- Performing Test C_FLAG_WA_NOEXECSTACK - Success
-- Performing Test CXX_FLAG_WA_NOEXECSTACK
-- Performing Test CXX_FLAG_WA_NOEXECSTACK - Success
-- CMAKE_INSTALL_PREFIX: /usr/local
-- CMAKE_INSTALL_LIBDIR: lib
-- ZSTD_LEGACY_SUPPORT defined!
-- ZSTD_MULTITHREAD_SUPPORT is enabled
-- Looking for pthread.h
-- Looking for pthread.h - found
-- Performing Test CMAKE_HAVE_LIBC_PTHREAD
-- Performing Test CMAKE_HAVE_LIBC_PTHREAD - Success
-- Found Threads: TRUE
-- Downloading doctest from the internet since Doctest>=2.4.6 was not found locally and DEPS=AUTO
-- Downloading Hiredis from the internet since Hiredis>=0.13.3 was not found locally and DEPS=AUTO
-- Performing Test HAVE_ASM_SSE2
-- Performing Test HAVE_ASM_SSE2 - Success
-- Performing Test HAVE_ASM_SSE41
-- Performing Test HAVE_ASM_SSE41 - Success
-- Performing Test HAVE_ASM_AVX2
-- Performing Test HAVE_ASM_AVX2 - Success
-- Performing Test HAVE_ASM_AVX512
-- Performing Test HAVE_ASM_AVX512 - Success
-- Performing Test HAVE_NEON
-- Performing Test HAVE_NEON - Failed
CMake Warning at doc/CMakeLists.txt:5 (message):
  Could not find asciidoctor; documentation will not be generated


--
-- Configuration summary:
--   Storage backends:
--     file  ON
--     http  ON
--     redis ON
--   Dependencies:
--     Blake3     1.8.2  BUNDLED
--     CppHttplib 0.20.0 BUNDLED
--     Doctest    2.4.12 DOWNLOADED
--     Fmt        11.1.4 BUNDLED
--     Hiredis    1.3.0  DOWNLOADED
--     NonstdSpan 0.11.0 BUNDLED
--     TlExpected 1.1.0  BUNDLED
--     Xxhash     0.8.3  DOWNLOADED
--     Zstd       1.5.7  DOWNLOADED
--
-- Configuring done
-- Generating done
-- Build files have been written to: /ccache/build
[1/171] Building C object CMakeFiles/dep_hiredis.dir/_deps/hiredis-src/alloc.c.o
[2/171] Building C object CMakeFiles/dep_hiredis.dir/_deps/hiredis-src/dict.c.o
[3/171] Building C object CMakeFiles/dep_hiredis.dir/_deps/hiredis-src/sockcompat.c.o
[4/171] Building CXX object CMakeFiles/ccache.dir/src/ccache/main.cpp.o
[5/171] Building C object _deps/zstd-build/lib/CMakeFiles/libzstd_static.dir/__/__/__/lib/common/debug.c.o
[6/171] Building C object _deps/zstd-build/lib/CMakeFiles/libzstd_static.dir/__/__/__/lib/common/error_private.c.o
[7/171] Building C object _deps/zstd-build/lib/CMakeFiles/libzstd_static.dir/__/__/__/lib/common/threading.c.o
[8/171] Building C object _deps/zstd-build/lib/CMakeFiles/libzstd_static.dir/__/__/__/lib/common/zstd_common.c.o
[9/171] Building ASM object src/third_party/blake3/CMakeFiles/dep_blake3.dir/blake3/blake3_avx2_x86-64_unix.S.o
[10/171] Building ASM object _deps/zstd-build/lib/CMakeFiles/libzstd_static.dir/__/__/__/lib/decompress/huf_decompress_amd64.S.o
[11/171] Building ASM object src/third_party/blake3/CMakeFiles/dep_blake3.dir/blake3/blake3_sse2_x86-64_unix.S.o
[12/171] Building ASM object src/third_party/blake3/CMakeFiles/dep_blake3.dir/blake3/blake3_sse41_x86-64_unix.S.o
[13/171] Building C object _deps/zstd-build/lib/CMakeFiles/libzstd_static.dir/__/__/__/lib/common/entropy_common.c.o
[14/171] Building C object _deps/zstd-build/lib/CMakeFiles/libzstd_static.dir/__/__/__/lib/common/pool.c.o
[15/171] Building C object _deps/zstd-build/lib/CMakeFiles/libzstd_static.dir/__/__/__/lib/common/xxhash.c.o
[16/171] Building C object _deps/zstd-build/lib/CMakeFiles/libzstd_static.dir/__/__/__/lib/compress/hist.c.o
[17/171] Building C object _deps/zstd-build/lib/CMakeFiles/libzstd_static.dir/__/__/__/lib/compress/zstd_compress_literals.c.o
[18/171] Building C object _deps/zstd-build/lib/CMakeFiles/libzstd_static.dir/__/__/__/lib/compress/zstd_preSplit.c.o
[19/171] Building C object _deps/zstd-build/lib/CMakeFiles/libzstd_static.dir/__/__/__/lib/decompress/zstd_ddict.c.o
[20/171] Building ASM object src/third_party/blake3/CMakeFiles/dep_blake3.dir/blake3/blake3_avx512_x86-64_unix.S.o
[21/171] Building CXX object src/ccache/CMakeFiles/ccache_framework.dir/version.cpp.o
[22/171] Building C object CMakeFiles/dep_hiredis.dir/_deps/hiredis-src/net.c.o
[23/171] Building C object CMakeFiles/dep_hiredis.dir/_deps/hiredis-src/read.c.o
[24/171] Building C object _deps/zstd-build/lib/CMakeFiles/libzstd_static.dir/__/__/__/lib/compress/fse_compress.c.o
[25/171] Building C object _deps/zstd-build/lib/CMakeFiles/libzstd_static.dir/__/__/__/lib/compress/zstd_compress_superblock.c.o
[26/171] Building C object _deps/zstd-build/lib/CMakeFiles/libzstd_static.dir/__/__/__/lib/dictBuilder/fastcover.c.o
[27/171] Building C object CMakeFiles/dep_hiredis.dir/_deps/hiredis-src/async.c.o
[28/171] Building C object _deps/zstd-build/lib/CMakeFiles/libzstd_static.dir/__/__/__/lib/compress/zstd_compress_sequences.c.o
[29/171] Building C object _deps/zstd-build/lib/CMakeFiles/libzstd_static.dir/__/__/__/lib/compress/zstd_ldm.c.o
[30/171] Building C object _deps/zstd-build/lib/CMakeFiles/libzstd_static.dir/__/__/__/lib/dictBuilder/cover.c.o
[31/171] Building C object src/third_party/blake3/CMakeFiles/dep_blake3.dir/blake3/blake3_portable.c.o
[32/171] Building C object _deps/zstd-build/lib/CMakeFiles/libzstd_static.dir/__/__/__/lib/dictBuilder/zdict.c.o
[33/171] Building C object src/third_party/blake3/CMakeFiles/dep_blake3.dir/blake3/blake3_dispatch.c.o
[34/171] Building C object CMakeFiles/dep_hiredis.dir/_deps/hiredis-src/hiredis.c.o
[35/171] Building CXX object src/ccache/CMakeFiles/ccache_framework.dir/util/cpu.cpp.o
[36/171] Building C object _deps/zstd-build/lib/CMakeFiles/libzstd_static.dir/__/__/__/lib/common/fse_decompress.c.o
[37/171] Building C object _deps/zstd-build/lib/CMakeFiles/libzstd_static.dir/__/__/__/lib/compress/zstdmt_compress.c.o
[38/171] Building CXX object src/ccache/CMakeFiles/ccache_framework.dir/util/error.cpp.o
[39/171] Building C object CMakeFiles/dep_hiredis.dir/_deps/hiredis-src/sds.c.o
[40/171] Building C object src/third_party/blake3/CMakeFiles/dep_blake3.dir/blake3/blake3.c.o
[41/171] Linking C static library libdep_hiredis.a
[42/171] Linking C static library src/third_party/blake3/libdep_blake3.a
[43/171] Building C object _deps/zstd-build/lib/CMakeFiles/libzstd_static.dir/__/__/__/lib/legacy/zstd_v01.c.o
/ccache/build/_deps/zstd-src/lib/legacy/zstd_v01.c: In function 'ZSTD_decompressSequences':
/ccache/build/_deps/zstd-src/lib/legacy/zstd_v01.c:1830:17: warning: 'dumps' may be used uninitialized in this function [-Wmaybe-uninitialized]
 1830 |     const BYTE* dumps;
      |                 ^~~~~
/ccache/build/_deps/zstd-src/lib/legacy/zstd_v01.c:1861:18: warning: 'nbSeq' may be used uninitialized in this function [-Wmaybe-uninitialized]
 1861 |             nbSeq--;
      |             ~~~~~^~
/ccache/build/_deps/zstd-src/lib/legacy/zstd_v01.c:1850:35: warning: 'dumpsLength' may be used uninitialized in this function [-Wmaybe-uninitialized]
 1850 |         seqState.dumpsEnd = dumps + dumpsLength;
      |                             ~~~~~~^~~~~~~~~~~~~
/ccache/build/_deps/zstd-src/lib/legacy/zstd_v01.c: In function 'ZSTD_decompressBlock':
/ccache/build/_deps/zstd-src/lib/legacy/zstd_v01.c:1505:20: warning: 'litbp.origSize' may be used uninitialized in this function [-Wmaybe-uninitialized]
 1505 |             size_t rleSize = litbp.origSize;
      |                    ^~~~~~~
/ccache/build/_deps/zstd-src/lib/legacy/zstd_v01.c:1489:23: note: 'litbp.origSize' was declared here
 1489 |     blockProperties_t litbp;
      |                       ^~~~~
/ccache/build/_deps/zstd-src/lib/legacy/zstd_v01.c:1496:5: warning: '*(unsigned int *)((char *)&litbp + offsetof(blockProperties_t, blockType))' may be used uninitialized in this function [-Wmaybe-uninitialized]
 1496 |     switch(litbp.blockType)
      |     ^~~~~~
/ccache/build/_deps/zstd-src/lib/legacy/zstd_v01.c:1489:23: note: '*(unsigned int *)((char *)&litbp + offsetof(blockProperties_t, blockType))' was declared here
 1489 |     blockProperties_t litbp;
      |                       ^~~~~
/ccache/build/_deps/zstd-src/lib/legacy/zstd_v01.c: In function 'ZSTDv01_decompressDCtx':
/ccache/build/_deps/zstd-src/lib/legacy/zstd_v01.c:1936:9: warning: '*(unsigned int *)((char *)&blockProperties + offsetof(blockProperties_t, blockType))' may be used uninitialized in this function [-Wmaybe-uninitialized]
 1936 |         switch(blockProperties.blockType)
      |         ^~~~~~
[44/171] Building C object _deps/zstd-build/lib/CMakeFiles/libzstd_static.dir/__/__/__/lib/decompress/zstd_decompress.c.o
[45/171] Building CXX object src/ccache/CMakeFiles/ccache_framework.dir/util/filelock.cpp.o
[46/171] Building CXX object src/ccache/CMakeFiles/ccache_framework.dir/progressbar.cpp.o
[47/171] Building C object _deps/zstd-build/lib/CMakeFiles/libzstd_static.dir/__/__/__/lib/compress/huf_compress.c.o
[48/171] Building C object CMakeFiles/dep_xxhash.dir/_deps/xxhash-src/xxhash.c.o
[49/171] Building C object _deps/zstd-build/lib/CMakeFiles/libzstd_static.dir/__/__/__/lib/legacy/zstd_v03.c.o
[50/171] Linking C static library libdep_xxhash.a
[51/171] Building CXX object src/ccache/CMakeFiles/ccache_framework.dir/compopt.cpp.o
[52/171] Building CXX object src/ccache/CMakeFiles/ccache_framework.dir/util/process.cpp.o
[53/171] Building CXX object src/ccache/CMakeFiles/ccache_framework.dir/util/filesystem.cpp.o
[54/171] Building CXX object src/ccache/CMakeFiles/ccache_framework.dir/core/msvcshowincludesoutput.cpp.o
[55/171] Building C object _deps/zstd-build/lib/CMakeFiles/libzstd_static.dir/__/__/__/lib/dictBuilder/divsufsort.c.o
[56/171] Building C object _deps/zstd-build/lib/CMakeFiles/libzstd_static.dir/__/__/__/lib/legacy/zstd_v02.c.o
[57/171] Building CXX object src/ccache/CMakeFiles/ccache_framework.dir/util/timepoint.cpp.o
[58/171] Building C object _deps/zstd-build/lib/CMakeFiles/libzstd_static.dir/__/__/__/lib/legacy/zstd_v05.c.o
[59/171] Building CXX object src/ccache/CMakeFiles/ccache_framework.dir/language.cpp.o
[60/171] Building CXX object src/ccache/CMakeFiles/ccache_framework.dir/util/time.cpp.o
[61/171] Building CXX object src/ccache/CMakeFiles/ccache_framework.dir/util/bytes.cpp.o
[62/171] Building CXX object src/ccache/CMakeFiles/ccache_framework.dir/core/statisticscounters.cpp.o
[63/171] Building CXX object src/ccache/CMakeFiles/ccache_framework.dir/core/cacheentry.cpp.o
[64/171] Building CXX object src/ccache/CMakeFiles/ccache_framework.dir/signalhandler.cpp.o
[65/171] Building CXX object src/ccache/CMakeFiles/ccache_framework.dir/util/umaskscope.cpp.o
[66/171] Building C object _deps/zstd-build/lib/CMakeFiles/libzstd_static.dir/__/__/__/lib/legacy/zstd_v07.c.o
[67/171] Building CXX object src/ccache/CMakeFiles/ccache_framework.dir/util/environment.cpp.o
[68/171] Building C object _deps/zstd-build/lib/CMakeFiles/libzstd_static.dir/__/__/__/lib/legacy/zstd_v06.c.o
[69/171] Building CXX object src/ccache/CMakeFiles/ccache_framework.dir/util/exec.cpp.o
[70/171] Building CXX object src/ccache/CMakeFiles/ccache_framework.dir/execute.cpp.o
[71/171] Building CXX object src/ccache/CMakeFiles/ccache_framework.dir/core/atomicfile.cpp.o
[72/171] Building C object _deps/zstd-build/lib/CMakeFiles/libzstd_static.dir/__/__/__/lib/compress/zstd_opt.c.o
[73/171] Building CXX object src/ccache/CMakeFiles/ccache_framework.dir/core/resultextractor.cpp.o
[74/171] Building CXX object src/ccache/CMakeFiles/ccache_framework.dir/core/statslog.cpp.o
[75/171] Building CXX object src/ccache/CMakeFiles/ccache_framework.dir/context.cpp.o
[76/171] Building CXX object src/ccache/CMakeFiles/ccache_framework.dir/util/clang.cpp.o
[77/171] Building C object _deps/zstd-build/lib/CMakeFiles/libzstd_static.dir/__/__/__/lib/compress/zstd_compress.c.o
[78/171] Building CXX object src/ccache/CMakeFiles/ccache_framework.dir/util/longlivedlockfilemanager.cpp.o
[79/171] Building CXX object src/ccache/CMakeFiles/ccache_framework.dir/util/tokenizer.cpp.o
[80/171] Building CXX object src/ccache/CMakeFiles/ccache_framework.dir/core/filerecompressor.cpp.o
[81/171] Building CXX object src/ccache/CMakeFiles/ccache_framework.dir/core/common.cpp.o
[82/171] Building C object _deps/zstd-build/lib/CMakeFiles/libzstd_static.dir/__/__/__/lib/legacy/zstd_v04.c.o
[83/171] Building CXX object src/ccache/CMakeFiles/ccache_framework.dir/core/resultinspector.cpp.o
[84/171] Building CXX object src/ccache/CMakeFiles/ccache_framework.dir/util/memorymap.cpp.o
[85/171] Building CXX object src/ccache/CMakeFiles/ccache_framework.dir/core/types.cpp.o
[86/171] Building CXX object src/ccache/CMakeFiles/ccache_framework.dir/util/zstd.cpp.o
[87/171] Building CXX object src/ccache/CMakeFiles/ccache_framework.dir/util/assertions.cpp.o
[88/171] Building CXX object src/ccache/CMakeFiles/ccache_framework.dir/depfile.cpp.o
[89/171] Building CXX object src/ccache/CMakeFiles/ccache_framework.dir/storage/remote/remotestorage.cpp.o
[90/171] Building CXX object src/ccache/CMakeFiles/ccache_framework.dir/core/result.cpp.o
[91/171] Building CXX object src/ccache/CMakeFiles/ccache_framework.dir/util/threadpool.cpp.o
[92/171] Building CXX object src/ccache/CMakeFiles/ccache_framework.dir/storage/local/util.cpp.o
[93/171] Building CXX object unittest/CMakeFiles/unittest.dir/test_core_statisticscounters.cpp.o
[94/171] Building CXX object src/ccache/CMakeFiles/ccache_framework.dir/util/logging.cpp.o
[95/171] Building C object _deps/zstd-build/lib/CMakeFiles/libzstd_static.dir/__/__/__/lib/compress/zstd_fast.c.o
[96/171] Building CXX object src/third_party/cxxurl/CMakeFiles/dep_cxxurl.dir/cxxurl/url.cpp.o
[97/171] Building CXX object unittest/CMakeFiles/unittest.dir/test_compopt.cpp.o
[98/171] Building CXX object unittest/CMakeFiles/unittest.dir/test_core_atomicfile.cpp.o
[99/171] Linking CXX static library src/third_party/cxxurl/libdep_cxxurl.a
[100/171] Building CXX object src/ccache/CMakeFiles/ccache_framework.dir/hash.cpp.o
[101/171] Building CXX object unittest/CMakeFiles/unittest.dir/test_util_xxh3_64.cpp.o
[102/171] Building C object _deps/zstd-build/lib/CMakeFiles/libzstd_static.dir/__/__/__/lib/decompress/zstd_decompress_block.c.o
[103/171] Building C object _deps/zstd-build/lib/CMakeFiles/libzstd_static.dir/__/__/__/lib/decompress/huf_decompress.c.o
[104/171] Building CXX object src/ccache/CMakeFiles/ccache_framework.dir/util/direntry.cpp.o
[105/171] Building CXX object unittest/CMakeFiles/unittest.dir/test_core_statslog.cpp.o
[106/171] Building CXX object unittest/CMakeFiles/unittest.dir/test_core_statistics.cpp.o
[107/171] Building CXX object src/ccache/CMakeFiles/test-lockfile.dir/test_lockfile.cpp.o
[108/171] Building CXX object unittest/CMakeFiles/unittest.dir/test_hash.cpp.o
[109/171] Building CXX object unittest/CMakeFiles/unittest.dir/test_util_duration.cpp.o
[110/171] Building CXX object src/ccache/CMakeFiles/ccache_framework.dir/core/resultretriever.cpp.o
[111/171] Building CXX object src/ccache/CMakeFiles/ccache_framework.dir/inodecache.cpp.o
[112/171] Building CXX object unittest/CMakeFiles/unittest.dir/test_util_timepoint.cpp.o
[113/171] Building CXX object src/ccache/CMakeFiles/ccache_framework.dir/util/texttable.cpp.o
[114/171] Building CXX object unittest/CMakeFiles/unittest.dir/test_compression_types.cpp.o
[115/171] Building CXX object src/ccache/CMakeFiles/ccache_framework.dir/util/path.cpp.o
[116/171] Building CXX object src/ccache/CMakeFiles/ccache_framework.dir/core/manifest.cpp.o
[117/171] Building CXX object unittest/CMakeFiles/unittest.dir/test_core_msvcshowincludesoutput.cpp.o
[118/171] Building C object _deps/zstd-build/lib/CMakeFiles/libzstd_static.dir/__/__/__/lib/compress/zstd_double_fast.c.o
[119/171] Building CXX object src/ccache/CMakeFiles/ccache_framework.dir/storage/local/statsfile.cpp.o
[120/171] Building CXX object unittest/CMakeFiles/unittest.dir/test_util_clang.cpp.o
[121/171] Building CXX object src/ccache/CMakeFiles/ccache_framework.dir/storage/remote/filestorage.cpp.o
[122/171] Building CXX object src/ccache/CMakeFiles/ccache_framework.dir/storage/remote/redisstorage.cpp.o
[123/171] Building CXX object unittest/CMakeFiles/unittest.dir/test_util_bitset.cpp.o
[124/171] Building CXX object src/ccache/CMakeFiles/ccache_framework.dir/util/string.cpp.o
[125/171] Building CXX object src/ccache/CMakeFiles/ccache_framework.dir/util/args.cpp.o
[126/171] Building CXX object unittest/CMakeFiles/unittest.dir/test_util_zstd.cpp.o
[127/171] Building CXX object unittest/CMakeFiles/unittest.dir/test_util_exec.cpp.o
[128/171] Building CXX object unittest/CMakeFiles/unittest.dir/test_util_xxh3_128.cpp.o
[129/171] Building CXX object unittest/CMakeFiles/unittest.dir/test_util_environment.cpp.o
[130/171] Building CXX object src/ccache/CMakeFiles/ccache_framework.dir/hashutil.cpp.o
[131/171] Building CXX object unittest/CMakeFiles/unittest.dir/test_storage_local_statsfile.cpp.o
[132/171] Building CXX object unittest/CMakeFiles/unittest.dir/test_util_expected.cpp.o
[133/171] Building CXX object unittest/CMakeFiles/unittest.dir/test_util_tokenizer.cpp.o
[134/171] Building CXX object unittest/CMakeFiles/unittest.dir/test_util_conversion.cpp.o
[135/171] Building CXX object unittest/CMakeFiles/unittest.dir/test_core_common.cpp.o
[136/171] Building CXX object src/ccache/CMakeFiles/ccache_framework.dir/util/temporaryfile.cpp.o
[137/171] Building CXX object unittest/CMakeFiles/unittest.dir/test_hashutil.cpp.o
[138/171] Building CXX object src/ccache/CMakeFiles/ccache_framework.dir/util/file.cpp.o
[139/171] Building CXX object unittest/CMakeFiles/unittest.dir/test_util_lockfile.cpp.o
[140/171] Building CXX object src/ccache/CMakeFiles/ccache_framework.dir/util/lockfile.cpp.o
[141/171] Building CXX object unittest/CMakeFiles/unittest.dir/test_storage_local_util.cpp.o
[142/171] Building CXX object src/ccache/CMakeFiles/ccache_framework.dir/config.cpp.o
[143/171] Building CXX object unittest/CMakeFiles/unittest.dir/testutil.cpp.o
[144/171] Building CXX object src/ccache/CMakeFiles/ccache_framework.dir/core/statistics.cpp.o
[145/171] Building CXX object unittest/CMakeFiles/unittest.dir/test_util_texttable.cpp.o
[146/171] Building CXX object unittest/CMakeFiles/unittest.dir/test_inodecache.cpp.o
[147/171] Building CXX object src/third_party/fmt/CMakeFiles/dep_fmt.dir/fmt/format.cc.o
[148/171] Building CXX object unittest/CMakeFiles/unittest.dir/test_util_path.cpp.o
[149/171] Linking CXX static library src/third_party/fmt/libdep_fmt.a
[150/171] Building CXX object src/ccache/CMakeFiles/ccache_framework.dir/storage/storage.cpp.o
[151/171] Building CXX object src/ccache/CMakeFiles/ccache_framework.dir/core/mainoptions.cpp.o
[152/171] Building CXX object unittest/CMakeFiles/unittest.dir/test_util_direntry.cpp.o
[153/171] Building CXX object unittest/CMakeFiles/unittest.dir/test_ccache.cpp.o
[154/171] Building CXX object unittest/CMakeFiles/unittest.dir/test_util_bytes.cpp.o
[155/171] Building CXX object unittest/CMakeFiles/unittest.dir/test_config.cpp.o
[156/171] Building CXX object unittest/CMakeFiles/unittest.dir/test_util_file.cpp.o
[157/171] Building CXX object src/ccache/CMakeFiles/ccache_framework.dir/argprocessing.cpp.o
[158/171] Building CXX object src/ccache/CMakeFiles/ccache_framework.dir/storage/local/localstorage.cpp.o
[159/171] Building CXX object unittest/CMakeFiles/unittest.dir/test_util_args.cpp.o
[160/171] Building CXX object unittest/CMakeFiles/unittest.dir/test_depfile.cpp.o
[161/171] Building CXX object unittest/CMakeFiles/unittest.dir/main.cpp.o
[162/171] Building CXX object unittest/CMakeFiles/unittest.dir/test_util_string.cpp.o
[163/171] Building C object _deps/zstd-build/lib/CMakeFiles/libzstd_static.dir/__/__/__/lib/compress/zstd_lazy.c.o
[164/171] Linking C static library _deps/zstd-build/lib/libzstd.a
[165/171] Building CXX object src/ccache/CMakeFiles/ccache_framework.dir/ccache.cpp.o
[166/171] Building CXX object unittest/CMakeFiles/unittest.dir/test_argprocessing.cpp.o
[167/171] Building CXX object src/ccache/CMakeFiles/ccache_framework.dir/storage/remote/httpstorage.cpp.o
[168/171] Linking CXX static library src/ccache/libccache_framework.a
[169/171] Linking CXX executable src/ccache/test-lockfile
[170/171] Linking CXX executable ccache
[171/171] Linking CXX executable unittest/unittest
Test project /ccache/build
      Start  1: unittest
 1/48 Test  #1: unittest .........................   Passed    0.12 sec
      Start  2: test.base
 2/48 Test  #2: test.base ........................   Passed   14.03 sec
      Start  3: test.basedir
 3/48 Test  #3: test.basedir .....................   Passed    3.67 sec
      Start  4: test.cache_levels
 4/48 Test  #4: test.cache_levels ................   Passed    1.07 sec
      Start  5: test.clang_cu
 5/48 Test  #5: test.clang_cu ....................***Skipped   0.14 sec
      Start  6: test.clang_cu_alias
 6/48 Test  #6: test.clang_cu_alias ..............***Skipped   0.13 sec
      Start  7: test.clang_cu_direct
 7/48 Test  #7: test.clang_cu_direct .............***Skipped   0.14 sec
      Start  8: test.cleanup
 8/48 Test  #8: test.cleanup .....................   Passed    6.04 sec
      Start  9: test.color_diagnostics
 9/48 Test  #9: test.color_diagnostics ...........   Passed    4.78 sec
      Start 10: test.config
10/48 Test #10: test.config ......................   Passed    0.19 sec
      Start 11: test.debug_compilation_dir
11/48 Test #11: test.debug_compilation_dir .......***Skipped   0.17 sec
      Start 12: test.debug_prefix_map
12/48 Test #12: test.debug_prefix_map ............   Passed    0.47 sec
      Start 13: test.depend
13/48 Test #13: test.depend ......................   Passed    2.14 sec
      Start 14: test.direct
14/48 Test #14: test.direct ......................   Passed   15.27 sec
      Start 15: test.fileclone
15/48 Test #15: test.fileclone ...................***Skipped   0.12 sec
      Start 16: test.hardlink
16/48 Test #16: test.hardlink ....................   Passed    0.83 sec
      Start 17: test.inode_cache
17/48 Test #17: test.inode_cache .................***Skipped   0.17 sec
      Start 18: test.input_charset
18/48 Test #18: test.input_charset ...............   Passed    0.27 sec
      Start 19: test.ivfsoverlay
19/48 Test #19: test.ivfsoverlay .................***Skipped   0.12 sec
      Start 20: test.masquerading
20/48 Test #20: test.masquerading ................   Passed    0.55 sec
      Start 21: test.modules
21/48 Test #21: test.modules .....................***Skipped   0.11 sec
      Start 22: test.multi_arch
22/48 Test #22: test.multi_arch ..................***Skipped   0.13 sec
      Start 23: test.namespace
23/48 Test #23: test.namespace ...................   Passed    0.87 sec
      Start 24: test.no_compression
24/48 Test #24: test.no_compression ..............   Passed    0.64 sec
      Start 25: test.nvcc
25/48 Test #25: test.nvcc ........................***Skipped   0.13 sec
      Start 26: test.nvcc_direct
26/48 Test #26: test.nvcc_direct .................***Skipped   0.12 sec
      Start 27: test.nvcc_ldir
27/48 Test #27: test.nvcc_ldir ...................***Skipped   0.12 sec
      Start 28: test.pch
28/48 Test #28: test.pch .........................   Passed    8.19 sec
      Start 29: test.profiling
29/48 Test #29: test.profiling ...................   Passed    2.73 sec
      Start 30: test.profiling_clang
30/48 Test #30: test.profiling_clang .............***Skipped   0.12 sec
      Start 31: test.profiling_gcc
31/48 Test #31: test.profiling_gcc ...............   Passed    1.85 sec
      Start 32: test.profiling_gcc_10+
32/48 Test #32: test.profiling_gcc_10+ ...........   Passed    0.77 sec
      Start 33: test.profiling_hip_clang
33/48 Test #33: test.profiling_hip_clang .........***Skipped   0.13 sec
      Start 34: test.readonly
34/48 Test #34: test.readonly ....................***Skipped   0.15 sec
      Start 35: test.readonly_direct
35/48 Test #35: test.readonly_direct .............***Skipped   0.14 sec
      Start 36: test.remote_file
36/48 Test #36: test.remote_file .................   Passed    4.88 sec
      Start 37: test.remote_http
37/48 Test #37: test.remote_http .................***Skipped   0.14 sec
      Start 38: test.remote_only
38/48 Test #38: test.remote_only .................   Passed    0.39 sec
      Start 39: test.remote_redis
39/48 Test #39: test.remote_redis ................***Skipped   0.13 sec
      Start 40: test.remote_redis_unix
40/48 Test #40: test.remote_redis_unix ...........***Skipped   0.13 sec
      Start 41: test.remote_url
41/48 Test #41: test.remote_url ..................   Passed    0.27 sec
      Start 42: test.sanitize_blacklist
42/48 Test #42: test.sanitize_blacklist ..........***Skipped   0.16 sec
      Start 43: test.serialize_diagnostics
43/48 Test #43: test.serialize_diagnostics .......***Skipped   0.17 sec
      Start 44: test.source_date_epoch
44/48 Test #44: test.source_date_epoch ...........   Passed    0.76 sec
      Start 45: test.split_dwarf
45/48 Test #45: test.split_dwarf .................   Passed    1.26 sec
      Start 46: test.stats_log
46/48 Test #46: test.stats_log ...................   Passed    0.26 sec
      Start 47: test.trim_dir
47/48 Test #47: test.trim_dir ....................   Passed    0.20 sec
      Start 48: test.upgrade
48/48 Test #48: test.upgrade .....................   Passed    0.25 sec

100% tests passed, 0 tests failed out of 48

Total Test time (real) =  75.65 sec

The following tests did not run:
	  5 - test.clang_cu (Skipped)
	  6 - test.clang_cu_alias (Skipped)
	  7 - test.clang_cu_direct (Skipped)
	 11 - test.debug_compilation_dir (Skipped)
	 15 - test.fileclone (Skipped)
	 17 - test.inode_cache (Skipped)
	 19 - test.ivfsoverlay (Skipped)
	 21 - test.modules (Skipped)
	 22 - test.multi_arch (Skipped)
	 25 - test.nvcc (Skipped)
	 26 - test.nvcc_direct (Skipped)
	 27 - test.nvcc_ldir (Skipped)
	 30 - test.profiling_clang (Skipped)
	 33 - test.profiling_hip_clang (Skipped)
	 34 - test.readonly (Skipped)
	 35 - test.readonly_direct (Skipped)
	 37 - test.remote_http (Skipped)
	 39 - test.remote_redis (Skipped)
	 40 - test.remote_redis_unix (Skipped)
	 42 - test.sanitize_blacklist (Skipped)
	 43 - test.serialize_diagnostics (Skipped)
