[1mApache Maven 3.6.3[m
Maven home: /usr/share/maven
Java version: 11.0.28, vendor: Ubuntu, runtime: /usr/lib/jvm/java-11-openjdk-amd64
Default locale: en_US, platform encoding: ANSI_X3.4-1968
OS name: "linux", version: "5.4.0-204-generic", arch: "amd64", family: "unix"
[[1;34mINFO[m] Error stacktraces are turned on.
[[1;34mINFO[m] Scanning for projects...
[[1;34mINFO[m] [1m------------------------------------------------------------------------[m
[[1;34mINFO[m] [1mReactor Build Order:[m
[[1;34mINFO[m]
[[1;34mINFO[m] Apache ZooKeeper                                                   [pom]
[[1;34mINFO[m] Apache ZooKeeper - Documentation                                   [pom]
[[1;34mINFO[m] Apache ZooKeeper - Jute                                            [jar]
[[1;34mINFO[m] Apache ZooKeeper - Server                                          [jar]
[[1;34mINFO[m] Apache ZooKeeper - Metrics Providers                               [pom]
[[1;34mINFO[m] Apache ZooKeeper - Prometheus.io Metrics Provider                  [jar]
[[1;34mINFO[m] Apache ZooKeeper - Client                                          [pom]
[[1;34mINFO[m] Apache ZooKeeper - Client - C                                      [pom]
[[1;34mINFO[m] Apache ZooKeeper - Recipes                                         [pom]
[[1;34mINFO[m] Apache ZooKeeper - Recipes - Election                              [jar]
[[1;34mINFO[m] Apache ZooKeeper - Recipes - Lock                                  [jar]
[[1;34mINFO[m] Apache ZooKeeper - Recipes - Queue                                 [jar]
[[1;34mINFO[m] Apache ZooKeeper - Assembly                                        [pom]
[[1;34mINFO[m] Apache ZooKeeper - Compatibility Tests                             [pom]
[[1;34mINFO[m] Apache ZooKeeper - Compatibility Tests - Curator                   [jar]
[[1;34mINFO[m] Apache ZooKeeper - Tests                                           [jar]
[[1;34mINFO[m] Apache ZooKeeper - Contrib                                         [pom]
[[1;34mINFO[m] Apache ZooKeeper - Contrib - Fatjar                                [jar]
[[1;34mINFO[m] Apache ZooKeeper - Contrib - Loggraph                              [jar]
[[1;34mINFO[m] Apache ZooKeeper - Contrib - Rest                                  [jar]
[[1;34mINFO[m] Apache ZooKeeper - Contrib - ZooInspector                          [jar]
[[1;34mINFO[m]
[[1;34mINFO[m] [1m--------------------< [0;36morg.apache.zookeeper:parent[0;1m >---------------------[m
[[1;34mINFO[m] [1mBuilding Apache ZooKeeper 3.10.0-SNAPSHOT                         [1/21][m
[[1;34mINFO[m] [1m--------------------------------[ pom ]---------------------------------[m
[[1;34mINFO[m]
[[1;34mINFO[m] [1m--- [0;32mmavanagaiata:0.9.4:commit[m [1m(find-current-git-revision)[m @ [36mparent[0;1m ---[m
[[1;34mINFO[m]
[[1;34mINFO[m] [1m--- [0;32mmaven-antrun-plugin:1.8:run[m [1m(set-hostname-property)[m @ [36mparent[0;1m ---[m
[[1;34mINFO[m] Executing tasks

main:
[[1;34mINFO[m] Executed tasks
[[1;34mINFO[m]
[[1;34mINFO[m] [1m--- [0;32mmaven-enforcer-plugin:3.0.0-M3:enforce[m [1m(enforce-maven-version)[m @ [36mparent[0;1m ---[m
[[1;34mINFO[m]
[[1;34mINFO[m] [1m--- [0;32mmaven-enforcer-plugin:3.0.0-M3:enforce[m [1m(banned-commons-lang)[m @ [36mparent[0;1m ---[m
[[1;34mINFO[m]
[[1;34mINFO[m] [1m--- [0;32mmaven-enforcer-plugin:3.0.0-M3:enforce[m [1m(banned-commons-lang3)[m @ [36mparent[0;1m ---[m
[[1;34mINFO[m]
[[1;34mINFO[m] [1m--- [0;32mmaven-enforcer-plugin:3.0.0-M3:enforce[m [1m(banned-json-simple)[m @ [36mparent[0;1m ---[m
[[1;34mINFO[m]
[[1;34mINFO[m] [1m--- [0;32mmaven-jar-plugin:3.2.0:test-jar[m [1m(Jar Tests Package)[m @ [36mparent[0;1m ---[m
[[1;34mINFO[m] Skipping packaging of the test-jar
[[1;34mINFO[m]
[[1;34mINFO[m] [1m>>> [0;32mmaven-source-plugin:3.2.1:jar[m [1m(attach-sources)[0;1m > [0;1mgenerate-sources[m @ [36mparent[0;1m >>>[m
[[1;34mINFO[m]
[[1;34mINFO[m] [1m--- [0;32mmavanagaiata:0.9.4:commit[m [1m(find-current-git-revision)[m @ [36mparent[0;1m ---[m
[[1;34mINFO[m]
[[1;34mINFO[m] [1m--- [0;32mmaven-antrun-plugin:1.8:run[m [1m(set-hostname-property)[m @ [36mparent[0;1m ---[m
[[1;34mINFO[m] Executing tasks

main:
[[1;34mINFO[m] Executed tasks
[[1;34mINFO[m]
[[1;34mINFO[m] [1m--- [0;32mmaven-enforcer-plugin:3.0.0-M3:enforce[m [1m(enforce-maven-version)[m @ [36mparent[0;1m ---[m
[[1;34mINFO[m]
[[1;34mINFO[m] [1m--- [0;32mmaven-enforcer-plugin:3.0.0-M3:enforce[m [1m(banned-commons-lang)[m @ [36mparent[0;1m ---[m
[[1;34mINFO[m]
[[1;34mINFO[m] [1m--- [0;32mmaven-enforcer-plugin:3.0.0-M3:enforce[m [1m(banned-commons-lang3)[m @ [36mparent[0;1m ---[m
[[1;34mINFO[m]
[[1;34mINFO[m] [1m--- [0;32mmaven-enforcer-plugin:3.0.0-M3:enforce[m [1m(banned-json-simple)[m @ [36mparent[0;1m ---[m
[[1;34mINFO[m]
[[1;34mINFO[m] [1m<<< [0;32mmaven-source-plugin:3.2.1:jar[m [1m(attach-sources)[0;1m < [0;1mgenerate-sources[m @ [36mparent[0;1m <<<[m
[[1;34mINFO[m]
[[1;34mINFO[m]
[[1;34mINFO[m] [1m--- [0;32mmaven-source-plugin:3.2.1:jar[m [1m(attach-sources)[m @ [36mparent[0;1m ---[m
[[1;34mINFO[m]
[[1;34mINFO[m] [1m--- [0;32mmaven-javadoc-plugin:3.1.1:jar[m [1m(attach-javadocs)[m @ [36mparent[0;1m ---[m
[[1;34mINFO[m] Not executing Javadoc as the project is not a Java classpath-capable package
[[1;34mINFO[m]
[[1;34mINFO[m] [1m--- [0;32mmaven-site-plugin:3.7.1:attach-descriptor[m [1m(attach-descriptor)[m @ [36mparent[0;1m ---[m
[[1;34mINFO[m] No site descriptor found: nothing to attach.
[[1;34mINFO[m]
[[1;34mINFO[m] [1m--- [0;32mcyclonedx-maven-plugin:2.7.9:makeBom[m [1m(default)[m @ [36mparent[0;1m ---[m
[[1;34mINFO[m] CycloneDX: Resolving Dependencies
[[1;34mINFO[m] CycloneDX: Creating BOM version 1.4 with 0 component(s)
[[1;34mINFO[m] CycloneDX: Writing and validating BOM (XML): /app/target/bom.xml
[[1;34mINFO[m]            attaching as parent-3.10.0-SNAPSHOT-cyclonedx.xml
[[1;34mINFO[m] CycloneDX: Writing and validating BOM (JSON): /app/target/bom.json
[[1;33mWARNING[m] Unknown keyword additionalItems - you should define your own Meta Schema. If the keyword is irrelevant for validation, just use a NonValidationKeyword
[[1;34mINFO[m]            attaching as parent-3.10.0-SNAPSHOT-cyclonedx.json
[[1;34mINFO[m]
[[1;34mINFO[m] [1m--- [0;32mchecksum-maven-plugin:1.8:artifacts[m [1m(default)[m @ [36mparent[0;1m ---[m
[[1;34mINFO[m] bom.xml - SHA-512 : c449f121daff75145d10bcb6048f8b530b13ad740ca59843efffadbb6ee030dd3556b9d937ebf59ea655edfe320ce0af30679549f74829c7cad652d664699156
[[1;34mINFO[m] bom.json - SHA-512 : de571f69496e2227032e37ac64d1a1044f119675a53618f06f55c64383e98d7d42374284a816e251af65bce96a5992023601104c198748abb936682d608129bd
[[1;34mINFO[m]
[[1;34mINFO[m] [1m----------------< [0;36morg.apache.zookeeper:zookeeper-docs[0;1m >-----------------[m
[[1;34mINFO[m] [1mBuilding Apache ZooKeeper - Documentation 3.10.0-SNAPSHOT         [2/21][m
[[1;34mINFO[m] [1m--------------------------------[ pom ]---------------------------------[m
[[1;34mINFO[m]
[[1;34mINFO[m] [1m--- [0;32mmavanagaiata:0.9.4:commit[m [1m(find-current-git-revision)[m @ [36mzookeeper-docs[0;1m ---[m
[[1;34mINFO[m]
[[1;34mINFO[m] [1m--- [0;32mmaven-antrun-plugin:1.8:run[m [1m(set-hostname-property)[m @ [36mzookeeper-docs[0;1m ---[m
[[1;34mINFO[m] Executing tasks

main:
[[1;34mINFO[m] Executed tasks
[[1;34mINFO[m]
[[1;34mINFO[m] [1m--- [0;32mmaven-enforcer-plugin:3.0.0-M3:enforce[m [1m(enforce-maven-version)[m @ [36mzookeeper-docs[0;1m ---[m
[[1;34mINFO[m]
[[1;34mINFO[m] [1m--- [0;32mmaven-enforcer-plugin:3.0.0-M3:enforce[m [1m(banned-commons-lang)[m @ [36mzookeeper-docs[0;1m ---[m
[[1;34mINFO[m]
[[1;34mINFO[m] [1m--- [0;32mmaven-enforcer-plugin:3.0.0-M3:enforce[m [1m(banned-commons-lang3)[m @ [36mzookeeper-docs[0;1m ---[m
[[1;34mINFO[m]
[[1;34mINFO[m] [1m--- [0;32mmaven-enforcer-plugin:3.0.0-M3:enforce[m [1m(banned-json-simple)[m @ [36mzookeeper-docs[0;1m ---[m
[[1;34mINFO[m]
[[1;34mINFO[m] [1m--- [0;32mmarkdown-page-generator-plugin:2.1.0:generate[m [1m(default)[m @ [36mzookeeper-docs[0;1m ---[m
[[1;34mINFO[m] Pre-processing markdown files from input directory: /app/zookeeper-docs/src/main/resources/markdown/
[[1;34mINFO[m] Process Pegdown extension options
[[1;34mINFO[m] Pegdown extension TABLES
[[1;34mINFO[m] Pegdown extension FENCED_CODE_BLOCKS
[[1;34mINFO[m] Pegdown extension options = 160
[[1;34mINFO[m] Parse Markdown to HTML
[[1;34mINFO[m] Copy files from directories
[[1;34mINFO[m]
[[1;34mINFO[m] [1m--- [0;32mmaven-jar-plugin:3.2.0:test-jar[m [1m(Jar Tests Package)[m @ [36mzookeeper-docs[0;1m ---[m
[[1;34mINFO[m] Skipping packaging of the test-jar
[[1;34mINFO[m]
[[1;34mINFO[m] [1m>>> [0;32mmaven-source-plugin:3.2.1:jar[m [1m(attach-sources)[0;1m > [0;1mgenerate-sources[m @ [36mzookeeper-docs[0;1m >>>[m
[[1;34mINFO[m]
[[1;34mINFO[m] [1m--- [0;32mmavanagaiata:0.9.4:commit[m [1m(find-current-git-revision)[m @ [36mzookeeper-docs[0;1m ---[m
[[1;34mINFO[m]
[[1;34mINFO[m] [1m--- [0;32mmaven-antrun-plugin:1.8:run[m [1m(set-hostname-property)[m @ [36mzookeeper-docs[0;1m ---[m
[[1;34mINFO[m] Executing tasks

main:
[[1;34mINFO[m] Executed tasks
[[1;34mINFO[m]
[[1;34mINFO[m] [1m--- [0;32mmaven-enforcer-plugin:3.0.0-M3:enforce[m [1m(enforce-maven-version)[m @ [36mzookeeper-docs[0;1m ---[m
[[1;34mINFO[m]
[[1;34mINFO[m] [1m--- [0;32mmaven-enforcer-plugin:3.0.0-M3:enforce[m [1m(banned-commons-lang)[m @ [36mzookeeper-docs[0;1m ---[m
[[1;34mINFO[m]
[[1;34mINFO[m] [1m--- [0;32mmaven-enforcer-plugin:3.0.0-M3:enforce[m [1m(banned-commons-lang3)[m @ [36mzookeeper-docs[0;1m ---[m
[[1;34mINFO[m]
[[1;34mINFO[m] [1m--- [0;32mmaven-enforcer-plugin:3.0.0-M3:enforce[m [1m(banned-json-simple)[m @ [36mzookeeper-docs[0;1m ---[m
[[1;34mINFO[m]
[[1;34mINFO[m] [1m<<< [0;32mmaven-source-plugin:3.2.1:jar[m [1m(attach-sources)[0;1m < [0;1mgenerate-sources[m @ [36mzookeeper-docs[0;1m <<<[m
[[1;34mINFO[m]
[[1;34mINFO[m]
[[1;34mINFO[m] [1m--- [0;32mmaven-source-plugin:3.2.1:jar[m [1m(attach-sources)[m @ [36mzookeeper-docs[0;1m ---[m
[[1;34mINFO[m]
[[1;34mINFO[m] [1m--- [0;32mmaven-javadoc-plugin:3.1.1:jar[m [1m(attach-javadocs)[m @ [36mzookeeper-docs[0;1m ---[m
[[1;34mINFO[m] Not executing Javadoc as the project is not a Java classpath-capable package
[[1;34mINFO[m]
[[1;34mINFO[m] [1m--- [0;32mmaven-site-plugin:3.7.1:attach-descriptor[m [1m(attach-descriptor)[m @ [36mzookeeper-docs[0;1m ---[m
[[1;34mINFO[m] No site descriptor found: nothing to attach.
[[1;34mINFO[m]
[[1;34mINFO[m] [1m--- [0;32mcyclonedx-maven-plugin:2.7.9:makeBom[m [1m(default)[m @ [36mzookeeper-docs[0;1m ---[m
[[1;34mINFO[m] CycloneDX: Resolving Dependencies
[[1;34mINFO[m] CycloneDX: Creating BOM version 1.4 with 0 component(s)
[[1;34mINFO[m] CycloneDX: Writing and validating BOM (XML): /app/zookeeper-docs/target/bom.xml
[[1;34mINFO[m]            attaching as zookeeper-docs-3.10.0-SNAPSHOT-cyclonedx.xml
[[1;34mINFO[m] CycloneDX: Writing and validating BOM (JSON): /app/zookeeper-docs/target/bom.json
[[1;34mINFO[m]            attaching as zookeeper-docs-3.10.0-SNAPSHOT-cyclonedx.json
[[1;34mINFO[m]
[[1;34mINFO[m] [1m--- [0;32mchecksum-maven-plugin:1.8:artifacts[m [1m(default)[m @ [36mzookeeper-docs[0;1m ---[m
[[1;34mINFO[m] bom.xml - SHA-512 : 6a8ed42b40205c300421385436068f21f9f65a06e2b8a48576fc742f980da8983979fd2967f6c4aaf98959284a4a4619b3cad6f715a44d6960a775a8630be3f5
[[1;34mINFO[m] bom.json - SHA-512 : c3851f51d2ef0afe45db17efc333ede57e01a1e732dd25cc27cb9044dc020a95b3a29337a0fc8954c711c755d2870701252e05e0a281e7d1bf1e4d85cef5aad9
[[1;34mINFO[m]
[[1;34mINFO[m] [1m----------------< [0;36morg.apache.zookeeper:zookeeper-jute[0;1m >-----------------[m
[[1;34mINFO[m] [1mBuilding Apache ZooKeeper - Jute 3.10.0-SNAPSHOT                  [3/21][m
[[1;34mINFO[m] [1m--------------------------------[ jar ]---------------------------------[m
[[1;34mINFO[m]
[[1;34mINFO[m] [1m--- [0;32mmavanagaiata:0.9.4:commit[m [1m(find-current-git-revision)[m @ [36mzookeeper-jute[0;1m ---[m
[[1;34mINFO[m]
[[1;34mINFO[m] [1m--- [0;32mmaven-antrun-plugin:1.8:run[m [1m(set-hostname-property)[m @ [36mzookeeper-jute[0;1m ---[m
[[1;34mINFO[m] Executing tasks

main:
[[1;34mINFO[m] Executed tasks
[[1;34mINFO[m]
[[1;34mINFO[m] [1m--- [0;32mmaven-enforcer-plugin:3.0.0-M3:enforce[m [1m(enforce-maven-version)[m @ [36mzookeeper-jute[0;1m ---[m
[[1;34mINFO[m]
[[1;34mINFO[m] [1m--- [0;32mmaven-enforcer-plugin:3.0.0-M3:enforce[m [1m(banned-commons-lang)[m @ [36mzookeeper-jute[0;1m ---[m
[[1;34mINFO[m]
[[1;34mINFO[m] [1m--- [0;32mmaven-enforcer-plugin:3.0.0-M3:enforce[m [1m(banned-commons-lang3)[m @ [36mzookeeper-jute[0;1m ---[m
[[1;34mINFO[m]
[[1;34mINFO[m] [1m--- [0;32mmaven-enforcer-plugin:3.0.0-M3:enforce[m [1m(banned-json-simple)[m @ [36mzookeeper-jute[0;1m ---[m
[[1;34mINFO[m]
[[1;34mINFO[m] [1m--- [0;32mjavacc-maven-plugin:2.6:javacc[m [1m(javacc)[m @ [36mzookeeper-jute[0;1m ---[m
Java Compiler Compiler Version 5.0 (Parser Generator)
(type "javacc" with no arguments for help)
Reading from file /app/zookeeper-jute/src/main/java/org/apache/jute/compiler/generated/rcc.jj . . .
Warning: Lookahead adequacy checking not being performed since option LOOKAHEAD is more than 1.  Set option FORCE_LA_CHECK to true to force checking.
File "TokenMgrError.java" does not exist.  Will create one.
File "ParseException.java" does not exist.  Will create one.
File "Token.java" does not exist.  Will create one.
File "SimpleCharStream.java" does not exist.  Will create one.
Parser generated with 0 errors and 1 warnings.
[[1;34mINFO[m] Processed 1 grammar
[[1;34mINFO[m]
[[1;34mINFO[m] [1m--- [0;32mmaven-compiler-plugin:3.8.1:compile[m [1m(pre-compile-jute)[m @ [36mzookeeper-jute[0;1m ---[m
[[1;34mINFO[m] Changes detected - recompiling the module!
[[1;34mINFO[m] Compiling 34 source files to /app/zookeeper-jute/target/classes
[[1;34mINFO[m]
[[1;34mINFO[m] [1m--- [0;32mexec-maven-plugin:1.6.0:exec[m [1m(generate-Java-Jute)[m @ [36mzookeeper-jute[0;1m ---[m
/app/zookeeper-jute/src/main/resources/zookeeper.jute Parsed Successfully
[[1;34mINFO[m]
[[1;34mINFO[m] [1m--- [0;32mexec-maven-plugin:1.6.0:exec[m [1m(generate-C-Jute)[m @ [36mzookeeper-jute[0;1m ---[m
/app/zookeeper-jute/src/main/resources/zookeeper.jute Parsed Successfully
[[1;34mINFO[m]
[[1;34mINFO[m] [1m--- [0;32mbuild-helper-maven-plugin:3.0.0:add-source[m [1m(jute-as-dependency)[m @ [36mzookeeper-jute[0;1m ---[m
[[1;34mINFO[m] Source directory: /app/zookeeper-jute/target/generated-sources/java added.
[[1;34mINFO[m]
[[1;34mINFO[m] [1m--- [0;32mmaven-resources-plugin:3.1.0:resources[m [1m(default-resources)[m @ [36mzookeeper-jute[0;1m ---[m
[[1;34mINFO[m] Using 'UTF-8' encoding to copy filtered resources.
[[1;34mINFO[m] skip non existing resourceDirectory /app/zookeeper-jutesrc/main/java/resources
[[1;34mINFO[m]
[[1;34mINFO[m] [1m--- [0;32mmaven-compiler-plugin:3.8.1:compile[m [1m(default-compile)[m @ [36mzookeeper-jute[0;1m ---[m
[[1;34mINFO[m] Changes detected - recompiling the module!
[[1;34mINFO[m] Compiling 106 source files to /app/zookeeper-jute/target/classes
[[1;34mINFO[m]
[[1;34mINFO[m] [1m--- [0;32mmaven-resources-plugin:3.1.0:testResources[m [1m(default-testResources)[m @ [36mzookeeper-jute[0;1m ---[m
[[1;34mINFO[m] Using 'UTF-8' encoding to copy filtered resources.
[[1;34mINFO[m] skip non existing resourceDirectory /app/zookeeper-jute/src/test/resources
[[1;34mINFO[m]
[[1;34mINFO[m] [1m--- [0;32mmaven-compiler-plugin:3.8.1:testCompile[m [1m(default-testCompile)[m @ [36mzookeeper-jute[0;1m ---[m
[[1;34mINFO[m] Changes detected - recompiling the module!
[[1;34mINFO[m] Compiling 7 source files to /app/zookeeper-jute/target/test-classes
[[1;34mINFO[m]
[[1;34mINFO[m] [1m--- [0;32mmaven-surefire-plugin:2.22.1:test[m [1m(default-test)[m @ [36mzookeeper-jute[0;1m ---[m
[[1;34mINFO[m] Surefire report directory: /app/zookeeper-jute/target/surefire-reports
[[1;34mINFO[m]
[[1;34mINFO[m] -------------------------------------------------------
[[1;34mINFO[m]  T E S T S
[[1;34mINFO[m] -------------------------------------------------------
[[1;34mINFO[m] Running org.apache.jute.[1mToStringOutputArchiveTest[m
[[1;34mINFO[m] [1;32mTests run: [0;1;32m1[m, Failures: 0, Errors: 0, Skipped: 0, Time elapsed: 0.027 s - in org.apache.jute.[1mToStringOutputArchiveTest[m
[[1;34mINFO[m] Running org.apache.jute.[1mBinaryOutputArchiveTest[m
[[1;34mINFO[m] [1;32mTests run: [0;1;32m1[m, Failures: 0, Errors: 0, Skipped: 0, Time elapsed: 0 s - in org.apache.jute.[1mBinaryOutputArchiveTest[m
[[1;34mINFO[m] Running org.apache.jute.compiler.[1mJRecordTest[m
[[1;34mINFO[m] [1;32mTests run: [0;1;32m4[m, Failures: 0, Errors: 0, Skipped: 0, Time elapsed: 0.006 s - in org.apache.jute.compiler.[1mJRecordTest[m
[[1;34mINFO[m] Running org.apache.jute.[1mBinaryInputArchiveTest[m
[[1;34mINFO[m] [1;32mTests run: [0;1;32m10[m, Failures: 0, Errors: 0, Skipped: 0, Time elapsed: 0.014 s - in org.apache.jute.[1mBinaryInputArchiveTest[m
[[1;34mINFO[m]
[[1;34mINFO[m] Results:
[[1;34mINFO[m]
[[1;34mINFO[m] [1;32mTests run: 16, Failures: 0, Errors: 0, Skipped: 0[m
[[1;34mINFO[m]
[[1;34mINFO[m]
[[1;34mINFO[m] [1m--- [0;32mmaven-jar-plugin:3.2.0:jar[m [1m(default-jar)[m @ [36mzookeeper-jute[0;1m ---[m
[[1;34mINFO[m] Building jar: /app/zookeeper-jute/target/zookeeper-jute-3.10.0-SNAPSHOT.jar
[[1;34mINFO[m]
[[1;34mINFO[m] [1m--- [0;32mmaven-jar-plugin:3.2.0:test-jar[m [1m(Jar Tests Package)[m @ [36mzookeeper-jute[0;1m ---[m
[[1;34mINFO[m] Building jar: /app/zookeeper-jute/target/zookeeper-jute-3.10.0-SNAPSHOT-tests.jar
[[1;34mINFO[m]
[[1;34mINFO[m] [1m>>> [0;32mmaven-source-plugin:3.2.1:jar[m [1m(attach-sources)[0;1m > [0;1mgenerate-sources[m @ [36mzookeeper-jute[0;1m >>>[m
[[1;34mINFO[m]
[[1;34mINFO[m] [1m--- [0;32mmavanagaiata:0.9.4:commit[m [1m(find-current-git-revision)[m @ [36mzookeeper-jute[0;1m ---[m
[[1;34mINFO[m]
[[1;34mINFO[m] [1m--- [0;32mmaven-antrun-plugin:1.8:run[m [1m(set-hostname-property)[m @ [36mzookeeper-jute[0;1m ---[m
[[1;34mINFO[m] Executing tasks

main:
[[1;34mINFO[m] Executed tasks
[[1;34mINFO[m]
[[1;34mINFO[m] [1m--- [0;32mmaven-enforcer-plugin:3.0.0-M3:enforce[m [1m(enforce-maven-version)[m @ [36mzookeeper-jute[0;1m ---[m
[[1;34mINFO[m]
[[1;34mINFO[m] [1m--- [0;32mmaven-enforcer-plugin:3.0.0-M3:enforce[m [1m(banned-commons-lang)[m @ [36mzookeeper-jute[0;1m ---[m
[[1;34mINFO[m]
[[1;34mINFO[m] [1m--- [0;32mmaven-enforcer-plugin:3.0.0-M3:enforce[m [1m(banned-commons-lang3)[m @ [36mzookeeper-jute[0;1m ---[m
[[1;34mINFO[m]
[[1;34mINFO[m] [1m--- [0;32mmaven-enforcer-plugin:3.0.0-M3:enforce[m [1m(banned-json-simple)[m @ [36mzookeeper-jute[0;1m ---[m
[[1;34mINFO[m]
[[1;34mINFO[m] [1m--- [0;32mjavacc-maven-plugin:2.6:javacc[m [1m(javacc)[m @ [36mzookeeper-jute[0;1m ---[m
[[1;34mINFO[m] Skipping - all parsers are up to date
[[1;34mINFO[m]
[[1;34mINFO[m] [1m--- [0;32mmaven-compiler-plugin:3.8.1:compile[m [1m(pre-compile-jute)[m @ [36mzookeeper-jute[0;1m ---[m
[[1;34mINFO[m] Changes detected - recompiling the module!
[[1;34mINFO[m] Compiling 106 source files to /app/zookeeper-jute/target/classes
[[1;34mINFO[m]
[[1;34mINFO[m] [1m--- [0;32mexec-maven-plugin:1.6.0:exec[m [1m(generate-Java-Jute)[m @ [36mzookeeper-jute[0;1m ---[m
/app/zookeeper-jute/src/main/resources/zookeeper.jute Parsed Successfully
[[1;34mINFO[m]
[[1;34mINFO[m] [1m--- [0;32mexec-maven-plugin:1.6.0:exec[m [1m(generate-C-Jute)[m @ [36mzookeeper-jute[0;1m ---[m
/app/zookeeper-jute/src/main/resources/zookeeper.jute Parsed Successfully
[[1;34mINFO[m]
[[1;34mINFO[m] [1m--- [0;32mbuild-helper-maven-plugin:3.0.0:add-source[m [1m(jute-as-dependency)[m @ [36mzookeeper-jute[0;1m ---[m
[[1;34mINFO[m] Source directory: /app/zookeeper-jute/target/generated-sources/java added.
[[1;34mINFO[m]
[[1;34mINFO[m] [1m<<< [0;32mmaven-source-plugin:3.2.1:jar[m [1m(attach-sources)[0;1m < [0;1mgenerate-sources[m @ [36mzookeeper-jute[0;1m <<<[m
[[1;34mINFO[m]
[[1;34mINFO[m]
[[1;34mINFO[m] [1m--- [0;32mmaven-source-plugin:3.2.1:jar[m [1m(attach-sources)[m @ [36mzookeeper-jute[0;1m ---[m
[[1;34mINFO[m] Building jar: /app/zookeeper-jute/target/zookeeper-jute-3.10.0-SNAPSHOT-sources.jar
[[1;34mINFO[m]
[[1;34mINFO[m] [1m--- [0;32mmaven-javadoc-plugin:3.1.1:jar[m [1m(attach-javadocs)[m @ [36mzookeeper-jute[0;1m ---[m
[[1;34mINFO[m] [1m------------------------------------------------------------------------[m
[[1;34mINFO[m] [1mReactor Summary for Apache ZooKeeper 3.10.0-SNAPSHOT:[m
[[1;34mINFO[m]
[[1;34mINFO[m] Apache ZooKeeper ................................... [1;32mSUCCESS[m [ 16.428 s]
[[1;34mINFO[m] Apache ZooKeeper - Documentation ................... [1;32mSUCCESS[m [  4.325 s]
[[1;34mINFO[m] Apache ZooKeeper - Jute ............................ [1;31mFAILURE[m [ 10.756 s]
[[1;34mINFO[m] Apache ZooKeeper - Server .......................... [1;33mSKIPPED[m
[[1;34mINFO[m] Apache ZooKeeper - Metrics Providers ............... [1;33mSKIPPED[m
[[1;34mINFO[m] Apache ZooKeeper - Prometheus.io Metrics Provider .. [1;33mSKIPPED[m
[[1;34mINFO[m] Apache ZooKeeper - Client .......................... [1;33mSKIPPED[m
[[1;34mINFO[m] Apache ZooKeeper - Client - C ...................... [1;33mSKIPPED[m
[[1;34mINFO[m] Apache ZooKeeper - Recipes ......................... [1;33mSKIPPED[m
[[1;34mINFO[m] Apache ZooKeeper - Recipes - Election .............. [1;33mSKIPPED[m
[[1;34mINFO[m] Apache ZooKeeper - Recipes - Lock .................. [1;33mSKIPPED[m
[[1;34mINFO[m] Apache ZooKeeper - Recipes - Queue ................. [1;33mSKIPPED[m
[[1;34mINFO[m] Apache ZooKeeper - Assembly ........................ [1;33mSKIPPED[m
[[1;34mINFO[m] Apache ZooKeeper - Compatibility Tests ............. [1;33mSKIPPED[m
[[1;34mINFO[m] Apache ZooKeeper - Compatibility Tests - Curator ... [1;33mSKIPPED[m
[[1;34mINFO[m] Apache ZooKeeper - Tests ........................... [1;33mSKIPPED[m
[[1;34mINFO[m] Apache ZooKeeper - Contrib ......................... [1;33mSKIPPED[m
[[1;34mINFO[m] Apache ZooKeeper - Contrib - Fatjar ................ [1;33mSKIPPED[m
[[1;34mINFO[m] Apache ZooKeeper - Contrib - Loggraph .............. [1;33mSKIPPED[m
[[1;34mINFO[m] Apache ZooKeeper - Contrib - Rest .................. [1;33mSKIPPED[m
[[1;34mINFO[m] Apache ZooKeeper - Contrib - ZooInspector .......... [1;33mSKIPPED[m
[[1;34mINFO[m] [1m------------------------------------------------------------------------[m
[[1;34mINFO[m] [1;31mBUILD FAILURE[m
[[1;34mINFO[m] [1m------------------------------------------------------------------------[m
[[1;34mINFO[m] Total time:  32.667 s
[[1;34mINFO[m] Finished at: 2025-08-28T13:45:28-07:00
[[1;34mINFO[m] [1m------------------------------------------------------------------------[m
[[1;31mERROR[m] Failed to execute goal [32morg.apache.maven.plugins:maven-javadoc-plugin:3.1.1:jar[m [1m(attach-javadocs)[m on project [36mzookeeper-jute[m: [1;31mMavenReportException: Error while generating Javadoc: Unable to find javadoc command: The environment variable JAVA_HOME is not correctly set.[m -> [1m[Help 1][m
[1;31morg.apache.maven.lifecycle.LifecycleExecutionException[m: [1;31mFailed to execute goal [32morg.apache.maven.plugins:maven-javadoc-plugin:3.1.1:jar[m [1m(attach-javadocs)[m on project [36mzookeeper-jute[m: [1;31mMavenReportException: Error while generating Javadoc: Unable to find javadoc command: The environment variable JAVA_HOME is not correctly set.[m[m
    [1mat[m org.apache.maven.lifecycle.internal.MojoExecutor.execute ([1mMojoExecutor.java:215[m)
    [1mat[m org.apache.maven.lifecycle.internal.MojoExecutor.execute ([1mMojoExecutor.java:156[m)
    [1mat[m org.apache.maven.lifecycle.internal.MojoExecutor.execute ([1mMojoExecutor.java:148[m)
    [1mat[m org.apache.maven.lifecycle.internal.LifecycleModuleBuilder.buildProject ([1mLifecycleModuleBuilder.java:117[m)
    [1mat[m org.apache.maven.lifecycle.internal.LifecycleModuleBuilder.buildProject ([1mLifecycleModuleBuilder.java:81[m)
    [1mat[m org.apache.maven.lifecycle.internal.builder.singlethreaded.SingleThreadedBuilder.build ([1mSingleThreadedBuilder.java:56[m)
    [1mat[m org.apache.maven.lifecycle.internal.LifecycleStarter.execute ([1mLifecycleStarter.java:128[m)
    [1mat[m org.apache.maven.DefaultMaven.doExecute ([1mDefaultMaven.java:305[m)
    [1mat[m org.apache.maven.DefaultMaven.doExecute ([1mDefaultMaven.java:192[m)
    [1mat[m org.apache.maven.DefaultMaven.execute ([1mDefaultMaven.java:105[m)
    [1mat[m org.apache.maven.cli.MavenCli.execute ([1mMavenCli.java:957[m)
    [1mat[m org.apache.maven.cli.MavenCli.doMain ([1mMavenCli.java:289[m)
    [1mat[m org.apache.maven.cli.MavenCli.main ([1mMavenCli.java:193[m)
    [1mat[m jdk.internal.reflect.NativeMethodAccessorImpl.invoke0 ([1mNative Method[m)
    [1mat[m jdk.internal.reflect.NativeMethodAccessorImpl.invoke ([1mNativeMethodAccessorImpl.java:62[m)
    [1mat[m jdk.internal.reflect.DelegatingMethodAccessorImpl.invoke ([1mDelegatingMethodAccessorImpl.java:43[m)
    [1mat[m java.lang.reflect.Method.invoke ([1mMethod.java:566[m)
    [1mat[m org.codehaus.plexus.classworlds.launcher.Launcher.launchEnhanced ([1mLauncher.java:282[m)
    [1mat[m org.codehaus.plexus.classworlds.launcher.Launcher.launch ([1mLauncher.java:225[m)
    [1mat[m org.codehaus.plexus.classworlds.launcher.Launcher.mainWithExitCode ([1mLauncher.java:406[m)
    [1mat[m org.codehaus.plexus.classworlds.launcher.Launcher.main ([1mLauncher.java:347[m)
[1mCaused by[m: org.apache.maven.plugin.MojoExecutionException: [1;31mMavenReportException: Error while generating Javadoc: Unable to find javadoc command: The environment variable JAVA_HOME is not correctly set.[m
    [1mat[m org.apache.maven.plugins.javadoc.AbstractJavadocMojo.failOnError ([1mAbstractJavadocMojo.java:6715[m)
    [1mat[m org.apache.maven.plugins.javadoc.JavadocJar.doExecute ([1mJavadocJar.java:193[m)
    [1mat[m org.apache.maven.plugins.javadoc.AbstractJavadocMojo.execute ([1mAbstractJavadocMojo.java:1911[m)
    [1mat[m org.apache.maven.plugin.DefaultBuildPluginManager.executeMojo ([1mDefaultBuildPluginManager.java:137[m)
    [1mat[m org.apache.maven.lifecycle.internal.MojoExecutor.execute ([1mMojoExecutor.java:210[m)
    [1mat[m org.apache.maven.lifecycle.internal.MojoExecutor.execute ([1mMojoExecutor.java:156[m)
    [1mat[m org.apache.maven.lifecycle.internal.MojoExecutor.execute ([1mMojoExecutor.java:148[m)
    [1mat[m org.apache.maven.lifecycle.internal.LifecycleModuleBuilder.buildProject ([1mLifecycleModuleBuilder.java:117[m)
    [1mat[m org.apache.maven.lifecycle.internal.LifecycleModuleBuilder.buildProject ([1mLifecycleModuleBuilder.java:81[m)
    [1mat[m org.apache.maven.lifecycle.internal.builder.singlethreaded.SingleThreadedBuilder.build ([1mSingleThreadedBuilder.java:56[m)
    [1mat[m org.apache.maven.lifecycle.internal.LifecycleStarter.execute ([1mLifecycleStarter.java:128[m)
    [1mat[m org.apache.maven.DefaultMaven.doExecute ([1mDefaultMaven.java:305[m)
    [1mat[m org.apache.maven.DefaultMaven.doExecute ([1mDefaultMaven.java:192[m)
    [1mat[m org.apache.maven.DefaultMaven.execute ([1mDefaultMaven.java:105[m)
    [1mat[m org.apache.maven.cli.MavenCli.execute ([1mMavenCli.java:957[m)
    [1mat[m org.apache.maven.cli.MavenCli.doMain ([1mMavenCli.java:289[m)
    [1mat[m org.apache.maven.cli.MavenCli.main ([1mMavenCli.java:193[m)
    [1mat[m jdk.internal.reflect.NativeMethodAccessorImpl.invoke0 ([1mNative Method[m)
    [1mat[m jdk.internal.reflect.NativeMethodAccessorImpl.invoke ([1mNativeMethodAccessorImpl.java:62[m)
    [1mat[m jdk.internal.reflect.DelegatingMethodAccessorImpl.invoke ([1mDelegatingMethodAccessorImpl.java:43[m)
    [1mat[m java.lang.reflect.Method.invoke ([1mMethod.java:566[m)
    [1mat[m org.codehaus.plexus.classworlds.launcher.Launcher.launchEnhanced ([1mLauncher.java:282[m)
    [1mat[m org.codehaus.plexus.classworlds.launcher.Launcher.launch ([1mLauncher.java:225[m)
    [1mat[m org.codehaus.plexus.classworlds.launcher.Launcher.mainWithExitCode ([1mLauncher.java:406[m)
    [1mat[m org.codehaus.plexus.classworlds.launcher.Launcher.main ([1mLauncher.java:347[m)
[1mCaused by[m: org.apache.maven.reporting.MavenReportException: [1;31mUnable to find javadoc command: The environment variable JAVA_HOME is not correctly set.[m
    [1mat[m org.apache.maven.plugins.javadoc.AbstractJavadocMojo.executeReport ([1mAbstractJavadocMojo.java:1995[m)
    [1mat[m org.apache.maven.plugins.javadoc.JavadocJar.doExecute ([1mJavadocJar.java:189[m)
    [1mat[m org.apache.maven.plugins.javadoc.AbstractJavadocMojo.execute ([1mAbstractJavadocMojo.java:1911[m)
    [1mat[m org.apache.maven.plugin.DefaultBuildPluginManager.executeMojo ([1mDefaultBuildPluginManager.java:137[m)
    [1mat[m org.apache.maven.lifecycle.internal.MojoExecutor.execute ([1mMojoExecutor.java:210[m)
    [1mat[m org.apache.maven.lifecycle.internal.MojoExecutor.execute ([1mMojoExecutor.java:156[m)
    [1mat[m org.apache.maven.lifecycle.internal.MojoExecutor.execute ([1mMojoExecutor.java:148[m)
    [1mat[m org.apache.maven.lifecycle.internal.LifecycleModuleBuilder.buildProject ([1mLifecycleModuleBuilder.java:117[m)
    [1mat[m org.apache.maven.lifecycle.internal.LifecycleModuleBuilder.buildProject ([1mLifecycleModuleBuilder.java:81[m)
    [1mat[m org.apache.maven.lifecycle.internal.builder.singlethreaded.SingleThreadedBuilder.build ([1mSingleThreadedBuilder.java:56[m)
    [1mat[m org.apache.maven.lifecycle.internal.LifecycleStarter.execute ([1mLifecycleStarter.java:128[m)
    [1mat[m org.apache.maven.DefaultMaven.doExecute ([1mDefaultMaven.java:305[m)
    [1mat[m org.apache.maven.DefaultMaven.doExecute ([1mDefaultMaven.java:192[m)
    [1mat[m org.apache.maven.DefaultMaven.execute ([1mDefaultMaven.java:105[m)
    [1mat[m org.apache.maven.cli.MavenCli.execute ([1mMavenCli.java:957[m)
    [1mat[m org.apache.maven.cli.MavenCli.doMain ([1mMavenCli.java:289[m)
    [1mat[m org.apache.maven.cli.MavenCli.main ([1mMavenCli.java:193[m)
    [1mat[m jdk.internal.reflect.NativeMethodAccessorImpl.invoke0 ([1mNative Method[m)
    [1mat[m jdk.internal.reflect.NativeMethodAccessorImpl.invoke ([1mNativeMethodAccessorImpl.java:62[m)
    [1mat[m jdk.internal.reflect.DelegatingMethodAccessorImpl.invoke ([1mDelegatingMethodAccessorImpl.java:43[m)
    [1mat[m java.lang.reflect.Method.invoke ([1mMethod.java:566[m)
    [1mat[m org.codehaus.plexus.classworlds.launcher.Launcher.launchEnhanced ([1mLauncher.java:282[m)
    [1mat[m org.codehaus.plexus.classworlds.launcher.Launcher.launch ([1mLauncher.java:225[m)
    [1mat[m org.codehaus.plexus.classworlds.launcher.Launcher.mainWithExitCode ([1mLauncher.java:406[m)
    [1mat[m org.codehaus.plexus.classworlds.launcher.Launcher.main ([1mLauncher.java:347[m)
[1mCaused by[m: java.io.IOException: [1;31mThe environment variable JAVA_HOME is not correctly set.[m
    [1mat[m org.apache.maven.plugins.javadoc.AbstractJavadocMojo.getJavadocExecutable ([1mAbstractJavadocMojo.java:3805[m)
    [1mat[m org.apache.maven.plugins.javadoc.AbstractJavadocMojo.executeReport ([1mAbstractJavadocMojo.java:1991[m)
    [1mat[m org.apache.maven.plugins.javadoc.JavadocJar.doExecute ([1mJavadocJar.java:189[m)
    [1mat[m org.apache.maven.plugins.javadoc.AbstractJavadocMojo.execute ([1mAbstractJavadocMojo.java:1911[m)
    [1mat[m org.apache.maven.plugin.DefaultBuildPluginManager.executeMojo ([1mDefaultBuildPluginManager.java:137[m)
    [1mat[m org.apache.maven.lifecycle.internal.MojoExecutor.execute ([1mMojoExecutor.java:210[m)
    [1mat[m org.apache.maven.lifecycle.internal.MojoExecutor.execute ([1mMojoExecutor.java:156[m)
    [1mat[m org.apache.maven.lifecycle.internal.MojoExecutor.execute ([1mMojoExecutor.java:148[m)
    [1mat[m org.apache.maven.lifecycle.internal.LifecycleModuleBuilder.buildProject ([1mLifecycleModuleBuilder.java:117[m)
    [1mat[m org.apache.maven.lifecycle.internal.LifecycleModuleBuilder.buildProject ([1mLifecycleModuleBuilder.java:81[m)
    [1mat[m org.apache.maven.lifecycle.internal.builder.singlethreaded.SingleThreadedBuilder.build ([1mSingleThreadedBuilder.java:56[m)
    [1mat[m org.apache.maven.lifecycle.internal.LifecycleStarter.execute ([1mLifecycleStarter.java:128[m)
    [1mat[m org.apache.maven.DefaultMaven.doExecute ([1mDefaultMaven.java:305[m)
    [1mat[m org.apache.maven.DefaultMaven.doExecute ([1mDefaultMaven.java:192[m)
    [1mat[m org.apache.maven.DefaultMaven.execute ([1mDefaultMaven.java:105[m)
    [1mat[m org.apache.maven.cli.MavenCli.execute ([1mMavenCli.java:957[m)
    [1mat[m org.apache.maven.cli.MavenCli.doMain ([1mMavenCli.java:289[m)
    [1mat[m org.apache.maven.cli.MavenCli.main ([1mMavenCli.java:193[m)
    [1mat[m jdk.internal.reflect.NativeMethodAccessorImpl.invoke0 ([1mNative Method[m)
    [1mat[m jdk.internal.reflect.NativeMethodAccessorImpl.invoke ([1mNativeMethodAccessorImpl.java:62[m)
    [1mat[m jdk.internal.reflect.DelegatingMethodAccessorImpl.invoke ([1mDelegatingMethodAccessorImpl.java:43[m)
    [1mat[m java.lang.reflect.Method.invoke ([1mMethod.java:566[m)
    [1mat[m org.codehaus.plexus.classworlds.launcher.Launcher.launchEnhanced ([1mLauncher.java:282[m)
    [1mat[m org.codehaus.plexus.classworlds.launcher.Launcher.launch ([1mLauncher.java:225[m)
    [1mat[m org.codehaus.plexus.classworlds.launcher.Launcher.mainWithExitCode ([1mLauncher.java:406[m)
    [1mat[m org.codehaus.plexus.classworlds.launcher.Launcher.main ([1mLauncher.java:347[m)
[[1;31mERROR[m]
[[1;31mERROR[m] Re-run Maven using the [1m-X[m switch to enable full debug logging.
[[1;31mERROR[m]
[[1;31mERROR[m] For more information about the errors and possible solutions, please read the following articles:
[[1;31mERROR[m] [1m[Help 1][m http://cwiki.apache.org/confluence/display/MAVEN/MojoExecutionException
[[1;31mERROR[m]
[[1;31mERROR[m] After correcting the problems, you can resume the build with the command
[[1;31mERROR[m]   [1mmvn <args> -rf :zookeeper-jute[m
