Apache Maven 3.8.7
Maven home: /usr/share/maven
Java version: 21.0.9, vendor: Ubuntu, runtime: /usr/lib/jvm/java-21-openjdk-amd64
Default locale: en_US, platform encoding: UTF-8
OS name: "linux", version: "5.4.0-204-generic", arch: "amd64", family: "unix"
[INFO] Error stacktraces are turned on.
[INFO] Scanning for projects...
[INFO]
[INFO] ------------------< org.apache.commons:commons-lang3 >------------------
[INFO] Building Apache Commons Lang 3.19.0-SNAPSHOT
[INFO] --------------------------------[ jar ]---------------------------------
[INFO]
[INFO] --- maven-clean-plugin:3.5.0:clean (default-clean) @ commons-lang3 ---
[INFO]
[INFO] --- maven-enforcer-plugin:3.5.0:enforce (enforce-maven-version) @ commons-lang3 ---
[INFO] Rule 0: org.apache.maven.enforcer.rules.version.RequireMavenVersion passed
[INFO]
[INFO] --- maven-enforcer-plugin:3.5.0:enforce (enforce-java-version) @ commons-lang3 ---
[INFO] Rule 0: org.apache.maven.enforcer.rules.version.RequireJavaVersion passed
[INFO]
[INFO] --- apache-rat-plugin:0.16.1:check (rat-check) @ commons-lang3 ---
[INFO] RAT will not execute since it is configured to be skipped via system property 'rat.skip'.
[INFO]
[INFO] --- maven-artifact-plugin:3.6.0:check-buildplan (check-buildplan) @ commons-lang3 ---
[INFO] No known issue in 22 plugins
[INFO]
[INFO] --- build-helper-maven-plugin:3.6.1:parse-version (parse-version) @ commons-lang3 ---
[INFO]
[INFO] --- maven-antrun-plugin:3.1.0:run (javadoc.resources) @ commons-lang3 ---
[INFO] Executing tasks
[INFO]      [copy] Copying 2 files to /app/target/apidocs/META-INF
[INFO] Executed tasks
[INFO]
[INFO] --- maven-remote-resources-plugin:3.3.0:process (process-resource-bundles) @ commons-lang3 ---
[INFO] Skipping remote resources execution.
[INFO]
[INFO] --- buildnumber-maven-plugin:3.2.1:create (default) @ commons-lang3 ---
[INFO] Executing: /bin/sh -c cd '/app' && 'git' 'log' '-1' '--no-merges' '--format=format:%H %aI %aE %aN'
[INFO] Working directory: /app
[WARNING] Cannot get the revision information from the scm repository, proceeding with revision of ?????? :
Exception while executing SCM command.
[INFO] Storing buildNumber: ?????? at timestamp: 1765454628498
[INFO] Executing: /bin/sh -c cd '/app' && 'git' 'symbolic-ref' 'HEAD'
[INFO] Working directory: /app
[WARNING] Cannot get the branch information from the git repository:
Error while executing command.
[INFO] Executing: /bin/sh -c cd '/app' && 'git' 'log' '-1' '--no-merges' '--format=format:%H %aI %aE %aN'
[INFO] Working directory: /app
[WARNING] Cannot get the branch information from the scm repository, proceeding with UNKNOWN_BRANCH :
Exception while executing SCM command.
[INFO] Storing scmBranch: UNKNOWN_BRANCH
[INFO]
[INFO] --- maven-resources-plugin:3.3.1:resources (default-resources) @ commons-lang3 ---
[INFO] skip non existing resourceDirectory /app/src/main/resources
[INFO] Copying 2 resources from  to target/classes/META-INF
[INFO]
[INFO] --- maven-compiler-plugin:3.14.0:compile (default-compile) @ commons-lang3 ---
[INFO] Recompiling the module because of changed source code.
[INFO] Compiling 259 source files with javac [debug release 8] to target/classes
[WARNING] source value 8 is obsolete and will be removed in a future release
[WARNING] target value 8 is obsolete and will be removed in a future release
[WARNING] To suppress warnings about obsolete options, use -Xlint:-options.
[INFO] /app/src/main/java/org/apache/commons/lang3/builder/ToStringStyle.java: Some input files use or override a deprecated API.
[INFO] /app/src/main/java/org/apache/commons/lang3/builder/ToStringStyle.java: Recompile with -Xlint:deprecation for details.
[INFO] /app/src/main/java/org/apache/commons/lang3/AppendableJoiner.java: Some input files use unchecked or unsafe operations.
[INFO] /app/src/main/java/org/apache/commons/lang3/AppendableJoiner.java: Recompile with -Xlint:unchecked for details.
[INFO]
[INFO] --- maven-bundle-plugin:6.0.0:manifest (bundle-manifest) @ commons-lang3 ---
[INFO] No MANIFEST.MF file found, generating manifest.
[INFO] Writing manifest: /app/target/osgi/MANIFEST.MF
[INFO]
[INFO] --- maven-resources-plugin:3.3.1:testResources (default-testResources) @ commons-lang3 ---
[INFO] Copying 2 resources from src/test/resources to target/test-classes
[INFO] Copying 2 resources from  to target/test-classes/META-INF
[INFO]
[INFO] --- maven-compiler-plugin:3.14.0:testCompile (default-testCompile) @ commons-lang3 ---
[INFO] Recompiling the module because of changed dependency.
[INFO] Compiling 267 source files with javac [debug release 8] to target/test-classes
[WARNING] source value 8 is obsolete and will be removed in a future release
[WARNING] target value 8 is obsolete and will be removed in a future release
[WARNING] To suppress warnings about obsolete options, use -Xlint:-options.
[WARNING] /app/src/test/java/org/apache/commons/lang3/builder/ReflectionDiffBuilderTest.java:[172,52] non-varargs call of varargs method with inexact argument type for last parameter;
  cast to java.lang.String for a varargs call
  cast to java.lang.String[] for a non-varargs call and to suppress this warning
[INFO] /app/src/test/java/org/apache/commons/lang3/AppendableJoinerTest.java: Some input files use or override a deprecated API.
[INFO] /app/src/test/java/org/apache/commons/lang3/AppendableJoinerTest.java: Recompile with -Xlint:deprecation for details.
[INFO] /app/src/test/java/org/apache/commons/lang3/FunctionsTest.java: Some input files use unchecked or unsafe operations.
[INFO] /app/src/test/java/org/apache/commons/lang3/FunctionsTest.java: Recompile with -Xlint:unchecked for details.
[INFO]
[INFO] --- jacoco-maven-plugin:0.8.13:prepare-agent (prepare-agent) @ commons-lang3 ---
[INFO] argLine set to -javaagent:/root/.m2/repository/org/jacoco/org.jacoco.agent/0.8.13/org.jacoco.agent-0.8.13-runtime.jar=destfile=/app/target/jacoco.exec -Xmx512m --add-opens java.base/java.lang.reflect=ALL-UNNAMED --add-opens java.base/java.lang=ALL-UNNAMED --add-opens java.base/java.util=ALL-UNNAMED --add-opens java.base/java.time=ALL-UNNAMED --add-opens java.base/java.time.chrono=ALL-UNNAMED
[INFO]
[INFO] --- maven-surefire-plugin:3.5.3:test (default-test) @ commons-lang3 ---
[INFO] Surefire report directory: /app/target/surefire-reports
[INFO] Using auto detected provider org.apache.maven.surefire.junitplatform.JUnitPlatformProvider
[INFO]
[INFO] -------------------------------------------------------
[INFO]  T E S T S
[INFO] -------------------------------------------------------
[INFO] Running org.apache.commons.lang3.AppendableJoinerTest
[INFO] Tests run: 11, Failures: 0, Errors: 0, Skipped: 0, Time elapsed: 0.132 s -- in org.apache.commons.lang3.AppendableJoinerTest
[INFO] Running org.apache.commons.lang3.StringUtilsValueOfTest
[INFO] Tests run: 3, Failures: 0, Errors: 0, Skipped: 0, Time elapsed: 0.018 s -- in org.apache.commons.lang3.StringUtilsValueOfTest
[INFO] Running org.apache.commons.lang3.mutable.MutableIntTest
[INFO] Tests run: 25, Failures: 0, Errors: 0, Skipped: 0, Time elapsed: 0.030 s -- in org.apache.commons.lang3.mutable.MutableIntTest
[INFO] Running org.apache.commons.lang3.mutable.MutableLongTest
[INFO] Tests run: 25, Failures: 0, Errors: 0, Skipped: 0, Time elapsed: 0.025 s -- in org.apache.commons.lang3.mutable.MutableLongTest
[INFO] Running org.apache.commons.lang3.mutable.MutableBooleanTest
[INFO] Tests run: 9, Failures: 0, Errors: 0, Skipped: 0, Time elapsed: 0.012 s -- in org.apache.commons.lang3.mutable.MutableBooleanTest
[INFO] Running org.apache.commons.lang3.mutable.MutableShortTest
[INFO] Tests run: 22, Failures: 0, Errors: 0, Skipped: 0, Time elapsed: 0.019 s -- in org.apache.commons.lang3.mutable.MutableShortTest
[INFO] Running org.apache.commons.lang3.mutable.MutableByteTest
[INFO] Tests run: 25, Failures: 0, Errors: 0, Skipped: 0, Time elapsed: 0.021 s -- in org.apache.commons.lang3.mutable.MutableByteTest
[INFO] Running org.apache.commons.lang3.mutable.MutableFloatTest
[INFO] Tests run: 26, Failures: 0, Errors: 0, Skipped: 0, Time elapsed: 0.022 s -- in org.apache.commons.lang3.mutable.MutableFloatTest
[INFO] Running org.apache.commons.lang3.mutable.MutableDoubleTest
[INFO] Tests run: 26, Failures: 0, Errors: 0, Skipped: 0, Time elapsed: 0.016 s -- in org.apache.commons.lang3.mutable.MutableDoubleTest
[INFO] Running org.apache.commons.lang3.mutable.MutableObjectTest
[INFO] Tests run: 5, Failures: 0, Errors: 0, Skipped: 0, Time elapsed: 0.004 s -- in org.apache.commons.lang3.mutable.MutableObjectTest
[INFO] Running org.apache.commons.lang3.util.IterableStringTokenizerTest
[INFO] Tests run: 29, Failures: 0, Errors: 0, Skipped: 0, Time elapsed: 0.033 s -- in org.apache.commons.lang3.util.IterableStringTokenizerTest
[INFO] Running org.apache.commons.lang3.util.FluentBitSetTest
[INFO] Tests run: 43, Failures: 0, Errors: 0, Skipped: 0, Time elapsed: 0.041 s -- in org.apache.commons.lang3.util.FluentBitSetTest
[INFO] Running org.apache.commons.lang3.AnnotationUtilsTest
[INFO] Tests run: 10, Failures: 0, Errors: 0, Skipped: 0, Time elapsed: 0.047 s -- in org.apache.commons.lang3.AnnotationUtilsTest
[INFO] Running org.apache.commons.lang3.function.IntToCharFunctionTest
[INFO] Tests run: 1, Failures: 0, Errors: 0, Skipped: 0, Time elapsed: 0.001 s -- in org.apache.commons.lang3.function.IntToCharFunctionTest
[INFO] Running org.apache.commons.lang3.function.SuppliersTest
[INFO] Tests run: 1, Failures: 0, Errors: 0, Skipped: 0, Time elapsed: 0.002 s -- in org.apache.commons.lang3.function.SuppliersTest
[INFO] Running org.apache.commons.lang3.function.TriFunctionTest
[INFO] Tests run: 2, Failures: 0, Errors: 0, Skipped: 0, Time elapsed: 0.002 s -- in org.apache.commons.lang3.function.TriFunctionTest
[INFO] Running org.apache.commons.lang3.function.MethodInvokersFailableSupplierTest
[INFO] Tests run: 2, Failures: 0, Errors: 0, Skipped: 0, Time elapsed: 0.005 s -- in org.apache.commons.lang3.function.MethodInvokersFailableSupplierTest
[INFO] Running org.apache.commons.lang3.function.FailableTest
[INFO] Tests run: 177, Failures: 0, Errors: 0, Skipped: 0, Time elapsed: 0.219 s -- in org.apache.commons.lang3.function.FailableTest
[INFO] Running org.apache.commons.lang3.function.FunctionsTest
[INFO] Tests run: 5, Failures: 0, Errors: 0, Skipped: 0, Time elapsed: 0.006 s -- in org.apache.commons.lang3.function.FunctionsTest
[INFO] Running org.apache.commons.lang3.function.MethodInvokersFunctionTest
[INFO] Tests run: 8, Failures: 0, Errors: 0, Skipped: 0, Time elapsed: 0.009 s -- in org.apache.commons.lang3.function.MethodInvokersFunctionTest
[INFO] Running org.apache.commons.lang3.function.MethodInvokersFailableBiFunctionTest
[INFO] Tests run: 5, Failures: 0, Errors: 0, Skipped: 0, Time elapsed: 0.004 s -- in org.apache.commons.lang3.function.MethodInvokersFailableBiFunctionTest
[INFO] Running org.apache.commons.lang3.function.ByteSupplierTest
[INFO] Tests run: 1, Failures: 0, Errors: 0, Skipped: 0, Time elapsed: 0.001 s -- in org.apache.commons.lang3.function.ByteSupplierTest
[INFO] Running org.apache.commons.lang3.function.PredicatesTest
[INFO] Tests run: 2, Failures: 0, Errors: 0, Skipped: 0, Time elapsed: 0.001 s -- in org.apache.commons.lang3.function.PredicatesTest
[INFO] Running org.apache.commons.lang3.function.ObjectsTest
[INFO] Tests run: 4, Failures: 0, Errors: 0, Skipped: 0, Time elapsed: 0.003 s -- in org.apache.commons.lang3.function.ObjectsTest
[INFO] Running org.apache.commons.lang3.function.MethodInvokersFailableFunctionTest
[INFO] Tests run: 6, Failures: 0, Errors: 0, Skipped: 0, Time elapsed: 0.005 s -- in org.apache.commons.lang3.function.MethodInvokersFailableFunctionTest
[INFO] Running org.apache.commons.lang3.function.BooleanConsumerTest
[INFO] Tests run: 2, Failures: 0, Errors: 0, Skipped: 0, Time elapsed: 0.003 s -- in org.apache.commons.lang3.function.BooleanConsumerTest
[INFO] Running org.apache.commons.lang3.function.MethodInvokersBiConsumerTest
[INFO] Tests run: 3, Failures: 0, Errors: 0, Skipped: 0, Time elapsed: 0.003 s -- in org.apache.commons.lang3.function.MethodInvokersBiConsumerTest
[INFO] Running org.apache.commons.lang3.function.FailableSupplierTest
[INFO] Tests run: 4, Failures: 0, Errors: 0, Skipped: 0, Time elapsed: 0.002 s -- in org.apache.commons.lang3.function.FailableSupplierTest
[INFO] Running org.apache.commons.lang3.function.ConsumersTest
[INFO] Tests run: 2, Failures: 0, Errors: 0, Skipped: 0, Time elapsed: 0.002 s -- in org.apache.commons.lang3.function.ConsumersTest
[INFO] Running org.apache.commons.lang3.function.ToBooleanBiFunctionTest
[INFO] Tests run: 1, Failures: 0, Errors: 0, Skipped: 0, Time elapsed: 0.001 s -- in org.apache.commons.lang3.function.ToBooleanBiFunctionTest
[INFO] Running org.apache.commons.lang3.function.MethodInvokersBiFunctionTest
[INFO] Tests run: 5, Failures: 0, Errors: 0, Skipped: 0, Time elapsed: 0.007 s -- in org.apache.commons.lang3.function.MethodInvokersBiFunctionTest
[INFO] Running org.apache.commons.lang3.function.MethodInvokersFailableBiConsumerTest
[INFO] Tests run: 5, Failures: 0, Errors: 0, Skipped: 0, Time elapsed: 0.004 s -- in org.apache.commons.lang3.function.MethodInvokersFailableBiConsumerTest
[INFO] Running org.apache.commons.lang3.function.MethodInvokersSupplierTest
[INFO] Tests run: 2, Failures: 0, Errors: 0, Skipped: 0, Time elapsed: 0.002 s -- in org.apache.commons.lang3.function.MethodInvokersSupplierTest
[INFO] Running org.apache.commons.lang3.function.TriConsumerTest
[INFO] Tests run: 2, Failures: 0, Errors: 0, Skipped: 0, Time elapsed: 0.003 s -- in org.apache.commons.lang3.function.TriConsumerTest
[INFO] Running org.apache.commons.lang3.function.ByteConsumerTest
[INFO] Tests run: 2, Failures: 0, Errors: 0, Skipped: 0, Time elapsed: 0.003 s -- in org.apache.commons.lang3.function.ByteConsumerTest
[INFO] Running org.apache.commons.lang3.StreamsTest
[INFO] Tests run: 11, Failures: 0, Errors: 0, Skipped: 0, Time elapsed: 0.020 s -- in org.apache.commons.lang3.StreamsTest
[INFO] Running org.apache.commons.lang3.NotImplementedExceptionTest
[INFO] Tests run: 1, Failures: 0, Errors: 0, Skipped: 0, Time elapsed: 0.001 s -- in org.apache.commons.lang3.NotImplementedExceptionTest
[INFO] Running org.apache.commons.lang3.compare.ObjectToStringComparatorTest
[INFO] Tests run: 3, Failures: 0, Errors: 0, Skipped: 0, Time elapsed: 0.003 s -- in org.apache.commons.lang3.compare.ObjectToStringComparatorTest
[INFO] Running org.apache.commons.lang3.compare.ComparableUtilsTest
[INFO] Running org.apache.commons.lang3.compare.ComparableUtilsTest$A_is_1
[INFO] Running org.apache.commons.lang3.compare.ComparableUtilsTest$A_is_1$B_is_10
[INFO] Running org.apache.commons.lang3.compare.ComparableUtilsTest$A_is_1$B_is_10$C_is_10
[INFO] Tests run: 4, Failures: 0, Errors: 0, Skipped: 0, Time elapsed: 0.002 s -- in org.apache.commons.lang3.compare.ComparableUtilsTest$A_is_1$B_is_10$C_is_10
[INFO] Running org.apache.commons.lang3.compare.ComparableUtilsTest$A_is_1$B_is_10$C_is_1
[INFO] Tests run: 4, Failures: 0, Errors: 0, Skipped: 0, Time elapsed: 0.002 s -- in org.apache.commons.lang3.compare.ComparableUtilsTest$A_is_1$B_is_10$C_is_1
[INFO] Running org.apache.commons.lang3.compare.ComparableUtilsTest$A_is_1$B_is_10$C_is_0
[INFO] Tests run: 4, Failures: 0, Errors: 0, Skipped: 0, Time elapsed: 0.002 s -- in org.apache.commons.lang3.compare.ComparableUtilsTest$A_is_1$B_is_10$C_is_0
[INFO] Tests run: 9, Failures: 0, Errors: 0, Skipped: 0, Time elapsed: 0.015 s -- in org.apache.commons.lang3.compare.ComparableUtilsTest$A_is_1$B_is_10
[INFO] Running org.apache.commons.lang3.compare.ComparableUtilsTest$A_is_1$B_is_1
[INFO] Running org.apache.commons.lang3.compare.ComparableUtilsTest$A_is_1$B_is_1$C_is_10
[INFO] Tests run: 4, Failures: 0, Errors: 0, Skipped: 0, Time elapsed: 0.002 s -- in org.apache.commons.lang3.compare.ComparableUtilsTest$A_is_1$B_is_1$C_is_10
[INFO] Running org.apache.commons.lang3.compare.ComparableUtilsTest$A_is_1$B_is_1$C_is_1
[INFO] Tests run: 4, Failures: 0, Errors: 0, Skipped: 0, Time elapsed: 0.002 s -- in org.apache.commons.lang3.compare.ComparableUtilsTest$A_is_1$B_is_1$C_is_1
[INFO] Running org.apache.commons.lang3.compare.ComparableUtilsTest$A_is_1$B_is_1$C_is_0
[INFO] Tests run: 4, Failures: 0, Errors: 0, Skipped: 0, Time elapsed: 0.003 s -- in org.apache.commons.lang3.compare.ComparableUtilsTest$A_is_1$B_is_1$C_is_0
[INFO] Tests run: 9, Failures: 0, Errors: 0, Skipped: 0, Time elapsed: 0.012 s -- in org.apache.commons.lang3.compare.ComparableUtilsTest$A_is_1$B_is_1
[INFO] Running org.apache.commons.lang3.compare.ComparableUtilsTest$A_is_1$B_is_0
[INFO] Running org.apache.commons.lang3.compare.ComparableUtilsTest$A_is_1$B_is_0$C_is_10
[INFO] Tests run: 4, Failures: 0, Errors: 0, Skipped: 0, Time elapsed: 0.002 s -- in org.apache.commons.lang3.compare.ComparableUtilsTest$A_is_1$B_is_0$C_is_10
[INFO] Running org.apache.commons.lang3.compare.ComparableUtilsTest$A_is_1$B_is_0$C_is_1
[INFO] Tests run: 4, Failures: 0, Errors: 0, Skipped: 0, Time elapsed: 0.003 s -- in org.apache.commons.lang3.compare.ComparableUtilsTest$A_is_1$B_is_0$C_is_1
[INFO] Running org.apache.commons.lang3.compare.ComparableUtilsTest$A_is_1$B_is_0$C_is_0
[INFO] Tests run: 4, Failures: 0, Errors: 0, Skipped: 0, Time elapsed: 0.002 s -- in org.apache.commons.lang3.compare.ComparableUtilsTest$A_is_1$B_is_0$C_is_0
[INFO] Tests run: 9, Failures: 0, Errors: 0, Skipped: 0, Time elapsed: 0.012 s -- in org.apache.commons.lang3.compare.ComparableUtilsTest$A_is_1$B_is_0
[INFO] Tests run: 0, Failures: 0, Errors: 0, Skipped: 0, Time elapsed: 0.041 s -- in org.apache.commons.lang3.compare.ComparableUtilsTest$A_is_1
[INFO] Tests run: 7, Failures: 0, Errors: 0, Skipped: 0, Time elapsed: 0.047 s -- in org.apache.commons.lang3.compare.ComparableUtilsTest
[INFO] Running org.apache.commons.lang3.StringEscapeUtilsTest
[INFO] Tests run: 32, Failures: 0, Errors: 0, Skipped: 0, Time elapsed: 0.239 s -- in org.apache.commons.lang3.StringEscapeUtilsTest
[INFO] Running org.apache.commons.lang3.ArrayUtilsTest
[INFO] Tests run: 355, Failures: 0, Errors: 0, Skipped: 0, Time elapsed: 0.136 s -- in org.apache.commons.lang3.ArrayUtilsTest
[INFO] Running org.apache.commons.lang3.StringUtilsAbbreviateTest
[INFO] Tests run: 7, Failures: 0, Errors: 0, Skipped: 0, Time elapsed: 0.013 s -- in org.apache.commons.lang3.StringUtilsAbbreviateTest
[INFO] Running org.apache.commons.lang3.CharUtilsTest
[INFO] Tests run: 24, Failures: 0, Errors: 0, Skipped: 0, Time elapsed: 0.028 s -- in org.apache.commons.lang3.CharUtilsTest
[INFO] Running org.apache.commons.lang3.CharSetUtilsTest
[INFO] Tests run: 11, Failures: 0, Errors: 0, Skipped: 0, Time elapsed: 0.016 s -- in org.apache.commons.lang3.CharSetUtilsTest
[INFO] Running org.apache.commons.lang3.BooleanUtilsTest
[INFO] Tests run: 90, Failures: 0, Errors: 0, Skipped: 0, Time elapsed: 0.050 s -- in org.apache.commons.lang3.BooleanUtilsTest
[INFO] Running org.apache.commons.lang3.DoubleRangeTest
[INFO] Tests run: 27, Failures: 0, Errors: 0, Skipped: 0, Time elapsed: 0.025 s -- in org.apache.commons.lang3.DoubleRangeTest
[INFO] Running org.apache.commons.lang3.ConversionTest
[INFO] Tests run: 48, Failures: 0, Errors: 0, Skipped: 0, Time elapsed: 0.033 s -- in org.apache.commons.lang3.ConversionTest
[INFO] Running org.apache.commons.lang3.ClassLoaderUtilsTest
[INFO] Tests run: 4, Failures: 0, Errors: 0, Skipped: 0, Time elapsed: 0.005 s -- in org.apache.commons.lang3.ClassLoaderUtilsTest
[INFO] Running org.apache.commons.lang3.LongRangeTest
[INFO] Tests run: 29, Failures: 0, Errors: 0, Skipped: 0, Time elapsed: 0.016 s -- in org.apache.commons.lang3.LongRangeTest
[INFO] Running org.apache.commons.lang3.text.StrBuilderTest
[INFO] Tests run: 91, Failures: 0, Errors: 0, Skipped: 0, Time elapsed: 0.045 s -- in org.apache.commons.lang3.text.StrBuilderTest
[INFO] Running org.apache.commons.lang3.text.StrTokenizerTest
[INFO] Tests run: 55, Failures: 0, Errors: 0, Skipped: 0, Time elapsed: 0.022 s -- in org.apache.commons.lang3.text.StrTokenizerTest
[INFO] Running org.apache.commons.lang3.text.StrBuilderAppendInsertTest
[INFO] Tests run: 51, Failures: 0, Errors: 0, Skipped: 0, Time elapsed: 0.025 s -- in org.apache.commons.lang3.text.StrBuilderAppendInsertTest
[INFO] Running org.apache.commons.lang3.text.translate.NumericEntityUnescaperTest
[INFO] Tests run: 3, Failures: 0, Errors: 0, Skipped: 0, Time elapsed: 0.002 s -- in org.apache.commons.lang3.text.translate.NumericEntityUnescaperTest
[INFO] Running org.apache.commons.lang3.text.translate.UnicodeUnescaperTest
[INFO] Tests run: 3, Failures: 0, Errors: 0, Skipped: 0, Time elapsed: 0.002 s -- in org.apache.commons.lang3.text.translate.UnicodeUnescaperTest
[INFO] Running org.apache.commons.lang3.text.translate.UnicodeUnpairedSurrogateRemoverTest
[INFO] Tests run: 2, Failures: 0, Errors: 0, Skipped: 0, Time elapsed: 0.001 s -- in org.apache.commons.lang3.text.translate.UnicodeUnpairedSurrogateRemoverTest
[INFO] Running org.apache.commons.lang3.text.translate.NumericEntityEscaperTest
[INFO] Tests run: 4, Failures: 0, Errors: 0, Skipped: 0, Time elapsed: 0.002 s -- in org.apache.commons.lang3.text.translate.NumericEntityEscaperTest
[INFO] Running org.apache.commons.lang3.text.translate.UnicodeEscaperTest
[INFO] Tests run: 3, Failures: 0, Errors: 0, Skipped: 0, Time elapsed: 0.001 s -- in org.apache.commons.lang3.text.translate.UnicodeEscaperTest
[INFO] Running org.apache.commons.lang3.text.translate.LookupTranslatorTest
[INFO] Tests run: 2, Failures: 0, Errors: 0, Skipped: 0, Time elapsed: 0.001 s -- in org.apache.commons.lang3.text.translate.LookupTranslatorTest
[INFO] Running org.apache.commons.lang3.text.translate.EntityArraysTest
[INFO] Tests run: 3, Failures: 0, Errors: 0, Skipped: 0, Time elapsed: 0.002 s -- in org.apache.commons.lang3.text.translate.EntityArraysTest
[INFO] Running org.apache.commons.lang3.text.translate.OctalUnescaperTest
[INFO] Tests run: 1, Failures: 0, Errors: 0, Skipped: 0, Time elapsed: 0.001 s -- in org.apache.commons.lang3.text.translate.OctalUnescaperTest
[INFO] Running org.apache.commons.lang3.text.StrMatcherTest
[INFO] Tests run: 14, Failures: 0, Errors: 0, Skipped: 0, Time elapsed: 0.004 s -- in org.apache.commons.lang3.text.StrMatcherTest
[INFO] Running org.apache.commons.lang3.text.CompositeFormatTest
[INFO] Tests run: 2, Failures: 0, Errors: 0, Skipped: 0, Time elapsed: 0.027 s -- in org.apache.commons.lang3.text.CompositeFormatTest
[INFO] Running org.apache.commons.lang3.text.FormattableUtilsTest
[INFO] Tests run: 5, Failures: 0, Errors: 0, Skipped: 0, Time elapsed: 0.003 s -- in org.apache.commons.lang3.text.FormattableUtilsTest
[INFO] Running org.apache.commons.lang3.text.ExtendedMessageFormatTest
[INFO] Tests run: 11, Failures: 0, Errors: 0, Skipped: 0, Time elapsed: 9.855 s -- in org.apache.commons.lang3.text.ExtendedMessageFormatTest
[INFO] Running org.apache.commons.lang3.text.StrLookupTest
[INFO] Tests run: 6, Failures: 0, Errors: 0, Skipped: 0, Time elapsed: 0.008 s -- in org.apache.commons.lang3.text.StrLookupTest
[INFO] Running org.apache.commons.lang3.text.StrSubstitutorTest
[INFO] Tests run: 41, Failures: 0, Errors: 0, Skipped: 0, Time elapsed: 0.026 s -- in org.apache.commons.lang3.text.StrSubstitutorTest
[INFO] Running org.apache.commons.lang3.text.WordUtilsTest
[INFO] Tests run: 16, Failures: 0, Errors: 0, Skipped: 0, Time elapsed: 0.010 s -- in org.apache.commons.lang3.text.WordUtilsTest
[INFO] Running org.apache.commons.lang3.CachedRandomBitsTest
[INFO] Tests run: 11, Failures: 0, Errors: 0, Skipped: 0, Time elapsed: 0.010 s -- in org.apache.commons.lang3.CachedRandomBitsTest
[INFO] Running org.apache.commons.lang3.tuple.ImmutableTripleTest
[INFO] Tests run: 17, Failures: 0, Errors: 0, Skipped: 0, Time elapsed: 0.012 s -- in org.apache.commons.lang3.tuple.ImmutableTripleTest
[INFO] Running org.apache.commons.lang3.tuple.ImmutablePairTest
[INFO] Tests run: 24, Failures: 0, Errors: 0, Skipped: 0, Time elapsed: 0.008 s -- in org.apache.commons.lang3.tuple.ImmutablePairTest
[INFO] Running org.apache.commons.lang3.tuple.MutableTripleTest
[INFO] Tests run: 11, Failures: 0, Errors: 0, Skipped: 0, Time elapsed: 0.004 s -- in org.apache.commons.lang3.tuple.MutableTripleTest
[INFO] Running org.apache.commons.lang3.tuple.TripleTest
[INFO] Tests run: 13, Failures: 0, Errors: 0, Skipped: 0, Time elapsed: 0.005 s -- in org.apache.commons.lang3.tuple.TripleTest
[INFO] Running org.apache.commons.lang3.tuple.MutablePairTest
[INFO] Tests run: 12, Failures: 0, Errors: 0, Skipped: 0, Time elapsed: 0.004 s -- in org.apache.commons.lang3.tuple.MutablePairTest
[INFO] Running org.apache.commons.lang3.tuple.PairTest
[INFO] Tests run: 23, Failures: 0, Errors: 0, Skipped: 0, Time elapsed: 0.017 s -- in org.apache.commons.lang3.tuple.PairTest
[INFO] Running org.apache.commons.lang3.CharsetsTest
[INFO] Tests run: 3, Failures: 0, Errors: 0, Skipped: 0, Time elapsed: 0.002 s -- in org.apache.commons.lang3.CharsetsTest
[INFO] Running org.apache.commons.lang3.stream.StreamsTest
[INFO] Tests run: 35, Failures: 0, Errors: 0, Skipped: 0, Time elapsed: 0.019 s -- in org.apache.commons.lang3.stream.StreamsTest
[INFO] Running org.apache.commons.lang3.stream.LangCollectorsTest
[INFO] Tests run: 17, Failures: 0, Errors: 0, Skipped: 0, Time elapsed: 0.006 s -- in org.apache.commons.lang3.stream.LangCollectorsTest
[INFO] Running org.apache.commons.lang3.stream.FailableStreamTest
[INFO] Tests run: 3, Failures: 0, Errors: 0, Skipped: 0, Time elapsed: 0.001 s -- in org.apache.commons.lang3.stream.FailableStreamTest
[INFO] Running org.apache.commons.lang3.stream.IntStreamsTest
[INFO] Tests run: 4, Failures: 0, Errors: 0, Skipped: 0, Time elapsed: 0.002 s -- in org.apache.commons.lang3.stream.IntStreamsTest
[INFO] Running org.apache.commons.lang3.ClassUtilsOssFuzzTest
[INFO] Tests run: 2, Failures: 0, Errors: 0, Skipped: 0, Time elapsed: 3.645 s -- in org.apache.commons.lang3.ClassUtilsOssFuzzTest
[INFO] Running org.apache.commons.lang3.StringUtilsTrimStripTest
[WARNING] Tests run: 16, Failures: 0, Errors: 0, Skipped: 1, Time elapsed: 0.018 s -- in org.apache.commons.lang3.StringUtilsTrimStripTest
[INFO] Running org.apache.commons.lang3.FunctionsTest
[INFO] Tests run: 43, Failures: 0, Errors: 0, Skipped: 0, Time elapsed: 0.032 s -- in org.apache.commons.lang3.FunctionsTest
[INFO] Running org.apache.commons.lang3.concurrent.AtomicInitializerSupplierTest
[INFO] Tests run: 10, Failures: 0, Errors: 0, Skipped: 0, Time elapsed: 0.020 s -- in org.apache.commons.lang3.concurrent.AtomicInitializerSupplierTest
[INFO] Running org.apache.commons.lang3.concurrent.AtomicSafeInitializerTest
[INFO] Tests run: 15, Failures: 0, Errors: 0, Skipped: 0, Time elapsed: 0.035 s -- in org.apache.commons.lang3.concurrent.AtomicSafeInitializerTest
[INFO] Running org.apache.commons.lang3.concurrent.ThresholdCircuitBreakerTest
[INFO] Tests run: 5, Failures: 0, Errors: 0, Skipped: 0, Time elapsed: 0.008 s -- in org.apache.commons.lang3.concurrent.ThresholdCircuitBreakerTest
[INFO] Running org.apache.commons.lang3.concurrent.EventCountCircuitBreakerTest
[INFO] Tests run: 18, Failures: 0, Errors: 0, Skipped: 0, Time elapsed: 0.049 s -- in org.apache.commons.lang3.concurrent.EventCountCircuitBreakerTest
[INFO] Running org.apache.commons.lang3.concurrent.LazyInitializerFailableCloserTest
[INFO] Tests run: 5, Failures: 0, Errors: 0, Skipped: 0, Time elapsed: 0.007 s -- in org.apache.commons.lang3.concurrent.LazyInitializerFailableCloserTest
[INFO] Running org.apache.commons.lang3.concurrent.MemoizerComputableTest
[INFO] Tests run: 6, Failures: 0, Errors: 0, Skipped: 0, Time elapsed: 0.032 s -- in org.apache.commons.lang3.concurrent.MemoizerComputableTest
[INFO] Running org.apache.commons.lang3.concurrent.ConcurrentExceptionTest
[INFO] Tests run: 4, Failures: 0, Errors: 0, Skipped: 0, Time elapsed: 0.002 s -- in org.apache.commons.lang3.concurrent.ConcurrentExceptionTest
[INFO] Running org.apache.commons.lang3.concurrent.LazyInitializerAnonClassTest
[INFO] Tests run: 5, Failures: 0, Errors: 0, Skipped: 0, Time elapsed: 0.008 s -- in org.apache.commons.lang3.concurrent.LazyInitializerAnonClassTest
[INFO] Running org.apache.commons.lang3.concurrent.MemoizerFunctionTest
[INFO] Tests run: 6, Failures: 0, Errors: 0, Skipped: 0, Time elapsed: 0.009 s -- in org.apache.commons.lang3.concurrent.MemoizerFunctionTest
[INFO] Running org.apache.commons.lang3.concurrent.ConcurrentUtilsTest
[INFO] Tests run: 35, Failures: 0, Errors: 0, Skipped: 0, Time elapsed: 0.016 s -- in org.apache.commons.lang3.concurrent.ConcurrentUtilsTest
[INFO] Running org.apache.commons.lang3.concurrent.UncheckedExecutionExceptionTest
[INFO] Tests run: 1, Failures: 0, Errors: 0, Skipped: 0, Time elapsed: 0.001 s -- in org.apache.commons.lang3.concurrent.UncheckedExecutionExceptionTest
[INFO] Running org.apache.commons.lang3.concurrent.AtomicSafeInitializerSupplierTest
[INFO] Tests run: 12, Failures: 0, Errors: 0, Skipped: 0, Time elapsed: 0.013 s -- in org.apache.commons.lang3.concurrent.AtomicSafeInitializerSupplierTest
[INFO] Running org.apache.commons.lang3.concurrent.locks.LockingVisitorsTest
[INFO] Tests run: 19, Failures: 0, Errors: 0, Skipped: 0, Time elapsed: 78.23 s -- in org.apache.commons.lang3.concurrent.locks.LockingVisitorsTest
[INFO] Running org.apache.commons.lang3.concurrent.BasicThreadFactoryTest
[INFO] Tests run: 17, Failures: 0, Errors: 0, Skipped: 0, Time elapsed: 0.018 s -- in org.apache.commons.lang3.concurrent.BasicThreadFactoryTest
[INFO] Running org.apache.commons.lang3.concurrent.TimedSemaphoreTest
[INFO] Tests run: 17, Failures: 0, Errors: 0, Skipped: 0, Time elapsed: 1.196 s -- in org.apache.commons.lang3.concurrent.TimedSemaphoreTest
[INFO] Running org.apache.commons.lang3.concurrent.UncheckedFutureTest
[INFO] Tests run: 8, Failures: 0, Errors: 0, Skipped: 0, Time elapsed: 0.011 s -- in org.apache.commons.lang3.concurrent.UncheckedFutureTest
[INFO] Running org.apache.commons.lang3.concurrent.MultiBackgroundInitializerSupplierTest
[INFO] Tests run: 22, Failures: 0, Errors: 0, Skipped: 0, Time elapsed: 0.058 s -- in org.apache.commons.lang3.concurrent.MultiBackgroundInitializerSupplierTest
[INFO] Running org.apache.commons.lang3.concurrent.LazyInitializerCloserTest
[INFO] Tests run: 5, Failures: 0, Errors: 0, Skipped: 0, Time elapsed: 0.010 s -- in org.apache.commons.lang3.concurrent.LazyInitializerCloserTest
[INFO] Running org.apache.commons.lang3.concurrent.LazyInitializerSingleInstanceTest
[INFO] Tests run: 5, Failures: 0, Errors: 0, Skipped: 0, Time elapsed: 0.009 s -- in org.apache.commons.lang3.concurrent.LazyInitializerSingleInstanceTest
[INFO] Running org.apache.commons.lang3.concurrent.BackgroundInitializerTest
[INFO] Tests run: 18, Failures: 0, Errors: 0, Skipped: 0, Time elapsed: 0.019 s -- in org.apache.commons.lang3.concurrent.BackgroundInitializerTest
[INFO] Running org.apache.commons.lang3.concurrent.LazyInitializerSimpleTest
[INFO] Tests run: 5, Failures: 0, Errors: 0, Skipped: 0, Time elapsed: 0.007 s -- in org.apache.commons.lang3.concurrent.LazyInitializerSimpleTest
[INFO] Running org.apache.commons.lang3.concurrent.UncheckedTimeoutExceptionTest
[INFO] Tests run: 1, Failures: 0, Errors: 0, Skipped: 0, Time elapsed: 0.002 s -- in org.apache.commons.lang3.concurrent.UncheckedTimeoutExceptionTest
[INFO] Running org.apache.commons.lang3.concurrent.LazyInitializerSupplierTest
[INFO] Tests run: 10, Failures: 0, Errors: 0, Skipped: 0, Time elapsed: 0.012 s -- in org.apache.commons.lang3.concurrent.LazyInitializerSupplierTest
[INFO] Running org.apache.commons.lang3.concurrent.ConstantInitializerTest
[INFO] Tests run: 8, Failures: 0, Errors: 0, Skipped: 0, Time elapsed: 0.006 s -- in org.apache.commons.lang3.concurrent.ConstantInitializerTest
[INFO] Running org.apache.commons.lang3.concurrent.AtomicInitializerObjectTest
[INFO] Tests run: 5, Failures: 0, Errors: 0, Skipped: 0, Time elapsed: 0.007 s -- in org.apache.commons.lang3.concurrent.AtomicInitializerObjectTest
[INFO] Running org.apache.commons.lang3.concurrent.CircuitBreakingExceptionTest
[INFO] Tests run: 7, Failures: 0, Errors: 0, Skipped: 0, Time elapsed: 0.004 s -- in org.apache.commons.lang3.concurrent.CircuitBreakingExceptionTest
[INFO] Running org.apache.commons.lang3.concurrent.ConcurrentRuntimeExceptionTest
[INFO] Tests run: 3, Failures: 0, Errors: 0, Skipped: 0, Time elapsed: 0.002 s -- in org.apache.commons.lang3.concurrent.ConcurrentRuntimeExceptionTest
[INFO] Running org.apache.commons.lang3.concurrent.MultiBackgroundInitializerTest
[INFO] Tests run: 18, Failures: 0, Errors: 0, Skipped: 0, Time elapsed: 0.038 s -- in org.apache.commons.lang3.concurrent.MultiBackgroundInitializerTest
[INFO] Running org.apache.commons.lang3.concurrent.FutureTasksTest
[INFO] Tests run: 1, Failures: 0, Errors: 0, Skipped: 0, Time elapsed: 0.001 s -- in org.apache.commons.lang3.concurrent.FutureTasksTest
[INFO] Running org.apache.commons.lang3.concurrent.CallableBackgroundInitializerTest
[INFO] Tests run: 4, Failures: 0, Errors: 0, Skipped: 0, Time elapsed: 0.003 s -- in org.apache.commons.lang3.concurrent.CallableBackgroundInitializerTest
[INFO] Running org.apache.commons.lang3.concurrent.BackgroundInitializerSupplierTest
[INFO] Tests run: 21, Failures: 0, Errors: 0, Skipped: 0, Time elapsed: 0.018 s -- in org.apache.commons.lang3.concurrent.BackgroundInitializerSupplierTest
[INFO] Running org.apache.commons.lang3.concurrent.AtomicInitializerNonObjectTest
[INFO] Tests run: 5, Failures: 0, Errors: 0, Skipped: 0, Time elapsed: 0.007 s -- in org.apache.commons.lang3.concurrent.AtomicInitializerNonObjectTest
[INFO] Running org.apache.commons.lang3.time.CalendarUtilsTest
[INFO] Tests run: 1903, Failures: 0, Errors: 0, Skipped: 0, Time elapsed: 0.705 s -- in org.apache.commons.lang3.time.CalendarUtilsTest
[INFO] Running org.apache.commons.lang3.time.DateUtilsTest
[INFO] Tests run: 128, Failures: 0, Errors: 0, Skipped: 0, Time elapsed: 0.288 s -- in org.apache.commons.lang3.time.DateUtilsTest
[INFO] Running org.apache.commons.lang3.time.GmtTimeZoneTest
[INFO] Tests run: 11, Failures: 0, Errors: 0, Skipped: 0, Time elapsed: 0.003 s -- in org.apache.commons.lang3.time.GmtTimeZoneTest
[INFO] Running org.apache.commons.lang3.time.Java15BugFastDateParserTest
[INFO] Tests run: 1086, Failures: 0, Errors: 0, Skipped: 0, Time elapsed: 1.576 s -- in org.apache.commons.lang3.time.Java15BugFastDateParserTest
[INFO] Running org.apache.commons.lang3.time.TimeZonesTest
[INFO] Tests run: 1, Failures: 0, Errors: 0, Skipped: 0, Time elapsed: 0.001 s -- in org.apache.commons.lang3.time.TimeZonesTest
[INFO] Running org.apache.commons.lang3.time.FastDatePrinterTimeZonesTest
[INFO] Tests run: 632, Failures: 0, Errors: 0, Skipped: 0, Time elapsed: 0.168 s -- in org.apache.commons.lang3.time.FastDatePrinterTimeZonesTest
[INFO] Running org.apache.commons.lang3.time.FastDateFormat_PrinterTest
[INFO] Tests run: 23, Failures: 0, Errors: 0, Skipped: 0, Time elapsed: 0.042 s -- in org.apache.commons.lang3.time.FastDateFormat_PrinterTest
[INFO] Running org.apache.commons.lang3.time.DurationFormatUtilsTest
[INFO] Tests run: 33, Failures: 0, Errors: 0, Skipped: 0, Time elapsed: 9.377 s -- in org.apache.commons.lang3.time.DurationFormatUtilsTest
[INFO] Running org.apache.commons.lang3.time.FastDateParser_MoreOrLessTest
[INFO] Tests run: 7, Failures: 0, Errors: 0, Skipped: 0, Time elapsed: 0.002 s -- in org.apache.commons.lang3.time.FastDateParser_MoreOrLessTest
[INFO] Running org.apache.commons.lang3.time.FastDatePrinterTest
[INFO] Tests run: 23, Failures: 0, Errors: 0, Skipped: 0, Time elapsed: 0.006 s -- in org.apache.commons.lang3.time.FastDatePrinterTest
[INFO] Running org.apache.commons.lang3.time.DateFormatUtilsTest
[INFO] Tests run: 13, Failures: 0, Errors: 0, Skipped: 0, Time elapsed: 0.005 s -- in org.apache.commons.lang3.time.DateFormatUtilsTest
[INFO] Running org.apache.commons.lang3.time.WeekYearTest
[INFO] Tests run: 32, Failures: 0, Errors: 0, Skipped: 0, Time elapsed: 0.023 s -- in org.apache.commons.lang3.time.WeekYearTest
[INFO] Running org.apache.commons.lang3.time.FastDateFormatTest
[INFO] Tests run: 20, Failures: 0, Errors: 0, Skipped: 0, Time elapsed: 0.975 s -- in org.apache.commons.lang3.time.FastDateFormatTest
[INFO] Running org.apache.commons.lang3.time.DurationUtilsTest
[INFO] Tests run: 15, Failures: 0, Errors: 0, Skipped: 0, Time elapsed: 0.012 s -- in org.apache.commons.lang3.time.DurationUtilsTest
[INFO] Running org.apache.commons.lang3.time.FastDateParser_TimeZoneStrategyTest
[WARNING] Tests run: 2142, Failures: 0, Errors: 0, Skipped: 5, Time elapsed: 89.95 s -- in org.apache.commons.lang3.time.FastDateParser_TimeZoneStrategyTest
[INFO] Running org.apache.commons.lang3.time.DateUtilsRoundingTest
[INFO] Tests run: 22, Failures: 0, Errors: 0, Skipped: 0, Time elapsed: 0.043 s -- in org.apache.commons.lang3.time.DateUtilsRoundingTest
[INFO] Running org.apache.commons.lang3.time.FastDateParserSDFTest
[INFO] Tests run: 276, Failures: 0, Errors: 0, Skipped: 0, Time elapsed: 0.103 s -- in org.apache.commons.lang3.time.FastDateParserSDFTest
[INFO] Running org.apache.commons.lang3.time.FastDateParserTest
[INFO] Tests run: 46009, Failures: 0, Errors: 0, Skipped: 0, Time elapsed: 43.99 s -- in org.apache.commons.lang3.time.FastDateParserTest
[INFO] Running org.apache.commons.lang3.time.DateUtilsFragmentTest
[INFO] Tests run: 57, Failures: 0, Errors: 0, Skipped: 0, Time elapsed: 0.013 s -- in org.apache.commons.lang3.time.DateUtilsFragmentTest
[INFO] Running org.apache.commons.lang3.time.FastTimeZoneTest
[INFO] Tests run: 10, Failures: 0, Errors: 0, Skipped: 0, Time elapsed: 0.002 s -- in org.apache.commons.lang3.time.FastTimeZoneTest
[INFO] Running org.apache.commons.lang3.time.StopWatchTest
[INFO] Tests run: 35, Failures: 0, Errors: 0, Skipped: 0, Time elapsed: 0.675 s -- in org.apache.commons.lang3.time.StopWatchTest
[INFO] Running org.apache.commons.lang3.ArrayFillTest
[INFO] Tests run: 19, Failures: 0, Errors: 0, Skipped: 0, Time elapsed: 0.007 s -- in org.apache.commons.lang3.ArrayFillTest
[INFO] Running org.apache.commons.lang3.RandomUtilsTest
[INFO] Tests run: 117, Failures: 0, Errors: 0, Skipped: 0, Time elapsed: 0.163 s -- in org.apache.commons.lang3.RandomUtilsTest
[INFO] Running org.apache.commons.lang3.builder.RecursiveToStringStyleTest
[INFO] Tests run: 8, Failures: 0, Errors: 0, Skipped: 0, Time elapsed: 0.008 s -- in org.apache.commons.lang3.builder.RecursiveToStringStyleTest
[INFO] Running org.apache.commons.lang3.builder.MultiLineToStringStyleTest
[INFO] Tests run: 11, Failures: 0, Errors: 0, Skipped: 0, Time elapsed: 0.004 s -- in org.apache.commons.lang3.builder.MultiLineToStringStyleTest
[INFO] Running org.apache.commons.lang3.builder.CompareToBuilderTest
[INFO] Tests run: 48, Failures: 0, Errors: 0, Skipped: 0, Time elapsed: 0.014 s -- in org.apache.commons.lang3.builder.CompareToBuilderTest
[INFO] Running org.apache.commons.lang3.builder.DiffTest
[INFO] Tests run: 4, Failures: 0, Errors: 0, Skipped: 0, Time elapsed: 0.010 s -- in org.apache.commons.lang3.builder.DiffTest
[INFO] Running org.apache.commons.lang3.builder.HashCodeBuilderAndEqualsBuilderTest
[INFO] Tests run: 5, Failures: 0, Errors: 0, Skipped: 0, Time elapsed: 0.906 s -- in org.apache.commons.lang3.builder.HashCodeBuilderAndEqualsBuilderTest
[INFO] Running org.apache.commons.lang3.builder.ConversionTest
[INFO] Tests run: 3, Failures: 0, Errors: 0, Skipped: 0, Time elapsed: 0.001 s -- in org.apache.commons.lang3.builder.ConversionTest
[INFO] Running org.apache.commons.lang3.builder.ToStringStyleConcurrencyTest
[INFO] Tests run: 3, Failures: 0, Errors: 0, Skipped: 0, Time elapsed: 2.708 s -- in org.apache.commons.lang3.builder.ToStringStyleConcurrencyTest
[INFO] Running org.apache.commons.lang3.builder.EqualsBuilderReflectJreImplementationTest
[INFO] Tests run: 2, Failures: 0, Errors: 0, Skipped: 0, Time elapsed: 0.520 s -- in org.apache.commons.lang3.builder.EqualsBuilderReflectJreImplementationTest
[INFO] Running org.apache.commons.lang3.builder.NoFieldNamesToStringStyleTest
[INFO] Tests run: 11, Failures: 0, Errors: 0, Skipped: 0, Time elapsed: 0.003 s -- in org.apache.commons.lang3.builder.NoFieldNamesToStringStyleTest
[INFO] Running org.apache.commons.lang3.builder.ReflectionToStringBuilderExcludeNullValuesTest
[INFO] Tests run: 5, Failures: 0, Errors: 0, Skipped: 0, Time elapsed: 0.002 s -- in org.apache.commons.lang3.builder.ReflectionToStringBuilderExcludeNullValuesTest
[INFO] Running org.apache.commons.lang3.builder.EqualsBuilderTest
[INFO] Tests run: 59, Failures: 0, Errors: 0, Skipped: 0, Time elapsed: 0.021 s -- in org.apache.commons.lang3.builder.EqualsBuilderTest
[INFO] Running org.apache.commons.lang3.builder.ReflectionToStringBuilderConcurrencyTest
[WARNING] Tests run: 3, Failures: 0, Errors: 0, Skipped: 3, Time elapsed: 0 s -- in org.apache.commons.lang3.builder.ReflectionToStringBuilderConcurrencyTest
[INFO] Running org.apache.commons.lang3.builder.ToStringBuilderTest
[INFO] Tests run: 95, Failures: 0, Errors: 0, Skipped: 0, Time elapsed: 0.022 s -- in org.apache.commons.lang3.builder.ToStringBuilderTest
[INFO] Running org.apache.commons.lang3.builder.JsonToStringStyleTest
[INFO] Tests run: 29, Failures: 0, Errors: 0, Skipped: 0, Time elapsed: 0.015 s -- in org.apache.commons.lang3.builder.JsonToStringStyleTest
[INFO] Running org.apache.commons.lang3.builder.ReflectionToStringBuilderExcludeWithAnnotationTest
[INFO] Tests run: 1, Failures: 0, Errors: 0, Skipped: 0, Time elapsed: 0.001 s -- in org.apache.commons.lang3.builder.ReflectionToStringBuilderExcludeWithAnnotationTest
[INFO] Running org.apache.commons.lang3.builder.NoClassNameToStringStyleTest
[INFO] Tests run: 11, Failures: 0, Errors: 0, Skipped: 0, Time elapsed: 0.002 s -- in org.apache.commons.lang3.builder.NoClassNameToStringStyleTest
[INFO] Running org.apache.commons.lang3.builder.ReflectionToStringBuilderTest
[INFO] Tests run: 1, Failures: 0, Errors: 0, Skipped: 0, Time elapsed: 0 s -- in org.apache.commons.lang3.builder.ReflectionToStringBuilderTest
[INFO] Running org.apache.commons.lang3.builder.ReflectionToStringBuilderExcludeTest
[INFO] Tests run: 11, Failures: 0, Errors: 0, Skipped: 0, Time elapsed: 0.002 s -- in org.apache.commons.lang3.builder.ReflectionToStringBuilderExcludeTest
[INFO] Running org.apache.commons.lang3.builder.ReflectionToStringBuilderMutateInspectConcurrencyTest
[WARNING] Tests run: 1, Failures: 0, Errors: 0, Skipped: 1, Time elapsed: 0 s -- in org.apache.commons.lang3.builder.ReflectionToStringBuilderMutateInspectConcurrencyTest
[INFO] Running org.apache.commons.lang3.builder.ToStringStyleTest
[INFO] Tests run: 12, Failures: 0, Errors: 0, Skipped: 0, Time elapsed: 0.001 s -- in org.apache.commons.lang3.builder.ToStringStyleTest
[INFO] Running org.apache.commons.lang3.builder.ShortPrefixToStringStyleTest
[INFO] Tests run: 11, Failures: 0, Errors: 0, Skipped: 0, Time elapsed: 0.002 s -- in org.apache.commons.lang3.builder.ShortPrefixToStringStyleTest
[INFO] Running org.apache.commons.lang3.builder.DefaultToStringStyleTest
[INFO] Tests run: 11, Failures: 0, Errors: 0, Skipped: 0, Time elapsed: 0.002 s -- in org.apache.commons.lang3.builder.DefaultToStringStyleTest
[INFO] Running org.apache.commons.lang3.builder.ReflectionToStringBuilderCustomImplementationTest
[INFO] Tests run: 1, Failures: 0, Errors: 0, Skipped: 0, Time elapsed: 0.001 s -- in org.apache.commons.lang3.builder.ReflectionToStringBuilderCustomImplementationTest
[INFO] Running org.apache.commons.lang3.builder.ReflectionDiffBuilderTest
[INFO] Tests run: 16, Failures: 0, Errors: 0, Skipped: 0, Time elapsed: 0.706 s -- in org.apache.commons.lang3.builder.ReflectionDiffBuilderTest
[INFO] Running org.apache.commons.lang3.builder.StandardToStringStyleTest
[INFO] Tests run: 20, Failures: 0, Errors: 0, Skipped: 0, Time elapsed: 0.004 s -- in org.apache.commons.lang3.builder.StandardToStringStyleTest
[INFO] Running org.apache.commons.lang3.builder.ReflectionToStringBuilderIncludeTest
[INFO] Tests run: 20, Failures: 0, Errors: 0, Skipped: 0, Time elapsed: 0.006 s -- in org.apache.commons.lang3.builder.ReflectionToStringBuilderIncludeTest
[INFO] Running org.apache.commons.lang3.builder.IDKeyTest
[INFO] Tests run: 1, Failures: 0, Errors: 0, Skipped: 0, Time elapsed: 0 s -- in org.apache.commons.lang3.builder.IDKeyTest
[INFO] Running org.apache.commons.lang3.builder.MultilineRecursiveToStringStyleTest
[INFO] Tests run: 14, Failures: 0, Errors: 0, Skipped: 0, Time elapsed: 0.006 s -- in org.apache.commons.lang3.builder.MultilineRecursiveToStringStyleTest
[INFO] Running org.apache.commons.lang3.builder.DiffResultTest
[INFO] Tests run: 11, Failures: 0, Errors: 0, Skipped: 0, Time elapsed: 0.003 s -- in org.apache.commons.lang3.builder.DiffResultTest
[INFO] Running org.apache.commons.lang3.builder.DiffBuilderTest
[INFO] Tests run: 39, Failures: 0, Errors: 0, Skipped: 0, Time elapsed: 0.014 s -- in org.apache.commons.lang3.builder.DiffBuilderTest
[INFO] Running org.apache.commons.lang3.builder.SimpleToStringStyleTest
[INFO] Tests run: 11, Failures: 0, Errors: 0, Skipped: 0, Time elapsed: 0.002 s -- in org.apache.commons.lang3.builder.SimpleToStringStyleTest
[INFO] Running org.apache.commons.lang3.builder.HashCodeBuilderTest
[INFO] Tests run: 46, Failures: 0, Errors: 0, Skipped: 0, Time elapsed: 0.009 s -- in org.apache.commons.lang3.builder.HashCodeBuilderTest
[INFO] Running org.apache.commons.lang3.builder.ReflectionToStringBuilderSummaryTest
[INFO] Tests run: 1, Failures: 0, Errors: 0, Skipped: 0, Time elapsed: 0.001 s -- in org.apache.commons.lang3.builder.ReflectionToStringBuilderSummaryTest
[INFO] Running org.apache.commons.lang3.SystemPropertiesTest
[INFO] Tests run: 58, Failures: 0, Errors: 0, Skipped: 0, Time elapsed: 0.042 s -- in org.apache.commons.lang3.SystemPropertiesTest
[INFO] Running org.apache.commons.lang3.EnumUtilsTest
[INFO] Tests run: 48, Failures: 0, Errors: 0, Skipped: 0, Time elapsed: 0.021 s -- in org.apache.commons.lang3.EnumUtilsTest
[INFO] Running org.apache.commons.lang3.SystemUtilsTest
[INFO] Tests run: 24, Failures: 0, Errors: 0, Skipped: 0, Time elapsed: 0.007 s -- in org.apache.commons.lang3.SystemUtilsTest
[INFO] Running org.apache.commons.lang3.RegExUtilsTest
[INFO] Tests run: 19, Failures: 0, Errors: 0, Skipped: 0, Time elapsed: 0.007 s -- in org.apache.commons.lang3.RegExUtilsTest
[INFO] Running org.apache.commons.lang3.CharSetTest
[INFO] Tests run: 15, Failures: 0, Errors: 0, Skipped: 0, Time elapsed: 0.007 s -- in org.apache.commons.lang3.CharSetTest
[INFO] Running org.apache.commons.lang3.CharEncodingTest
[INFO] Tests run: 5, Failures: 0, Errors: 0, Skipped: 0, Time elapsed: 0.009 s -- in org.apache.commons.lang3.CharEncodingTest
[INFO] Running org.apache.commons.lang3.CharRangeTest
[INFO] Tests run: 17, Failures: 0, Errors: 0, Skipped: 0, Time elapsed: 0.016 s -- in org.apache.commons.lang3.CharRangeTest
[INFO] Running org.apache.commons.lang3.StringUtilsIsTest
[INFO] Tests run: 8, Failures: 0, Errors: 0, Skipped: 0, Time elapsed: 0.001 s -- in org.apache.commons.lang3.StringUtilsIsTest
[INFO] Running org.apache.commons.lang3.ArrayUtilsRemoveMultipleTest
[INFO] Tests run: 55, Failures: 0, Errors: 0, Skipped: 0, Time elapsed: 0.011 s -- in org.apache.commons.lang3.ArrayUtilsRemoveMultipleTest
[INFO] Running org.apache.commons.lang3.StringUtilsStartsEndsWithTest
[INFO] Tests run: 6, Failures: 0, Errors: 0, Skipped: 0, Time elapsed: 0.002 s -- in org.apache.commons.lang3.StringUtilsStartsEndsWithTest
[INFO] Running org.apache.commons.lang3.ArrayUtilsSetTest
[INFO] Tests run: 2, Failures: 0, Errors: 0, Skipped: 0, Time elapsed: 0.001 s -- in org.apache.commons.lang3.ArrayUtilsSetTest
[INFO] Running org.apache.commons.lang3.ArchUtilsTest
[INFO] Tests run: 6, Failures: 0, Errors: 0, Skipped: 0, Time elapsed: 0.002 s -- in org.apache.commons.lang3.ArchUtilsTest
[INFO] Running org.apache.commons.lang3.StringUtilsEqualsIndexOfTest
[INFO] Tests run: 70, Failures: 0, Errors: 0, Skipped: 0, Time elapsed: 0.023 s -- in org.apache.commons.lang3.StringUtilsEqualsIndexOfTest
[INFO] Running org.apache.commons.lang3.IntegerRangeTest
[INFO] Tests run: 28, Failures: 0, Errors: 0, Skipped: 0, Time elapsed: 0.009 s -- in org.apache.commons.lang3.IntegerRangeTest
[INFO] Running org.apache.commons.lang3.SerializationUtilsTest
[INFO] Tests run: 28, Failures: 0, Errors: 0, Skipped: 0, Time elapsed: 0.023 s -- in org.apache.commons.lang3.SerializationUtilsTest
[INFO] Running org.apache.commons.lang3.StringUtilsTest
[WARNING] Tests run: 164, Failures: 0, Errors: 0, Skipped: 1, Time elapsed: 0.077 s -- in org.apache.commons.lang3.StringUtilsTest
[INFO] Running org.apache.commons.lang3.BitFieldTest
[INFO] Tests run: 15, Failures: 0, Errors: 0, Skipped: 0, Time elapsed: 0.002 s -- in org.apache.commons.lang3.BitFieldTest
[INFO] Running org.apache.commons.lang3.ValidateTest
[INFO] Running org.apache.commons.lang3.ValidateTest$ValidState
[INFO] Running org.apache.commons.lang3.ValidateTest$ValidState$WitMessage
[INFO] Tests run: 2, Failures: 0, Errors: 0, Skipped: 0, Time elapsed: 0.001 s -- in org.apache.commons.lang3.ValidateTest$ValidState$WitMessage
[INFO] Running org.apache.commons.lang3.ValidateTest$ValidState$WithoutMessage
[INFO] Tests run: 2, Failures: 0, Errors: 0, Skipped: 0, Time elapsed: 0 s -- in org.apache.commons.lang3.ValidateTest$ValidState$WithoutMessage
[INFO] Tests run: 0, Failures: 0, Errors: 0, Skipped: 0, Time elapsed: 0.002 s -- in org.apache.commons.lang3.ValidateTest$ValidState
[INFO] Running org.apache.commons.lang3.ValidateTest$ValidIndex
[INFO] Running org.apache.commons.lang3.ValidateTest$ValidIndex$WithCollection
[INFO] Running org.apache.commons.lang3.ValidateTest$ValidIndex$WithCollection$WithoutMessage
[INFO] Tests run: 5, Failures: 0, Errors: 0, Skipped: 0, Time elapsed: 0.002 s -- in org.apache.commons.lang3.ValidateTest$ValidIndex$WithCollection$WithoutMessage
[INFO] Running org.apache.commons.lang3.ValidateTest$ValidIndex$WithCollection$WithMessage
[INFO] Tests run: 5, Failures: 0, Errors: 0, Skipped: 0, Time elapsed: 0.002 s -- in org.apache.commons.lang3.ValidateTest$ValidIndex$WithCollection$WithMessage
[INFO] Tests run: 0, Failures: 0, Errors: 0, Skipped: 0, Time elapsed: 0.004 s -- in org.apache.commons.lang3.ValidateTest$ValidIndex$WithCollection
[INFO] Running org.apache.commons.lang3.ValidateTest$ValidIndex$WithCharSequence
[INFO] Running org.apache.commons.lang3.ValidateTest$ValidIndex$WithCharSequence$WithoutMessage
[INFO] Tests run: 5, Failures: 0, Errors: 0, Skipped: 0, Time elapsed: 0.002 s -- in org.apache.commons.lang3.ValidateTest$ValidIndex$WithCharSequence$WithoutMessage
[INFO] Running org.apache.commons.lang3.ValidateTest$ValidIndex$WithCharSequence$WithMessage
[INFO] Tests run: 5, Failures: 0, Errors: 0, Skipped: 0, Time elapsed: 0.002 s -- in org.apache.commons.lang3.ValidateTest$ValidIndex$WithCharSequence$WithMessage
[INFO] Tests run: 0, Failures: 0, Errors: 0, Skipped: 0, Time elapsed: 0.004 s -- in org.apache.commons.lang3.ValidateTest$ValidIndex$WithCharSequence
[INFO] Running org.apache.commons.lang3.ValidateTest$ValidIndex$WithArray
[INFO] Running org.apache.commons.lang3.ValidateTest$ValidIndex$WithArray$WithoutMessage
[INFO] Tests run: 5, Failures: 0, Errors: 0, Skipped: 0, Time elapsed: 0.002 s -- in org.apache.commons.lang3.ValidateTest$ValidIndex$WithArray$WithoutMessage
[INFO] Running org.apache.commons.lang3.ValidateTest$ValidIndex$WithArray$WithMessage
[INFO] Tests run: 5, Failures: 0, Errors: 0, Skipped: 0, Time elapsed: 0.003 s -- in org.apache.commons.lang3.ValidateTest$ValidIndex$WithArray$WithMessage
[INFO] Tests run: 0, Failures: 0, Errors: 0, Skipped: 0, Time elapsed: 0.005 s -- in org.apache.commons.lang3.ValidateTest$ValidIndex$WithArray
[INFO] Tests run: 0, Failures: 0, Errors: 0, Skipped: 0, Time elapsed: 0.014 s -- in org.apache.commons.lang3.ValidateTest$ValidIndex
[INFO] Running org.apache.commons.lang3.ValidateTest$UtilClassConventions
[INFO] Tests run: 4, Failures: 0, Errors: 0, Skipped: 0, Time elapsed: 0.001 s -- in org.apache.commons.lang3.ValidateTest$UtilClassConventions
[INFO] Running org.apache.commons.lang3.ValidateTest$NotNull
[INFO] Running org.apache.commons.lang3.ValidateTest$NotNull$WithoutMessage
[INFO] Tests run: 3, Failures: 0, Errors: 0, Skipped: 0, Time elapsed: 0.001 s -- in org.apache.commons.lang3.ValidateTest$NotNull$WithoutMessage
[INFO] Running org.apache.commons.lang3.ValidateTest$NotNull$WithMessage
[INFO] Tests run: 3, Failures: 0, Errors: 0, Skipped: 0, Time elapsed: 0.001 s -- in org.apache.commons.lang3.ValidateTest$NotNull$WithMessage
[INFO] Tests run: 0, Failures: 0, Errors: 0, Skipped: 0, Time elapsed: 0.003 s -- in org.apache.commons.lang3.ValidateTest$NotNull
[INFO] Running org.apache.commons.lang3.ValidateTest$NotNaN
[INFO] Running org.apache.commons.lang3.ValidateTest$NotNaN$WithoutMessage
[INFO] Tests run: 4, Failures: 0, Errors: 0, Skipped: 0, Time elapsed: 0.001 s -- in org.apache.commons.lang3.ValidateTest$NotNaN$WithoutMessage
[INFO] Running org.apache.commons.lang3.ValidateTest$NotNaN$WithMessage
[INFO] Tests run: 4, Failures: 0, Errors: 0, Skipped: 0, Time elapsed: 0.001 s -- in org.apache.commons.lang3.ValidateTest$NotNaN$WithMessage
[INFO] Tests run: 0, Failures: 0, Errors: 0, Skipped: 0, Time elapsed: 0.002 s -- in org.apache.commons.lang3.ValidateTest$NotNaN
[INFO] Running org.apache.commons.lang3.ValidateTest$NotEmpty
[INFO] Running org.apache.commons.lang3.ValidateTest$NotEmpty$WithMap
[INFO] Running org.apache.commons.lang3.ValidateTest$NotEmpty$WithMap$WithoutMessage
[INFO] Tests run: 4, Failures: 0, Errors: 0, Skipped: 0, Time elapsed: 0.001 s -- in org.apache.commons.lang3.ValidateTest$NotEmpty$WithMap$WithoutMessage
[INFO] Running org.apache.commons.lang3.ValidateTest$NotEmpty$WithMap$WithMessage
[INFO] Tests run: 4, Failures: 0, Errors: 0, Skipped: 0, Time elapsed: 0.001 s -- in org.apache.commons.lang3.ValidateTest$NotEmpty$WithMap$WithMessage
[INFO] Tests run: 0, Failures: 0, Errors: 0, Skipped: 0, Time elapsed: 0.003 s -- in org.apache.commons.lang3.ValidateTest$NotEmpty$WithMap
[INFO] Running org.apache.commons.lang3.ValidateTest$NotEmpty$WithCollection
[INFO] Running org.apache.commons.lang3.ValidateTest$NotEmpty$WithCollection$WithoutMessage
[INFO] Tests run: 4, Failures: 0, Errors: 0, Skipped: 0, Time elapsed: 0.001 s -- in org.apache.commons.lang3.ValidateTest$NotEmpty$WithCollection$WithoutMessage
[INFO] Running org.apache.commons.lang3.ValidateTest$NotEmpty$WithCollection$WithMessage
[INFO] Tests run: 4, Failures: 0, Errors: 0, Skipped: 0, Time elapsed: 0.002 s -- in org.apache.commons.lang3.ValidateTest$NotEmpty$WithCollection$WithMessage
[INFO] Tests run: 0, Failures: 0, Errors: 0, Skipped: 0, Time elapsed: 0.003 s -- in org.apache.commons.lang3.ValidateTest$NotEmpty$WithCollection
[INFO] Running org.apache.commons.lang3.ValidateTest$NotEmpty$WithCharSequence
[INFO] Running org.apache.commons.lang3.ValidateTest$NotEmpty$WithCharSequence$WithoutMessage
[INFO] Tests run: 4, Failures: 0, Errors: 0, Skipped: 0, Time elapsed: 0.001 s -- in org.apache.commons.lang3.ValidateTest$NotEmpty$WithCharSequence$WithoutMessage
[INFO] Running org.apache.commons.lang3.ValidateTest$NotEmpty$WithCharSequence$WithMessage
[INFO] Tests run: 4, Failures: 0, Errors: 0, Skipped: 0, Time elapsed: 0.001 s -- in org.apache.commons.lang3.ValidateTest$NotEmpty$WithCharSequence$WithMessage
[INFO] Tests run: 0, Failures: 0, Errors: 0, Skipped: 0, Time elapsed: 0.003 s -- in org.apache.commons.lang3.ValidateTest$NotEmpty$WithCharSequence
[INFO] Running org.apache.commons.lang3.ValidateTest$NotEmpty$WithArray
[INFO] Running org.apache.commons.lang3.ValidateTest$NotEmpty$WithArray$WithoutMessage
[INFO] Tests run: 4, Failures: 0, Errors: 0, Skipped: 0, Time elapsed: 0.002 s -- in org.apache.commons.lang3.ValidateTest$NotEmpty$WithArray$WithoutMessage
[INFO] Running org.apache.commons.lang3.ValidateTest$NotEmpty$WithArray$WithMessage
[INFO] Tests run: 4, Failures: 0, Errors: 0, Skipped: 0, Time elapsed: 0.001 s -- in org.apache.commons.lang3.ValidateTest$NotEmpty$WithArray$WithMessage
[INFO] Tests run: 0, Failures: 0, Errors: 0, Skipped: 0, Time elapsed: 0.004 s -- in org.apache.commons.lang3.ValidateTest$NotEmpty$WithArray
[INFO] Tests run: 0, Failures: 0, Errors: 0, Skipped: 0, Time elapsed: 0.013 s -- in org.apache.commons.lang3.ValidateTest$NotEmpty
[INFO] Running org.apache.commons.lang3.ValidateTest$NotBlank
[INFO] Running org.apache.commons.lang3.ValidateTest$NotBlank$WithoutMessage
[INFO] Tests run: 8, Failures: 0, Errors: 0, Skipped: 0, Time elapsed: 0.002 s -- in org.apache.commons.lang3.ValidateTest$NotBlank$WithoutMessage
[INFO] Running org.apache.commons.lang3.ValidateTest$NotBlank$WithMessage
[INFO] Tests run: 8, Failures: 0, Errors: 0, Skipped: 0, Time elapsed: 0.003 s -- in org.apache.commons.lang3.ValidateTest$NotBlank$WithMessage
[INFO] Tests run: 0, Failures: 0, Errors: 0, Skipped: 0, Time elapsed: 0.005 s -- in org.apache.commons.lang3.ValidateTest$NotBlank
[INFO] Running org.apache.commons.lang3.ValidateTest$NoNullElements
[INFO] Running org.apache.commons.lang3.ValidateTest$NoNullElements$WithCollection
[INFO] Running org.apache.commons.lang3.ValidateTest$NoNullElements$WithCollection$WithoutMessage
[INFO] Tests run: 4, Failures: 0, Errors: 0, Skipped: 0, Time elapsed: 0.002 s -- in org.apache.commons.lang3.ValidateTest$NoNullElements$WithCollection$WithoutMessage
[INFO] Running org.apache.commons.lang3.ValidateTest$NoNullElements$WithCollection$WithMessage
[INFO] Tests run: 4, Failures: 0, Errors: 0, Skipped: 0, Time elapsed: 0.001 s -- in org.apache.commons.lang3.ValidateTest$NoNullElements$WithCollection$WithMessage
[INFO] Tests run: 0, Failures: 0, Errors: 0, Skipped: 0, Time elapsed: 0.004 s -- in org.apache.commons.lang3.ValidateTest$NoNullElements$WithCollection
[INFO] Running org.apache.commons.lang3.ValidateTest$NoNullElements$WithArray
[INFO] Running org.apache.commons.lang3.ValidateTest$NoNullElements$WithArray$WithoutMessage
[INFO] Tests run: 4, Failures: 0, Errors: 0, Skipped: 0, Time elapsed: 0.001 s -- in org.apache.commons.lang3.ValidateTest$NoNullElements$WithArray$WithoutMessage
[INFO] Running org.apache.commons.lang3.ValidateTest$NoNullElements$WithArray$WithMessage
[INFO] Tests run: 4, Failures: 0, Errors: 0, Skipped: 0, Time elapsed: 0.001 s -- in org.apache.commons.lang3.ValidateTest$NoNullElements$WithArray$WithMessage
[INFO] Tests run: 0, Failures: 0, Errors: 0, Skipped: 0, Time elapsed: 0.003 s -- in org.apache.commons.lang3.ValidateTest$NoNullElements$WithArray
[INFO] Tests run: 0, Failures: 0, Errors: 0, Skipped: 0, Time elapsed: 0.007 s -- in org.apache.commons.lang3.ValidateTest$NoNullElements
[INFO] Running org.apache.commons.lang3.ValidateTest$MatchesPattern
[INFO] Running org.apache.commons.lang3.ValidateTest$MatchesPattern$WithoutMessage
[INFO] Tests run: 2, Failures: 0, Errors: 0, Skipped: 0, Time elapsed: 0.001 s -- in org.apache.commons.lang3.ValidateTest$MatchesPattern$WithoutMessage
[INFO] Running org.apache.commons.lang3.ValidateTest$MatchesPattern$WithMessage
[INFO] Tests run: 2, Failures: 0, Errors: 0, Skipped: 0, Time elapsed: 0.001 s -- in org.apache.commons.lang3.ValidateTest$MatchesPattern$WithMessage
[INFO] Tests run: 0, Failures: 0, Errors: 0, Skipped: 0, Time elapsed: 0.002 s -- in org.apache.commons.lang3.ValidateTest$MatchesPattern
[INFO] Running org.apache.commons.lang3.ValidateTest$IsTrue
[INFO] Running org.apache.commons.lang3.ValidateTest$IsTrue$WithoutMessage
[INFO] Tests run: 2, Failures: 0, Errors: 0, Skipped: 0, Time elapsed: 0.001 s -- in org.apache.commons.lang3.ValidateTest$IsTrue$WithoutMessage
[INFO] Running org.apache.commons.lang3.ValidateTest$IsTrue$WithObjectTemplate
[INFO] Tests run: 2, Failures: 0, Errors: 0, Skipped: 0, Time elapsed: 0.001 s -- in org.apache.commons.lang3.ValidateTest$IsTrue$WithObjectTemplate
[INFO] Running org.apache.commons.lang3.ValidateTest$IsTrue$WithMessageSupplier
[INFO] Tests run: 2, Failures: 0, Errors: 0, Skipped: 0, Time elapsed: 0.001 s -- in org.apache.commons.lang3.ValidateTest$IsTrue$WithMessageSupplier
[INFO] Running org.apache.commons.lang3.ValidateTest$IsTrue$WithMessage
[INFO] Tests run: 3, Failures: 0, Errors: 0, Skipped: 0, Time elapsed: 0.001 s -- in org.apache.commons.lang3.ValidateTest$IsTrue$WithMessage
[INFO] Running org.apache.commons.lang3.ValidateTest$IsTrue$WithLongTemplate
[INFO] Tests run: 2, Failures: 0, Errors: 0, Skipped: 0, Time elapsed: 0.001 s -- in org.apache.commons.lang3.ValidateTest$IsTrue$WithLongTemplate
[INFO] Running org.apache.commons.lang3.ValidateTest$IsTrue$WithDoubleTemplate
[INFO] Tests run: 2, Failures: 0, Errors: 0, Skipped: 0, Time elapsed: 0.001 s -- in org.apache.commons.lang3.ValidateTest$IsTrue$WithDoubleTemplate
[INFO] Tests run: 0, Failures: 0, Errors: 0, Skipped: 0, Time elapsed: 0.006 s -- in org.apache.commons.lang3.ValidateTest$IsTrue
[INFO] Running org.apache.commons.lang3.ValidateTest$IsInstanceOf
[INFO] Running org.apache.commons.lang3.ValidateTest$IsInstanceOf$WithoutMessage
[INFO] Tests run: 2, Failures: 0, Errors: 0, Skipped: 0, Time elapsed: 0.001 s -- in org.apache.commons.lang3.ValidateTest$IsInstanceOf$WithoutMessage
[INFO] Running org.apache.commons.lang3.ValidateTest$IsInstanceOf$WithMessageTemplate
[INFO] Tests run: 2, Failures: 0, Errors: 0, Skipped: 0, Time elapsed: 0.001 s -- in org.apache.commons.lang3.ValidateTest$IsInstanceOf$WithMessageTemplate
[INFO] Running org.apache.commons.lang3.ValidateTest$IsInstanceOf$WithMessage
[INFO] Tests run: 2, Failures: 0, Errors: 0, Skipped: 0, Time elapsed: 0.001 s -- in org.apache.commons.lang3.ValidateTest$IsInstanceOf$WithMessage
[INFO] Tests run: 0, Failures: 0, Errors: 0, Skipped: 0, Time elapsed: 0.003 s -- in org.apache.commons.lang3.ValidateTest$IsInstanceOf
[INFO] Running org.apache.commons.lang3.ValidateTest$IsAssignable
[INFO] Running org.apache.commons.lang3.ValidateTest$IsAssignable$WithoutMessage
[INFO] Tests run: 5, Failures: 0, Errors: 0, Skipped: 0, Time elapsed: 0.002 s -- in org.apache.commons.lang3.ValidateTest$IsAssignable$WithoutMessage
[INFO] Running org.apache.commons.lang3.ValidateTest$IsAssignable$WithMessage
[INFO] Tests run: 2, Failures: 0, Errors: 0, Skipped: 0, Time elapsed: 0.001 s -- in org.apache.commons.lang3.ValidateTest$IsAssignable$WithMessage
[INFO] Tests run: 0, Failures: 0, Errors: 0, Skipped: 0, Time elapsed: 0.004 s -- in org.apache.commons.lang3.ValidateTest$IsAssignable
[INFO] Running org.apache.commons.lang3.ValidateTest$InclusiveBetween
[INFO] Running org.apache.commons.lang3.ValidateTest$InclusiveBetween$WithLong
[INFO] Running org.apache.commons.lang3.ValidateTest$InclusiveBetween$WithLong$WithoutMessage
[INFO] Tests run: 5, Failures: 0, Errors: 0, Skipped: 0, Time elapsed: 0.002 s -- in org.apache.commons.lang3.ValidateTest$InclusiveBetween$WithLong$WithoutMessage
[INFO] Running org.apache.commons.lang3.ValidateTest$InclusiveBetween$WithLong$WithMessage
[INFO] Tests run: 5, Failures: 0, Errors: 0, Skipped: 0, Time elapsed: 0.001 s -- in org.apache.commons.lang3.ValidateTest$InclusiveBetween$WithLong$WithMessage
[INFO] Tests run: 0, Failures: 0, Errors: 0, Skipped: 0, Time elapsed: 0.003 s -- in org.apache.commons.lang3.ValidateTest$InclusiveBetween$WithLong
[INFO] Running org.apache.commons.lang3.ValidateTest$InclusiveBetween$WithDouble
[INFO] Running org.apache.commons.lang3.ValidateTest$InclusiveBetween$WithDouble$WithoutMessage
[INFO] Tests run: 5, Failures: 0, Errors: 0, Skipped: 0, Time elapsed: 0.001 s -- in org.apache.commons.lang3.ValidateTest$InclusiveBetween$WithDouble$WithoutMessage
[INFO] Running org.apache.commons.lang3.ValidateTest$InclusiveBetween$WithDouble$WithMessage
[INFO] Tests run: 5, Failures: 0, Errors: 0, Skipped: 0, Time elapsed: 0.001 s -- in org.apache.commons.lang3.ValidateTest$InclusiveBetween$WithDouble$WithMessage
[INFO] Tests run: 0, Failures: 0, Errors: 0, Skipped: 0, Time elapsed: 0.002 s -- in org.apache.commons.lang3.ValidateTest$InclusiveBetween$WithDouble
[INFO] Running org.apache.commons.lang3.ValidateTest$InclusiveBetween$WithComparable
[INFO] Running org.apache.commons.lang3.ValidateTest$InclusiveBetween$WithComparable$WithoutMessage
[INFO] Tests run: 5, Failures: 0, Errors: 0, Skipped: 0, Time elapsed: 0.001 s -- in org.apache.commons.lang3.ValidateTest$InclusiveBetween$WithComparable$WithoutMessage
[INFO] Running org.apache.commons.lang3.ValidateTest$InclusiveBetween$WithComparable$WithMessage
[INFO] Tests run: 5, Failures: 0, Errors: 0, Skipped: 0, Time elapsed: 0.002 s -- in org.apache.commons.lang3.ValidateTest$InclusiveBetween$WithComparable$WithMessage
[INFO] Tests run: 0, Failures: 0, Errors: 0, Skipped: 0, Time elapsed: 0.003 s -- in org.apache.commons.lang3.ValidateTest$InclusiveBetween$WithComparable
[INFO] Tests run: 0, Failures: 0, Errors: 0, Skipped: 0, Time elapsed: 0.010 s -- in org.apache.commons.lang3.ValidateTest$InclusiveBetween
[INFO] Running org.apache.commons.lang3.ValidateTest$Finite
[INFO] Running org.apache.commons.lang3.ValidateTest$Finite$WithoutMessage
[INFO] Tests run: 4, Failures: 0, Errors: 0, Skipped: 0, Time elapsed: 0.001 s -- in org.apache.commons.lang3.ValidateTest$Finite$WithoutMessage
[INFO] Running org.apache.commons.lang3.ValidateTest$Finite$WithMessage
[INFO] Tests run: 4, Failures: 0, Errors: 0, Skipped: 0, Time elapsed: 0.001 s -- in org.apache.commons.lang3.ValidateTest$Finite$WithMessage
[INFO] Tests run: 0, Failures: 0, Errors: 0, Skipped: 0, Time elapsed: 0.003 s -- in org.apache.commons.lang3.ValidateTest$Finite
[INFO] Running org.apache.commons.lang3.ValidateTest$ExclusiveBetween
[INFO] Running org.apache.commons.lang3.ValidateTest$ExclusiveBetween$WithLong
[INFO] Running org.apache.commons.lang3.ValidateTest$ExclusiveBetween$WithLong$WithoutMessage
[INFO] Tests run: 5, Failures: 0, Errors: 0, Skipped: 0, Time elapsed: 0.002 s -- in org.apache.commons.lang3.ValidateTest$ExclusiveBetween$WithLong$WithoutMessage
[INFO] Running org.apache.commons.lang3.ValidateTest$ExclusiveBetween$WithLong$WithMessage
[INFO] Tests run: 5, Failures: 0, Errors: 0, Skipped: 0, Time elapsed: 0.002 s -- in org.apache.commons.lang3.ValidateTest$ExclusiveBetween$WithLong$WithMessage
[INFO] Tests run: 0, Failures: 0, Errors: 0, Skipped: 0, Time elapsed: 0.004 s -- in org.apache.commons.lang3.ValidateTest$ExclusiveBetween$WithLong
[INFO] Running org.apache.commons.lang3.ValidateTest$ExclusiveBetween$WithDouble
[INFO] Running org.apache.commons.lang3.ValidateTest$ExclusiveBetween$WithDouble$WithoutMessage
[INFO] Tests run: 5, Failures: 0, Errors: 0, Skipped: 0, Time elapsed: 0.002 s -- in org.apache.commons.lang3.ValidateTest$ExclusiveBetween$WithDouble$WithoutMessage
[INFO] Running org.apache.commons.lang3.ValidateTest$ExclusiveBetween$WithDouble$WithMessage
[INFO] Tests run: 5, Failures: 0, Errors: 0, Skipped: 0, Time elapsed: 0.002 s -- in org.apache.commons.lang3.ValidateTest$ExclusiveBetween$WithDouble$WithMessage
[INFO] Tests run: 0, Failures: 0, Errors: 0, Skipped: 0, Time elapsed: 0.004 s -- in org.apache.commons.lang3.ValidateTest$ExclusiveBetween$WithDouble
[INFO] Running org.apache.commons.lang3.ValidateTest$ExclusiveBetween$WithComparable
[INFO] Running org.apache.commons.lang3.ValidateTest$ExclusiveBetween$WithComparable$WithoutMessage
[INFO] Tests run: 5, Failures: 0, Errors: 0, Skipped: 0, Time elapsed: 0.002 s -- in org.apache.commons.lang3.ValidateTest$ExclusiveBetween$WithComparable$WithoutMessage
[INFO] Running org.apache.commons.lang3.ValidateTest$ExclusiveBetween$WithComparable$WithMessage
[INFO] Tests run: 5, Failures: 0, Errors: 0, Skipped: 0, Time elapsed: 0.001 s -- in org.apache.commons.lang3.ValidateTest$ExclusiveBetween$WithComparable$WithMessage
[INFO] Tests run: 0, Failures: 0, Errors: 0, Skipped: 0, Time elapsed: 0.004 s -- in org.apache.commons.lang3.ValidateTest$ExclusiveBetween$WithComparable
[INFO] Tests run: 0, Failures: 0, Errors: 0, Skipped: 0, Time elapsed: 0.012 s -- in org.apache.commons.lang3.ValidateTest$ExclusiveBetween
[INFO] Tests run: 0, Failures: 0, Errors: 0, Skipped: 0, Time elapsed: 0.089 s -- in org.apache.commons.lang3.ValidateTest
[INFO] Running org.apache.commons.lang3.ArrayUtilsRemoveTest
[INFO] Tests run: 37, Failures: 0, Errors: 0, Skipped: 0, Time elapsed: 0.008 s -- in org.apache.commons.lang3.ArrayUtilsRemoveTest
[INFO] Running org.apache.commons.lang3.StringUtilsContainsTest
[INFO] Tests run: 23, Failures: 0, Errors: 0, Skipped: 0, Time elapsed: 0.004 s -- in org.apache.commons.lang3.StringUtilsContainsTest
[INFO] Running org.apache.commons.lang3.StringUtilsEmptyBlankTest
[INFO] Tests run: 12, Failures: 0, Errors: 0, Skipped: 0, Time elapsed: 0.002 s -- in org.apache.commons.lang3.StringUtilsEmptyBlankTest
[INFO] Running org.apache.commons.lang3.LocaleUtilsTest
[INFO] Tests run: 2155, Failures: 0, Errors: 0, Skipped: 0, Time elapsed: 0.328 s -- in org.apache.commons.lang3.LocaleUtilsTest
[INFO] Running org.apache.commons.lang3.ClassPathUtilsTest
[INFO] Tests run: 15, Failures: 0, Errors: 0, Skipped: 0, Time elapsed: 0.004 s -- in org.apache.commons.lang3.ClassPathUtilsTest
[INFO] Running org.apache.commons.lang3.CharSequenceUtilsTest
[INFO] Tests run: 14, Failures: 0, Errors: 0, Skipped: 0, Time elapsed: 0.053 s -- in org.apache.commons.lang3.CharSequenceUtilsTest
[INFO] Running org.apache.commons.lang3.RandomStringUtilsTest
[WARNING] Tests run: 82, Failures: 0, Errors: 0, Skipped: 1, Time elapsed: 0.274 s -- in org.apache.commons.lang3.RandomStringUtilsTest
[INFO] Running org.apache.commons.lang3.math.NumberUtilsTest
[INFO] Tests run: 120, Failures: 0, Errors: 0, Skipped: 0, Time elapsed: 0.043 s -- in org.apache.commons.lang3.math.NumberUtilsTest
[INFO] Running org.apache.commons.lang3.math.IEEE754rUtilsTest
[INFO] Tests run: 3, Failures: 0, Errors: 0, Skipped: 0, Time elapsed: 0.002 s -- in org.apache.commons.lang3.math.IEEE754rUtilsTest
[INFO] Running org.apache.commons.lang3.math.FractionTest
[INFO] Tests run: 35, Failures: 0, Errors: 0, Skipped: 0, Time elapsed: 0.125 s -- in org.apache.commons.lang3.math.FractionTest
[INFO] Running org.apache.commons.lang3.event.EventUtilsTest
[INFO] Tests run: 8, Failures: 0, Errors: 0, Skipped: 0, Time elapsed: 0.010 s -- in org.apache.commons.lang3.event.EventUtilsTest
[INFO] Running org.apache.commons.lang3.event.EventListenerSupportTest
[INFO] Tests run: 12, Failures: 0, Errors: 0, Skipped: 0, Time elapsed: 0.017 s -- in org.apache.commons.lang3.event.EventListenerSupportTest
[INFO] Running org.apache.commons.lang3.ClassUtilsTest
[INFO] Tests run: 66, Failures: 0, Errors: 0, Skipped: 0, Time elapsed: 0.025 s -- in org.apache.commons.lang3.ClassUtilsTest
[INFO] Running org.apache.commons.lang3.ObjectUtilsTest
[INFO] Tests run: 59, Failures: 0, Errors: 0, Skipped: 0, Time elapsed: 0.017 s -- in org.apache.commons.lang3.ObjectUtilsTest
[INFO] Running org.apache.commons.lang3.JavaVersionTest
[INFO] Tests run: 3, Failures: 0, Errors: 0, Skipped: 0, Time elapsed: 0.001 s -- in org.apache.commons.lang3.JavaVersionTest
[INFO] Running org.apache.commons.lang3.RuntimeEnvironmentTest
[INFO] Tests run: 10, Failures: 0, Errors: 0, Skipped: 0, Time elapsed: 0.032 s -- in org.apache.commons.lang3.RuntimeEnvironmentTest
[INFO] Running org.apache.commons.lang3.RangeTest
[INFO] Tests run: 28, Failures: 0, Errors: 0, Skipped: 0, Time elapsed: 0.008 s -- in org.apache.commons.lang3.RangeTest
[INFO] Running org.apache.commons.lang3.reflect.Lang1703Test
[INFO] Tests run: 1, Failures: 0, Errors: 0, Skipped: 0, Time elapsed: 0 s -- in org.apache.commons.lang3.reflect.Lang1703Test
[INFO] Running org.apache.commons.lang3.reflect.MethodUtilsTest
[INFO] Tests run: 59, Failures: 0, Errors: 0, Skipped: 0, Time elapsed: 0.049 s -- in org.apache.commons.lang3.reflect.MethodUtilsTest
[INFO] Running org.apache.commons.lang3.reflect.ConstructorUtilsTest
[INFO] Tests run: 8, Failures: 0, Errors: 0, Skipped: 0, Time elapsed: 0.005 s -- in org.apache.commons.lang3.reflect.ConstructorUtilsTest
[INFO] Running org.apache.commons.lang3.reflect.FieldUtilsTest
[INFO] Tests run: 68, Failures: 0, Errors: 0, Skipped: 0, Time elapsed: 0.040 s -- in org.apache.commons.lang3.reflect.FieldUtilsTest
[INFO] Running org.apache.commons.lang3.reflect.InheritanceUtilsTest
[INFO] Tests run: 9, Failures: 0, Errors: 0, Skipped: 0, Time elapsed: 0.002 s -- in org.apache.commons.lang3.reflect.InheritanceUtilsTest
[INFO] Running org.apache.commons.lang3.reflect.TypeLiteralTest
[INFO] Tests run: 4, Failures: 0, Errors: 0, Skipped: 0, Time elapsed: 0.005 s -- in org.apache.commons.lang3.reflect.TypeLiteralTest
[INFO] Running org.apache.commons.lang3.reflect.TypeUtilsTest
[WARNING] Tests run: 405, Failures: 0, Errors: 0, Skipped: 1, Time elapsed: 0.106 s -- in org.apache.commons.lang3.reflect.TypeUtilsTest
[INFO] Running org.apache.commons.lang3.ArraySorterTest
[INFO] Tests run: 9, Failures: 0, Errors: 0, Skipped: 0, Time elapsed: 0.002 s -- in org.apache.commons.lang3.ArraySorterTest
[INFO] Running org.apache.commons.lang3.ArrayUtilsInsertTest
[INFO] Tests run: 9, Failures: 0, Errors: 0, Skipped: 0, Time elapsed: 0.005 s -- in org.apache.commons.lang3.ArrayUtilsInsertTest
[INFO] Running org.apache.commons.lang3.ThreadUtilsTest
[INFO] Tests run: 32, Failures: 0, Errors: 0, Skipped: 0, Time elapsed: 0.024 s -- in org.apache.commons.lang3.ThreadUtilsTest
[INFO] Running org.apache.commons.lang3.StringUtilsSubstringTest
[INFO] Tests run: 17, Failures: 0, Errors: 0, Skipped: 0, Time elapsed: 0.003 s -- in org.apache.commons.lang3.StringUtilsSubstringTest
[INFO] Running org.apache.commons.lang3.exception.CloneFailedExceptionTest
[INFO] Tests run: 6, Failures: 0, Errors: 0, Skipped: 0, Time elapsed: 0.002 s -- in org.apache.commons.lang3.exception.CloneFailedExceptionTest
[INFO] Running org.apache.commons.lang3.exception.ContextedRuntimeExceptionTest
[INFO] Tests run: 14, Failures: 0, Errors: 0, Skipped: 0, Time elapsed: 0.020 s -- in org.apache.commons.lang3.exception.ContextedRuntimeExceptionTest
[INFO] Running org.apache.commons.lang3.exception.DefaultExceptionContextTest
[INFO] Tests run: 10, Failures: 0, Errors: 0, Skipped: 0, Time elapsed: 0.004 s -- in org.apache.commons.lang3.exception.DefaultExceptionContextTest
[INFO] Running org.apache.commons.lang3.exception.ExceptionUtilsTest
[INFO] Tests run: 64, Failures: 0, Errors: 0, Skipped: 0, Time elapsed: 0.034 s -- in org.apache.commons.lang3.exception.ExceptionUtilsTest
[INFO] Running org.apache.commons.lang3.exception.ContextedExceptionTest
[INFO] Tests run: 15, Failures: 0, Errors: 0, Skipped: 0, Time elapsed: 0.009 s -- in org.apache.commons.lang3.exception.ContextedExceptionTest
[INFO] Running org.apache.commons.lang3.exception.UncheckedIllegalAccessExceptionTest
[INFO] Tests run: 1, Failures: 0, Errors: 0, Skipped: 0, Time elapsed: 0.001 s -- in org.apache.commons.lang3.exception.UncheckedIllegalAccessExceptionTest
[INFO] Running org.apache.commons.lang3.exception.UncheckedReflectiveOperationExceptionTest
[INFO] Tests run: 1, Failures: 0, Errors: 0, Skipped: 0, Time elapsed: 0 s -- in org.apache.commons.lang3.exception.UncheckedReflectiveOperationExceptionTest
[INFO] Running org.apache.commons.lang3.exception.UncheckedInterruptedExceptionTest
[INFO] Tests run: 1, Failures: 0, Errors: 0, Skipped: 0, Time elapsed: 0 s -- in org.apache.commons.lang3.exception.UncheckedInterruptedExceptionTest
[INFO] Running org.apache.commons.lang3.exception.UncheckedExceptionTest
[INFO] Tests run: 1, Failures: 0, Errors: 0, Skipped: 0, Time elapsed: 0.001 s -- in org.apache.commons.lang3.exception.UncheckedExceptionTest
[INFO] Running org.apache.commons.lang3.StringsTest
[INFO] Tests run: 9, Failures: 0, Errors: 0, Skipped: 0, Time elapsed: 0.004 s -- in org.apache.commons.lang3.StringsTest
[INFO] Running org.apache.commons.lang3.ArrayUtilsAddTest
[INFO] Tests run: 22, Failures: 0, Errors: 0, Skipped: 0, Time elapsed: 0.007 s -- in org.apache.commons.lang3.ArrayUtilsAddTest
[INFO]
[INFO] Results:
[INFO]
[WARNING] Tests run: 59449, Failures: 0, Errors: 0, Skipped: 13
[INFO]
[INFO]
[INFO] --- maven-jar-plugin:3.4.2:jar (default-jar) @ commons-lang3 ---
[INFO] Building jar: /app/target/commons-lang3-3.19.0-SNAPSHOT.jar
[INFO]
[INFO] --- maven-jar-plugin:3.4.2:test-jar (default) @ commons-lang3 ---
[INFO] Building jar: /app/target/commons-lang3-3.19.0-SNAPSHOT-tests.jar
[INFO]
[INFO] --- maven-source-plugin:3.2.1:jar-no-fork (create-source-jar) @ commons-lang3 ---
[INFO] Building jar: /app/target/commons-lang3-3.19.0-SNAPSHOT-sources.jar
[INFO]
[INFO] --- maven-source-plugin:3.2.1:test-jar-no-fork (create-source-jar) @ commons-lang3 ---
[INFO] Building jar: /app/target/commons-lang3-3.19.0-SNAPSHOT-test-sources.jar
[INFO]
[INFO] >>> maven-javadoc-plugin:3.11.2:javadoc (create-javadoc-jar) > generate-sources @ commons-lang3 >>>
[INFO]
[INFO] --- maven-enforcer-plugin:3.5.0:enforce (enforce-maven-version) @ commons-lang3 ---
[INFO]
[INFO] --- maven-enforcer-plugin:3.5.0:enforce (enforce-java-version) @ commons-lang3 ---
[INFO]
[INFO] --- apache-rat-plugin:0.16.1:check (rat-check) @ commons-lang3 ---
[INFO] RAT will not execute since it is configured to be skipped via system property 'rat.skip'.
[INFO]
[INFO] --- maven-artifact-plugin:3.6.0:check-buildplan (check-buildplan) @ commons-lang3 ---
[INFO] No known issue in 22 plugins
[INFO]
[INFO] --- build-helper-maven-plugin:3.6.1:parse-version (parse-version) @ commons-lang3 ---
[INFO]
[INFO] --- maven-antrun-plugin:3.1.0:run (javadoc.resources) @ commons-lang3 ---
[INFO] Executing tasks
[INFO] Executed tasks
[INFO]
[INFO] <<< maven-javadoc-plugin:3.11.2:javadoc (create-javadoc-jar) < generate-sources @ commons-lang3 <<<
[INFO]
[INFO]
[INFO] --- maven-javadoc-plugin:3.11.2:javadoc (create-javadoc-jar) @ commons-lang3 ---
[INFO] No previous run data found, generating javadoc.
[INFO]
[INFO] --- maven-javadoc-plugin:3.11.2:jar (create-javadoc-jar) @ commons-lang3 ---
[INFO] Skipping javadoc generation, everything is up to date.
[INFO] Building jar: /app/target/commons-lang3-3.19.0-SNAPSHOT-javadoc.jar
[INFO]
[INFO] --- cyclonedx-maven-plugin:2.9.1:makeAggregateBom (build-sbom-cyclonedx) @ commons-lang3 ---
[INFO] CycloneDX: Resolving Dependencies
[INFO] CycloneDX: Creating BOM version 1.6 with 0 component(s)
[INFO] CycloneDX: Writing and validating BOM (XML): /app/target/commons-lang3-3.19.0-SNAPSHOT-bom.xml
[INFO]            attaching as commons-lang3-3.19.0-SNAPSHOT-cyclonedx.xml
[INFO] CycloneDX: Writing and validating BOM (JSON): /app/target/commons-lang3-3.19.0-SNAPSHOT-bom.json
[WARNING] Unknown keyword meta:enum - you should define your own Meta Schema. If the keyword is irrelevant for validation, just use a NonValidationKeyword or if it should generate annotations AnnotationKeyword
[WARNING] Unknown keyword deprecated - you should define your own Meta Schema. If the keyword is irrelevant for validation, just use a NonValidationKeyword or if it should generate annotations AnnotationKeyword
[INFO]            attaching as commons-lang3-3.19.0-SNAPSHOT-cyclonedx.json
[INFO]
[INFO] --- spdx-maven-plugin:1.0.3:createSPDX (build-sbom-spdx) @ commons-lang3 ---
[INFO] spdx file type = .json
[INFO] Creating SPDX File /app/target/site/org.apache.commons_commons-lang3-3.19.0-SNAPSHOT.spdx.json
[INFO]
[INFO] --- moditect-maven-plugin:1.3.0.Final:add-module-info (add-module-infos) @ commons-lang3 ---
[INFO] Running jdeps --generate-module-info /app/target/moditect --multi-release=9 /app/target/commons-lang3-3.19.0-SNAPSHOT.jar
writing to /app/target/moditect/org.apache.commons.lang3/versions/9/module-info.java
[INFO] Created module descriptor at /app/target/moditect/generated-sources/org.apache.commons.lang3/module-info.java
[INFO]
[INFO] --- maven-site-plugin:3.21.0:attach-descriptor (attach-descriptor) @ commons-lang3 ---
[INFO] Skipping because packaging 'jar' is not pom.
[INFO]
[INFO] --- maven-changes-plugin:3.0.0-M3:changes-validate (validate-changes) @ commons-lang3 ---
[INFO]
[INFO] --- jacoco-maven-plugin:0.8.13:check (check) @ commons-lang3 ---
[INFO] Loading execution data file /app/target/jacoco.exec
[INFO] Analyzed bundle 'commons-lang3' with 335 classes
[INFO] All coverage checks have been met.
[INFO]
[INFO] --- apache-rat-plugin:0.16.1:check (default-cli) @ commons-lang3 ---
[INFO] RAT will not execute since it is configured to be skipped via system property 'rat.skip'.
[INFO]
[INFO] --- maven-checkstyle-plugin:3.6.0:check (default-cli) @ commons-lang3 ---
[INFO] You have 0 Checkstyle violations.
[INFO]
[INFO] --- japicmp-maven-plugin:0.23.1:cmp (default-cli) @ commons-lang3 ---
[INFO] Written file '/app/target/japicmp/default-cli.diff'.
[INFO] Written file '/app/target/japicmp/default-cli.md'.
[INFO] Written file '/app/target/japicmp/default-cli.xml'.
[INFO] Written file '/app/target/japicmp/default-cli.html'.
[INFO]
[INFO] >>> spotbugs-maven-plugin:4.9.3.2:check (default-cli) > :spotbugs @ commons-lang3 >>>
[INFO]
[INFO] --- spotbugs-maven-plugin:4.9.3.2:spotbugs (spotbugs) @ commons-lang3 ---
[INFO] Fork Value is true
[INFO] Done SpotBugs Analysis....
[INFO] Rendering content with org.apache.commons:commons-skin:jar:5.0.0 skin
[INFO]
[INFO] <<< spotbugs-maven-plugin:4.9.3.2:check (default-cli) < :spotbugs @ commons-lang3 <<<
[INFO]
[INFO]
[INFO] --- spotbugs-maven-plugin:4.9.3.2:check (default-cli) @ commons-lang3 ---
[INFO] BugInstance size is 0
[INFO] Error size is 0
[INFO] No errors/warnings found
[INFO]
[INFO] >>> maven-pmd-plugin:3.27.0:check (default-cli) > :pmd @ commons-lang3 >>>
[INFO]
[INFO] --- maven-pmd-plugin:3.27.0:pmd (pmd) @ commons-lang3 ---
[INFO] PMD version: 7.16.0
[INFO] Rendering content with org.apache.commons:commons-skin:jar:5.0.0 skin
[INFO]
[INFO] <<< maven-pmd-plugin:3.27.0:check (default-cli) < :pmd @ commons-lang3 <<<
[INFO]
[INFO]
[INFO] --- maven-pmd-plugin:3.27.0:check (default-cli) @ commons-lang3 ---
[INFO]
[INFO] >>> maven-javadoc-plugin:3.11.2:javadoc (default-cli) > generate-sources @ commons-lang3 >>>
[INFO]
[INFO] --- maven-enforcer-plugin:3.5.0:enforce (enforce-maven-version) @ commons-lang3 ---
[INFO]
[INFO] --- maven-enforcer-plugin:3.5.0:enforce (enforce-java-version) @ commons-lang3 ---
[INFO]
[INFO] --- apache-rat-plugin:0.16.1:check (rat-check) @ commons-lang3 ---
[INFO] RAT will not execute since it is configured to be skipped via system property 'rat.skip'.
[INFO]
[INFO] --- maven-artifact-plugin:3.6.0:check-buildplan (check-buildplan) @ commons-lang3 ---
[INFO] No known issue in 22 plugins
[INFO]
[INFO] --- build-helper-maven-plugin:3.6.1:parse-version (parse-version) @ commons-lang3 ---
[INFO]
[INFO] --- maven-antrun-plugin:3.1.0:run (javadoc.resources) @ commons-lang3 ---
[INFO] Executing tasks
[INFO] Executed tasks
[INFO]
[INFO] <<< maven-javadoc-plugin:3.11.2:javadoc (default-cli) < generate-sources @ commons-lang3 <<<
[INFO]
[INFO]
[INFO] --- maven-javadoc-plugin:3.11.2:javadoc (default-cli) @ commons-lang3 ---
[INFO] Skipping javadoc generation, everything is up to date.
[INFO] ------------------------------------------------------------------------
[INFO] BUILD SUCCESS
[INFO] ------------------------------------------------------------------------
[INFO] Total time:  06:27 min
[INFO] Finished at: 2025-12-11T04:09:41-08:00
[INFO] ------------------------------------------------------------------------
[[1;34mINFO[m] Scanning for projects...
[[1;34mINFO[m]
[[1;34mINFO[m] [1m------------------< [0;36morg.apache.commons:commons-lang3[0;1m >------------------[m
[[1;34mINFO[m] [1mBuilding Apache Commons Lang 3.19.0-SNAPSHOT[m
[[1;34mINFO[m] [1m--------------------------------[ jar ]---------------------------------[m
[[1;34mINFO[m]
[[1;34mINFO[m] [1m--- [0;32mmaven-enforcer-plugin:3.5.0:enforce[m [1m(enforce-maven-version)[m @ [36mcommons-lang3[0;1m ---[m
[[1;34mINFO[m] Rule 0: org.apache.maven.enforcer.rules.version.RequireMavenVersion passed
[[1;34mINFO[m]
[[1;34mINFO[m] [1m--- [0;32mmaven-enforcer-plugin:3.5.0:enforce[m [1m(enforce-java-version)[m @ [36mcommons-lang3[0;1m ---[m
[[1;34mINFO[m] Rule 0: org.apache.maven.enforcer.rules.version.RequireJavaVersion passed
[[1;34mINFO[m]
[[1;34mINFO[m] [1m--- [0;32mapache-rat-plugin:0.16.1:check[m [1m(rat-check)[m @ [36mcommons-lang3[0;1m ---[m
[[1;34mINFO[m] Rat check: Summary over all files. Unapproved: 2, unknown: 2, generated: 0, approved: 572 licenses.
[[1;33mWARNING[m] Files with unapproved licenses:
  run.sh
  Dockerfile

[[1;34mINFO[m] [1m------------------------------------------------------------------------[m
[[1;34mINFO[m] [1;31mBUILD FAILURE[m
[[1;34mINFO[m] [1m------------------------------------------------------------------------[m
[[1;34mINFO[m] Total time:  7.203 s
[[1;34mINFO[m] Finished at: 2025-12-11T04:09:49-08:00
[[1;34mINFO[m] [1m------------------------------------------------------------------------[m
[[1;31mERROR[m] Failed to execute goal [32morg.apache.rat:apache-rat-plugin:0.16.1:check[m [1m(rat-check)[m on project [36mcommons-lang3[m: [1;31mToo many files with unapproved license: 2 See RAT report in: /app/target/rat.txt[m -> [1m[Help 1][m
[[1;31mERROR[m]
[[1;31mERROR[m] To see the full stack trace of the errors, re-run Maven with the [1m-e[m switch.
[[1;31mERROR[m] Re-run Maven using the [1m-X[m switch to enable full debug logging.
[[1;31mERROR[m]
[[1;31mERROR[m] For more information about the errors and possible solutions, please read the following articles:
[[1;31mERROR[m] [1m[Help 1][m http://cwiki.apache.org/confluence/display/MAVEN/MojoFailureException
