-- The C compiler identification is Clang 18.1.3
-- The CXX compiler identification is Clang 18.1.3
-- Detecting C compiler ABI info
-- Detecting C compiler ABI info - done
-- Check for working C compiler: /usr/bin/clang - skipped
-- Detecting C compile features
-- Detecting C compile features - done
-- Detecting CXX compiler ABI info
-- Detecting CXX compiler ABI info - done
-- Check for working CXX compiler: /usr/bin/clang++ - skipped
-- Detecting CXX compile features
-- Detecting CXX compile features - done
-- Performing Test COMPILER_HAS_HIDDEN_VISIBILITY
-- Performing Test COMPILER_HAS_HIDDEN_VISIBILITY - Success
-- Performing Test COMPILER_HAS_HIDDEN_INLINE_VISIBILITY
-- Performing Test COMPILER_HAS_HIDDEN_INLINE_VISIBILITY - Success
-- Performing Test COMPILER_HAS_DEPRECATED_ATTR
-- Performing Test COMPILER_HAS_DEPRECATED_ATTR - Success
-- Found Python3: /usr/bin/python3 (found version "3.12.3") found components: Interpreter
-- Configuring done (2.0s)
-- Generating done (0.0s)
-- Build files have been written to: /app/build
[  3%] Building C object src/CMakeFiles/cmark.dir/blocks.c.o
[  7%] Building C object src/CMakeFiles/cmark.dir/buffer.c.o
[ 11%] Building C object src/CMakeFiles/cmark.dir/cmark.c.o
[ 15%] Building C object src/CMakeFiles/cmark.dir/cmark_ctype.c.o
[ 19%] Building C object src/CMakeFiles/cmark.dir/commonmark.c.o
[ 23%] Building C object src/CMakeFiles/cmark.dir/houdini_href_e.c.o
[ 26%] Building C object src/CMakeFiles/cmark.dir/houdini_html_e.c.o
[ 30%] Building C object src/CMakeFiles/cmark.dir/houdini_html_u.c.o
[ 34%] Building C object src/CMakeFiles/cmark.dir/html.c.o
[ 38%] Building C object src/CMakeFiles/cmark.dir/inlines.c.o
[ 42%] Building C object src/CMakeFiles/cmark.dir/iterator.c.o
[ 46%] Building C object src/CMakeFiles/cmark.dir/latex.c.o
[ 50%] Building C object src/CMakeFiles/cmark.dir/man.c.o
[ 53%] Building C object src/CMakeFiles/cmark.dir/node.c.o
[ 57%] Building C object src/CMakeFiles/cmark.dir/references.c.o
[ 61%] Building C object src/CMakeFiles/cmark.dir/render.c.o
[ 65%] Building C object src/CMakeFiles/cmark.dir/scanners.c.o
[ 69%] Building C object src/CMakeFiles/cmark.dir/utf8.c.o
[ 73%] Building C object src/CMakeFiles/cmark.dir/xml.c.o
[ 76%] Linking C shared library libcmark.so
[ 76%] Built target cmark
[ 80%] Building C object src/CMakeFiles/cmark_exe.dir/main.c.o
[ 84%] Linking C executable cmark
[ 84%] Built target cmark_exe
[ 88%] Building CXX object api_test/CMakeFiles/api_test.dir/cplusplus.cpp.o
[ 92%] Building C object api_test/CMakeFiles/api_test.dir/harness.c.o
[ 96%] Building C object api_test/CMakeFiles/api_test.dir/main.c.o
[100%] Linking CXX executable api_test
[100%] Built target api_test
Internal ctest changing into directory: /app/build
Test project /app/build
    Start 1: api_test
1/9 Test #1: api_test .........................   Passed    0.00 sec
    Start 2: html_normalization
2/9 Test #2: html_normalization ...............   Passed    0.10 sec
    Start 3: spectest_library
3/9 Test #3: spectest_library .................   Passed    0.11 sec
    Start 4: pathological_tests_library
4/9 Test #4: pathological_tests_library .......   Passed    4.18 sec
    Start 5: roundtriptest_library
5/9 Test #5: roundtriptest_library ............   Passed    0.24 sec
    Start 6: entity_library
6/9 Test #6: entity_library ...................   Passed    0.06 sec
    Start 7: spectest_executable
7/9 Test #7: spectest_executable ..............   Passed    1.14 sec
    Start 8: smartpuncttest_executable
8/9 Test #8: smartpuncttest_executable ........   Passed    0.10 sec
    Start 9: regressiontest_executable
9/9 Test #9: regressiontest_executable ........   Passed    0.11 sec

100% tests passed, 0 tests failed out of 9

Total Test time (real) =   6.06 sec
