-- The C compiler identification is GNU 11.4.0
-- The CXX compiler identification is GNU 11.4.0
-- Detecting C compiler ABI info
-- Detecting C compiler ABI info - done
-- Check for working C compiler: /usr/bin/cc - skipped
-- Detecting C compile features
-- Detecting C compile features - done
-- Detecting CXX compiler ABI info
-- Detecting CXX compiler ABI info - done
-- Check for working CXX compiler: /usr/bin/c++ - skipped
-- Detecting CXX compile features
-- Detecting CXX compile features - done
-- Performing Test C_COMPILER_FLAG_WALL
-- Performing Test C_COMPILER_FLAG_WALL - Success
-- Performing Test C_COMPILER_FLAG_WEXTRA
-- Performing Test C_COMPILER_FLAG_WEXTRA - Success
-- Performing Test C_COMPILER_FLAG_WPEDANTIC
-- Performing Test C_COMPILER_FLAG_WPEDANTIC - Success
-- Performing Test C_COMPILER_FLAG_WCASTALIGN
-- Performing Test C_COMPILER_FLAG_WCASTALIGN - Success
-- Performing Test C_COMPILER_FLAG_WPOINTERARITH
-- Performing Test C_COMPILER_FLAG_WPOINTERARITH - Success
-- Performing Test C_COMPILER_FLAG_WSHADOW
-- Performing Test C_COMPILER_FLAG_WSHADOW - Success
-- Performing Test C_COMPILER_FLAG_WUNDEF
-- Performing Test C_COMPILER_FLAG_WUNDEF - Success
-- Performing Test C_COMPILER_FLAG_WWRITESTRINGS
-- Performing Test C_COMPILER_FLAG_WWRITESTRINGS - Success
-- Looking for getopt_long_only
-- Looking for getopt_long_only - found
-- Found ZLIB: /usr/lib/x86_64-linux-gnu/libz.so (found version "1.2.11")
-- Found PNG: /usr/lib/x86_64-linux-gnu/libpng.so (found version "1.6.37")
-- Using PNG
-- Using GS1 Syntax Engine
-- Performing Test C_COMPILER_FLAG_WC90_C99_COMPAT
-- Performing Test C_COMPILER_FLAG_WC90_C99_COMPAT - Success
-- Looking for arc4random_uniform
-- Looking for arc4random_uniform - not found
-- Using Qt5
CMake Warning at CMakeLists.txt:178 (find_package):
  By not providing "FindQt5UiTools.cmake" in CMAKE_MODULE_PATH this project
  has asked CMake to find a package configuration file provided by
  "Qt5UiTools", but CMake did not find one.

  Could not find a package configuration file provided by "Qt5UiTools" with
  any of the following names:

    Qt5UiToolsConfig.cmake
    qt5uitools-config.cmake

  Add the installation prefix of "Qt5UiTools" to CMAKE_PREFIX_PATH or set
  "Qt5UiTools_DIR" to a directory containing one of the above files.  If
  "Qt5UiTools" provides a separate development package or SDK, be sure it has
  been installed.


-- Could NOT find Qt5
CMake Warning at CMakeLists.txt:179 (find_package):
  By not providing "FindQt5Svg.cmake" in CMAKE_MODULE_PATH this project has
  asked CMake to find a package configuration file provided by "Qt5Svg", but
  CMake did not find one.

  Could not find a package configuration file provided by "Qt5Svg" with any
  of the following names:

    Qt5SvgConfig.cmake
    qt5svg-config.cmake

  Add the installation prefix of "Qt5Svg" to CMAKE_PREFIX_PATH or set
  "Qt5Svg_DIR" to a directory containing one of the above files.  If "Qt5Svg"
  provides a separate development package or SDK, be sure it has been
  installed.


-- Configuring done
-- Generating done
-- Build files have been written to: /app/build
[  0%] Building C object backend/CMakeFiles/zint.dir/gif.c.o
[  0%] Building C object backend/CMakeFiles/zint-static.dir/bmp.c.o
[  1%] Building C object backend/CMakeFiles/zint.dir/bmp.c.o
[  1%] Building C object backend/CMakeFiles/zint-static.dir/emf.c.o
[  1%] Building C object backend/CMakeFiles/zint.dir/emf.c.o
[  2%] Building C object backend/CMakeFiles/zint-static.dir/output.c.o
[  2%] Building C object backend/CMakeFiles/zint-static.dir/gif.c.o
[  2%] Building C object backend/CMakeFiles/zint-static.dir/pcx.c.o
[  2%] Building C object backend/CMakeFiles/zint-static.dir/ps.c.o
[  2%] Building C object backend/CMakeFiles/zint.dir/output.c.o
[  3%] Building C object backend/CMakeFiles/zint-static.dir/raster.c.o
[  4%] Building C object backend/CMakeFiles/zint.dir/pcx.c.o
[  4%] Building C object backend/CMakeFiles/zint-static.dir/svg.c.o
[  4%] Building C object backend/CMakeFiles/zint-static.dir/tif.c.o
[  4%] Building C object backend/CMakeFiles/zint-static.dir/vector.c.o
[  4%] Building C object backend/CMakeFiles/zint.dir/ps.c.o
[  4%] Building C object backend/CMakeFiles/zint.dir/raster.c.o
[  5%] Building C object backend/CMakeFiles/zint.dir/svg.c.o
[  5%] Building C object backend/CMakeFiles/zint.dir/tif.c.o
[  5%] Building C object backend/CMakeFiles/zint.dir/vector.c.o
[  5%] Building C object backend/CMakeFiles/zint.dir/png.c.o
[  6%] Building C object backend/CMakeFiles/zint.dir/common.c.o
[  7%] Building C object backend/CMakeFiles/zint-static.dir/png.c.o
[  7%] Building C object backend/CMakeFiles/zint-static.dir/common.c.o
[  7%] Building C object backend/CMakeFiles/zint.dir/eci.c.o
[  7%] Building C object backend/CMakeFiles/zint.dir/filemem.c.o
[  8%] Building C object backend/CMakeFiles/zint-static.dir/filemem.c.o
[  8%] Building C object backend/CMakeFiles/zint-static.dir/eci.c.o
[  9%] Building C object backend/CMakeFiles/zint.dir/general_field.c.o
[  9%] Building C object backend/CMakeFiles/zint.dir/gs1.c.o
[  9%] Building C object backend/CMakeFiles/zint.dir/large.c.o
[  9%] Building C object backend/CMakeFiles/zint-static.dir/general_field.c.o
[  9%] Building C object backend/CMakeFiles/zint.dir/library.c.o
[  9%] Building C object backend/CMakeFiles/zint-static.dir/gs1.c.o
[  9%] Building C object backend/CMakeFiles/zint-static.dir/large.c.o
[ 10%] Building C object backend/CMakeFiles/zint.dir/reedsol.c.o
[ 10%] Building C object backend/CMakeFiles/zint.dir/2of5.c.o
[ 10%] Building C object backend/CMakeFiles/zint.dir/2of5inter.c.o
[ 11%] Building C object backend/CMakeFiles/zint-static.dir/library.c.o
[ 12%] Building C object backend/CMakeFiles/zint.dir/2of5inter_based.c.o
[ 12%] Building C object backend/CMakeFiles/zint.dir/bc412.c.o
[ 12%] Building C object backend/CMakeFiles/zint.dir/channel.c.o
[ 12%] Building C object backend/CMakeFiles/zint.dir/codabar.c.o
[ 13%] Building C object backend/CMakeFiles/zint.dir/code.c.o
[ 13%] Building C object backend/CMakeFiles/zint.dir/code11.c.o
[ 13%] Building C object backend/CMakeFiles/zint.dir/code128.c.o
[ 13%] Building C object backend/CMakeFiles/zint.dir/code128_based.c.o
[ 14%] Building C object backend/CMakeFiles/zint.dir/dxfilmedge.c.o
[ 14%] Building C object backend/CMakeFiles/zint.dir/medical.c.o
[ 14%] Building C object backend/CMakeFiles/zint.dir/plessey.c.o
[ 15%] Building C object backend/CMakeFiles/zint.dir/rss.c.o
[ 15%] Building C object backend/CMakeFiles/zint-static.dir/reedsol.c.o
[ 15%] Building C object backend/CMakeFiles/zint.dir/telepen.c.o
[ 15%] Building C object backend/CMakeFiles/zint.dir/upcean.c.o
[ 15%] Building C object backend/CMakeFiles/zint-static.dir/2of5.c.o
[ 16%] Building C object backend/CMakeFiles/zint-static.dir/2of5inter.c.o
[ 16%] Building C object backend/CMakeFiles/zint.dir/auspost.c.o
[ 16%] Building C object backend/CMakeFiles/zint-static.dir/2of5inter_based.c.o
[ 17%] Building C object backend/CMakeFiles/zint.dir/imail.c.o
[ 17%] Building C object backend/CMakeFiles/zint.dir/mailmark.c.o
[ 17%] Building C object backend/CMakeFiles/zint.dir/postal.c.o
[ 18%] Building C object backend/CMakeFiles/zint.dir/aztec.c.o
[ 18%] Building C object backend/CMakeFiles/zint.dir/codablock.c.o
[ 18%] Building C object backend/CMakeFiles/zint-static.dir/bc412.c.o
[ 18%] Building C object backend/CMakeFiles/zint-static.dir/channel.c.o
[ 18%] Building C object backend/CMakeFiles/zint.dir/code1.c.o
[ 19%] Building C object backend/CMakeFiles/zint-static.dir/codabar.c.o
[ 19%] Building C object backend/CMakeFiles/zint-static.dir/code.c.o
[ 19%] Building C object backend/CMakeFiles/zint.dir/code16k.c.o
[ 20%] Building C object backend/CMakeFiles/zint.dir/code49.c.o
[ 20%] Building C object backend/CMakeFiles/zint-static.dir/code11.c.o
[ 20%] Building C object backend/CMakeFiles/zint.dir/composite.c.o
[ 21%] Building C object backend/CMakeFiles/zint-static.dir/code128.c.o
[ 21%] Building C object backend/CMakeFiles/zint-static.dir/code128_based.c.o
[ 21%] Building C object backend/CMakeFiles/zint.dir/dmatrix.c.o
[ 22%] Building C object backend/CMakeFiles/zint.dir/dotcode.c.o
[ 22%] Building C object backend/CMakeFiles/zint.dir/gridmtx.c.o
[ 22%] Building C object backend/CMakeFiles/zint-static.dir/dxfilmedge.c.o
[ 23%] Building C object backend/CMakeFiles/zint-static.dir/plessey.c.o
[ 23%] Building C object backend/CMakeFiles/zint-static.dir/medical.c.o
[ 23%] Building C object backend/CMakeFiles/zint-static.dir/rss.c.o
[ 23%] Building C object backend/CMakeFiles/zint-static.dir/telepen.c.o
[ 23%] Building C object backend/CMakeFiles/zint.dir/hanxin.c.o
[ 24%] Building C object backend/CMakeFiles/zint-static.dir/upcean.c.o
[ 24%] Building C object backend/CMakeFiles/zint.dir/maxicode.c.o
[ 24%] Building C object backend/CMakeFiles/zint-static.dir/auspost.c.o
[ 24%] Building C object backend/CMakeFiles/zint-static.dir/imail.c.o
[ 24%] Building C object backend/CMakeFiles/zint-static.dir/mailmark.c.o
[ 25%] Building C object backend/CMakeFiles/zint-static.dir/postal.c.o
[ 25%] Building C object backend/CMakeFiles/zint-static.dir/aztec.c.o
[ 26%] Building C object backend/CMakeFiles/zint.dir/pdf417.c.o
[ 26%] Building C object backend/CMakeFiles/zint.dir/qr.c.o
[ 26%] Building C object backend/CMakeFiles/zint-static.dir/codablock.c.o
[ 26%] Building C object backend/CMakeFiles/zint.dir/ultra.c.o
[ 27%] Building C object backend/CMakeFiles/zint-static.dir/code1.c.o
[ 27%] Building C object backend/CMakeFiles/zint-static.dir/code16k.c.o
[ 27%] Building C object backend/CMakeFiles/zint-static.dir/code49.c.o
[ 27%] Building C object backend/CMakeFiles/zint-static.dir/composite.c.o
[ 28%] Building C object backend/CMakeFiles/zint-static.dir/dmatrix.c.o
[ 28%] Building C object backend/CMakeFiles/zint-static.dir/dotcode.c.o
[ 28%] Building C object backend/CMakeFiles/zint-static.dir/gridmtx.c.o
[ 29%] Building C object backend/CMakeFiles/zint-static.dir/hanxin.c.o
[ 29%] Building C object backend/CMakeFiles/zint-static.dir/maxicode.c.o
[ 29%] Building C object backend/CMakeFiles/zint-static.dir/pdf417.c.o
[ 29%] Building C object backend/CMakeFiles/zint-static.dir/qr.c.o
[ 30%] Building C object backend/CMakeFiles/zint-static.dir/ultra.c.o
[ 31%] Linking C shared library libzint.so
[ 31%] Built target zint
[ 31%] Building C object backend/tests/CMakeFiles/testcommon.dir/testcommon.c.o
[ 31%] Building C object frontend/CMakeFiles/zint_frontend.dir/main.c.o
[ 32%] Linking C executable zint
[ 32%] Built target zint_frontend
[ 32%] Linking C static library libzint.a
[ 32%] Built target zint-static
[ 32%] Building C object backend/tests/CMakeFiles/testcommon-static.dir/testcommon.c.o
[ 33%] Linking C static library libtestcommon.a
[ 33%] Built target testcommon
[ 33%] Building C object backend/tests/CMakeFiles/test_channel.dir/test_channel.c.o
[ 33%] Building C object backend/tests/CMakeFiles/test_2of5.dir/test_2of5.c.o
[ 33%] Building C object backend/tests/CMakeFiles/test_bmp.dir/test_bmp.c.o
[ 33%] Building C object backend/tests/CMakeFiles/test_big5.dir/test_big5.c.o
[ 34%] Building C object backend/tests/CMakeFiles/test_bc412.dir/test_bc412.c.o
[ 34%] Building C object backend/tests/CMakeFiles/test_auspost.dir/test_auspost.c.o
[ 35%] Building C object backend/tests/CMakeFiles/test_aztec.dir/test_aztec.c.o
[ 35%] Linking C executable test_channel
[ 35%] Linking C executable test_bmp
[ 35%] Linking C executable test_bc412
[ 35%] Linking C executable test_big5
[ 36%] Linking C executable test_auspost
[ 36%] Linking C executable test_2of5
[ 36%] Built target test_channel
[ 36%] Built target test_bmp
[ 36%] Built target test_bc412
[ 36%] Building C object backend/tests/CMakeFiles/test_codabar.dir/test_codabar.c.o
[ 36%] Building C object backend/tests/CMakeFiles/test_codablock.dir/test_codablock.c.o
[ 37%] Building C object backend/tests/CMakeFiles/test_code.dir/test_code.c.o
[ 37%] Built target test_big5
[ 37%] Built target test_auspost
[ 37%] Built target test_2of5
[ 38%] Building C object backend/tests/CMakeFiles/test_code1.dir/test_code1.c.o
[ 38%] Building C object backend/tests/CMakeFiles/test_code128.dir/test_code128.c.o
[ 38%] Building C object backend/tests/CMakeFiles/test_code11.dir/test_code11.c.o
[ 38%] Linking C executable test_aztec
[ 39%] Linking C executable test_codabar
[ 39%] Linking C executable test_code
[ 39%] Built target test_aztec
[ 39%] Building C object backend/tests/CMakeFiles/test_code16k.dir/test_code16k.c.o
[ 39%] Built target test_codabar
[ 39%] Built target test_code
[ 39%] Linking C executable test_code11
[ 39%] Building C object backend/tests/CMakeFiles/test_code49.dir/test_code49.c.o
[ 39%] Building C object backend/tests/CMakeFiles/test_common.dir/test_common.c.o
[ 40%] Linking C executable test_codablock
[ 40%] Built target test_code11
[ 41%] Building C object backend/tests/CMakeFiles/test_composite.dir/test_composite.c.o
[ 41%] Linking C executable test_code1
[ 41%] Built target test_codablock
[ 42%] Building C object backend/tests/CMakeFiles/test_dmatrix.dir/test_dmatrix.c.o
[ 42%] Built target test_code1
[ 42%] Building C object backend/tests/CMakeFiles/test_dotcode.dir/test_dotcode.c.o
[ 42%] Linking C executable test_code16k
[ 43%] Linking C executable test_code49
[ 43%] Built target test_code16k
[ 43%] Linking C executable test_code128
[ 43%] Building C object backend/tests/CMakeFiles/test_dxfilmedge.dir/test_dxfilmedge.c.o
[ 43%] Built target test_code49
[ 43%] Built target test_code128
[ 43%] Building C object backend/tests/CMakeFiles/test_eci.dir/test_eci.c.o
[ 43%] Building C object backend/tests/CMakeFiles/test_emf.dir/test_emf.c.o
[ 43%] Linking C executable test_dxfilmedge
[ 43%] Linking C static library libtestcommon-static.a
[ 43%] Built target test_dxfilmedge
[ 43%] Building C object backend/tests/CMakeFiles/test_filemem.dir/test_filemem.c.o
[ 43%] Built target testcommon-static
[ 44%] Linking C executable test_common
[ 45%] Linking C executable test_emf
[ 45%] Building C object backend/tests/CMakeFiles/test_gb18030.dir/test_gb18030.c.o
[ 45%] Built target test_common
[ 45%] Linking C executable test_dotcode
[ 45%] Building C object backend/tests/CMakeFiles/test_gb18030-static.dir/test_gb18030.c.o
[ 45%] Built target test_emf
[ 45%] Linking C executable test_composite
[ 46%] Building C object backend/tests/CMakeFiles/test_gb2312.dir/test_gb2312.c.o
[ 46%] Built target test_dotcode
[ 46%] Building C object backend/tests/CMakeFiles/test_gb2312-static.dir/test_gb2312.c.o
[ 46%] Built target test_composite
[ 47%] Building C object backend/tests/CMakeFiles/test_gif.dir/test_gif.c.o
[ 47%] Linking C executable test_eci
[ 47%] Linking C executable test_dmatrix
[ 48%] Linking C executable test_filemem
[ 48%] Built target test_eci
[ 48%] Built target test_filemem
[ 48%] Building C object backend/tests/CMakeFiles/test_gif-static.dir/test_gif.c.o
[ 48%] Built target test_dmatrix
[ 48%] Linking C executable test_gif
[ 48%] Building C object backend/tests/CMakeFiles/test_gridmtx.dir/test_gridmtx.c.o
[ 48%] Building C object backend/tests/CMakeFiles/test_gridmtx-static.dir/test_gridmtx.c.o
[ 48%] Linking C executable test_gb2312
[ 48%] Built target test_gif
[ 48%] Built target test_gb2312
[ 48%] Linking C executable test_gb2312-static
[ 48%] Building C object backend/tests/CMakeFiles/test_gs1.dir/test_gs1.c.o
[ 49%] Building C object backend/tests/CMakeFiles/test_gs1-static.dir/test_gs1.c.o
[ 49%] Built target test_gb2312-static
[ 50%] Linking C executable test_gif-static
[ 50%] Building C object backend/tests/CMakeFiles/test_gs1se.dir/test_gs1se.c.o
[ 50%] Linking C executable test_gridmtx
[ 51%] Linking C executable test_gridmtx-static
[ 51%] Built target test_gif-static
[ 51%] Built target test_gridmtx
[ 51%] Linking C executable test_gs1-static
[ 51%] Building C object backend/tests/CMakeFiles/test_hanxin.dir/test_hanxin.c.o
[ 52%] Building C object backend/tests/CMakeFiles/test_gs1se-static.dir/test_gs1se.c.o
[ 52%] Built target test_gridmtx-static
[ 52%] Linking C executable test_gs1
[ 53%] Linking C executable test_gb18030
[ 53%] Building C object backend/tests/CMakeFiles/test_hanxin-static.dir/test_hanxin.c.o
[ 53%] Linking C executable test_gs1se
[ 53%] Built target test_gs1-static
[ 53%] Built target test_gs1
[ 53%] Built target test_gb18030
[ 53%] Building C object backend/tests/CMakeFiles/test_imail.dir/test_imail.c.o
[ 53%] Building C object backend/tests/CMakeFiles/test_imail-static.dir/test_imail.c.o
[ 53%] Linking C executable test_gb18030-static
[ 54%] Building C object backend/tests/CMakeFiles/test_iso3166.dir/test_iso3166.c.o
[ 54%] Built target test_gs1se
[ 54%] Building C object backend/tests/CMakeFiles/test_iso3166-static.dir/test_iso3166.c.o
[ 54%] Linking C executable test_gs1se-static
[ 54%] Built target test_gb18030-static
[ 54%] Linking C executable test_iso3166
[ 55%] Building C object backend/tests/CMakeFiles/test_iso4217.dir/test_iso4217.c.o
[ 55%] Linking C executable test_iso3166-static
[ 55%] Built target test_gs1se-static
[ 55%] Built target test_iso3166
[ 55%] Building C object backend/tests/CMakeFiles/test_iso4217-static.dir/test_iso4217.c.o
[ 55%] Linking C executable test_iso4217
[ 55%] Building C object backend/tests/CMakeFiles/test_ksx1001.dir/test_ksx1001.c.o
[ 56%] Linking C executable test_hanxin
[ 57%] Linking C executable test_imail
[ 57%] Linking C executable test_imail-static
[ 57%] Built target test_iso3166-static
[ 57%] Built target test_iso4217
[ 57%] Building C object backend/tests/CMakeFiles/test_ksx1001-static.dir/test_ksx1001.c.o
[ 58%] Linking C executable test_iso4217-static
[ 58%] Built target test_hanxin
[ 58%] Building C object backend/tests/CMakeFiles/test_large.dir/test_large.c.o
[ 59%] Building C object backend/tests/CMakeFiles/test_large-static.dir/test_large.c.o
[ 59%] Linking C executable test_hanxin-static
[ 59%] Built target test_imail
[ 59%] Building C object backend/tests/CMakeFiles/test_library.dir/test_library.c.o
[ 59%] Built target test_imail-static
[ 60%] Building C object backend/tests/CMakeFiles/test_library-static.dir/test_library.c.o
[ 60%] Built target test_iso4217-static
[ 60%] Linking C executable test_ksx1001
[ 60%] Built target test_hanxin-static
[ 60%] Building C object backend/tests/CMakeFiles/test_mailmark.dir/test_mailmark.c.o
[ 60%] Building C object backend/tests/CMakeFiles/test_mailmark-static.dir/test_mailmark.c.o
[ 61%] Linking C executable test_ksx1001-static
[ 61%] Built target test_ksx1001
[ 61%] Building C object backend/tests/CMakeFiles/test_maxicode.dir/test_maxicode.c.o
[ 61%] Built target test_ksx1001-static
[ 61%] Building C object backend/tests/CMakeFiles/test_maxicode-static.dir/test_maxicode.c.o
[ 62%] Linking C executable test_mailmark
[ 62%] Linking C executable test_mailmark-static
[ 62%] Built target test_mailmark
[ 63%] Building C object backend/tests/CMakeFiles/test_medical.dir/test_medical.c.o
[ 63%] Linking C executable test_large-static
[ 63%] Built target test_mailmark-static
[ 63%] Building C object backend/tests/CMakeFiles/test_medical-static.dir/test_medical.c.o
[ 63%] Linking C executable test_large
[ 63%] Built target test_large-static
[ 64%] Building C object backend/tests/CMakeFiles/test_output.dir/test_output.c.o
[ 64%] Built target test_large
[ 65%] Linking C executable test_maxicode
[ 65%] Building C object backend/tests/CMakeFiles/test_output-static.dir/test_output.c.o
[ 65%] Built target test_maxicode
[ 65%] Linking C executable test_maxicode-static
[ 65%] Linking C executable test_medical
[ 65%] Building C object backend/tests/CMakeFiles/test_pcx.dir/test_pcx.c.o
[ 65%] Linking C executable test_medical-static
[ 65%] Built target test_medical
[ 65%] Built target test_maxicode-static
[ 65%] Building C object backend/tests/CMakeFiles/test_pcx-static.dir/test_pcx.c.o
[ 65%] Building C object backend/tests/CMakeFiles/test_pdf417.dir/test_pdf417.c.o
[ 65%] Linking C executable test_output
[ 65%] Built target test_medical-static
[ 66%] Building C object backend/tests/CMakeFiles/test_pdf417-static.dir/test_pdf417.c.o
[ 67%] Linking C executable test_output-static
[ 67%] Linking C executable test_pcx
[ 67%] Built target test_output
[ 67%] Building C object backend/tests/CMakeFiles/test_perf.dir/test_perf.c.o
[ 67%] Built target test_pcx
[ 67%] Built target test_output-static
[ 68%] Linking C executable test_pcx-static
[ 69%] Building C object backend/tests/CMakeFiles/test_perf-static.dir/test_perf.c.o
[ 69%] Building C object backend/tests/CMakeFiles/test_plessey.dir/test_plessey.c.o
[ 69%] Built target test_pcx-static
[ 69%] Building C object backend/tests/CMakeFiles/test_plessey-static.dir/test_plessey.c.o
[ 69%] Linking C executable test_library
[ 69%] Linking C executable test_library-static
[ 69%] Built target test_library
[ 69%] Linking C executable test_perf
[ 69%] Linking C executable test_perf-static
[ 70%] Linking C executable test_plessey
[ 70%] Building C object backend/tests/CMakeFiles/test_png.dir/test_png.c.o
[ 70%] Built target test_library-static
[ 70%] Built target test_plessey
[ 70%] Built target test_perf
[ 70%] Linking C executable test_plessey-static
[ 70%] Building C object backend/tests/CMakeFiles/test_png-static.dir/test_png.c.o
[ 70%] Building C object backend/tests/CMakeFiles/test_postal.dir/test_postal.c.o
[ 70%] Building C object backend/tests/CMakeFiles/test_postal-static.dir/test_postal.c.o
[ 70%] Built target test_perf-static
[ 71%] Building C object backend/tests/CMakeFiles/test_print.dir/test_print.c.o
[ 71%] Built target test_plessey-static
[ 71%] Building C object backend/tests/CMakeFiles/test_print-static.dir/test_print.c.o
[ 71%] Linking C executable test_pdf417
[ 72%] Linking C executable test_png
[ 72%] Built target test_pdf417
[ 72%] Linking C executable test_pdf417-static
[ 72%] Linking C executable test_postal-static
[ 73%] Linking C executable test_postal
[ 74%] Building C object backend/tests/CMakeFiles/test_ps.dir/test_ps.c.o
[ 74%] Built target test_png
[ 74%] Linking C executable test_print
[ 74%] Linking C executable test_png-static
[ 74%] Building C object backend/tests/CMakeFiles/test_ps-static.dir/test_ps.c.o
[ 74%] Built target test_postal
[ 74%] Built target test_postal-static
[ 74%] Building C object backend/tests/CMakeFiles/test_qr.dir/test_qr.c.o
[ 74%] Built target test_print
[ 74%] Built target test_pdf417-static
[ 74%] Building C object backend/tests/CMakeFiles/test_qr-static.dir/test_qr.c.o
[ 74%] Linking C executable test_print-static
[ 74%] Building C object backend/tests/CMakeFiles/test_raster.dir/test_raster.c.o
[ 75%] Building C object backend/tests/CMakeFiles/test_raster-static.dir/test_raster.c.o
[ 75%] Built target test_png-static
[ 75%] Building C object backend/tests/CMakeFiles/test_reedsol.dir/test_reedsol.c.o
[ 75%] Linking C executable test_ps
[ 75%] Built target test_print-static
[ 76%] Building C object backend/tests/CMakeFiles/test_reedsol-static.dir/test_reedsol.c.o
[ 77%] Linking C executable test_ps-static
[ 77%] Built target test_ps
[ 77%] Building C object backend/tests/CMakeFiles/test_rss.dir/test_rss.c.o
[ 77%] Built target test_ps-static
[ 77%] Building C object backend/tests/CMakeFiles/test_rss-static.dir/test_rss.c.o
[ 77%] Linking C executable test_reedsol
[ 78%] Linking C executable test_rss
[ 78%] Built target test_reedsol
[ 78%] Built target test_rss
[ 78%] Building C object backend/tests/CMakeFiles/test_sjis.dir/test_sjis.c.o
[ 78%] Linking C executable test_reedsol-static
[ 78%] Building C object backend/tests/CMakeFiles/test_sjis-static.dir/test_sjis.c.o
[ 78%] Linking C executable test_rss-static
[ 78%] Built target test_reedsol-static
[ 79%] Building C object backend/tests/CMakeFiles/test_svg.dir/test_svg.c.o
[ 79%] Built target test_rss-static
[ 79%] Building C object backend/tests/CMakeFiles/test_svg-static.dir/test_svg.c.o
[ 79%] Linking C executable test_svg
[ 79%] Linking C executable test_sjis-static
[ 80%] Linking C executable test_sjis
[ 80%] Linking C executable test_svg-static
[ 80%] Built target test_svg
[ 80%] Built target test_sjis
[ 81%] Building C object backend/tests/CMakeFiles/test_telepen.dir/test_telepen.c.o
[ 81%] Building C object backend/tests/CMakeFiles/test_telepen-static.dir/test_telepen.c.o
[ 81%] Built target test_sjis-static
[ 81%] Built target test_svg-static
[ 81%] Building C object backend/tests/CMakeFiles/test_tif.dir/test_tif.c.o
[ 81%] Building C object backend/tests/CMakeFiles/test_tif-static.dir/test_tif.c.o
[ 81%] Linking C executable test_raster-static
[ 81%] Linking C executable test_raster
[ 81%] Linking C executable test_telepen
[ 82%] Linking C executable test_telepen-static
[ 82%] Built target test_raster-static
[ 82%] Built target test_raster
[ 82%] Building C object backend/tests/CMakeFiles/test_ultra.dir/test_ultra.c.o
[ 82%] Built target test_telepen
[ 83%] Linking C executable test_tif-static
[ 84%] Building C object backend/tests/CMakeFiles/test_ultra-static.dir/test_ultra.c.o
[ 84%] Building C object backend/tests/CMakeFiles/test_upcean.dir/test_upcean.c.o
[ 84%] Linking C executable test_tif
[ 84%] Built target test_telepen-static
[ 85%] Building C object backend/tests/CMakeFiles/test_upcean-static.dir/test_upcean.c.o
[ 85%] Linking C executable test_qr
[ 85%] Built target test_tif
[ 85%] Built target test_tif-static
[ 85%] Building C object backend/tests/CMakeFiles/test_vector.dir/test_vector.c.o
[ 85%] Building C object backend/tests/CMakeFiles/test_vector-static.dir/test_vector.c.o
[ 85%] Built target test_qr
[ 86%] Linking C executable test_qr-static
[ 86%] Building C object frontend/tests/CMakeFiles/test_args.dir/test_args.c.o
[ 86%] Built target test_qr-static
[ 86%] Linking C executable test_ultra
[ 86%] Building C object backend/tests/CMakeFiles/test_2of5-static.dir/test_2of5.c.o
[ 86%] Linking C executable test_ultra-static
[ 86%] Built target test_ultra
[ 86%] Building C object backend/tests/CMakeFiles/test_auspost-static.dir/test_auspost.c.o
[ 86%] Linking C executable test_upcean
[ 86%] Linking C executable test_upcean-static
[ 86%] Built target test_ultra-static
[ 86%] Building C object backend/tests/CMakeFiles/test_aztec-static.dir/test_aztec.c.o
[ 87%] Linking C executable test_2of5-static
[ 87%] Built target test_upcean
[ 87%] Building C object backend/tests/CMakeFiles/test_bc412-static.dir/test_bc412.c.o
[ 87%] Built target test_upcean-static
[ 87%] Building C object backend/tests/CMakeFiles/test_big5-static.dir/test_big5.c.o
[ 87%] Linking C executable test_auspost-static
[ 87%] Built target test_2of5-static
[ 88%] Building C object backend/tests/CMakeFiles/test_bmp-static.dir/test_bmp.c.o
[ 89%] Linking C executable test_bc412-static
[ 89%] Built target test_auspost-static
[ 89%] Linking C executable test_args
[ 90%] Linking C executable test_big5-static
[ 91%] Building C object backend/tests/CMakeFiles/test_channel-static.dir/test_channel.c.o
[ 91%] Built target test_bc412-static
[ 91%] Built target test_args
[ 91%] Building C object backend/tests/CMakeFiles/test_codabar-static.dir/test_codabar.c.o
[ 91%] Building C object backend/tests/CMakeFiles/test_codablock-static.dir/test_codablock.c.o
[ 91%] Built target test_big5-static
[ 91%] Linking C executable test_bmp-static
[ 91%] Building C object backend/tests/CMakeFiles/test_code-static.dir/test_code.c.o
[ 91%] Linking C executable test_aztec-static
[ 91%] Linking C executable test_channel-static
[ 91%] Linking C executable test_vector-static
[ 91%] Built target test_bmp-static
[ 92%] Linking C executable test_vector
[ 92%] Built target test_aztec-static
[ 92%] Building C object backend/tests/CMakeFiles/test_code1-static.dir/test_code1.c.o
[ 92%] Building C object backend/tests/CMakeFiles/test_code11-static.dir/test_code11.c.o
[ 92%] Built target test_vector
[ 92%] Built target test_channel-static
[ 93%] Building C object backend/tests/CMakeFiles/test_code128-static.dir/test_code128.c.o
[ 93%] Built target test_vector-static
[ 94%] Building C object backend/tests/CMakeFiles/test_code16k-static.dir/test_code16k.c.o
[ 94%] Linking C executable test_codabar-static
[ 94%] Linking C executable test_code-static
[ 94%] Building C object backend/tests/CMakeFiles/test_code49-static.dir/test_code49.c.o
[ 94%] Built target test_codabar-static
[ 94%] Linking C executable test_codablock-static
[ 94%] Building C object backend/tests/CMakeFiles/test_common-static.dir/test_common.c.o
[ 94%] Built target test_code-static
[ 94%] Building C object backend/tests/CMakeFiles/test_composite-static.dir/test_composite.c.o
[ 95%] Linking C executable test_code11-static
[ 95%] Linking C executable test_code49-static
[ 95%] Built target test_codablock-static
[ 95%] Linking C executable test_code16k-static
[ 95%] Building C object backend/tests/CMakeFiles/test_dmatrix-static.dir/test_dmatrix.c.o
[ 96%] Linking C executable test_code1-static
[ 96%] Built target test_code49-static
[ 96%] Built target test_code11-static
[ 96%] Built target test_code16k-static
[ 96%] Building C object backend/tests/CMakeFiles/test_dotcode-static.dir/test_dotcode.c.o
[ 97%] Building C object backend/tests/CMakeFiles/test_dxfilmedge-static.dir/test_dxfilmedge.c.o
[ 98%] Building C object backend/tests/CMakeFiles/test_eci-static.dir/test_eci.c.o
[ 98%] Built target test_code1-static
[ 98%] Building C object backend/tests/CMakeFiles/test_emf-static.dir/test_emf.c.o
[ 98%] Linking C executable test_dxfilmedge-static
[ 98%] Linking C executable test_code128-static
[ 98%] Linking C executable test_emf-static
[ 98%] Built target test_dxfilmedge-static
[ 98%] Linking C executable test_common-static
[ 98%] Building C object backend/tests/CMakeFiles/test_filemem-static.dir/test_filemem.c.o
[ 98%] Built target test_code128-static
[ 98%] Linking C executable test_composite-static
[ 98%] Built target test_emf-static
[ 98%] Built target test_common-static
[ 98%] Built target test_composite-static
[ 99%] Linking C executable test_dotcode-static
[ 99%] Linking C executable test_eci-static
[ 99%] Linking C executable test_filemem-static
[ 99%] Built target test_dotcode-static
[100%] Linking C executable test_dmatrix-static
[100%] Built target test_eci-static
[100%] Built target test_filemem-static
[100%] Built target test_dmatrix-static
UpdateCTestConfiguration  from :/app/build/DartConfiguration.tcl
UpdateCTestConfiguration  from :/app/build/DartConfiguration.tcl
Test project /app/build
Constructing a list of tests
Done constructing a list of tests
Updating test list for fixtures
Added 0 tests to meet fixture requirements
Checking test dependency graph...
Checking test dependency graph end
test 1
        Start   1: 2of5

1: Test command: /app/build/backend/tests/test_2of5
1: Environment variables:
1:  CMAKE_CURRENT_SOURCE_DIR=/app/backend/tests
1:  LD_LIBRARY_PATH=/app/build/backend
1:  PATH=/app/build/frontend:/usr/local/sbin:/usr/local/bin:/usr/sbin:/usr/bin:/sbin:/bin
1: Test timeout computed to be: 10000000
1: _____1: test_large: ...
1: .....1: test_large: PASSED. (156 assertions, 26 dataset items)
1: _____2: test_hrt: ...
1: .....2: test_hrt: PASSED. (312 assertions, 48 dataset items)
1: _____3: test_input: ...
1: .....3: test_input: PASSED. (124 assertions, 26 dataset items)
1: _____4: test_encode: ...
1: .....4: test_encode: PASSED. (140 assertions, 28 dataset items)
1: Total 4 tests (732 assertions, 128 dataset items), all passed.
  1/119 Test   #1: 2of5 .............................   Passed    0.00 sec
test 2
        Start   2: 2of5-static

2: Test command: /app/build/backend/tests/test_2of5-static
2: Environment variables:
2:  CMAKE_CURRENT_SOURCE_DIR=/app/backend/tests
2:  LD_LIBRARY_PATH=/app/build/backend
2:  PATH=/app/build/frontend:/usr/local/sbin:/usr/local/bin:/usr/sbin:/usr/bin:/sbin:/bin
2: Test timeout computed to be: 10000000
2: _____1: test_large: ...
2: .....1: test_large: PASSED. (156 assertions, 26 dataset items)
2: _____2: test_hrt: ...
2: .....2: test_hrt: PASSED. (312 assertions, 48 dataset items)
2: _____3: test_input: ...
2: .....3: test_input: PASSED. (124 assertions, 26 dataset items)
2: _____4: test_encode: ...
2: .....4: test_encode: PASSED. (140 assertions, 28 dataset items)
2: Total 4 tests (732 assertions, 128 dataset items), all passed.
  2/119 Test   #2: 2of5-static ......................   Passed    0.00 sec
test 3
        Start   3: auspost

3: Test command: /app/build/backend/tests/test_auspost
3: Environment variables:
3:  CMAKE_CURRENT_SOURCE_DIR=/app/backend/tests
3:  LD_LIBRARY_PATH=/app/build/backend
3:  PATH=/app/build/frontend:/usr/local/sbin:/usr/local/bin:/usr/sbin:/usr/bin:/sbin:/bin
3: Test timeout computed to be: 10000000
3: _____1: test_large: ...
3: .....1: test_large: PASSED. (64 assertions, 16 dataset items)
3: _____2: test_hrt: ...
3: .....2: test_hrt: PASSED. (156 assertions, 24 dataset items)
3: _____3: test_input: ...
3: .....3: test_input: PASSED. (110 assertions, 21 dataset items)
3: _____4: test_encode: ...
3: .....4: test_encode: PASSED. (75 assertions, 15 dataset items)
3: _____5: test_fuzz: ...
3: .....5: test_fuzz: PASSED. (12 assertions, 6 dataset items)
3: Total 5 tests (417 assertions, 82 dataset items), all passed.
  3/119 Test   #3: auspost ..........................   Passed    0.00 sec
test 4
        Start   4: auspost-static

4: Test command: /app/build/backend/tests/test_auspost-static
4: Environment variables:
4:  CMAKE_CURRENT_SOURCE_DIR=/app/backend/tests
4:  LD_LIBRARY_PATH=/app/build/backend
4:  PATH=/app/build/frontend:/usr/local/sbin:/usr/local/bin:/usr/sbin:/usr/bin:/sbin:/bin
4: Test timeout computed to be: 10000000
4: _____1: test_large: ...
4: .....1: test_large: PASSED. (64 assertions, 16 dataset items)
4: _____2: test_hrt: ...
4: .....2: test_hrt: PASSED. (156 assertions, 24 dataset items)
4: _____3: test_input: ...
4: .....3: test_input: PASSED. (110 assertions, 21 dataset items)
4: _____4: test_encode: ...
4: .....4: test_encode: PASSED. (75 assertions, 15 dataset items)
4: _____5: test_fuzz: ...
4: .....5: test_fuzz: PASSED. (12 assertions, 6 dataset items)
4: Total 5 tests (417 assertions, 82 dataset items), all passed.
  4/119 Test   #4: auspost-static ...................   Passed    0.00 sec
test 5
        Start   5: aztec

5: Test command: /app/build/backend/tests/test_aztec
5: Environment variables:
5:  CMAKE_CURRENT_SOURCE_DIR=/app/backend/tests
5:  LD_LIBRARY_PATH=/app/build/backend
5:  PATH=/app/build/frontend:/usr/local/sbin:/usr/local/bin:/usr/sbin:/usr/bin:/sbin:/bin
5: Test timeout computed to be: 10000000
5: _____1: test_large: ...
5: .....1: test_large: PASSED. (740 assertions, 122 dataset items)
5: _____2: test_options: ...
5: .....2: test_options: PASSED. (346 assertions, 47 dataset items)
5: _____3: test_encode: ...
5: .....3: test_encode: PASSED. (340 assertions, 68 dataset items)
5: _____4: test_encode_segs: ...
5: .....4: test_encode_segs: PASSED. (40 assertions, 8 dataset items)
5: _____5: test_rt: ...
5: .....5: test_rt: PASSED. (108 assertions, 17 dataset items)
5: _____6: test_rt_segs: ...
5: .....6: test_rt_segs: PASSED. (68 assertions, 6 dataset items)
5: _____7: test_fuzz: ...
5: .....7: test_fuzz: PASSED. (52 assertions, 13 dataset items)
5: Total 7 tests (1694 assertions, 281 dataset items), all passed.
  5/119 Test   #5: aztec ............................   Passed    0.20 sec
test 6
        Start   6: aztec-static

6: Test command: /app/build/backend/tests/test_aztec-static
6: Environment variables:
6:  CMAKE_CURRENT_SOURCE_DIR=/app/backend/tests
6:  LD_LIBRARY_PATH=/app/build/backend
6:  PATH=/app/build/frontend:/usr/local/sbin:/usr/local/bin:/usr/sbin:/usr/bin:/sbin:/bin
6: Test timeout computed to be: 10000000
6: _____1: test_large: ...
6: .....1: test_large: PASSED. (740 assertions, 122 dataset items)
6: _____2: test_options: ...
6: .....2: test_options: PASSED. (346 assertions, 47 dataset items)
6: _____3: test_encode: ...
6: .....3: test_encode: PASSED. (340 assertions, 68 dataset items)
6: _____4: test_encode_segs: ...
6: .....4: test_encode_segs: PASSED. (40 assertions, 8 dataset items)
6: _____5: test_rt: ...
6: .....5: test_rt: PASSED. (108 assertions, 17 dataset items)
6: _____6: test_rt_segs: ...
6: .....6: test_rt_segs: PASSED. (68 assertions, 6 dataset items)
6: _____7: test_fuzz: ...
6: .....7: test_fuzz: PASSED. (52 assertions, 13 dataset items)
6: Total 7 tests (1694 assertions, 281 dataset items), all passed.
  6/119 Test   #6: aztec-static .....................   Passed    0.15 sec
test 7
        Start   7: bc412

7: Test command: /app/build/backend/tests/test_bc412
7: Environment variables:
7:  CMAKE_CURRENT_SOURCE_DIR=/app/backend/tests
7:  LD_LIBRARY_PATH=/app/build/backend
7:  PATH=/app/build/frontend:/usr/local/sbin:/usr/local/bin:/usr/sbin:/usr/bin:/sbin:/bin
7: Test timeout computed to be: 10000000
7: _____1: test_input: ...
7: .....1: test_input: PASSED. (238 assertions, 32 dataset items)
7: _____2: test_encode: ...
7: .....2: test_encode: PASSED. (10 assertions, 2 dataset items)
7: Total 2 tests (248 assertions, 34 dataset items), all passed.
  7/119 Test   #7: bc412 ............................   Passed    0.00 sec
test 8
        Start   8: bc412-static

8: Test command: /app/build/backend/tests/test_bc412-static
8: Environment variables:
8:  CMAKE_CURRENT_SOURCE_DIR=/app/backend/tests
8:  LD_LIBRARY_PATH=/app/build/backend
8:  PATH=/app/build/frontend:/usr/local/sbin:/usr/local/bin:/usr/sbin:/usr/bin:/sbin:/bin
8: Test timeout computed to be: 10000000
8: _____1: test_input: ...
8: .....1: test_input: PASSED. (238 assertions, 32 dataset items)
8: _____2: test_encode: ...
8: .....2: test_encode: PASSED. (10 assertions, 2 dataset items)
8: Total 2 tests (248 assertions, 34 dataset items), all passed.
  8/119 Test   #8: bc412-static .....................   Passed    0.00 sec
test 9
        Start   9: big5

9: Test command: /app/build/backend/tests/test_big5
9: Environment variables:
9:  CMAKE_CURRENT_SOURCE_DIR=/app/backend/tests
9:  LD_LIBRARY_PATH=/app/build/backend
9:  PATH=/app/build/frontend:/usr/local/sbin:/usr/local/bin:/usr/sbin:/usr/bin:/sbin:/bin
9: Test timeout computed to be: 10000000
9: _____1: test_u_big5_int: ...
9: .....1: test_u_big5_int: PASSED. (77317 assertions, 63486 dataset items)
9: _____2: test_big5_utf8: ...
9: .....2: test_big5_utf8: PASSED. (4 assertions, 2 dataset items)
9: Total 2 tests (77321 assertions, 63488 dataset items), all passed.
  9/119 Test   #9: big5 .............................   Passed    0.04 sec
test 10
        Start  10: big5-static

10: Test command: /app/build/backend/tests/test_big5-static
10: Environment variables:
10:  CMAKE_CURRENT_SOURCE_DIR=/app/backend/tests
10:  LD_LIBRARY_PATH=/app/build/backend
10:  PATH=/app/build/frontend:/usr/local/sbin:/usr/local/bin:/usr/sbin:/usr/bin:/sbin:/bin
10: Test timeout computed to be: 10000000
10: _____1: test_u_big5_int: ...
10: .....1: test_u_big5_int: PASSED. (77317 assertions, 63486 dataset items)
10: _____2: test_big5_utf8: ...
10: .....2: test_big5_utf8: PASSED. (4 assertions, 2 dataset items)
10: Total 2 tests (77321 assertions, 63488 dataset items), all passed.
 10/119 Test  #10: big5-static ......................   Passed    0.04 sec
test 11
        Start  11: bmp

11: Test command: /app/build/backend/tests/test_bmp
11: Environment variables:
11:  CMAKE_CURRENT_SOURCE_DIR=/app/backend/tests
11:  LD_LIBRARY_PATH=/app/build/backend
11:  PATH=/app/build/frontend:/usr/local/sbin:/usr/local/bin:/usr/sbin:/usr/bin:/sbin:/bin
11: Test timeout computed to be: 10000000
11: _____1: test_pixel_plot: ...
11: .....1: test_pixel_plot: PASSED. (50 assertions, 10 dataset items)
11: _____2: test_print: ...
11: .....2: test_print: PASSED. (52 assertions, 4 dataset items)
11: _____3: test_outfile: ...
11: BMB
11:
11:
11:
11:
11:
11:
11: >
11:
11:
11: (
11:
11:
11: 
11:
11:
11: 
11:
11:
11: 
11: 
11:
11:
11:
11:
11:
11:
11:
11:
11:
11:
11:
11:
11:
11:
11:
11:
11: 
11:
11:
11: 
11:
11:
11: ���
11: ���
11: �
11:
11:
11:  - ignore (BMP to stdout)
11: .....3: test_outfile: PASSED. (1 assertions)
11: Total 3 tests (103 assertions, 14 dataset items), all passed.
 11/119 Test  #11: bmp ..............................   Passed    0.01 sec
test 12
        Start  12: bmp-static

12: Test command: /app/build/backend/tests/test_bmp-static
12: Environment variables:
12:  CMAKE_CURRENT_SOURCE_DIR=/app/backend/tests
12:  LD_LIBRARY_PATH=/app/build/backend
12:  PATH=/app/build/frontend:/usr/local/sbin:/usr/local/bin:/usr/sbin:/usr/bin:/sbin:/bin
12: Test timeout computed to be: 10000000
12: _____1: test_pixel_plot: ...
12: .....1: test_pixel_plot: PASSED. (50 assertions, 10 dataset items)
12: _____2: test_print: ...
12: .....2: test_print: PASSED. (52 assertions, 4 dataset items)
12: _____3: test_outfile: ...
12: BMB
12:
12:
12:
12:
12:
12:
12: >
12:
12:
12: (
12:
12:
12: 
12:
12:
12: 
12:
12:
12: 
12: 
12:
12:
12:
12:
12:
12:
12:
12:
12:
12:
12:
12:
12:
12:
12:
12:
12: 
12:
12:
12: 
12:
12:
12: ���
12: ���
12: �
12:
12:
12:  - ignore (BMP to stdout)
12: .....3: test_outfile: PASSED. (1 assertions)
12: Total 3 tests (103 assertions, 14 dataset items), all passed.
 12/119 Test  #12: bmp-static .......................   Passed    0.01 sec
test 13
        Start  13: channel

13: Test command: /app/build/backend/tests/test_channel
13: Environment variables:
13:  CMAKE_CURRENT_SOURCE_DIR=/app/backend/tests
13:  LD_LIBRARY_PATH=/app/build/backend
13:  PATH=/app/build/frontend:/usr/local/sbin:/usr/local/bin:/usr/sbin:/usr/bin:/sbin:/bin
13: Test timeout computed to be: 10000000
13: _____1: test_hrt: ...
13: .....1: test_hrt: PASSED. (273 assertions, 42 dataset items)
13: _____2: test_input: ...
13: .....2: test_input: PASSED. (352 assertions, 54 dataset items)
13: _____3: test_encode: ...
13: .....3: test_encode: PASSED. (350 assertions, 70 dataset items)
13: Total 3 tests (975 assertions, 166 dataset items), all passed.
 13/119 Test  #13: channel ..........................   Passed    0.02 sec
test 14
        Start  14: channel-static

14: Test command: /app/build/backend/tests/test_channel-static
14: Environment variables:
14:  CMAKE_CURRENT_SOURCE_DIR=/app/backend/tests
14:  LD_LIBRARY_PATH=/app/build/backend
14:  PATH=/app/build/frontend:/usr/local/sbin:/usr/local/bin:/usr/sbin:/usr/bin:/sbin:/bin
14: Test timeout computed to be: 10000000
14: _____1: test_hrt: ...
14: .....1: test_hrt: PASSED. (273 assertions, 42 dataset items)
14: _____2: test_input: ...
14: .....2: test_input: PASSED. (352 assertions, 54 dataset items)
14: _____3: test_encode: ...
14: .....3: test_encode: PASSED. (350 assertions, 70 dataset items)
14: Total 3 tests (975 assertions, 166 dataset items), all passed.
 14/119 Test  #14: channel-static ...................   Passed    0.02 sec
test 15
        Start  15: codabar

15: Test command: /app/build/backend/tests/test_codabar
15: Environment variables:
15:  CMAKE_CURRENT_SOURCE_DIR=/app/backend/tests
15:  LD_LIBRARY_PATH=/app/build/backend
15:  PATH=/app/build/frontend:/usr/local/sbin:/usr/local/bin:/usr/sbin:/usr/bin:/sbin:/bin
15: Test timeout computed to be: 10000000
15: _____1: test_large: ...
15: .....1: test_large: PASSED. (16 assertions, 4 dataset items)
15: _____2: test_hrt: ...
15: .....2: test_hrt: PASSED. (78 assertions, 12 dataset items)
15: _____3: test_input: ...
15: .....3: test_input: PASSED. (36 assertions, 10 dataset items)
15: _____4: test_encode: ...
15: .....4: test_encode: PASSED. (25 assertions, 5 dataset items)
15: Total 4 tests (155 assertions, 31 dataset items), all passed.
 15/119 Test  #15: codabar ..........................   Passed    0.00 sec
test 16
        Start  16: codabar-static

16: Test command: /app/build/backend/tests/test_codabar-static
16: Environment variables:
16:  CMAKE_CURRENT_SOURCE_DIR=/app/backend/tests
16:  LD_LIBRARY_PATH=/app/build/backend
16:  PATH=/app/build/frontend:/usr/local/sbin:/usr/local/bin:/usr/sbin:/usr/bin:/sbin:/bin
16: Test timeout computed to be: 10000000
16: _____1: test_large: ...
16: .....1: test_large: PASSED. (16 assertions, 4 dataset items)
16: _____2: test_hrt: ...
16: .....2: test_hrt: PASSED. (78 assertions, 12 dataset items)
16: _____3: test_input: ...
16: .....3: test_input: PASSED. (36 assertions, 10 dataset items)
16: _____4: test_encode: ...
16: .....4: test_encode: PASSED. (25 assertions, 5 dataset items)
16: Total 4 tests (155 assertions, 31 dataset items), all passed.
 16/119 Test  #16: codabar-static ...................   Passed    0.00 sec
test 17
        Start  17: codablock

17: Test command: /app/build/backend/tests/test_codablock
17: Environment variables:
17:  CMAKE_CURRENT_SOURCE_DIR=/app/backend/tests
17:  LD_LIBRARY_PATH=/app/build/backend
17:  PATH=/app/build/frontend:/usr/local/sbin:/usr/local/bin:/usr/sbin:/usr/bin:/sbin:/bin
17: Test timeout computed to be: 10000000
17: _____1: test_large: ...
17: .....1: test_large: PASSED. (218 assertions, 36 dataset items)
17: _____2: test_options: ...
17: .....2: test_options: PASSED. (182 assertions, 24 dataset items)
17: _____3: test_reader_init: ...
17: .....3: test_reader_init: PASSED. (15 assertions, 3 dataset items)
17: _____4: test_hrt: ...
17: .....4: test_hrt: PASSED. (104 assertions, 16 dataset items)
17: _____5: test_input: ...
17: .....5: test_input: PASSED. (273 assertions, 55 dataset items)
17: _____6: test_encode: ...
17: .....6: test_encode: PASSED. (70 assertions, 14 dataset items)
17: _____7: test_fuzz: ...
17: .....7: test_fuzz: PASSED. (4 assertions, 2 dataset items)
17: Total 7 tests (866 assertions, 150 dataset items), all passed.
 17/119 Test  #17: codablock ........................   Passed    0.05 sec
test 18
        Start  18: codablock-static

18: Test command: /app/build/backend/tests/test_codablock-static
18: Environment variables:
18:  CMAKE_CURRENT_SOURCE_DIR=/app/backend/tests
18:  LD_LIBRARY_PATH=/app/build/backend
18:  PATH=/app/build/frontend:/usr/local/sbin:/usr/local/bin:/usr/sbin:/usr/bin:/sbin:/bin
18: Test timeout computed to be: 10000000
18: _____1: test_large: ...
18: .....1: test_large: PASSED. (218 assertions, 36 dataset items)
18: _____2: test_options: ...
18: .....2: test_options: PASSED. (182 assertions, 24 dataset items)
18: _____3: test_reader_init: ...
18: .....3: test_reader_init: PASSED. (15 assertions, 3 dataset items)
18: _____4: test_hrt: ...
18: .....4: test_hrt: PASSED. (104 assertions, 16 dataset items)
18: _____5: test_input: ...
18: .....5: test_input: PASSED. (273 assertions, 55 dataset items)
18: _____6: test_encode: ...
18: .....6: test_encode: PASSED. (70 assertions, 14 dataset items)
18: _____7: test_fuzz: ...
18: .....7: test_fuzz: PASSED. (4 assertions, 2 dataset items)
18: Total 7 tests (866 assertions, 150 dataset items), all passed.
 18/119 Test  #18: codablock-static .................   Passed    0.09 sec
test 19
        Start  19: code

19: Test command: /app/build/backend/tests/test_code
19: Environment variables:
19:  CMAKE_CURRENT_SOURCE_DIR=/app/backend/tests
19:  LD_LIBRARY_PATH=/app/build/backend
19:  PATH=/app/build/frontend:/usr/local/sbin:/usr/local/bin:/usr/sbin:/usr/bin:/sbin:/bin
19: Test timeout computed to be: 10000000
19: _____1: test_large: ...
19: .....1: test_large: PASSED. (130 assertions, 22 dataset items)
19: _____2: test_hrt: ...
19: .....2: test_hrt: PASSED. (416 assertions, 64 dataset items)
19: _____3: test_input: ...
19: .....3: test_input: PASSED. (311 assertions, 53 dataset items)
19: _____4: test_encode: ...
19: .....4: test_encode: PASSED. (170 assertions, 34 dataset items)
19: Total 4 tests (1027 assertions, 173 dataset items), all passed.
 19/119 Test  #19: code .............................   Passed    0.00 sec
test 20
        Start  20: code-static

20: Test command: /app/build/backend/tests/test_code-static
20: Environment variables:
20:  CMAKE_CURRENT_SOURCE_DIR=/app/backend/tests
20:  LD_LIBRARY_PATH=/app/build/backend
20:  PATH=/app/build/frontend:/usr/local/sbin:/usr/local/bin:/usr/sbin:/usr/bin:/sbin:/bin
20: Test timeout computed to be: 10000000
20: _____1: test_large: ...
20: .....1: test_large: PASSED. (130 assertions, 22 dataset items)
20: _____2: test_hrt: ...
20: .....2: test_hrt: PASSED. (416 assertions, 64 dataset items)
20: _____3: test_input: ...
20: .....3: test_input: PASSED. (311 assertions, 53 dataset items)
20: _____4: test_encode: ...
20: .....4: test_encode: PASSED. (170 assertions, 34 dataset items)
20: Total 4 tests (1027 assertions, 173 dataset items), all passed.
 20/119 Test  #20: code-static ......................   Passed    0.00 sec
test 21
        Start  21: code1

21: Test command: /app/build/backend/tests/test_code1
21: Environment variables:
21:  CMAKE_CURRENT_SOURCE_DIR=/app/backend/tests
21:  LD_LIBRARY_PATH=/app/build/backend
21:  PATH=/app/build/frontend:/usr/local/sbin:/usr/local/bin:/usr/sbin:/usr/bin:/sbin:/bin
21: Test timeout computed to be: 10000000
21: _____1: test_large: ...
21: .....1: test_large: PASSED. (887 assertions, 145 dataset items)
21: _____2: test_input: ...
21: .....2: test_input: PASSED. (198 assertions, 39 dataset items)
21: _____3: test_encode: ...
21: .....3: test_encode: PASSED. (487 assertions, 98 dataset items)
21: _____4: test_encode_segs: ...
21: .....4: test_encode_segs: PASSED. (52 assertions, 11 dataset items)
21: _____5: test_rt: ...
21: .....5: test_rt: PASSED. (116 assertions, 18 dataset items)
21: _____6: test_rt_segs: ...
21: .....6: test_rt_segs: PASSED. (100 assertions, 10 dataset items)
21: _____7: test_fuzz: ...
21: .....7: test_fuzz: PASSED. (12 assertions, 6 dataset items)
21: Total 7 tests (1852 assertions, 327 dataset items), all passed.
 21/119 Test  #21: code1 ............................   Passed    0.01 sec
test 22
        Start  22: code1-static

22: Test command: /app/build/backend/tests/test_code1-static
22: Environment variables:
22:  CMAKE_CURRENT_SOURCE_DIR=/app/backend/tests
22:  LD_LIBRARY_PATH=/app/build/backend
22:  PATH=/app/build/frontend:/usr/local/sbin:/usr/local/bin:/usr/sbin:/usr/bin:/sbin:/bin
22: Test timeout computed to be: 10000000
22: _____1: test_large: ...
22: .....1: test_large: PASSED. (887 assertions, 145 dataset items)
22: _____2: test_input: ...
22: .....2: test_input: PASSED. (198 assertions, 39 dataset items)
22: _____3: test_encode: ...
22: .....3: test_encode: PASSED. (487 assertions, 98 dataset items)
22: _____4: test_encode_segs: ...
22: .....4: test_encode_segs: PASSED. (52 assertions, 11 dataset items)
22: _____5: test_rt: ...
22: .....5: test_rt: PASSED. (116 assertions, 18 dataset items)
22: _____6: test_rt_segs: ...
22: .....6: test_rt_segs: PASSED. (100 assertions, 10 dataset items)
22: _____7: test_fuzz: ...
22: .....7: test_fuzz: PASSED. (12 assertions, 6 dataset items)
22: Total 7 tests (1852 assertions, 327 dataset items), all passed.
 22/119 Test  #22: code1-static .....................   Passed    0.02 sec
test 23
        Start  23: code11

23: Test command: /app/build/backend/tests/test_code11
23: Environment variables:
23:  CMAKE_CURRENT_SOURCE_DIR=/app/backend/tests
23:  LD_LIBRARY_PATH=/app/build/backend
23:  PATH=/app/build/frontend:/usr/local/sbin:/usr/local/bin:/usr/sbin:/usr/bin:/sbin:/bin
23: Test timeout computed to be: 10000000
23: _____1: test_large: ...
23: .....1: test_large: PASSED. (12 assertions, 2 dataset items)
23: _____2: test_hrt: ...
23: .....2: test_hrt: PASSED. (52 assertions, 8 dataset items)
23: _____3: test_input: ...
23: .....3: test_input: PASSED. (40 assertions, 9 dataset items)
23: _____4: test_encode: ...
23: .....4: test_encode: PASSED. (30 assertions, 6 dataset items)
23: Total 4 tests (134 assertions, 25 dataset items), all passed.
 23/119 Test  #23: code11 ...........................   Passed    0.00 sec
test 24
        Start  24: code11-static

24: Test command: /app/build/backend/tests/test_code11-static
24: Environment variables:
24:  CMAKE_CURRENT_SOURCE_DIR=/app/backend/tests
24:  LD_LIBRARY_PATH=/app/build/backend
24:  PATH=/app/build/frontend:/usr/local/sbin:/usr/local/bin:/usr/sbin:/usr/bin:/sbin:/bin
24: Test timeout computed to be: 10000000
24: _____1: test_large: ...
24: .....1: test_large: PASSED. (12 assertions, 2 dataset items)
24: _____2: test_hrt: ...
24: .....2: test_hrt: PASSED. (52 assertions, 8 dataset items)
24: _____3: test_input: ...
24: .....3: test_input: PASSED. (40 assertions, 9 dataset items)
24: _____4: test_encode: ...
24: .....4: test_encode: PASSED. (30 assertions, 6 dataset items)
24: Total 4 tests (134 assertions, 25 dataset items), all passed.
 24/119 Test  #24: code11-static ....................   Passed    0.00 sec
test 25
        Start  25: code128

25: Test command: /app/build/backend/tests/test_code128
25: Environment variables:
25:  CMAKE_CURRENT_SOURCE_DIR=/app/backend/tests
25:  LD_LIBRARY_PATH=/app/build/backend
25:  PATH=/app/build/frontend:/usr/local/sbin:/usr/local/bin:/usr/sbin:/usr/bin:/sbin:/bin
25: Test timeout computed to be: 10000000
25: _____1: test_large: ...
25: .....1: test_large: PASSED. (208 assertions, 41 dataset items)
25: _____2: test_hrt: ...
25: .....2: test_hrt: PASSED. (428 assertions, 70 dataset items)
25: _____3: test_reader_init: ...
25: .....3: test_reader_init: PASSED. (40 assertions, 8 dataset items)
25: _____4: test_input: ...
25: .....4: test_input: PASSED. (565 assertions, 142 dataset items)
25: _____5: test_gs1_128_input: ...
25: .....5: test_gs1_128_input: PASSED. (143 assertions, 29 dataset items)
25: _____6: test_hibc_input: ...
25: .....6: test_hibc_input: PASSED. (30 assertions, 8 dataset items)
25: _____7: test_nve18_input: ...
25: .....7: test_nve18_input: PASSED. (67 assertions, 19 dataset items)
25: _____8: test_ean14_input: ...
25: .....8: test_ean14_input: PASSED. (64 assertions, 18 dataset items)
25: _____9: test_dpd_input: ...
25: .....9: test_dpd_input: PASSED. (142 assertions, 32 dataset items)
25: _____10: test_upu_s10_input: ...
25: .....10: test_upu_s10_input: PASSED. (105 assertions, 30 dataset items)
25: _____11: test_encode: ...
25: .....11: test_encode: PASSED. (265 assertions, 53 dataset items)
25: Total 11 tests (2057 assertions, 450 dataset items), all passed.
 25/119 Test  #25: code128 ..........................   Passed    0.01 sec
test 26
        Start  26: code128-static

26: Test command: /app/build/backend/tests/test_code128-static
26: Environment variables:
26:  CMAKE_CURRENT_SOURCE_DIR=/app/backend/tests
26:  LD_LIBRARY_PATH=/app/build/backend
26:  PATH=/app/build/frontend:/usr/local/sbin:/usr/local/bin:/usr/sbin:/usr/bin:/sbin:/bin
26: Test timeout computed to be: 10000000
26: _____1: test_large: ...
26: .....1: test_large: PASSED. (208 assertions, 41 dataset items)
26: _____2: test_hrt: ...
26: .....2: test_hrt: PASSED. (428 assertions, 70 dataset items)
26: _____3: test_reader_init: ...
26: .....3: test_reader_init: PASSED. (40 assertions, 8 dataset items)
26: _____4: test_input: ...
26: .....4: test_input: PASSED. (565 assertions, 142 dataset items)
26: _____5: test_gs1_128_input: ...
26: .....5: test_gs1_128_input: PASSED. (143 assertions, 29 dataset items)
26: _____6: test_hibc_input: ...
26: .....6: test_hibc_input: PASSED. (30 assertions, 8 dataset items)
26: _____7: test_nve18_input: ...
26: .....7: test_nve18_input: PASSED. (67 assertions, 19 dataset items)
26: _____8: test_ean14_input: ...
26: .....8: test_ean14_input: PASSED. (64 assertions, 18 dataset items)
26: _____9: test_dpd_input: ...
26: .....9: test_dpd_input: PASSED. (142 assertions, 32 dataset items)
26: _____10: test_upu_s10_input: ...
26: .....10: test_upu_s10_input: PASSED. (105 assertions, 30 dataset items)
26: _____11: test_encode: ...
26: .....11: test_encode: PASSED. (265 assertions, 53 dataset items)
26: Total 11 tests (2057 assertions, 450 dataset items), all passed.
 26/119 Test  #26: code128-static ...................   Passed    0.01 sec
test 27
        Start  27: code16k

27: Test command: /app/build/backend/tests/test_code16k
27: Environment variables:
27:  CMAKE_CURRENT_SOURCE_DIR=/app/backend/tests
27:  LD_LIBRARY_PATH=/app/build/backend
27:  PATH=/app/build/frontend:/usr/local/sbin:/usr/local/bin:/usr/sbin:/usr/bin:/sbin:/bin
27: Test timeout computed to be: 10000000
27: _____1: test_large: ...
27: .....1: test_large: PASSED. (63 assertions, 11 dataset items)
27: _____2: test_reader_init: ...
27: .....2: test_reader_init: PASSED. (18 assertions, 4 dataset items)
27: _____3: test_input: ...
27: .....3: test_input: PASSED. (388 assertions, 49 dataset items)
27: _____4: test_encode: ...
27: .....4: test_encode: PASSED. (25 assertions, 5 dataset items)
27: _____5: test_rt: ...
27: .....5: test_rt: PASSED. (36 assertions, 6 dataset items)
27: Total 5 tests (530 assertions, 75 dataset items), all passed.
 27/119 Test  #27: code16k ..........................   Passed    0.01 sec
test 28
        Start  28: code16k-static

28: Test command: /app/build/backend/tests/test_code16k-static
28: Environment variables:
28:  CMAKE_CURRENT_SOURCE_DIR=/app/backend/tests
28:  LD_LIBRARY_PATH=/app/build/backend
28:  PATH=/app/build/frontend:/usr/local/sbin:/usr/local/bin:/usr/sbin:/usr/bin:/sbin:/bin
28: Test timeout computed to be: 10000000
28: _____1: test_large: ...
28: .....1: test_large: PASSED. (63 assertions, 11 dataset items)
28: _____2: test_reader_init: ...
28: .....2: test_reader_init: PASSED. (18 assertions, 4 dataset items)
28: _____3: test_input: ...
28: .....3: test_input: PASSED. (388 assertions, 49 dataset items)
28: _____4: test_encode: ...
28: .....4: test_encode: PASSED. (25 assertions, 5 dataset items)
28: _____5: test_rt: ...
28: .....5: test_rt: PASSED. (36 assertions, 6 dataset items)
28: Total 5 tests (530 assertions, 75 dataset items), all passed.
 28/119 Test  #28: code16k-static ...................   Passed    0.01 sec
test 29
        Start  29: code49

29: Test command: /app/build/backend/tests/test_code49
29: Environment variables:
29:  CMAKE_CURRENT_SOURCE_DIR=/app/backend/tests
29:  LD_LIBRARY_PATH=/app/build/backend
29:  PATH=/app/build/frontend:/usr/local/sbin:/usr/local/bin:/usr/sbin:/usr/bin:/sbin:/bin
29: Test timeout computed to be: 10000000
29: _____1: test_large: ...
29: .....1: test_large: PASSED. (24 assertions, 4 dataset items)
29: _____2: test_input: ...
29: .....2: test_input: PASSED. (248 assertions, 32 dataset items)
29: _____3: test_encode: ...
29: .....3: test_encode: PASSED. (20 assertions, 4 dataset items)
29: _____4: test_rt: ...
29: .....4: test_rt: PASSED. (36 assertions, 6 dataset items)
29: Total 4 tests (328 assertions, 46 dataset items), all passed.
 29/119 Test  #29: code49 ...........................   Passed    0.00 sec
test 30
        Start  30: code49-static

30: Test command: /app/build/backend/tests/test_code49-static
30: Environment variables:
30:  CMAKE_CURRENT_SOURCE_DIR=/app/backend/tests
30:  LD_LIBRARY_PATH=/app/build/backend
30:  PATH=/app/build/frontend:/usr/local/sbin:/usr/local/bin:/usr/sbin:/usr/bin:/sbin:/bin
30: Test timeout computed to be: 10000000
30: _____1: test_large: ...
30: .....1: test_large: PASSED. (24 assertions, 4 dataset items)
30: _____2: test_input: ...
30: .....2: test_input: PASSED. (248 assertions, 32 dataset items)
30: _____3: test_encode: ...
30: .....3: test_encode: PASSED. (20 assertions, 4 dataset items)
30: _____4: test_rt: ...
30: .....4: test_rt: PASSED. (36 assertions, 6 dataset items)
30: Total 4 tests (328 assertions, 46 dataset items), all passed.
 30/119 Test  #30: code49-static ....................   Passed    0.00 sec
test 31
        Start  31: common

31: Test command: /app/build/backend/tests/test_common
31: Environment variables:
31:  CMAKE_CURRENT_SOURCE_DIR=/app/backend/tests
31:  LD_LIBRARY_PATH=/app/build/backend
31:  PATH=/app/build/frontend:/usr/local/sbin:/usr/local/bin:/usr/sbin:/usr/bin:/sbin:/bin
31: Test timeout computed to be: 10000000
31: _____1: test_to_int: ...
31: .....1: test_to_int: PASSED. (6 assertions, 6 dataset items)
31: _____2: test_to_upper: ...
31: .....2: test_to_upper: PASSED. (4 assertions, 4 dataset items)
31: _____3: test_chr_cnt: ...
31: .....3: test_chr_cnt: PASSED. (3 assertions, 3 dataset items)
31: _____4: test_is_chr: ...
31: .....4: test_is_chr: PASSED. (8 assertions, 8 dataset items)
31: _____5: test_not_sane: ...
31: .....5: test_not_sane: PASSED. (253 assertions, 85 dataset items)
31: _____6: test_not_sane_lookup: ...
31: .....6: test_not_sane_lookup: PASSED. (12 assertions, 2 dataset items)
31: _____7: test_errtxt: ...
31: .....7: test_errtxt: PASSED. (24 assertions, 12 dataset items)
31: _____8: test_errtxtf: ...
31: .....8: test_errtxtf: PASSED. (209 assertions, 94 dataset items)
31: _____9: test_cnt_digits: ...
31: .....9: test_cnt_digits: PASSED. (6 assertions, 6 dataset items)
31: _____10: test_is_valid_utf8: ...
31: .....10: test_is_valid_utf8: PASSED. (9 assertions, 9 dataset items)
31: _____11: test_utf8_to_unicode: ...
31: .....11: test_utf8_to_unicode: PASSED. (18 assertions, 5 dataset items)
31: _____12: test_hrt_cpy_iso8859_1: ...
31: .....12: test_hrt_cpy_iso8859_1: PASSED. (88 assertions, 22 dataset items)
31: _____13: test_hrt_cpy_nochk: ...
31: .....13: test_hrt_cpy_nochk: PASSED. (30 assertions, 10 dataset items)
31: _____14: test_hrt_cpy_cat_nochk: ...
31: .....14: test_hrt_cpy_cat_nochk: PASSED. (30 assertions, 10 dataset items)
31: _____15: test_hrt_printf_nochk: ...
31: .....15: test_hrt_printf_nochk: PASSED. (4 assertions, 4 dataset items)
31: _____16: test_hrt_conv_gs1_brackets_nochk: ...
31: .....16: test_hrt_conv_gs1_brackets_nochk: PASSED. (14 assertions, 14 dataset items)
31: _____17: test_rt_cpy_segs: ...
31: .....17: test_rt_cpy_segs: PASSED. (51 assertions, 4 dataset items)
31: _____18: test_rt_cpy: ...
31: .....18: test_rt_cpy: PASSED. (24 assertions, 4 dataset items)
31: _____19: test_rt_cpy_iso8859_1: ...
31: .....19: test_rt_cpy_iso8859_1: PASSED. (24 assertions, 4 dataset items)
31: _____20: test_rt_printf_256: ...
31: .....20: test_rt_printf_256: PASSED. (24 assertions, 4 dataset items)
31: _____21: test_set_height: ...
31: .....21: test_set_height: PASSED. (42 assertions, 14 dataset items)
31: _____22: test_debug_test_codeword_dump_int: ...
31: .....22: test_debug_test_codeword_dump_int: PASSED. (4 assertions, 2 dataset items)
31: Total 22 tests (887 assertions, 326 dataset items), all passed.
 31/119 Test  #31: common ...........................   Passed    0.00 sec
test 32
        Start  32: common-static

32: Test command: /app/build/backend/tests/test_common-static
32: Environment variables:
32:  CMAKE_CURRENT_SOURCE_DIR=/app/backend/tests
32:  LD_LIBRARY_PATH=/app/build/backend
32:  PATH=/app/build/frontend:/usr/local/sbin:/usr/local/bin:/usr/sbin:/usr/bin:/sbin:/bin
32: Test timeout computed to be: 10000000
32: _____1: test_to_int: ...
32: .....1: test_to_int: PASSED. (6 assertions, 6 dataset items)
32: _____2: test_to_upper: ...
32: .....2: test_to_upper: PASSED. (4 assertions, 4 dataset items)
32: _____3: test_chr_cnt: ...
32: .....3: test_chr_cnt: PASSED. (3 assertions, 3 dataset items)
32: _____4: test_is_chr: ...
32: .....4: test_is_chr: PASSED. (8 assertions, 8 dataset items)
32: _____5: test_not_sane: ...
32: .....5: test_not_sane: PASSED. (253 assertions, 85 dataset items)
32: _____6: test_not_sane_lookup: ...
32: .....6: test_not_sane_lookup: PASSED. (12 assertions, 2 dataset items)
32: _____7: test_errtxt: ...
32: .....7: test_errtxt: PASSED. (24 assertions, 12 dataset items)
32: _____8: test_errtxtf: ...
32: .....8: test_errtxtf: PASSED. (209 assertions, 94 dataset items)
32: _____9: test_cnt_digits: ...
32: .....9: test_cnt_digits: PASSED. (6 assertions, 6 dataset items)
32: _____10: test_is_valid_utf8: ...
32: .....10: test_is_valid_utf8: PASSED. (9 assertions, 9 dataset items)
32: _____11: test_utf8_to_unicode: ...
32: .....11: test_utf8_to_unicode: PASSED. (18 assertions, 5 dataset items)
32: _____12: test_hrt_cpy_iso8859_1: ...
32: .....12: test_hrt_cpy_iso8859_1: PASSED. (88 assertions, 22 dataset items)
32: _____13: test_hrt_cpy_nochk: ...
32: .....13: test_hrt_cpy_nochk: PASSED. (30 assertions, 10 dataset items)
32: _____14: test_hrt_cpy_cat_nochk: ...
32: .....14: test_hrt_cpy_cat_nochk: PASSED. (30 assertions, 10 dataset items)
32: _____15: test_hrt_printf_nochk: ...
32: .....15: test_hrt_printf_nochk: PASSED. (4 assertions, 4 dataset items)
32: _____16: test_hrt_conv_gs1_brackets_nochk: ...
32: .....16: test_hrt_conv_gs1_brackets_nochk: PASSED. (14 assertions, 14 dataset items)
32: _____17: test_rt_cpy_segs: ...
32: .....17: test_rt_cpy_segs: PASSED. (51 assertions, 4 dataset items)
32: _____18: test_rt_cpy: ...
32: .....18: test_rt_cpy: PASSED. (24 assertions, 4 dataset items)
32: _____19: test_rt_cpy_iso8859_1: ...
32: .....19: test_rt_cpy_iso8859_1: PASSED. (24 assertions, 4 dataset items)
32: _____20: test_rt_printf_256: ...
32: .....20: test_rt_printf_256: PASSED. (24 assertions, 4 dataset items)
32: _____21: test_set_height: ...
32: .....21: test_set_height: PASSED. (42 assertions, 14 dataset items)
32: _____22: test_debug_test_codeword_dump_int: ...
32: .....22: test_debug_test_codeword_dump_int: PASSED. (4 assertions, 2 dataset items)
32: Total 22 tests (887 assertions, 326 dataset items), all passed.
 32/119 Test  #32: common-static ....................   Passed    0.00 sec
test 33
        Start  33: composite

33: Test command: /app/build/backend/tests/test_composite
33: Environment variables:
33:  CMAKE_CURRENT_SOURCE_DIR=/app/backend/tests
33:  LD_LIBRARY_PATH=/app/build/backend
33:  PATH=/app/build/frontend:/usr/local/sbin:/usr/local/bin:/usr/sbin:/usr/bin:/sbin:/bin
33: Test timeout computed to be: 10000000
33: _____1: test_eanx_leading_zeroes: ...
33: .....1: test_eanx_leading_zeroes: PASSED. (325 assertions, 65 dataset items)
33: _____2: test_examples: ...
33: .....2: test_examples: PASSED. (564 assertions, 94 dataset items)
33: _____3: test_odd_numbered_numeric: ...
33: .....3: test_odd_numbered_numeric: PASSED. (48 assertions, 8 dataset items)
33: _____4: test_ean128_cc_shift: ...
33: .....4: test_ean128_cc_shift: PASSED. (42 assertions, 7 dataset items)
33: _____5: test_ean128_cc_width: ...
33: .....5: test_ean128_cc_width: PASSED. (65 assertions, 13 dataset items)
33: _____6: test_encodation_0: ...
33: .....6: test_encodation_0: PASSED. (204 assertions, 34 dataset items)
33: _____7: test_encodation_10: ...
33: .....7: test_encodation_10: PASSED. (36 assertions, 6 dataset items)
33: _____8: test_encodation_11: ...
33: .....8: test_encodation_11: PASSED. (190 assertions, 32 dataset items)
33: _____9: test_addongap: ...
33: .....9: test_addongap: PASSED. (72 assertions, 12 dataset items)
33: _____10: test_gs1parens: ...
33: .....10: test_gs1parens: PASSED. (250 assertions, 50 dataset items)
33: _____11: test_hrt: ...
33: .....11: test_hrt: PASSED. (432 assertions, 64 dataset items)
33: _____12: test_input: ...
33: .....12: test_input: PASSED. (1172 assertions, 144 dataset items)
33: _____13: test_fuzz: ...
33: .....13: test_fuzz: PASSED. (60 assertions, 15 dataset items)
33: Total 13 tests (3460 assertions, 544 dataset items), all passed.
 33/119 Test  #33: composite ........................   Passed    0.02 sec
test 34
        Start  34: composite-static

34: Test command: /app/build/backend/tests/test_composite-static
34: Environment variables:
34:  CMAKE_CURRENT_SOURCE_DIR=/app/backend/tests
34:  LD_LIBRARY_PATH=/app/build/backend
34:  PATH=/app/build/frontend:/usr/local/sbin:/usr/local/bin:/usr/sbin:/usr/bin:/sbin:/bin
34: Test timeout computed to be: 10000000
34: _____1: test_eanx_leading_zeroes: ...
34: .....1: test_eanx_leading_zeroes: PASSED. (325 assertions, 65 dataset items)
34: _____2: test_examples: ...
34: .....2: test_examples: PASSED. (564 assertions, 94 dataset items)
34: _____3: test_odd_numbered_numeric: ...
34: .....3: test_odd_numbered_numeric: PASSED. (48 assertions, 8 dataset items)
34: _____4: test_ean128_cc_shift: ...
34: .....4: test_ean128_cc_shift: PASSED. (42 assertions, 7 dataset items)
34: _____5: test_ean128_cc_width: ...
34: .....5: test_ean128_cc_width: PASSED. (65 assertions, 13 dataset items)
34: _____6: test_encodation_0: ...
34: .....6: test_encodation_0: PASSED. (204 assertions, 34 dataset items)
34: _____7: test_encodation_10: ...
34: .....7: test_encodation_10: PASSED. (36 assertions, 6 dataset items)
34: _____8: test_encodation_11: ...
34: .....8: test_encodation_11: PASSED. (190 assertions, 32 dataset items)
34: _____9: test_addongap: ...
34: .....9: test_addongap: PASSED. (72 assertions, 12 dataset items)
34: _____10: test_gs1parens: ...
34: .....10: test_gs1parens: PASSED. (250 assertions, 50 dataset items)
34: _____11: test_hrt: ...
34: .....11: test_hrt: PASSED. (432 assertions, 64 dataset items)
34: _____12: test_input: ...
34: .....12: test_input: PASSED. (1172 assertions, 144 dataset items)
34: _____13: test_fuzz: ...
34: .....13: test_fuzz: PASSED. (60 assertions, 15 dataset items)
34: Total 13 tests (3460 assertions, 544 dataset items), all passed.
 34/119 Test  #34: composite-static .................   Passed    0.02 sec
test 35
        Start  35: dmatrix

35: Test command: /app/build/backend/tests/test_dmatrix
35: Environment variables:
35:  CMAKE_CURRENT_SOURCE_DIR=/app/backend/tests
35:  LD_LIBRARY_PATH=/app/build/backend
35:  PATH=/app/build/frontend:/usr/local/sbin:/usr/local/bin:/usr/sbin:/usr/bin:/sbin:/bin
35: Test timeout computed to be: 10000000
35: _____1: test_large: ...
35: .....1: test_large: PASSED. (2858 assertions, 301 dataset items)
35: _____2: test_buffer: ...
35: .....2: test_buffer: PASSED. (4 assertions, 2 dataset items)
35: _____3: test_options: ...
35: .....3: test_options: PASSED. (1076 assertions, 104 dataset items)
35: _____4: test_reader_init: ...
35: .....4: test_reader_init: PASSED. (8 assertions, 2 dataset items)
35: _____5: test_input: ...
35: .....5: test_input: PASSED. (2079 assertions, 247 dataset items)
35: _____6: test_encode: ...
35: .....6: test_encode: PASSED. (1075 assertions, 180 dataset items)
35: _____7: test_encode_segs: ...
35: .....7: test_encode_segs: PASSED. (75 assertions, 15 dataset items)
35: _____8: test_rt: ...
35: .....8: test_rt: PASSED. (104 assertions, 17 dataset items)
35: _____9: test_rt_segs: ...
35: .....9: test_rt_segs: PASSED. (68 assertions, 6 dataset items)
35: _____10: test_minimalenc: ...
35: .....10: test_minimalenc: PASSED. (4068 assertions, 1017 dataset items)
35: Total 10 tests (11415 assertions, 1891 dataset items), all passed.
 35/119 Test  #35: dmatrix ..........................   Passed    0.12 sec
test 36
        Start  36: dmatrix-static

36: Test command: /app/build/backend/tests/test_dmatrix-static
36: Environment variables:
36:  CMAKE_CURRENT_SOURCE_DIR=/app/backend/tests
36:  LD_LIBRARY_PATH=/app/build/backend
36:  PATH=/app/build/frontend:/usr/local/sbin:/usr/local/bin:/usr/sbin:/usr/bin:/sbin:/bin
36: Test timeout computed to be: 10000000
36: _____1: test_large: ...
36: .....1: test_large: PASSED. (2858 assertions, 301 dataset items)
36: _____2: test_buffer: ...
36: .....2: test_buffer: PASSED. (4 assertions, 2 dataset items)
36: _____3: test_options: ...
36: .....3: test_options: PASSED. (1076 assertions, 104 dataset items)
36: _____4: test_reader_init: ...
36: .....4: test_reader_init: PASSED. (8 assertions, 2 dataset items)
36: _____5: test_input: ...
36: .....5: test_input: PASSED. (2079 assertions, 247 dataset items)
36: _____6: test_encode: ...
36: .....6: test_encode: PASSED. (1075 assertions, 180 dataset items)
36: _____7: test_encode_segs: ...
36: .....7: test_encode_segs: PASSED. (75 assertions, 15 dataset items)
36: _____8: test_rt: ...
36: .....8: test_rt: PASSED. (104 assertions, 17 dataset items)
36: _____9: test_rt_segs: ...
36: .....9: test_rt_segs: PASSED. (68 assertions, 6 dataset items)
36: _____10: test_minimalenc: ...
36: .....10: test_minimalenc: PASSED. (4068 assertions, 1017 dataset items)
36: Total 10 tests (11415 assertions, 1891 dataset items), all passed.
 36/119 Test  #36: dmatrix-static ...................   Passed    0.12 sec
test 37
        Start  37: dotcode

37: Test command: /app/build/backend/tests/test_dotcode
37: Environment variables:
37:  CMAKE_CURRENT_SOURCE_DIR=/app/backend/tests
37:  LD_LIBRARY_PATH=/app/build/backend
37:  PATH=/app/build/frontend:/usr/local/sbin:/usr/local/bin:/usr/sbin:/usr/bin:/sbin:/bin
37: Test timeout computed to be: 10000000
37: _____1: test_large: ...
37: .....1: test_large: PASSED. (51 assertions, 17 dataset items)
37: _____2: test_options: ...
37: .....2: test_options: PASSED. (135 assertions, 21 dataset items)
37: _____3: test_input: ...
37: .....3: test_input: PASSED. (132 assertions, 44 dataset items)
37: _____4: test_encode: ...
37: .....4: test_encode: PASSED. (255 assertions, 51 dataset items)
37: _____5: test_encode_segs: ...
37: .....5: test_encode_segs: PASSED. (60 assertions, 12 dataset items)
37: _____6: test_rt: ...
37: .....6: test_rt: PASSED. (92 assertions, 15 dataset items)
37: _____7: test_rt_segs: ...
37: .....7: test_rt_segs: PASSED. (68 assertions, 6 dataset items)
37: _____8: test_fuzz: ...
37: .....8: test_fuzz: PASSED. (14 assertions, 7 dataset items)
37: Total 8 tests (807 assertions, 173 dataset items), all passed.
 37/119 Test  #37: dotcode ..........................   Passed    0.03 sec
test 38
        Start  38: dotcode-static

38: Test command: /app/build/backend/tests/test_dotcode-static
38: Environment variables:
38:  CMAKE_CURRENT_SOURCE_DIR=/app/backend/tests
38:  LD_LIBRARY_PATH=/app/build/backend
38:  PATH=/app/build/frontend:/usr/local/sbin:/usr/local/bin:/usr/sbin:/usr/bin:/sbin:/bin
38: Test timeout computed to be: 10000000
38: _____1: test_large: ...
38: .....1: test_large: PASSED. (51 assertions, 17 dataset items)
38: _____2: test_options: ...
38: .....2: test_options: PASSED. (135 assertions, 21 dataset items)
38: _____3: test_input: ...
38: .....3: test_input: PASSED. (132 assertions, 44 dataset items)
38: _____4: test_encode: ...
38: .....4: test_encode: PASSED. (255 assertions, 51 dataset items)
38: _____5: test_encode_segs: ...
38: .....5: test_encode_segs: PASSED. (60 assertions, 12 dataset items)
38: _____6: test_rt: ...
38: .....6: test_rt: PASSED. (92 assertions, 15 dataset items)
38: _____7: test_rt_segs: ...
38: .....7: test_rt_segs: PASSED. (68 assertions, 6 dataset items)
38: _____8: test_fuzz: ...
38: .....8: test_fuzz: PASSED. (14 assertions, 7 dataset items)
38: Total 8 tests (807 assertions, 173 dataset items), all passed.
 38/119 Test  #38: dotcode-static ...................   Passed    0.03 sec
test 39
        Start  39: dxfilmedge

39: Test command: /app/build/backend/tests/test_dxfilmedge
39: Environment variables:
39:  CMAKE_CURRENT_SOURCE_DIR=/app/backend/tests
39:  LD_LIBRARY_PATH=/app/build/backend
39:  PATH=/app/build/frontend:/usr/local/sbin:/usr/local/bin:/usr/sbin:/usr/bin:/sbin:/bin
39: Test timeout computed to be: 10000000
39: _____1: test_hrt: ...
39: .....1: test_hrt: PASSED. (91 assertions, 14 dataset items)
39: _____2: test_input: ...
39: .....2: test_input: PASSED. (96 assertions, 24 dataset items)
39: _____3: test_encode: ...
39: .....3: test_encode: PASSED. (165 assertions, 33 dataset items)
39: Total 3 tests (352 assertions, 71 dataset items), all passed.
 39/119 Test  #39: dxfilmedge .......................   Passed    0.00 sec
test 40
        Start  40: dxfilmedge-static

40: Test command: /app/build/backend/tests/test_dxfilmedge-static
40: Environment variables:
40:  CMAKE_CURRENT_SOURCE_DIR=/app/backend/tests
40:  LD_LIBRARY_PATH=/app/build/backend
40:  PATH=/app/build/frontend:/usr/local/sbin:/usr/local/bin:/usr/sbin:/usr/bin:/sbin:/bin
40: Test timeout computed to be: 10000000
40: _____1: test_hrt: ...
40: .....1: test_hrt: PASSED. (91 assertions, 14 dataset items)
40: _____2: test_input: ...
40: .....2: test_input: PASSED. (96 assertions, 24 dataset items)
40: _____3: test_encode: ...
40: .....3: test_encode: PASSED. (165 assertions, 33 dataset items)
40: Total 3 tests (352 assertions, 71 dataset items), all passed.
 40/119 Test  #40: dxfilmedge-static ................   Passed    0.00 sec
test 41
        Start  41: eci

41: Test command: /app/build/backend/tests/test_eci
41: Environment variables:
41:  CMAKE_CURRENT_SOURCE_DIR=/app/backend/tests
41:  LD_LIBRARY_PATH=/app/build/backend
41:  PATH=/app/build/frontend:/usr/local/sbin:/usr/local/bin:/usr/sbin:/usr/bin:/sbin:/bin
41: Test timeout computed to be: 10000000
41: _____1: test_bom: ...
41: .....1: test_bom: PASSED. (4 assertions)
41: _____2: test_iso_8859_16: ...
41: .....2: test_iso_8859_16: PASSED. (3 assertions)
41: _____3: test_reduced_charset_input: ...
41: .....3: test_reduced_charset_input: PASSED. (681 assertions, 238 dataset items)
41: _____4: test_utf8_to_eci_sb: ...
41: .....4: test_utf8_to_eci_sb: PASSED. (7090 assertions, 20 dataset items)
41: _____5: test_utf8_to_eci_ascii: ...
41: .....5: test_utf8_to_eci_ascii: PASSED. (36 assertions, 24 dataset items)
41: _____6: test_utf8_to_eci_utf16be: ...
41: .....6: test_utf8_to_eci_utf16be: PASSED. (320 assertions, 15 dataset items)
41: _____7: test_utf8_to_eci_utf16le: ...
41: .....7: test_utf8_to_eci_utf16le: PASSED. (320 assertions, 15 dataset items)
41: _____8: test_utf8_to_eci_utf32be: ...
41: .....8: test_utf8_to_eci_utf32be: PASSED. (561 assertions, 12 dataset items)
41: _____9: test_utf8_to_eci_utf32le: ...
41: .....9: test_utf8_to_eci_utf32le: PASSED. (561 assertions, 12 dataset items)
41: _____10: test_utf8_to_eci_sjis: ...
41: .....10: test_utf8_to_eci_sjis: PASSED. (44 assertions, 17 dataset items)
41: _____11: test_utf8_to_eci_big5: ...
41: .....11: test_utf8_to_eci_big5: PASSED. (20 assertions, 7 dataset items)
41: _____12: test_utf8_to_eci_gb2312: ...
41: .....12: test_utf8_to_eci_gb2312: PASSED. (20 assertions, 7 dataset items)
41: _____13: test_utf8_to_eci_euc_kr: ...
41: .....13: test_utf8_to_eci_euc_kr: PASSED. (20 assertions, 7 dataset items)
41: _____14: test_utf8_to_eci_gbk: ...
41: .....14: test_utf8_to_eci_gbk: PASSED. (20 assertions, 7 dataset items)
41: _____15: test_utf8_to_eci_gb18030: ...
41: .....15: test_utf8_to_eci_gb18030: PASSED. (26 assertions, 7 dataset items)
41: _____16: test_is_eci_convertible_segs: ...
41: .....16: test_is_eci_convertible_segs: PASSED. (52 assertions, 13 dataset items)
41: _____17: test_get_best_eci: ...
41: .....17: test_get_best_eci: PASSED. (6 assertions, 6 dataset items)
41: _____18: test_get_best_eci_segs: ...
41: .....18: test_get_best_eci_segs: PASSED. (27 assertions, 9 dataset items)
41: Total 18 tests (9811 assertions, 416 dataset items), all passed.
 41/119 Test  #41: eci ..............................   Passed    0.01 sec
test 42
        Start  42: eci-static

42: Test command: /app/build/backend/tests/test_eci-static
42: Environment variables:
42:  CMAKE_CURRENT_SOURCE_DIR=/app/backend/tests
42:  LD_LIBRARY_PATH=/app/build/backend
42:  PATH=/app/build/frontend:/usr/local/sbin:/usr/local/bin:/usr/sbin:/usr/bin:/sbin:/bin
42: Test timeout computed to be: 10000000
42: _____1: test_bom: ...
42: .....1: test_bom: PASSED. (4 assertions)
42: _____2: test_iso_8859_16: ...
42: .....2: test_iso_8859_16: PASSED. (3 assertions)
42: _____3: test_reduced_charset_input: ...
42: .....3: test_reduced_charset_input: PASSED. (681 assertions, 238 dataset items)
42: _____4: test_utf8_to_eci_sb: ...
42: .....4: test_utf8_to_eci_sb: PASSED. (7090 assertions, 20 dataset items)
42: _____5: test_utf8_to_eci_ascii: ...
42: .....5: test_utf8_to_eci_ascii: PASSED. (36 assertions, 24 dataset items)
42: _____6: test_utf8_to_eci_utf16be: ...
42: .....6: test_utf8_to_eci_utf16be: PASSED. (320 assertions, 15 dataset items)
42: _____7: test_utf8_to_eci_utf16le: ...
42: .....7: test_utf8_to_eci_utf16le: PASSED. (320 assertions, 15 dataset items)
42: _____8: test_utf8_to_eci_utf32be: ...
42: .....8: test_utf8_to_eci_utf32be: PASSED. (561 assertions, 12 dataset items)
42: _____9: test_utf8_to_eci_utf32le: ...
42: .....9: test_utf8_to_eci_utf32le: PASSED. (561 assertions, 12 dataset items)
42: _____10: test_utf8_to_eci_sjis: ...
42: .....10: test_utf8_to_eci_sjis: PASSED. (44 assertions, 17 dataset items)
42: _____11: test_utf8_to_eci_big5: ...
42: .....11: test_utf8_to_eci_big5: PASSED. (20 assertions, 7 dataset items)
42: _____12: test_utf8_to_eci_gb2312: ...
42: .....12: test_utf8_to_eci_gb2312: PASSED. (20 assertions, 7 dataset items)
42: _____13: test_utf8_to_eci_euc_kr: ...
42: .....13: test_utf8_to_eci_euc_kr: PASSED. (20 assertions, 7 dataset items)
42: _____14: test_utf8_to_eci_gbk: ...
42: .....14: test_utf8_to_eci_gbk: PASSED. (20 assertions, 7 dataset items)
42: _____15: test_utf8_to_eci_gb18030: ...
42: .....15: test_utf8_to_eci_gb18030: PASSED. (26 assertions, 7 dataset items)
42: _____16: test_is_eci_convertible_segs: ...
42: .....16: test_is_eci_convertible_segs: PASSED. (52 assertions, 13 dataset items)
42: _____17: test_get_best_eci: ...
42: .....17: test_get_best_eci: PASSED. (6 assertions, 6 dataset items)
42: _____18: test_get_best_eci_segs: ...
42: .....18: test_get_best_eci_segs: PASSED. (27 assertions, 9 dataset items)
42: Total 18 tests (9811 assertions, 416 dataset items), all passed.
 42/119 Test  #42: eci-static .......................   Passed    0.01 sec
test 43
        Start  43: emf

43: Test command: /app/build/backend/tests/test_emf
43: Environment variables:
43:  CMAKE_CURRENT_SOURCE_DIR=/app/backend/tests
43:  LD_LIBRARY_PATH=/app/build/backend
43:  PATH=/app/build/frontend:/usr/local/sbin:/usr/local/bin:/usr/sbin:/usr/bin:/sbin:/bin
43: Test timeout computed to be: 10000000
43: _____1: test_print: ...
43: .....1: test_print: PASSED. (637 assertions, 49 dataset items)
43: _____2: test_outfile: ...
43: <<<Begin ignore (EMF to stdout)
43: 
43:
43:
43: l
43:
43:
43:
43:
43:
43:
43:
43:
43:
43:
43: ��������
43:
43:
43:
43:
43:
43:
43:
43: �������� EMF
43:
43: 
43: 
43:
43:
43:
43:
43:
43: 
43:
43:
43:
43:
43:
43:
43:
43:
43:
43:
43:
43:
43:
43:
43:
43:
43:
43:
43:
43:
43:
43:
43:
43:
43:
43:
43:
43:
43:
43:
43:
43:
43:
43:
43:
43:
43:
43:
43:
43:
43:
43:
43:
43:
43:
43:
43:
43:
43:
43:
43: 
43:
43:
43:
43:
43:
43: 
43:
43:
43: '
43:
43:
43: 
43:
43:
43:
43:
43:
43:
43:
43:
43:
43:
43: ���
43: 
43:
43:
43: '
43:
43:
43: 
43:
43:
43: 
43:
43:
43:
43:
43:
43:
43: ���
43: 
43:
43:
43: &
43:
43:
43:
43:
43:
43: 
43:
43:
43: 
43:
43:
43: 
43:
43:
43:
43:
43:
43:
43:
43:
43:
43:
43: %
43:
43:
43:
43:
43:
43:
43:
43:
43:
43: %
43:
43:
43:
43:
43:
43: 
43:
43:
43: +
43:
43:
43: 
43:
43:
43:
43:
43:
43:
43:
43:
43:
43:
43:
43:
43:
43:
43:
43:
43:
43:
43: %
43:
43:
43:
43:
43:
43: 
43:
43:
43: 
43:
43:
43: 
43:
43:
43:
43:
43:
43:
43:
43:
43:
43:
43: 
43:
43:
43:
43: <<<End ignore (EMF to stdout)
43: .....2: test_outfile: PASSED. (2 assertions)
43: Total 2 tests (639 assertions, 49 dataset items), all passed.
 43/119 Test  #43: emf ..............................   Passed    0.02 sec
test 44
        Start  44: emf-static

44: Test command: /app/build/backend/tests/test_emf-static
44: Environment variables:
44:  CMAKE_CURRENT_SOURCE_DIR=/app/backend/tests
44:  LD_LIBRARY_PATH=/app/build/backend
44:  PATH=/app/build/frontend:/usr/local/sbin:/usr/local/bin:/usr/sbin:/usr/bin:/sbin:/bin
44: Test timeout computed to be: 10000000
44: _____1: test_print: ...
44: .....1: test_print: PASSED. (637 assertions, 49 dataset items)
44: _____2: test_outfile: ...
44: <<<Begin ignore (EMF to stdout)
44: 
44:
44:
44: l
44:
44:
44:
44:
44:
44:
44:
44:
44:
44:
44: ��������
44:
44:
44:
44:
44:
44:
44:
44: �������� EMF
44:
44: 
44: 
44:
44:
44:
44:
44:
44: 
44:
44:
44:
44:
44:
44:
44:
44:
44:
44:
44:
44:
44:
44:
44:
44:
44:
44:
44:
44:
44:
44:
44:
44:
44:
44:
44:
44:
44:
44:
44:
44:
44:
44:
44:
44:
44:
44:
44:
44:
44:
44:
44:
44:
44:
44:
44:
44:
44:
44:
44: 
44:
44:
44:
44:
44:
44: 
44:
44:
44: '
44:
44:
44: 
44:
44:
44:
44:
44:
44:
44:
44:
44:
44:
44: ���
44: 
44:
44:
44: '
44:
44:
44: 
44:
44:
44: 
44:
44:
44:
44:
44:
44:
44: ���
44: 
44:
44:
44: &
44:
44:
44:
44:
44:
44: 
44:
44:
44: 
44:
44:
44: 
44:
44:
44:
44:
44:
44:
44:
44:
44:
44:
44: %
44:
44:
44:
44:
44:
44:
44:
44:
44:
44: %
44:
44:
44:
44:
44:
44: 
44:
44:
44: +
44:
44:
44: 
44:
44:
44:
44:
44:
44:
44:
44:
44:
44:
44:
44:
44:
44:
44:
44:
44:
44:
44: %
44:
44:
44:
44:
44:
44: 
44:
44:
44: 
44:
44:
44: 
44:
44:
44:
44:
44:
44:
44:
44:
44:
44:
44: 
44:
44:
44:
44: <<<End ignore (EMF to stdout)
44: .....2: test_outfile: PASSED. (2 assertions)
44: Total 2 tests (639 assertions, 49 dataset items), all passed.
 44/119 Test  #44: emf-static .......................   Passed    0.01 sec
test 45
        Start  45: filemem

45: Test command: /app/build/backend/tests/test_filemem
45: Environment variables:
45:  CMAKE_CURRENT_SOURCE_DIR=/app/backend/tests
45:  LD_LIBRARY_PATH=/app/build/backend
45:  PATH=/app/build/frontend:/usr/local/sbin:/usr/local/bin:/usr/sbin:/usr/bin:/sbin:/bin
45: Test timeout computed to be: 10000000
45: _____1: test_file: ...
45: .....1: test_file: PASSED. (10 assertions, 2 dataset items)
45: _____2: test_putsf: ...
45: .....2: test_putsf: PASSED. (126 assertions, 24 dataset items)
45: _____3: test_printf: ...
45: .....3: test_printf: PASSED. (26 assertions)
45: _____4: test_seek: ...
45: .....4: test_seek: PASSED. (37 assertions)
45: _____5: test_large: ...
45: .....5: test_large: PASSED. (5 assertions)
45: Total 5 tests (204 assertions, 26 dataset items), all passed.
 45/119 Test  #45: filemem ..........................   Passed    0.08 sec
test 46
        Start  46: filemem-static

46: Test command: /app/build/backend/tests/test_filemem-static
46: Environment variables:
46:  CMAKE_CURRENT_SOURCE_DIR=/app/backend/tests
46:  LD_LIBRARY_PATH=/app/build/backend
46:  PATH=/app/build/frontend:/usr/local/sbin:/usr/local/bin:/usr/sbin:/usr/bin:/sbin:/bin
46: Test timeout computed to be: 10000000
46: _____1: test_file: ...
46: .....1: test_file: PASSED. (10 assertions, 2 dataset items)
46: _____2: test_putsf: ...
46: .....2: test_putsf: PASSED. (126 assertions, 24 dataset items)
46: _____3: test_printf: ...
46: .....3: test_printf: PASSED. (26 assertions)
46: _____4: test_seek: ...
46: .....4: test_seek: PASSED. (37 assertions)
46: _____5: test_large: ...
46: .....5: test_large: PASSED. (5 assertions)
46: Total 5 tests (204 assertions, 26 dataset items), all passed.
 46/119 Test  #46: filemem-static ...................   Passed    0.06 sec
test 47
        Start  47: gb18030

47: Test command: /app/build/backend/tests/test_gb18030
47: Environment variables:
47:  CMAKE_CURRENT_SOURCE_DIR=/app/backend/tests
47:  LD_LIBRARY_PATH=/app/build/backend
47:  PATH=/app/build/frontend:/usr/local/sbin:/usr/local/bin:/usr/sbin:/usr/bin:/sbin:/bin
47: Test timeout computed to be: 10000000
47: _____1: test_u_gb18030_int: ...
47: .....1: test_u_gb18030_int: PASSED. (193555 assertions, 64512 dataset items)
47: _____2: test_gb18030_utf8: ...
47: .....2: test_gb18030_utf8: PASSED. (47 assertions, 12 dataset items)
47: _____3: test_gb18030_utf8_to_eci: ...
47: .....3: test_gb18030_utf8_to_eci: PASSED. (294 assertions, 65 dataset items)
47: _____4: test_gb18030_cpy: ...
47: .....4: test_gb18030_cpy: PASSED. (39 assertions, 10 dataset items)
47: _____5: test_u_gbk_int: ...
47: .....5: test_u_gbk_int: PASSED. (85405 assertions, 63486 dataset items)
47: Total 5 tests (279340 assertions, 128085 dataset items), all passed.
 47/119 Test  #47: gb18030 ..........................   Passed    0.07 sec
test 48
        Start  48: gb18030-static

48: Test command: /app/build/backend/tests/test_gb18030-static
48: Environment variables:
48:  CMAKE_CURRENT_SOURCE_DIR=/app/backend/tests
48:  LD_LIBRARY_PATH=/app/build/backend
48:  PATH=/app/build/frontend:/usr/local/sbin:/usr/local/bin:/usr/sbin:/usr/bin:/sbin:/bin
48: Test timeout computed to be: 10000000
48: _____1: test_u_gb18030_int: ...
48: .....1: test_u_gb18030_int: PASSED. (193555 assertions, 64512 dataset items)
48: _____2: test_gb18030_utf8: ...
48: .....2: test_gb18030_utf8: PASSED. (47 assertions, 12 dataset items)
48: _____3: test_gb18030_utf8_to_eci: ...
48: .....3: test_gb18030_utf8_to_eci: PASSED. (294 assertions, 65 dataset items)
48: _____4: test_gb18030_cpy: ...
48: .....4: test_gb18030_cpy: PASSED. (39 assertions, 10 dataset items)
48: _____5: test_u_gbk_int: ...
48: .....5: test_u_gbk_int: PASSED. (85405 assertions, 63486 dataset items)
48: Total 5 tests (279340 assertions, 128085 dataset items), all passed.
 48/119 Test  #48: gb18030-static ...................   Passed    0.06 sec
test 49
        Start  49: gb2312

49: Test command: /app/build/backend/tests/test_gb2312
49: Environment variables:
49:  CMAKE_CURRENT_SOURCE_DIR=/app/backend/tests
49:  LD_LIBRARY_PATH=/app/build/backend
49:  PATH=/app/build/frontend:/usr/local/sbin:/usr/local/bin:/usr/sbin:/usr/bin:/sbin:/bin
49: Test timeout computed to be: 10000000
49: _____1: test_u_gb2312_int: ...
49: .....1: test_u_gb2312_int: PASSED. (71059 assertions, 63486 dataset items)
49: _____2: test_gb2312_utf8: ...
49: .....2: test_gb2312_utf8: PASSED. (30 assertions, 11 dataset items)
49: _____3: test_gb2312_utf8_to_eci: ...
49: .....3: test_gb2312_utf8_to_eci: PASSED. (197 assertions, 44 dataset items)
49: _____4: test_gb2312_cpy: ...
49: .....4: test_gb2312_cpy: PASSED. (34 assertions, 10 dataset items)
49: Total 4 tests (71320 assertions, 63551 dataset items), all passed.
 49/119 Test  #49: gb2312 ...........................   Passed    0.03 sec
test 50
        Start  50: gb2312-static

50: Test command: /app/build/backend/tests/test_gb2312-static
50: Environment variables:
50:  CMAKE_CURRENT_SOURCE_DIR=/app/backend/tests
50:  LD_LIBRARY_PATH=/app/build/backend
50:  PATH=/app/build/frontend:/usr/local/sbin:/usr/local/bin:/usr/sbin:/usr/bin:/sbin:/bin
50: Test timeout computed to be: 10000000
50: _____1: test_u_gb2312_int: ...
50: .....1: test_u_gb2312_int: PASSED. (71059 assertions, 63486 dataset items)
50: _____2: test_gb2312_utf8: ...
50: .....2: test_gb2312_utf8: PASSED. (30 assertions, 11 dataset items)
50: _____3: test_gb2312_utf8_to_eci: ...
50: .....3: test_gb2312_utf8_to_eci: PASSED. (197 assertions, 44 dataset items)
50: _____4: test_gb2312_cpy: ...
50: .....4: test_gb2312_cpy: PASSED. (34 assertions, 10 dataset items)
50: Total 4 tests (71320 assertions, 63551 dataset items), all passed.
 50/119 Test  #50: gb2312-static ....................   Passed    0.02 sec
test 51
        Start  51: gif

51: Test command: /app/build/backend/tests/test_gif
51: Environment variables:
51:  CMAKE_CURRENT_SOURCE_DIR=/app/backend/tests
51:  LD_LIBRARY_PATH=/app/build/backend
51:  PATH=/app/build/frontend:/usr/local/sbin:/usr/local/bin:/usr/sbin:/usr/bin:/sbin:/bin
51: Test timeout computed to be: 10000000
51: _____1: test_pixel_plot: ...
51: .....1: test_pixel_plot: PASSED. (55 assertions, 11 dataset items)
51: _____2: test_print: ...
51: .....2: test_print: PASSED. (481 assertions, 37 dataset items)
51: _____3: test_outfile: ...
51: GIF87a
51: 
51: �
51:
51: ������,
51:
51:
51:
51: 
51: 
51:
51: L
51: ; - ignore (GIF to stdout)
51: .....3: test_outfile: PASSED. (1 assertions)
51: _____4: test_large_scale: ...
51: .....4: test_large_scale: PASSED. (2 assertions)
51: _____5: test_too_big: ...
51: .....5: test_too_big: PASSED. (1 assertions)
51: Total 5 tests (540 assertions, 48 dataset items), all passed.
 51/119 Test  #51: gif ..............................   Passed    0.06 sec
test 52
        Start  52: gif-static

52: Test command: /app/build/backend/tests/test_gif-static
52: Environment variables:
52:  CMAKE_CURRENT_SOURCE_DIR=/app/backend/tests
52:  LD_LIBRARY_PATH=/app/build/backend
52:  PATH=/app/build/frontend:/usr/local/sbin:/usr/local/bin:/usr/sbin:/usr/bin:/sbin:/bin
52: Test timeout computed to be: 10000000
52: _____1: test_pixel_plot: ...
52: .....1: test_pixel_plot: PASSED. (55 assertions, 11 dataset items)
52: _____2: test_print: ...
52: .....2: test_print: PASSED. (481 assertions, 37 dataset items)
52: _____3: test_outfile: ...
52: GIF87a
52: 
52: �
52:
52: ������,
52:
52:
52:
52: 
52: 
52:
52: L
52: ; - ignore (GIF to stdout)
52: .....3: test_outfile: PASSED. (1 assertions)
52: _____4: test_large_scale: ...
52: .....4: test_large_scale: PASSED. (2 assertions)
52: _____5: test_too_big: ...
52: .....5: test_too_big: PASSED. (1 assertions)
52: Total 5 tests (540 assertions, 48 dataset items), all passed.
 52/119 Test  #52: gif-static .......................   Passed    0.06 sec
test 53
        Start  53: gridmtx

53: Test command: /app/build/backend/tests/test_gridmtx
53: Environment variables:
53:  CMAKE_CURRENT_SOURCE_DIR=/app/backend/tests
53:  LD_LIBRARY_PATH=/app/build/backend
53:  PATH=/app/build/frontend:/usr/local/sbin:/usr/local/bin:/usr/sbin:/usr/bin:/sbin:/bin
53: Test timeout computed to be: 10000000
53: _____1: test_large: ...
53: .....1: test_large: PASSED. (250 assertions, 42 dataset items)
53: _____2: test_options: ...
53: .....2: test_options: PASSED. (201 assertions, 25 dataset items)
53: _____3: test_input: ...
53: .....3: test_input: PASSED. (462 assertions, 116 dataset items)
53: _____4: test_encode: ...
53: .....4: test_encode: PASSED. (15 assertions, 3 dataset items)
53: _____5: test_encode_segs: ...
53: .....5: test_encode_segs: PASSED. (35 assertions, 7 dataset items)
53: _____6: test_rt: ...
53: .....6: test_rt: PASSED. (96 assertions, 16 dataset items)
53: _____7: test_rt_segs: ...
53: .....7: test_rt_segs: PASSED. (132 assertions, 12 dataset items)
53: Total 7 tests (1191 assertions, 221 dataset items), all passed.
 53/119 Test  #53: gridmtx ..........................   Passed    0.05 sec
test 54
        Start  54: gridmtx-static

54: Test command: /app/build/backend/tests/test_gridmtx-static
54: Environment variables:
54:  CMAKE_CURRENT_SOURCE_DIR=/app/backend/tests
54:  LD_LIBRARY_PATH=/app/build/backend
54:  PATH=/app/build/frontend:/usr/local/sbin:/usr/local/bin:/usr/sbin:/usr/bin:/sbin:/bin
54: Test timeout computed to be: 10000000
54: _____1: test_large: ...
54: .....1: test_large: PASSED. (250 assertions, 42 dataset items)
54: _____2: test_options: ...
54: .....2: test_options: PASSED. (201 assertions, 25 dataset items)
54: _____3: test_input: ...
54: .....3: test_input: PASSED. (462 assertions, 116 dataset items)
54: _____4: test_encode: ...
54: .....4: test_encode: PASSED. (15 assertions, 3 dataset items)
54: _____5: test_encode_segs: ...
54: .....5: test_encode_segs: PASSED. (35 assertions, 7 dataset items)
54: _____6: test_rt: ...
54: .....6: test_rt: PASSED. (96 assertions, 16 dataset items)
54: _____7: test_rt_segs: ...
54: .....7: test_rt_segs: PASSED. (132 assertions, 12 dataset items)
54: Total 7 tests (1191 assertions, 221 dataset items), all passed.
 54/119 Test  #54: gridmtx-static ...................   Passed    0.05 sec
test 55
        Start  55: gs1

55: Test command: /app/build/backend/tests/test_gs1
55: Environment variables:
55:  CMAKE_CURRENT_SOURCE_DIR=/app/backend/tests
55:  LD_LIBRARY_PATH=/app/build/backend
55:  PATH=/app/build/frontend:/usr/local/sbin:/usr/local/bin:/usr/sbin:/usr/bin:/sbin:/bin
55: Test timeout computed to be: 10000000
55: _____1: test_gs1_reduce: ...
55: .....1: test_gs1_reduce: PASSED. (137 assertions, 47 dataset items)
55: _____2: test_hrt: ...
55: .....2: test_hrt: PASSED. (712 assertions, 116 dataset items)
55: _____3: test_gs1_verify: ...
55: .....3: test_gs1_verify: PASSED. (3803 assertions, 1029 dataset items)
55: _____4: test_gs1_lint: ...
55: .....4: test_gs1_lint: PASSED. (3219 assertions, 653 dataset items)
55: _____5: test_input_mode: ...
55: .....5: test_input_mode: PASSED. (322 assertions, 147 dataset items)
55: _____6: test_gs1nocheck_mode: ...
55: .....6: test_gs1nocheck_mode: PASSED. (552 assertions, 184 dataset items)
55: Total 6 tests (8745 assertions, 2176 dataset items), all passed.
 55/119 Test  #55: gs1 ..............................   Passed    0.02 sec
test 56
        Start  56: gs1-static

56: Test command: /app/build/backend/tests/test_gs1-static
56: Environment variables:
56:  CMAKE_CURRENT_SOURCE_DIR=/app/backend/tests
56:  LD_LIBRARY_PATH=/app/build/backend
56:  PATH=/app/build/frontend:/usr/local/sbin:/usr/local/bin:/usr/sbin:/usr/bin:/sbin:/bin
56: Test timeout computed to be: 10000000
56: _____1: test_gs1_reduce: ...
56: .....1: test_gs1_reduce: PASSED. (137 assertions, 47 dataset items)
56: _____2: test_hrt: ...
56: .....2: test_hrt: PASSED. (712 assertions, 116 dataset items)
56: _____3: test_gs1_verify: ...
56: .....3: test_gs1_verify: PASSED. (3803 assertions, 1029 dataset items)
56: _____4: test_gs1_lint: ...
56: .....4: test_gs1_lint: PASSED. (3219 assertions, 653 dataset items)
56: _____5: test_input_mode: ...
56: .....5: test_input_mode: PASSED. (322 assertions, 147 dataset items)
56: _____6: test_gs1nocheck_mode: ...
56: .....6: test_gs1nocheck_mode: PASSED. (552 assertions, 184 dataset items)
56: Total 6 tests (8745 assertions, 2176 dataset items), all passed.
 56/119 Test  #56: gs1-static .......................   Passed    0.02 sec
test 57
        Start  57: gs1se

57: Test command: /app/build/backend/tests/test_gs1se
57: Environment variables:
57:  CMAKE_CURRENT_SOURCE_DIR=/app/backend/tests
57:  LD_LIBRARY_PATH=/app/build/backend
57:  PATH=/app/build/frontend:/usr/local/sbin:/usr/local/bin:/usr/sbin:/usr/bin:/sbin:/bin
57: Test timeout computed to be: 10000000
57: _____1: test_gs1_reduce: ...
57: .....1: test_gs1_reduce: PASSED. (98 assertions, 34 dataset items)
57: _____2: test_hrt: ...
57: .....2: test_hrt: PASSED. (426 assertions, 63 dataset items)
57: _____3: test_gs1_verify: ...
57: .....3: test_gs1_verify: PASSED. (191 assertions, 53 dataset items)
57: _____4: test_gs1_digital_link: ...
57: .....4: test_gs1_digital_link: PASSED. (89 assertions, 23 dataset items)
57: _____5: test_non_forced: ...
57: .....5: test_non_forced: PASSED. (240 assertions, 120 dataset items)
57: _____6: test_gs1_128_dbar_exp: ...
57: .....6: test_gs1_128_dbar_exp: PASSED. (222 assertions, 74 dataset items)
57: Total 6 tests (1266 assertions, 367 dataset items), all passed.
 57/119 Test  #57: gs1se ............................   Passed    0.02 sec
test 58
        Start  58: gs1se-static

58: Test command: /app/build/backend/tests/test_gs1se-static
58: Environment variables:
58:  CMAKE_CURRENT_SOURCE_DIR=/app/backend/tests
58:  LD_LIBRARY_PATH=/app/build/backend
58:  PATH=/app/build/frontend:/usr/local/sbin:/usr/local/bin:/usr/sbin:/usr/bin:/sbin:/bin
58: Test timeout computed to be: 10000000
58: _____1: test_gs1_reduce: ...
58: .....1: test_gs1_reduce: PASSED. (98 assertions, 34 dataset items)
58: _____2: test_hrt: ...
58: .....2: test_hrt: PASSED. (426 assertions, 63 dataset items)
58: _____3: test_gs1_verify: ...
58: .....3: test_gs1_verify: PASSED. (191 assertions, 53 dataset items)
58: _____4: test_gs1_digital_link: ...
58: .....4: test_gs1_digital_link: PASSED. (89 assertions, 23 dataset items)
58: _____5: test_non_forced: ...
58: .....5: test_non_forced: PASSED. (240 assertions, 120 dataset items)
58: _____6: test_gs1_128_dbar_exp: ...
58: .....6: test_gs1_128_dbar_exp: PASSED. (222 assertions, 74 dataset items)
58: Total 6 tests (1266 assertions, 367 dataset items), all passed.
 58/119 Test  #58: gs1se-static .....................   Passed    0.02 sec
test 59
        Start  59: hanxin

59: Test command: /app/build/backend/tests/test_hanxin
59: Environment variables:
59:  CMAKE_CURRENT_SOURCE_DIR=/app/backend/tests
59:  LD_LIBRARY_PATH=/app/build/backend
59:  PATH=/app/build/frontend:/usr/local/sbin:/usr/local/bin:/usr/sbin:/usr/bin:/sbin:/bin
59: Test timeout computed to be: 10000000
59: _____1: test_large: ...
59: .....1: test_large: PASSED. (110 assertions, 22 dataset items)
59: _____2: test_options: ...
59: .....2: test_options: PASSED. (138 assertions, 16 dataset items)
59: _____3: test_input: ...
59: .....3: test_input: PASSED. (350 assertions, 88 dataset items)
59: _____4: test_encode: ...
59: .....4: test_encode: PASSED. (430 assertions, 86 dataset items)
59: _____5: test_encode_segs: ...
59: .....5: test_encode_segs: PASSED. (35 assertions, 7 dataset items)
59: _____6: test_rt: ...
59: .....6: test_rt: PASSED. (96 assertions, 16 dataset items)
59: _____7: test_rt_segs: ...
59: .....7: test_rt_segs: PASSED. (136 assertions, 12 dataset items)
59: _____8: test_fuzz: ...
59: .....8: test_fuzz: PASSED. (2 assertions, 1 dataset items)
59: Total 8 tests (1297 assertions, 248 dataset items), all passed.
 59/119 Test  #59: hanxin ...........................   Passed    0.48 sec
test 60
        Start  60: hanxin-static

60: Test command: /app/build/backend/tests/test_hanxin-static
60: Environment variables:
60:  CMAKE_CURRENT_SOURCE_DIR=/app/backend/tests
60:  LD_LIBRARY_PATH=/app/build/backend
60:  PATH=/app/build/frontend:/usr/local/sbin:/usr/local/bin:/usr/sbin:/usr/bin:/sbin:/bin
60: Test timeout computed to be: 10000000
60: _____1: test_large: ...
60: .....1: test_large: PASSED. (110 assertions, 22 dataset items)
60: _____2: test_options: ...
60: .....2: test_options: PASSED. (138 assertions, 16 dataset items)
60: _____3: test_input: ...
60: .....3: test_input: PASSED. (350 assertions, 88 dataset items)
60: _____4: test_encode: ...
60: .....4: test_encode: PASSED. (430 assertions, 86 dataset items)
60: _____5: test_encode_segs: ...
60: .....5: test_encode_segs: PASSED. (35 assertions, 7 dataset items)
60: _____6: test_rt: ...
60: .....6: test_rt: PASSED. (96 assertions, 16 dataset items)
60: _____7: test_rt_segs: ...
60: .....7: test_rt_segs: PASSED. (136 assertions, 12 dataset items)
60: _____8: test_fuzz: ...
60: .....8: test_fuzz: PASSED. (2 assertions, 1 dataset items)
60: Total 8 tests (1297 assertions, 248 dataset items), all passed.
 60/119 Test  #60: hanxin-static ....................   Passed    0.46 sec
test 61
        Start  61: imail

61: Test command: /app/build/backend/tests/test_imail
61: Environment variables:
61:  CMAKE_CURRENT_SOURCE_DIR=/app/backend/tests
61:  LD_LIBRARY_PATH=/app/build/backend
61:  PATH=/app/build/frontend:/usr/local/sbin:/usr/local/bin:/usr/sbin:/usr/bin:/sbin:/bin
61: Test timeout computed to be: 10000000
61: _____1: test_csv: ...
61: .....1: test_csv: PASSED. (154387 assertions, 10000 dataset items)
61: _____2: test_hrt: ...
61: .....2: test_hrt: PASSED. (13 assertions, 2 dataset items)
61: _____3: test_input: ...
61: .....3: test_input: PASSED. (49 assertions, 13 dataset items)
61: _____4: test_encode: ...
61: .....4: test_encode: PASSED. (5 assertions, 1 dataset items)
61: Total 4 tests (154454 assertions, 10016 dataset items), all passed.
 61/119 Test  #61: imail ............................   Passed    0.05 sec
test 62
        Start  62: imail-static

62: Test command: /app/build/backend/tests/test_imail-static
62: Environment variables:
62:  CMAKE_CURRENT_SOURCE_DIR=/app/backend/tests
62:  LD_LIBRARY_PATH=/app/build/backend
62:  PATH=/app/build/frontend:/usr/local/sbin:/usr/local/bin:/usr/sbin:/usr/bin:/sbin:/bin
62: Test timeout computed to be: 10000000
62: _____1: test_csv: ...
62: .....1: test_csv: PASSED. (154387 assertions, 10000 dataset items)
62: _____2: test_hrt: ...
62: .....2: test_hrt: PASSED. (13 assertions, 2 dataset items)
62: _____3: test_input: ...
62: .....3: test_input: PASSED. (49 assertions, 13 dataset items)
62: _____4: test_encode: ...
62: .....4: test_encode: PASSED. (5 assertions, 1 dataset items)
62: Total 4 tests (154454 assertions, 10016 dataset items), all passed.
 62/119 Test  #62: imail-static .....................   Passed    0.04 sec
test 63
        Start  63: iso3166

63: Test command: /app/build/backend/tests/test_iso3166
63: Environment variables:
63:  CMAKE_CURRENT_SOURCE_DIR=/app/backend/tests
63:  LD_LIBRARY_PATH=/app/build/backend
63:  PATH=/app/build/frontend:/usr/local/sbin:/usr/local/bin:/usr/sbin:/usr/bin:/sbin:/bin
63: Test timeout computed to be: 10000000
63: _____1: test_numeric: ...
63: .....1: test_numeric: PASSED. (333 assertions, 333 dataset items)
63: _____2: test_alpha2: ...
63: .....2: test_alpha2: PASSED. (214 assertions, 214 dataset items)
63: _____3: test_numeric_bc: ...
63: .....3: test_numeric_bc: PASSED. (1001 assertions, 1001 dataset items)
63: _____4: test_alpha2_bc: ...
63: .....4: test_alpha2_bc: PASSED. (16384 assertions)
63: Total 4 tests (17932 assertions, 1548 dataset items), all passed.
 63/119 Test  #63: iso3166 ..........................   Passed    0.00 sec
test 64
        Start  64: iso3166-static

64: Test command: /app/build/backend/tests/test_iso3166-static
64: Environment variables:
64:  CMAKE_CURRENT_SOURCE_DIR=/app/backend/tests
64:  LD_LIBRARY_PATH=/app/build/backend
64:  PATH=/app/build/frontend:/usr/local/sbin:/usr/local/bin:/usr/sbin:/usr/bin:/sbin:/bin
64: Test timeout computed to be: 10000000
64: _____1: test_numeric: ...
64: .....1: test_numeric: PASSED. (333 assertions, 333 dataset items)
64: _____2: test_alpha2: ...
64: .....2: test_alpha2: PASSED. (214 assertions, 214 dataset items)
64: _____3: test_numeric_bc: ...
64: .....3: test_numeric_bc: PASSED. (1001 assertions, 1001 dataset items)
64: _____4: test_alpha2_bc: ...
64: .....4: test_alpha2_bc: PASSED. (16384 assertions)
64: Total 4 tests (17932 assertions, 1548 dataset items), all passed.
 64/119 Test  #64: iso3166-static ...................   Passed    0.00 sec
test 65
        Start  65: iso4217

65: Test command: /app/build/backend/tests/test_iso4217
65: Environment variables:
65:  CMAKE_CURRENT_SOURCE_DIR=/app/backend/tests
65:  LD_LIBRARY_PATH=/app/build/backend
65:  PATH=/app/build/frontend:/usr/local/sbin:/usr/local/bin:/usr/sbin:/usr/bin:/sbin:/bin
65: Test timeout computed to be: 10000000
65: _____1: test_numeric: ...
65: .....1: test_numeric: PASSED. (1003 assertions, 1003 dataset items)
65: _____2: test_numeric_bc: ...
65: .....2: test_numeric_bc: PASSED. (1001 assertions, 1001 dataset items)
65: Total 2 tests (2004 assertions, 2004 dataset items), all passed.
 65/119 Test  #65: iso4217 ..........................   Passed    0.00 sec
test 66
        Start  66: iso4217-static

66: Test command: /app/build/backend/tests/test_iso4217-static
66: Environment variables:
66:  CMAKE_CURRENT_SOURCE_DIR=/app/backend/tests
66:  LD_LIBRARY_PATH=/app/build/backend
66:  PATH=/app/build/frontend:/usr/local/sbin:/usr/local/bin:/usr/sbin:/usr/bin:/sbin:/bin
66: Test timeout computed to be: 10000000
66: _____1: test_numeric: ...
66: .....1: test_numeric: PASSED. (1003 assertions, 1003 dataset items)
66: _____2: test_numeric_bc: ...
66: .....2: test_numeric_bc: PASSED. (1001 assertions, 1001 dataset items)
66: Total 2 tests (2004 assertions, 2004 dataset items), all passed.
 66/119 Test  #66: iso4217-static ...................   Passed    0.00 sec
test 67
        Start  67: ksx1001

67: Test command: /app/build/backend/tests/test_ksx1001
67: Environment variables:
67:  CMAKE_CURRENT_SOURCE_DIR=/app/backend/tests
67:  LD_LIBRARY_PATH=/app/build/backend
67:  PATH=/app/build/frontend:/usr/local/sbin:/usr/local/bin:/usr/sbin:/usr/bin:/sbin:/bin
67: Test timeout computed to be: 10000000
67: _____1: test_u_ksx1001_int: ...
67: .....1: test_u_ksx1001_int: PASSED. (71841 assertions, 63486 dataset items)
67: Total 1 tests (71841 assertions, 63486 dataset items), all passed.
 67/119 Test  #67: ksx1001 ..........................   Passed    0.05 sec
test 68
        Start  68: ksx1001-static

68: Test command: /app/build/backend/tests/test_ksx1001-static
68: Environment variables:
68:  CMAKE_CURRENT_SOURCE_DIR=/app/backend/tests
68:  LD_LIBRARY_PATH=/app/build/backend
68:  PATH=/app/build/frontend:/usr/local/sbin:/usr/local/bin:/usr/sbin:/usr/bin:/sbin:/bin
68: Test timeout computed to be: 10000000
68: _____1: test_u_ksx1001_int: ...
68: .....1: test_u_ksx1001_int: PASSED. (71841 assertions, 63486 dataset items)
68: Total 1 tests (71841 assertions, 63486 dataset items), all passed.
 68/119 Test  #68: ksx1001-static ...................   Passed    0.06 sec
test 69
        Start  69: large

69: Test command: /app/build/backend/tests/test_large
69: Environment variables:
69:  CMAKE_CURRENT_SOURCE_DIR=/app/backend/tests
69:  LD_LIBRARY_PATH=/app/build/backend
69:  PATH=/app/build/frontend:/usr/local/sbin:/usr/local/bin:/usr/sbin:/usr/bin:/sbin:/bin
69: Test timeout computed to be: 10000000
69: _____1: test_clz_u64: ...
69: .....1: test_clz_u64: PASSED. (126 assertions, 126 dataset items)
69: _____2: test_load: ...
69: .....2: test_load: PASSED. (8 assertions, 4 dataset items)
69: _____3: test_load_str_u64: ...
69: .....3: test_load_str_u64: PASSED. (14 assertions, 7 dataset items)
69: _____4: test_add_u64: ...
69: .....4: test_add_u64: PASSED. (22 assertions, 11 dataset items)
69: _____5: test_sub_u64: ...
69: .....5: test_sub_u64: PASSED. (22 assertions, 11 dataset items)
69: _____6: test_mul_u64: ...
69: .....6: test_mul_u64: PASSED. (48 assertions, 24 dataset items)
69: _____7: test_div_u64: ...
69: .....7: test_div_u64: PASSED. (270 assertions, 90 dataset items)
69: _____8: test_unset_bit: ...
69: .....8: test_unset_bit: PASSED. (262 assertions, 131 dataset items)
69: _____9: test_uint_array: ...
69: .....9: test_uint_array: PASSED. (52 assertions, 33 dataset items)
69: _____10: test_dump: ...
69: .....10: test_dump: PASSED. (45 assertions, 45 dataset items)
69: Total 10 tests (869 assertions, 482 dataset items), all passed.
 69/119 Test  #69: large ............................   Passed    0.00 sec
test 70
        Start  70: large-static

70: Test command: /app/build/backend/tests/test_large-static
70: Environment variables:
70:  CMAKE_CURRENT_SOURCE_DIR=/app/backend/tests
70:  LD_LIBRARY_PATH=/app/build/backend
70:  PATH=/app/build/frontend:/usr/local/sbin:/usr/local/bin:/usr/sbin:/usr/bin:/sbin:/bin
70: Test timeout computed to be: 10000000
70: _____1: test_clz_u64: ...
70: .....1: test_clz_u64: PASSED. (126 assertions, 126 dataset items)
70: _____2: test_load: ...
70: .....2: test_load: PASSED. (8 assertions, 4 dataset items)
70: _____3: test_load_str_u64: ...
70: .....3: test_load_str_u64: PASSED. (14 assertions, 7 dataset items)
70: _____4: test_add_u64: ...
70: .....4: test_add_u64: PASSED. (22 assertions, 11 dataset items)
70: _____5: test_sub_u64: ...
70: .....5: test_sub_u64: PASSED. (22 assertions, 11 dataset items)
70: _____6: test_mul_u64: ...
70: .....6: test_mul_u64: PASSED. (48 assertions, 24 dataset items)
70: _____7: test_div_u64: ...
70: .....7: test_div_u64: PASSED. (270 assertions, 90 dataset items)
70: _____8: test_unset_bit: ...
70: .....8: test_unset_bit: PASSED. (262 assertions, 131 dataset items)
70: _____9: test_uint_array: ...
70: .....9: test_uint_array: PASSED. (52 assertions, 33 dataset items)
70: _____10: test_dump: ...
70: .....10: test_dump: PASSED. (45 assertions, 45 dataset items)
70: Total 10 tests (869 assertions, 482 dataset items), all passed.
 70/119 Test  #70: large-static .....................   Passed    0.00 sec
test 71
        Start  71: library

71: Test command: /app/build/backend/tests/test_library
71: Environment variables:
71:  CMAKE_CURRENT_SOURCE_DIR=/app/backend/tests
71:  LD_LIBRARY_PATH=/app/build/backend
71:  PATH=/app/build/frontend:/usr/local/sbin:/usr/local/bin:/usr/sbin:/usr/bin:/sbin:/bin
71: Test timeout computed to be: 10000000
71: _____1: test_checks: ...
71: .....1: test_checks: PASSED. (600 assertions, 150 dataset items)
71: _____2: test_checks_segs: ...
71: .....2: test_checks_segs: PASSED. (45 assertions, 15 dataset items)
71: _____3: test_input_data: ...
71: .....3: test_input_data: PASSED. (32 assertions, 7 dataset items)
71: _____4: test_symbologies: ...
71: .....4: test_symbologies: PASSED. (299 assertions, 149 dataset items)
71: _____5: test_input_mode: ...
71: .....5: test_input_mode: PASSED. (84 assertions, 21 dataset items)
71: _____6: test_escape_char_process: ...
71: .....6: test_escape_char_process: PASSED. (680 assertions, 85 dataset items)
71: _____7: test_escape_char_process_test: ...
71: .....7: test_escape_char_process_test: PASSED. (30 assertions, 5 dataset items)
71: _____8: test_cap: ...
71: .....8: test_cap: PASSED. (11 assertions, 11 dataset items)
71: _____9: test_cap_compliant_height: ...
71: .....9: test_cap_compliant_height: PASSED. (106 assertions, 106 dataset items)
71: _____10: test_cap_stackable: ...
71: .....10: test_cap_stackable: PASSED. (728 assertions, 104 dataset items)
71: _____11: test_bindable: ...
71: .....11: test_bindable: PASSED. (976 assertions, 104 dataset items)
71: _____12: test_encode_file_empty: ...
71: .....12: test_encode_file_empty: PASSED. (5 assertions)
71: _____13: test_encode_file_too_large: ...
71: .....13: test_encode_file_too_large: PASSED. (6 assertions)
71: _____14: test_encode_file_unreadable: ...
71: .....14: test_encode_file_unreadable: SKIPPED. Test not available as root. (0 assertions)
71: _____15: test_encode_file_directory: ...
71: .....15: test_encode_file_directory: PASSED. (4 assertions)
71: _____16: test_encode_file: ...
71: .....16: test_encode_file: PASSED. (13 assertions)
71: _____17: test_encode_print_outfile_directory: ...
71: .....17: test_encode_print_outfile_directory: PASSED. (5 assertions)
71: _____18: test_bad_args: ...
71: .....18: test_bad_args: PASSED. (74 assertions)
71: _____19: test_stacking: ...
71: .....19: test_stacking: PASSED. (206 assertions)
71: _____20: test_valid_id: ...
71: .....20: test_valid_id: PASSED. (483 assertions)
71: _____21: test_barcode_name: ...
71: .....21: test_barcode_name: PASSED. (644 assertions)
71: _____22: test_error_tag: ...
71: .....22: test_error_tag: PASSED. (60 assertions, 20 dataset items)
71: _____23: test_strip_bom: ...
71: .....23: test_strip_bom: PASSED. (4 assertions)
71: _____24: test_zero_outfile: ...
71: .....24: test_zero_outfile: PASSED. (8 assertions)
71: _____25: test_clear: ...
71: .....25: test_clear: PASSED. (39 assertions)
71: _____26: test_reset: ...
71: .....26: test_reset: PASSED. (78 assertions)
71: _____27: test_scale_from_xdimdp: ...
71: .....27: test_scale_from_xdimdp: PASSED. (232 assertions, 90 dataset items)
71: _____28: test_xdimdp_from_scale: ...
71: .....28: test_xdimdp_from_scale: PASSED. (54 assertions, 29 dataset items)
71: _____29: test_utf8_to_eci: ...
71: .....29: test_utf8_to_eci: PASSED. (233 assertions, 51 dataset items)
71: _____30: test_raw_text: ...
71: .....30: test_raw_text: PASSED. (696 assertions, 116 dataset items)
71: Total 30 tests, 1 skipped.
 71/119 Test  #71: library ..........................   Passed    0.07 sec
test 72
        Start  72: library-static

72: Test command: /app/build/backend/tests/test_library-static
72: Environment variables:
72:  CMAKE_CURRENT_SOURCE_DIR=/app/backend/tests
72:  LD_LIBRARY_PATH=/app/build/backend
72:  PATH=/app/build/frontend:/usr/local/sbin:/usr/local/bin:/usr/sbin:/usr/bin:/sbin:/bin
72: Test timeout computed to be: 10000000
72: _____1: test_checks: ...
72: .....1: test_checks: PASSED. (600 assertions, 150 dataset items)
72: _____2: test_checks_segs: ...
72: .....2: test_checks_segs: PASSED. (45 assertions, 15 dataset items)
72: _____3: test_input_data: ...
72: .....3: test_input_data: PASSED. (32 assertions, 7 dataset items)
72: _____4: test_symbologies: ...
72: .....4: test_symbologies: PASSED. (299 assertions, 149 dataset items)
72: _____5: test_input_mode: ...
72: .....5: test_input_mode: PASSED. (84 assertions, 21 dataset items)
72: _____6: test_escape_char_process: ...
72: .....6: test_escape_char_process: PASSED. (680 assertions, 85 dataset items)
72: _____7: test_escape_char_process_test: ...
72: .....7: test_escape_char_process_test: PASSED. (30 assertions, 5 dataset items)
72: _____8: test_cap: ...
72: .....8: test_cap: PASSED. (11 assertions, 11 dataset items)
72: _____9: test_cap_compliant_height: ...
72: .....9: test_cap_compliant_height: PASSED. (106 assertions, 106 dataset items)
72: _____10: test_cap_stackable: ...
72: .....10: test_cap_stackable: PASSED. (728 assertions, 104 dataset items)
72: _____11: test_bindable: ...
72: .....11: test_bindable: PASSED. (976 assertions, 104 dataset items)
72: _____12: test_encode_file_empty: ...
72: .....12: test_encode_file_empty: PASSED. (5 assertions)
72: _____13: test_encode_file_too_large: ...
72: .....13: test_encode_file_too_large: PASSED. (6 assertions)
72: _____14: test_encode_file_unreadable: ...
72: .....14: test_encode_file_unreadable: SKIPPED. Test not available as root. (0 assertions)
72: _____15: test_encode_file_directory: ...
72: .....15: test_encode_file_directory: PASSED. (4 assertions)
72: _____16: test_encode_file: ...
72: .....16: test_encode_file: PASSED. (13 assertions)
72: _____17: test_encode_print_outfile_directory: ...
72: .....17: test_encode_print_outfile_directory: PASSED. (5 assertions)
72: _____18: test_bad_args: ...
72: .....18: test_bad_args: PASSED. (74 assertions)
72: _____19: test_stacking: ...
72: .....19: test_stacking: PASSED. (206 assertions)
72: _____20: test_valid_id: ...
72: .....20: test_valid_id: PASSED. (483 assertions)
72: _____21: test_barcode_name: ...
72: .....21: test_barcode_name: PASSED. (644 assertions)
72: _____22: test_error_tag: ...
72: .....22: test_error_tag: PASSED. (60 assertions, 20 dataset items)
72: _____23: test_strip_bom: ...
72: .....23: test_strip_bom: PASSED. (4 assertions)
72: _____24: test_zero_outfile: ...
72: .....24: test_zero_outfile: PASSED. (8 assertions)
72: _____25: test_clear: ...
72: .....25: test_clear: PASSED. (39 assertions)
72: _____26: test_reset: ...
72: .....26: test_reset: PASSED. (78 assertions)
72: _____27: test_scale_from_xdimdp: ...
72: .....27: test_scale_from_xdimdp: PASSED. (232 assertions, 90 dataset items)
72: _____28: test_xdimdp_from_scale: ...
72: .....28: test_xdimdp_from_scale: PASSED. (54 assertions, 29 dataset items)
72: _____29: test_utf8_to_eci: ...
72: .....29: test_utf8_to_eci: PASSED. (233 assertions, 51 dataset items)
72: _____30: test_raw_text: ...
72: .....30: test_raw_text: PASSED. (696 assertions, 116 dataset items)
72: Total 30 tests, 1 skipped.
 72/119 Test  #72: library-static ...................   Passed    0.07 sec
test 73
        Start  73: mailmark

73: Test command: /app/build/backend/tests/test_mailmark
73: Environment variables:
73:  CMAKE_CURRENT_SOURCE_DIR=/app/backend/tests
73:  LD_LIBRARY_PATH=/app/build/backend
73:  PATH=/app/build/frontend:/usr/local/sbin:/usr/local/bin:/usr/sbin:/usr/bin:/sbin:/bin
73: Test timeout computed to be: 10000000
73: _____1: test_4s_hrt: ...
73: .....1: test_4s_hrt: PASSED. (65 assertions, 10 dataset items)
73: _____2: test_4s_input: ...
73: .....2: test_4s_input: PASSED. (148 assertions, 58 dataset items)
73: _____3: test_4s_encode_vector: ...
73: .....3: test_4s_encode_vector: PASSED. (120 assertions, 20 dataset items)
73: _____4: test_4s_encode: ...
73: .....4: test_4s_encode: PASSED. (5 assertions, 1 dataset items)
73: _____5: test_2d_input: ...
73: .....5: test_2d_input: PASSED. (254 assertions, 52 dataset items)
73: _____6: test_2d_encode: ...
73: .....6: test_2d_encode: PASSED. (30 assertions, 6 dataset items)
73: _____7: test_2d_rt: ...
73: .....7: test_2d_rt: PASSED. (12 assertions, 2 dataset items)
73: Total 7 tests (634 assertions, 149 dataset items), all passed.
 73/119 Test  #73: mailmark .........................   Passed    0.00 sec
test 74
        Start  74: mailmark-static

74: Test command: /app/build/backend/tests/test_mailmark-static
74: Environment variables:
74:  CMAKE_CURRENT_SOURCE_DIR=/app/backend/tests
74:  LD_LIBRARY_PATH=/app/build/backend
74:  PATH=/app/build/frontend:/usr/local/sbin:/usr/local/bin:/usr/sbin:/usr/bin:/sbin:/bin
74: Test timeout computed to be: 10000000
74: _____1: test_4s_hrt: ...
74: .....1: test_4s_hrt: PASSED. (65 assertions, 10 dataset items)
74: _____2: test_4s_input: ...
74: .....2: test_4s_input: PASSED. (148 assertions, 58 dataset items)
74: _____3: test_4s_encode_vector: ...
74: .....3: test_4s_encode_vector: PASSED. (120 assertions, 20 dataset items)
74: _____4: test_4s_encode: ...
74: .....4: test_4s_encode: PASSED. (5 assertions, 1 dataset items)
74: _____5: test_2d_input: ...
74: .....5: test_2d_input: PASSED. (254 assertions, 52 dataset items)
74: _____6: test_2d_encode: ...
74: .....6: test_2d_encode: PASSED. (30 assertions, 6 dataset items)
74: _____7: test_2d_rt: ...
74: .....7: test_2d_rt: PASSED. (12 assertions, 2 dataset items)
74: Total 7 tests (634 assertions, 149 dataset items), all passed.
 74/119 Test  #74: mailmark-static ..................   Passed    0.01 sec
test 75
        Start  75: maxicode

75: Test command: /app/build/backend/tests/test_maxicode
75: Environment variables:
75:  CMAKE_CURRENT_SOURCE_DIR=/app/backend/tests
75:  LD_LIBRARY_PATH=/app/build/backend
75:  PATH=/app/build/frontend:/usr/local/sbin:/usr/local/bin:/usr/sbin:/usr/bin:/sbin:/bin
75: Test timeout computed to be: 10000000
75: _____1: test_large: ...
75: .....1: test_large: PASSED. (191 assertions, 35 dataset items)
75: _____2: test_input: ...
75: .....2: test_input: PASSED. (489 assertions, 73 dataset items)
75: _____3: test_encode: ...
75: .....3: test_encode: PASSED. (115 assertions, 23 dataset items)
75: _____4: test_encode_segs: ...
75: .....4: test_encode_segs: PASSED. (70 assertions, 14 dataset items)
75: _____5: test_rt: ...
75: .....5: test_rt: PASSED. (60 assertions, 10 dataset items)
75: _____6: test_rt_segs: ...
75: .....6: test_rt_segs: PASSED. (68 assertions, 6 dataset items)
75: _____7: test_fuzz: ...
75: .....7: test_fuzz: PASSED. (12 assertions, 6 dataset items)
75: Total 7 tests (1005 assertions, 167 dataset items), all passed.
 75/119 Test  #75: maxicode .........................   Passed    0.01 sec
test 76
        Start  76: maxicode-static

76: Test command: /app/build/backend/tests/test_maxicode-static
76: Environment variables:
76:  CMAKE_CURRENT_SOURCE_DIR=/app/backend/tests
76:  LD_LIBRARY_PATH=/app/build/backend
76:  PATH=/app/build/frontend:/usr/local/sbin:/usr/local/bin:/usr/sbin:/usr/bin:/sbin:/bin
76: Test timeout computed to be: 10000000
76: _____1: test_large: ...
76: .....1: test_large: PASSED. (191 assertions, 35 dataset items)
76: _____2: test_input: ...
76: .....2: test_input: PASSED. (489 assertions, 73 dataset items)
76: _____3: test_encode: ...
76: .....3: test_encode: PASSED. (115 assertions, 23 dataset items)
76: _____4: test_encode_segs: ...
76: .....4: test_encode_segs: PASSED. (70 assertions, 14 dataset items)
76: _____5: test_rt: ...
76: .....5: test_rt: PASSED. (60 assertions, 10 dataset items)
76: _____6: test_rt_segs: ...
76: .....6: test_rt_segs: PASSED. (68 assertions, 6 dataset items)
76: _____7: test_fuzz: ...
76: .....7: test_fuzz: PASSED. (12 assertions, 6 dataset items)
76: Total 7 tests (1005 assertions, 167 dataset items), all passed.
 76/119 Test  #76: maxicode-static ..................   Passed    0.01 sec
test 77
        Start  77: medical

77: Test command: /app/build/backend/tests/test_medical
77: Environment variables:
77:  CMAKE_CURRENT_SOURCE_DIR=/app/backend/tests
77:  LD_LIBRARY_PATH=/app/build/backend
77:  PATH=/app/build/frontend:/usr/local/sbin:/usr/local/bin:/usr/sbin:/usr/bin:/sbin:/bin
77: Test timeout computed to be: 10000000
77: _____1: test_large: ...
77: .....1: test_large: PASSED. (60 assertions, 10 dataset items)
77: _____2: test_hrt: ...
77: .....2: test_hrt: PASSED. (195 assertions, 30 dataset items)
77: _____3: test_input: ...
77: .....3: test_input: PASSED. (99 assertions, 27 dataset items)
77: _____4: test_encode: ...
77: .....4: test_encode: PASSED. (55 assertions, 11 dataset items)
77: Total 4 tests (409 assertions, 78 dataset items), all passed.
 77/119 Test  #77: medical ..........................   Passed    0.00 sec
test 78
        Start  78: medical-static

78: Test command: /app/build/backend/tests/test_medical-static
78: Environment variables:
78:  CMAKE_CURRENT_SOURCE_DIR=/app/backend/tests
78:  LD_LIBRARY_PATH=/app/build/backend
78:  PATH=/app/build/frontend:/usr/local/sbin:/usr/local/bin:/usr/sbin:/usr/bin:/sbin:/bin
78: Test timeout computed to be: 10000000
78: _____1: test_large: ...
78: .....1: test_large: PASSED. (60 assertions, 10 dataset items)
78: _____2: test_hrt: ...
78: .....2: test_hrt: PASSED. (195 assertions, 30 dataset items)
78: _____3: test_input: ...
78: .....3: test_input: PASSED. (99 assertions, 27 dataset items)
78: _____4: test_encode: ...
78: .....4: test_encode: PASSED. (55 assertions, 11 dataset items)
78: Total 4 tests (409 assertions, 78 dataset items), all passed.
 78/119 Test  #78: medical-static ...................   Passed    0.00 sec
test 79
        Start  79: output

79: Test command: /app/build/backend/tests/test_output
79: Environment variables:
79:  CMAKE_CURRENT_SOURCE_DIR=/app/backend/tests
79:  LD_LIBRARY_PATH=/app/build/backend
79:  PATH=/app/build/frontend:/usr/local/sbin:/usr/local/bin:/usr/sbin:/usr/bin:/sbin:/bin
79: Test timeout computed to be: 10000000
79: _____1: test_check_colour_options: ...
79: .....1: test_check_colour_options: PASSED. (40 assertions, 20 dataset items)
79: _____2: test_colour_get_rgb: ...
79: .....2: test_colour_get_rgb: PASSED. (96 assertions, 12 dataset items)
79: _____3: test_colour_get_cmyk: ...
79: .....3: test_colour_get_cmyk: PASSED. (48 assertions, 6 dataset items)
79: _____4: test_quiet_zones: ...
79: .....4: test_quiet_zones: PASSED. (104 assertions, 106 dataset items)
79: _____5: test_set_whitespace_offsets: ...
79: .....5: test_set_whitespace_offsets: PASSED. (120 assertions, 12 dataset items)
79: _____6: test_fopen: ...
79: .....6: test_fopen: PASSED. (103 assertions, 16 dataset items)
79: Total 6 tests (511 assertions, 172 dataset items), all passed.
 79/119 Test  #79: output ...........................   Passed    0.00 sec
test 80
        Start  80: output-static

80: Test command: /app/build/backend/tests/test_output-static
80: Environment variables:
80:  CMAKE_CURRENT_SOURCE_DIR=/app/backend/tests
80:  LD_LIBRARY_PATH=/app/build/backend
80:  PATH=/app/build/frontend:/usr/local/sbin:/usr/local/bin:/usr/sbin:/usr/bin:/sbin:/bin
80: Test timeout computed to be: 10000000
80: _____1: test_check_colour_options: ...
80: .....1: test_check_colour_options: PASSED. (40 assertions, 20 dataset items)
80: _____2: test_colour_get_rgb: ...
80: .....2: test_colour_get_rgb: PASSED. (96 assertions, 12 dataset items)
80: _____3: test_colour_get_cmyk: ...
80: .....3: test_colour_get_cmyk: PASSED. (48 assertions, 6 dataset items)
80: _____4: test_quiet_zones: ...
80: .....4: test_quiet_zones: PASSED. (104 assertions, 106 dataset items)
80: _____5: test_set_whitespace_offsets: ...
80: .....5: test_set_whitespace_offsets: PASSED. (120 assertions, 12 dataset items)
80: _____6: test_fopen: ...
80: .....6: test_fopen: PASSED. (103 assertions, 16 dataset items)
80: Total 6 tests (511 assertions, 172 dataset items), all passed.
 80/119 Test  #80: output-static ....................   Passed    0.01 sec
test 81
        Start  81: pcx

81: Test command: /app/build/backend/tests/test_pcx
81: Environment variables:
81:  CMAKE_CURRENT_SOURCE_DIR=/app/backend/tests
81:  LD_LIBRARY_PATH=/app/build/backend
81:  PATH=/app/build/frontend:/usr/local/sbin:/usr/local/bin:/usr/sbin:/usr/bin:/sbin:/bin
81: Test timeout computed to be: 10000000
81: _____1: test_print: ...
81: .....1: test_print: PASSED. (65 assertions, 5 dataset items)
81: _____2: test_outfile: ...
81:
81: 
81:
81:
81:
81:
81:
81:
81:
81: ,,
81:
81:
81:
81:
81:
81:
81:
81:
81:
81:
81:
81:
81:
81:
81:
81:
81:
81:
81:
81:
81:
81:
81:
81:
81:
81:
81:
81:
81:
81:
81:
81:
81:
81:
81:
81:
81:
81:
81:
81:
81:
81:
81:
81:
81:
81:
81:
81:
81: 
81: 
81:
81:
81:
81:
81:
81:
81:
81:
81:
81:
81:
81:
81:
81:
81:
81:
81:
81:
81:
81:
81:
81:
81:
81:
81:
81:
81:
81:
81:
81:
81:
81:
81:
81:
81:
81:
81:
81:
81:
81:
81:
81:
81:
81:
81:
81:
81:
81:
81:
81:
81:
81:
81:
81:
81:
81:
81:
81:
81: ��
81: ��
81: ��
81:  - ignore (PCX to stdout)
81: .....2: test_outfile: PASSED. (1 assertions)
81: Total 2 tests (66 assertions, 5 dataset items), all passed.
 81/119 Test  #81: pcx ..............................   Passed    0.01 sec
test 82
        Start  82: pcx-static

82: Test command: /app/build/backend/tests/test_pcx-static
82: Environment variables:
82:  CMAKE_CURRENT_SOURCE_DIR=/app/backend/tests
82:  LD_LIBRARY_PATH=/app/build/backend
82:  PATH=/app/build/frontend:/usr/local/sbin:/usr/local/bin:/usr/sbin:/usr/bin:/sbin:/bin
82: Test timeout computed to be: 10000000
82: _____1: test_print: ...
82: .....1: test_print: PASSED. (65 assertions, 5 dataset items)
82: _____2: test_outfile: ...
82:
82: 
82:
82:
82:
82:
82:
82:
82:
82: ,,
82:
82:
82:
82:
82:
82:
82:
82:
82:
82:
82:
82:
82:
82:
82:
82:
82:
82:
82:
82:
82:
82:
82:
82:
82:
82:
82:
82:
82:
82:
82:
82:
82:
82:
82:
82:
82:
82:
82:
82:
82:
82:
82:
82:
82:
82:
82:
82:
82: 
82: 
82:
82:
82:
82:
82:
82:
82:
82:
82:
82:
82:
82:
82:
82:
82:
82:
82:
82:
82:
82:
82:
82:
82:
82:
82:
82:
82:
82:
82:
82:
82:
82:
82:
82:
82:
82:
82:
82:
82:
82:
82:
82:
82:
82:
82:
82:
82:
82:
82:
82:
82:
82:
82:
82:
82:
82:
82:
82:
82: ��
82: ��
82: ��
82:  - ignore (PCX to stdout)
82: .....2: test_outfile: PASSED. (1 assertions)
82: Total 2 tests (66 assertions, 5 dataset items), all passed.
 82/119 Test  #82: pcx-static .......................   Passed    0.01 sec
test 83
        Start  83: pdf417

83: Test command: /app/build/backend/tests/test_pdf417
83: Environment variables:
83:  CMAKE_CURRENT_SOURCE_DIR=/app/backend/tests
83:  LD_LIBRARY_PATH=/app/build/backend
83:  PATH=/app/build/frontend:/usr/local/sbin:/usr/local/bin:/usr/sbin:/usr/bin:/sbin:/bin
83: Test timeout computed to be: 10000000
83: _____1: test_large: ...
83: .....1: test_large: PASSED. (92 assertions, 12 dataset items)
83: _____2: test_options: ...
83: .....2: test_options: PASSED. (446 assertions, 51 dataset items)
83: _____3: test_reader_init: ...
83: .....3: test_reader_init: PASSED. (10 assertions, 2 dataset items)
83: _____4: test_input: ...
83: .....4: test_input: PASSED. (590 assertions, 84 dataset items)
83: _____5: test_encode: ...
83: .....5: test_encode: PASSED. (1361 assertions, 211 dataset items)
83: _____6: test_encode_segs: ...
83: .....6: test_encode_segs: PASSED. (259 assertions, 44 dataset items)
83: _____7: test_rt: ...
83: .....7: test_rt: PASSED. (156 assertions, 26 dataset items)
83: _____8: test_rt_segs: ...
83: .....8: test_rt_segs: PASSED. (156 assertions, 14 dataset items)
83: _____9: test_fuzz: ...
83: .....9: test_fuzz: PASSED. (64 assertions, 32 dataset items)
83: _____10: test_numbprocess: ...
83: .....10: test_numbprocess: PASSED. (517 assertions, 52 dataset items)
83: Total 10 tests (3651 assertions, 528 dataset items), all passed.
 83/119 Test  #83: pdf417 ...........................   Passed    0.14 sec
test 84
        Start  84: pdf417-static

84: Test command: /app/build/backend/tests/test_pdf417-static
84: Environment variables:
84:  CMAKE_CURRENT_SOURCE_DIR=/app/backend/tests
84:  LD_LIBRARY_PATH=/app/build/backend
84:  PATH=/app/build/frontend:/usr/local/sbin:/usr/local/bin:/usr/sbin:/usr/bin:/sbin:/bin
84: Test timeout computed to be: 10000000
84: _____1: test_large: ...
84: .....1: test_large: PASSED. (92 assertions, 12 dataset items)
84: _____2: test_options: ...
84: .....2: test_options: PASSED. (446 assertions, 51 dataset items)
84: _____3: test_reader_init: ...
84: .....3: test_reader_init: PASSED. (10 assertions, 2 dataset items)
84: _____4: test_input: ...
84: .....4: test_input: PASSED. (590 assertions, 84 dataset items)
84: _____5: test_encode: ...
84: .....5: test_encode: PASSED. (1361 assertions, 211 dataset items)
84: _____6: test_encode_segs: ...
84: .....6: test_encode_segs: PASSED. (259 assertions, 44 dataset items)
84: _____7: test_rt: ...
84: .....7: test_rt: PASSED. (156 assertions, 26 dataset items)
84: _____8: test_rt_segs: ...
84: .....8: test_rt_segs: PASSED. (156 assertions, 14 dataset items)
84: _____9: test_fuzz: ...
84: .....9: test_fuzz: PASSED. (64 assertions, 32 dataset items)
84: _____10: test_numbprocess: ...
84: .....10: test_numbprocess: PASSED. (517 assertions, 52 dataset items)
84: Total 10 tests (3651 assertions, 528 dataset items), all passed.
 84/119 Test  #84: pdf417-static ....................   Passed    0.19 sec
test 85
        Start  85: perf

85: Test command: /app/build/backend/tests/test_perf
85: Environment variables:
85:  CMAKE_CURRENT_SOURCE_DIR=/app/backend/tests
85:  LD_LIBRARY_PATH=/app/build/backend
85:  PATH=/app/build/frontend:/usr/local/sbin:/usr/local/bin:/usr/sbin:/usr/bin:/sbin:/bin
85: Test timeout computed to be: 10000000
85: ***No tests run.***
 85/119 Test  #85: perf .............................   Passed    0.00 sec
test 86
        Start  86: perf-static

86: Test command: /app/build/backend/tests/test_perf-static
86: Environment variables:
86:  CMAKE_CURRENT_SOURCE_DIR=/app/backend/tests
86:  LD_LIBRARY_PATH=/app/build/backend
86:  PATH=/app/build/frontend:/usr/local/sbin:/usr/local/bin:/usr/sbin:/usr/bin:/sbin:/bin
86: Test timeout computed to be: 10000000
86: ***No tests run.***
 86/119 Test  #86: perf-static ......................   Passed    0.00 sec
test 87
        Start  87: plessey

87: Test command: /app/build/backend/tests/test_plessey
87: Environment variables:
87:  CMAKE_CURRENT_SOURCE_DIR=/app/backend/tests
87:  LD_LIBRARY_PATH=/app/build/backend
87:  PATH=/app/build/frontend:/usr/local/sbin:/usr/local/bin:/usr/sbin:/usr/bin:/sbin:/bin
87: Test timeout computed to be: 10000000
87: _____1: test_large: ...
87: .....1: test_large: PASSED. (120 assertions, 20 dataset items)
87: _____2: test_hrt: ...
87: .....2: test_hrt: PASSED. (494 assertions, 76 dataset items)
87: _____3: test_input: ...
87: .....3: test_input: PASSED. (32 assertions, 6 dataset items)
87: _____4: test_encode: ...
87: .....4: test_encode: PASSED. (55 assertions, 11 dataset items)
87: Total 4 tests (701 assertions, 113 dataset items), all passed.
 87/119 Test  #87: plessey ..........................   Passed    0.00 sec
test 88
        Start  88: plessey-static

88: Test command: /app/build/backend/tests/test_plessey-static
88: Environment variables:
88:  CMAKE_CURRENT_SOURCE_DIR=/app/backend/tests
88:  LD_LIBRARY_PATH=/app/build/backend
88:  PATH=/app/build/frontend:/usr/local/sbin:/usr/local/bin:/usr/sbin:/usr/bin:/sbin:/bin
88: Test timeout computed to be: 10000000
88: _____1: test_large: ...
88: .....1: test_large: PASSED. (120 assertions, 20 dataset items)
88: _____2: test_hrt: ...
88: .....2: test_hrt: PASSED. (494 assertions, 76 dataset items)
88: _____3: test_input: ...
88: .....3: test_input: PASSED. (32 assertions, 6 dataset items)
88: _____4: test_encode: ...
88: .....4: test_encode: PASSED. (55 assertions, 11 dataset items)
88: Total 4 tests (701 assertions, 113 dataset items), all passed.
 88/119 Test  #88: plessey-static ...................   Passed    0.00 sec
test 89
        Start  89: png

89: Test command: /app/build/backend/tests/test_png
89: Environment variables:
89:  CMAKE_CURRENT_SOURCE_DIR=/app/backend/tests
89:  LD_LIBRARY_PATH=/app/build/backend
89:  PATH=/app/build/frontend:/usr/local/sbin:/usr/local/bin:/usr/sbin:/usr/bin:/sbin:/bin
89: Test timeout computed to be: 10000000
89: _____1: test_pixel_plot: ...
89: .....1: test_pixel_plot: PASSED. (35 assertions, 7 dataset items)
89: _____2: test_print: ...
89: .....2: test_print: PASSED. (1694 assertions, 121 dataset items)
89: _____3: test_outfile: ...
89: >>>Begin ignore (PNG to stdout)
89: �PNG
89: 
89:
89:
89:
89: IHDR
89:
89:
89: 
89:
89:
89: 
89:
89:
89: %�V�
89:
89:
89: PLTE������-
89: ��
89:
89:
89:
89: IDAT�ch
89:
89:
89: �
89: ��Cj�
89:
89:
89:
89: IEND�B`�
89: <<<End ignore (PNG to stdout)
89: .....3: test_outfile: PASSED. (1 assertions)
89: _____4: test_wpng_error_handler: ...
89: .....4: test_wpng_error_handler: PASSED. (8 assertions)
89: _____5: test_large_compliant_height: ...
89: .....5: test_large_compliant_height: PASSED. (4 assertions)
89: Total 5 tests (1742 assertions, 128 dataset items), all passed.
 89/119 Test  #89: png ..............................   Passed    0.15 sec
test 90
        Start  90: png-static

90: Test command: /app/build/backend/tests/test_png-static
90: Environment variables:
90:  CMAKE_CURRENT_SOURCE_DIR=/app/backend/tests
90:  LD_LIBRARY_PATH=/app/build/backend
90:  PATH=/app/build/frontend:/usr/local/sbin:/usr/local/bin:/usr/sbin:/usr/bin:/sbin:/bin
90: Test timeout computed to be: 10000000
90: _____1: test_pixel_plot: ...
90: .....1: test_pixel_plot: PASSED. (35 assertions, 7 dataset items)
90: _____2: test_print: ...
90: .....2: test_print: PASSED. (1694 assertions, 121 dataset items)
90: _____3: test_outfile: ...
90: >>>Begin ignore (PNG to stdout)
90: �PNG
90: 
90:
90:
90:
90: IHDR
90:
90:
90: 
90:
90:
90: 
90:
90:
90: %�V�
90:
90:
90: PLTE������-
90: ��
90:
90:
90:
90: IDAT�ch
90:
90:
90: �
90: ��Cj�
90:
90:
90:
90: IEND�B`�
90: <<<End ignore (PNG to stdout)
90: .....3: test_outfile: PASSED. (1 assertions)
90: _____4: test_wpng_error_handler: ...
90: .....4: test_wpng_error_handler: PASSED. (8 assertions)
90: _____5: test_large_compliant_height: ...
90: .....5: test_large_compliant_height: PASSED. (4 assertions)
90: Total 5 tests (1742 assertions, 128 dataset items), all passed.
 90/119 Test  #90: png-static .......................   Passed    0.19 sec
test 91
        Start  91: postal

91: Test command: /app/build/backend/tests/test_postal
91: Environment variables:
91:  CMAKE_CURRENT_SOURCE_DIR=/app/backend/tests
91:  LD_LIBRARY_PATH=/app/build/backend
91:  PATH=/app/build/frontend:/usr/local/sbin:/usr/local/bin:/usr/sbin:/usr/bin:/sbin:/bin
91: Test timeout computed to be: 10000000
91: _____1: test_large: ...
91: .....1: test_large: PASSED. (146 assertions, 28 dataset items)
91: _____2: test_koreapost: ...
91: .....2: test_koreapost: PASSED. (6 assertions, 1 dataset items)
91: _____3: test_japanpost: ...
91: .....3: test_japanpost: PASSED. (30 assertions, 5 dataset items)
91: _____4: test_hrt: ...
91: .....4: test_hrt: PASSED. (138 assertions, 21 dataset items)
91: _____5: test_input: ...
91: .....5: test_input: PASSED. (243 assertions, 47 dataset items)
91: _____6: test_encode: ...
91: .....6: test_encode: PASSED. (145 assertions, 29 dataset items)
91: Total 6 tests (708 assertions, 131 dataset items), all passed.
 91/119 Test  #91: postal ...........................   Passed    0.01 sec
test 92
        Start  92: postal-static

92: Test command: /app/build/backend/tests/test_postal-static
92: Environment variables:
92:  CMAKE_CURRENT_SOURCE_DIR=/app/backend/tests
92:  LD_LIBRARY_PATH=/app/build/backend
92:  PATH=/app/build/frontend:/usr/local/sbin:/usr/local/bin:/usr/sbin:/usr/bin:/sbin:/bin
92: Test timeout computed to be: 10000000
92: _____1: test_large: ...
92: .....1: test_large: PASSED. (146 assertions, 28 dataset items)
92: _____2: test_koreapost: ...
92: .....2: test_koreapost: PASSED. (6 assertions, 1 dataset items)
92: _____3: test_japanpost: ...
92: .....3: test_japanpost: PASSED. (30 assertions, 5 dataset items)
92: _____4: test_hrt: ...
92: .....4: test_hrt: PASSED. (138 assertions, 21 dataset items)
92: _____5: test_input: ...
92: .....5: test_input: PASSED. (243 assertions, 47 dataset items)
92: _____6: test_encode: ...
92: .....6: test_encode: PASSED. (145 assertions, 29 dataset items)
92: Total 6 tests (708 assertions, 131 dataset items), all passed.
 92/119 Test  #92: postal-static ....................   Passed    0.00 sec
test 93
        Start  93: print

93: Test command: /app/build/backend/tests/test_print
93: Environment variables:
93:  CMAKE_CURRENT_SOURCE_DIR=/app/backend/tests
93:  LD_LIBRARY_PATH=/app/build/backend
93:  PATH=/app/build/frontend:/usr/local/sbin:/usr/local/bin:/usr/sbin:/usr/bin:/sbin:/bin
93: Test timeout computed to be: 10000000
93: _____1: test_print: ...
93: .....1: test_print: PASSED. (331 assertions, 45 dataset items)
93: Total 1 tests (331 assertions, 45 dataset items), all passed.
 93/119 Test  #93: print ............................   Passed    0.03 sec
test 94
        Start  94: print-static

94: Test command: /app/build/backend/tests/test_print-static
94: Environment variables:
94:  CMAKE_CURRENT_SOURCE_DIR=/app/backend/tests
94:  LD_LIBRARY_PATH=/app/build/backend
94:  PATH=/app/build/frontend:/usr/local/sbin:/usr/local/bin:/usr/sbin:/usr/bin:/sbin:/bin
94: Test timeout computed to be: 10000000
94: _____1: test_print: ...
94: .....1: test_print: PASSED. (331 assertions, 45 dataset items)
94: Total 1 tests (331 assertions, 45 dataset items), all passed.
 94/119 Test  #94: print-static .....................   Passed    0.03 sec
test 95
        Start  95: ps

95: Test command: /app/build/backend/tests/test_ps
95: Environment variables:
95:  CMAKE_CURRENT_SOURCE_DIR=/app/backend/tests
95:  LD_LIBRARY_PATH=/app/build/backend
95:  PATH=/app/build/frontend:/usr/local/sbin:/usr/local/bin:/usr/sbin:/usr/bin:/sbin:/bin
95: Test timeout computed to be: 10000000
95: sh: 1: gs: not found
95: _____1: test_print: ...
95: .....1: test_print: PASSED. (952 assertions, 68 dataset items)
95: _____2: test_ps_convert: ...
95: .....2: test_ps_convert: PASSED. (1 assertions, 1 dataset items)
95: _____3: test_outfile: ...
95: >>>Begin ignore (EPS to stdout)
95: %!PS-Adobe-3.0 EPSF-3.0
95: %%Creator: Zint 2.15.0.9
95: %%Title: Zint Generated Symbol
95: %%Pages: 0
95: %%BoundingBox: 0 0 0 0
95: %%EndComments
95: /R { newpath 4 1 roll exch moveto 1 index 0 rlineto 0 exch rlineto neg 0 rlineto closepath fill } bind def
95: 0.94 0.94 0.94 setrgbcolor
95: 0 0 0 0 R
95: 0.94 0.94 0.94 setrgbcolor
95: <<<End ignore (EPS to stdout)
95: .....3: test_outfile: PASSED. (2 assertions)
95: Total 3 tests (955 assertions, 69 dataset items), all passed.
 95/119 Test  #95: ps ...............................   Passed    0.03 sec
test 96
        Start  96: ps-static

96: Test command: /app/build/backend/tests/test_ps-static
96: Environment variables:
96:  CMAKE_CURRENT_SOURCE_DIR=/app/backend/tests
96:  LD_LIBRARY_PATH=/app/build/backend
96:  PATH=/app/build/frontend:/usr/local/sbin:/usr/local/bin:/usr/sbin:/usr/bin:/sbin:/bin
96: Test timeout computed to be: 10000000
96: sh: 1: gs: not found
96: _____1: test_print: ...
96: .....1: test_print: PASSED. (952 assertions, 68 dataset items)
96: _____2: test_ps_convert: ...
96: .....2: test_ps_convert: PASSED. (1 assertions, 1 dataset items)
96: _____3: test_outfile: ...
96: >>>Begin ignore (EPS to stdout)
96: %!PS-Adobe-3.0 EPSF-3.0
96: %%Creator: Zint 2.15.0.9
96: %%Title: Zint Generated Symbol
96: %%Pages: 0
96: %%BoundingBox: 0 0 0 0
96: %%EndComments
96: /R { newpath 4 1 roll exch moveto 1 index 0 rlineto 0 exch rlineto neg 0 rlineto closepath fill } bind def
96: 0.94 0.94 0.94 setrgbcolor
96: 0 0 0 0 R
96: 0.94 0.94 0.94 setrgbcolor
96: <<<End ignore (EPS to stdout)
96: .....3: test_outfile: PASSED. (2 assertions)
96: Total 3 tests (955 assertions, 69 dataset items), all passed.
 96/119 Test  #96: ps-static ........................   Passed    0.02 sec
test 97
        Start  97: qr

97: Test command: /app/build/backend/tests/test_qr
97: Environment variables:
97:  CMAKE_CURRENT_SOURCE_DIR=/app/backend/tests
97:  LD_LIBRARY_PATH=/app/build/backend
97:  PATH=/app/build/frontend:/usr/local/sbin:/usr/local/bin:/usr/sbin:/usr/bin:/sbin:/bin
97: Test timeout computed to be: 10000000
97: _____1: test_qr_large: ...
97: .....1: test_qr_large: PASSED. (180 assertions, 18 dataset items)
97: _____2: test_qr_options: ...
97: .....2: test_qr_options: PASSED. (447 assertions, 51 dataset items)
97: _____3: test_qr_input: ...
97: .....3: test_qr_input: PASSED. (570 assertions, 145 dataset items)
97: _____4: test_qr_gs1: ...
97: .....4: test_qr_gs1: PASSED. (360 assertions, 120 dataset items)
97: _____5: test_qr_optimize: ...
97: .....5: test_qr_optimize: PASSED. (90 assertions, 30 dataset items)
97: _____6: test_qr_encode: ...
97: .....6: test_qr_encode: PASSED. (645 assertions, 129 dataset items)
97: _____7: test_qr_encode_segs: ...
97: .....7: test_qr_encode_segs: PASSED. (40 assertions, 8 dataset items)
97: _____8: test_qr_rt: ...
97: .....8: test_qr_rt: PASSED. (128 assertions, 21 dataset items)
97: _____9: test_qr_rt_segs: ...
97: .....9: test_qr_rt_segs: PASSED. (112 assertions, 10 dataset items)
97: _____10: test_microqr_options: ...
97: .....10: test_microqr_options: PASSED. (555 assertions, 67 dataset items)
97: _____11: test_microqr_input: ...
97: .....11: test_microqr_input: PASSED. (123 assertions, 41 dataset items)
97: _____12: test_microqr_padding: ...
97: .....12: test_microqr_padding: PASSED. (105 assertions, 35 dataset items)
97: _____13: test_microqr_optimize: ...
97: .....13: test_microqr_optimize: PASSED. (39 assertions, 13 dataset items)
97: _____14: test_microqr_encode: ...
97: .....14: test_microqr_encode: PASSED. (280 assertions, 56 dataset items)
97: _____15: test_microqr_rt: ...
97: .....15: test_microqr_rt: PASSED. (48 assertions, 8 dataset items)
97: _____16: test_upnqr_input: ...
97: .....16: test_upnqr_input: PASSED. (66 assertions, 10 dataset items)
97: _____17: test_upnqr_encode: ...
97: .....17: test_upnqr_encode: PASSED. (30 assertions, 6 dataset items)
97: _____18: test_upnqr_rt: ...
97: .....18: test_upnqr_rt: PASSED. (36 assertions, 6 dataset items)
97: _____19: test_rmqr_large: ...
97: .....19: test_rmqr_large: PASSED. (4096 assertions, 512 dataset items)
97: _____20: test_rmqr_options: ...
97: .....20: test_rmqr_options: PASSED. (646 assertions, 73 dataset items)
97: _____21: test_rmqr_input: ...
97: .....21: test_rmqr_input: PASSED. (458 assertions, 117 dataset items)
97: _____22: test_rmqr_gs1: ...
97: .....22: test_rmqr_gs1: PASSED. (45 assertions, 15 dataset items)
97: _____23: test_rmqr_optimize: ...
97: .....23: test_rmqr_optimize: PASSED. (66 assertions, 22 dataset items)
97: _____24: test_rmqr_encode: ...
97: .....24: test_rmqr_encode: PASSED. (145 assertions, 29 dataset items)
97: _____25: test_rmqr_encode_segs: ...
97: .....25: test_rmqr_encode_segs: PASSED. (35 assertions, 7 dataset items)
97: _____26: test_rmqr_rt: ...
97: .....26: test_rmqr_rt: PASSED. (120 assertions, 20 dataset items)
97: _____27: test_rmqr_rt_segs: ...
97: .....27: test_rmqr_rt_segs: PASSED. (92 assertions, 8 dataset items)
97: _____28: test_fuzz: ...
97: .....28: test_fuzz: PASSED. (6 assertions, 3 dataset items)
97: Total 28 tests (9563 assertions, 1580 dataset items), all passed.
 97/119 Test  #97: qr ...............................   Passed    0.51 sec
test 98
        Start  98: qr-static

98: Test command: /app/build/backend/tests/test_qr-static
98: Environment variables:
98:  CMAKE_CURRENT_SOURCE_DIR=/app/backend/tests
98:  LD_LIBRARY_PATH=/app/build/backend
98:  PATH=/app/build/frontend:/usr/local/sbin:/usr/local/bin:/usr/sbin:/usr/bin:/sbin:/bin
98: Test timeout computed to be: 10000000
98: _____1: test_qr_large: ...
98: .....1: test_qr_large: PASSED. (180 assertions, 18 dataset items)
98: _____2: test_qr_options: ...
98: .....2: test_qr_options: PASSED. (447 assertions, 51 dataset items)
98: _____3: test_qr_input: ...
98: .....3: test_qr_input: PASSED. (570 assertions, 145 dataset items)
98: _____4: test_qr_gs1: ...
98: .....4: test_qr_gs1: PASSED. (360 assertions, 120 dataset items)
98: _____5: test_qr_optimize: ...
98: .....5: test_qr_optimize: PASSED. (90 assertions, 30 dataset items)
98: _____6: test_qr_encode: ...
98: .....6: test_qr_encode: PASSED. (645 assertions, 129 dataset items)
98: _____7: test_qr_encode_segs: ...
98: .....7: test_qr_encode_segs: PASSED. (40 assertions, 8 dataset items)
98: _____8: test_qr_rt: ...
98: .....8: test_qr_rt: PASSED. (128 assertions, 21 dataset items)
98: _____9: test_qr_rt_segs: ...
98: .....9: test_qr_rt_segs: PASSED. (112 assertions, 10 dataset items)
98: _____10: test_microqr_options: ...
98: .....10: test_microqr_options: PASSED. (555 assertions, 67 dataset items)
98: _____11: test_microqr_input: ...
98: .....11: test_microqr_input: PASSED. (123 assertions, 41 dataset items)
98: _____12: test_microqr_padding: ...
98: .....12: test_microqr_padding: PASSED. (105 assertions, 35 dataset items)
98: _____13: test_microqr_optimize: ...
98: .....13: test_microqr_optimize: PASSED. (39 assertions, 13 dataset items)
98: _____14: test_microqr_encode: ...
98: .....14: test_microqr_encode: PASSED. (280 assertions, 56 dataset items)
98: _____15: test_microqr_rt: ...
98: .....15: test_microqr_rt: PASSED. (48 assertions, 8 dataset items)
98: _____16: test_upnqr_input: ...
98: .....16: test_upnqr_input: PASSED. (66 assertions, 10 dataset items)
98: _____17: test_upnqr_encode: ...
98: .....17: test_upnqr_encode: PASSED. (30 assertions, 6 dataset items)
98: _____18: test_upnqr_rt: ...
98: .....18: test_upnqr_rt: PASSED. (36 assertions, 6 dataset items)
98: _____19: test_rmqr_large: ...
98: .....19: test_rmqr_large: PASSED. (4096 assertions, 512 dataset items)
98: _____20: test_rmqr_options: ...
98: .....20: test_rmqr_options: PASSED. (646 assertions, 73 dataset items)
98: _____21: test_rmqr_input: ...
98: .....21: test_rmqr_input: PASSED. (458 assertions, 117 dataset items)
98: _____22: test_rmqr_gs1: ...
98: .....22: test_rmqr_gs1: PASSED. (45 assertions, 15 dataset items)
98: _____23: test_rmqr_optimize: ...
98: .....23: test_rmqr_optimize: PASSED. (66 assertions, 22 dataset items)
98: _____24: test_rmqr_encode: ...
98: .....24: test_rmqr_encode: PASSED. (145 assertions, 29 dataset items)
98: _____25: test_rmqr_encode_segs: ...
98: .....25: test_rmqr_encode_segs: PASSED. (35 assertions, 7 dataset items)
98: _____26: test_rmqr_rt: ...
98: .....26: test_rmqr_rt: PASSED. (120 assertions, 20 dataset items)
98: _____27: test_rmqr_rt_segs: ...
98: .....27: test_rmqr_rt_segs: PASSED. (92 assertions, 8 dataset items)
98: _____28: test_fuzz: ...
98: .....28: test_fuzz: PASSED. (6 assertions, 3 dataset items)
98: Total 28 tests (9563 assertions, 1580 dataset items), all passed.
 98/119 Test  #98: qr-static ........................   Passed    0.57 sec
test 99
        Start  99: raster

99: Test command: /app/build/backend/tests/test_raster
99: Environment variables:
99:  CMAKE_CURRENT_SOURCE_DIR=/app/backend/tests
99:  LD_LIBRARY_PATH=/app/build/backend
99:  PATH=/app/build/frontend:/usr/local/sbin:/usr/local/bin:/usr/sbin:/usr/bin:/sbin:/bin
99: Test timeout computed to be: 10000000
99: _____1: test_options: ...
99: .....1: test_options: PASSED. (34 assertions, 9 dataset items)
99: _____2: test_buffer: ...
99: .....2: test_buffer: PASSED. (2646 assertions, 294 dataset items)
99: _____3: test_upcean_hrt: ...
99: .....3: test_upcean_hrt: PASSED. (1286 assertions, 122 dataset items)
99: _____4: test_row_separator: ...
99: .....4: test_row_separator: PASSED. (119 assertions, 9 dataset items)
99: _____5: test_stacking: ...
99: .....5: test_stacking: PASSED. (40 assertions, 3 dataset items)
99: _____6: test_stacking_too_many: ...
99: .....6: test_stacking_too_many: PASSED. (204 assertions)
99: _____7: test_output_options: ...
99: .....7: test_output_options: PASSED. (1040 assertions, 96 dataset items)
99: _____8: test_draw_string_wrap: ...
99: .....8: test_draw_string_wrap: PASSED. (36 assertions, 3 dataset items)
99: _____9: test_code128_utf8: ...
99: .....9: test_code128_utf8: PASSED. (12 assertions, 1 dataset items)
99: _____10: test_scale: ...
99: .....10: test_scale: PASSED. (4415 assertions, 87 dataset items)
99: _____11: test_guard_descent: ...
99: .....11: test_guard_descent: PASSED. (1042 assertions, 42 dataset items)
99: _____12: test_quiet_zones: ...
99: .....12: test_quiet_zones: PASSED. (27821 assertions, 335 dataset items)
99: _____13: test_text_gap: ...
99: .....13: test_text_gap: PASSED. (1602 assertions, 58 dataset items)
99: _____14: test_buffer_plot: ...
99: .....14: test_buffer_plot: PASSED. (66 assertions, 6 dataset items)
99: _____15: test_height: ...
99: .....15: test_height: PASSED. (6540 assertions, 654 dataset items)
99: _____16: test_height_per_row: ...
99: .....16: test_height_per_row: PASSED. (729 assertions, 81 dataset items)
99: _____17: test_hrt_raw_text: ...
99: .....17: test_hrt_raw_text: PASSED. (231 assertions, 22 dataset items)
99: Total 17 tests (47863 assertions, 1822 dataset items), all passed.
 99/119 Test  #99: raster ...........................   Passed    0.14 sec
test 100
        Start 100: raster-static

100: Test command: /app/build/backend/tests/test_raster-static
100: Environment variables:
100:  CMAKE_CURRENT_SOURCE_DIR=/app/backend/tests
100:  LD_LIBRARY_PATH=/app/build/backend
100:  PATH=/app/build/frontend:/usr/local/sbin:/usr/local/bin:/usr/sbin:/usr/bin:/sbin:/bin
100: Test timeout computed to be: 10000000
100: _____1: test_options: ...
100: .....1: test_options: PASSED. (34 assertions, 9 dataset items)
100: _____2: test_buffer: ...
100: .....2: test_buffer: PASSED. (2646 assertions, 294 dataset items)
100: _____3: test_upcean_hrt: ...
100: .....3: test_upcean_hrt: PASSED. (1286 assertions, 122 dataset items)
100: _____4: test_row_separator: ...
100: .....4: test_row_separator: PASSED. (119 assertions, 9 dataset items)
100: _____5: test_stacking: ...
100: .....5: test_stacking: PASSED. (40 assertions, 3 dataset items)
100: _____6: test_stacking_too_many: ...
100: .....6: test_stacking_too_many: PASSED. (204 assertions)
100: _____7: test_output_options: ...
100: .....7: test_output_options: PASSED. (1040 assertions, 96 dataset items)
100: _____8: test_draw_string_wrap: ...
100: .....8: test_draw_string_wrap: PASSED. (36 assertions, 3 dataset items)
100: _____9: test_code128_utf8: ...
100: .....9: test_code128_utf8: PASSED. (12 assertions, 1 dataset items)
100: _____10: test_scale: ...
100: .....10: test_scale: PASSED. (4415 assertions, 87 dataset items)
100: _____11: test_guard_descent: ...
100: .....11: test_guard_descent: PASSED. (1042 assertions, 42 dataset items)
100: _____12: test_quiet_zones: ...
100: .....12: test_quiet_zones: PASSED. (27821 assertions, 335 dataset items)
100: _____13: test_text_gap: ...
100: .....13: test_text_gap: PASSED. (1602 assertions, 58 dataset items)
100: _____14: test_buffer_plot: ...
100: .....14: test_buffer_plot: PASSED. (66 assertions, 6 dataset items)
100: _____15: test_height: ...
100: .....15: test_height: PASSED. (6540 assertions, 654 dataset items)
100: _____16: test_height_per_row: ...
100: .....16: test_height_per_row: PASSED. (729 assertions, 81 dataset items)
100: _____17: test_hrt_raw_text: ...
100: .....17: test_hrt_raw_text: PASSED. (231 assertions, 22 dataset items)
100: Total 17 tests (47863 assertions, 1822 dataset items), all passed.
100/119 Test #100: raster-static ....................   Passed    0.15 sec
test 101
        Start 101: reedsol

101: Test command: /app/build/backend/tests/test_reedsol
101: Environment variables:
101:  CMAKE_CURRENT_SOURCE_DIR=/app/backend/tests
101:  LD_LIBRARY_PATH=/app/build/backend
101:  PATH=/app/build/frontend:/usr/local/sbin:/usr/local/bin:/usr/sbin:/usr/bin:/sbin:/bin
101: Test timeout computed to be: 10000000
101: _____1: test_encoding: ...
101: .....1: test_encoding: PASSED. (469 assertions, 19 dataset items)
101: _____2: test_encoding_uint: ...
101: .....2: test_encoding_uint: PASSED. (469 assertions, 19 dataset items)
101: _____3: test_uint_encoding: ...
101: .....3: test_uint_encoding: PASSED. (544 assertions, 4 dataset items)
101: Total 3 tests (1482 assertions, 42 dataset items), all passed.
101/119 Test #101: reedsol ..........................   Passed    0.01 sec
test 102
        Start 102: reedsol-static

102: Test command: /app/build/backend/tests/test_reedsol-static
102: Environment variables:
102:  CMAKE_CURRENT_SOURCE_DIR=/app/backend/tests
102:  LD_LIBRARY_PATH=/app/build/backend
102:  PATH=/app/build/frontend:/usr/local/sbin:/usr/local/bin:/usr/sbin:/usr/bin:/sbin:/bin
102: Test timeout computed to be: 10000000
102: _____1: test_encoding: ...
102: .....1: test_encoding: PASSED. (469 assertions, 19 dataset items)
102: _____2: test_encoding_uint: ...
102: .....2: test_encoding_uint: PASSED. (469 assertions, 19 dataset items)
102: _____3: test_uint_encoding: ...
102: .....3: test_uint_encoding: PASSED. (544 assertions, 4 dataset items)
102: Total 3 tests (1482 assertions, 42 dataset items), all passed.
102/119 Test #102: reedsol-static ...................   Passed    0.00 sec
test 103
        Start 103: rss

103: Test command: /app/build/backend/tests/test_rss
103: Environment variables:
103:  CMAKE_CURRENT_SOURCE_DIR=/app/backend/tests
103:  LD_LIBRARY_PATH=/app/build/backend
103:  PATH=/app/build/frontend:/usr/local/sbin:/usr/local/bin:/usr/sbin:/usr/bin:/sbin:/bin
103: Test timeout computed to be: 10000000
103: _____1: test_binary_div_modulo_divisor: ...
103: .....1: test_binary_div_modulo_divisor: PASSED. (450 assertions, 75 dataset items)
103: _____2: test_examples: ...
103: .....2: test_examples: PASSED. (505 assertions, 101 dataset items)
103: _____3: test_general_field: ...
103: .....3: test_general_field: PASSED. (230 assertions, 46 dataset items)
103: _____4: test_binary_buffer_size: ...
103: .....4: test_binary_buffer_size: PASSED. (72 assertions, 12 dataset items)
103: _____5: test_hrt: ...
103: .....5: test_hrt: PASSED. (117 assertions, 18 dataset items)
103: _____6: test_input: ...
103: .....6: test_input: PASSED. (873 assertions, 147 dataset items)
103: Total 6 tests (2247 assertions, 399 dataset items), all passed.
103/119 Test #103: rss ..............................   Passed    0.01 sec
test 104
        Start 104: rss-static

104: Test command: /app/build/backend/tests/test_rss-static
104: Environment variables:
104:  CMAKE_CURRENT_SOURCE_DIR=/app/backend/tests
104:  LD_LIBRARY_PATH=/app/build/backend
104:  PATH=/app/build/frontend:/usr/local/sbin:/usr/local/bin:/usr/sbin:/usr/bin:/sbin:/bin
104: Test timeout computed to be: 10000000
104: _____1: test_binary_div_modulo_divisor: ...
104: .....1: test_binary_div_modulo_divisor: PASSED. (450 assertions, 75 dataset items)
104: _____2: test_examples: ...
104: .....2: test_examples: PASSED. (505 assertions, 101 dataset items)
104: _____3: test_general_field: ...
104: .....3: test_general_field: PASSED. (230 assertions, 46 dataset items)
104: _____4: test_binary_buffer_size: ...
104: .....4: test_binary_buffer_size: PASSED. (72 assertions, 12 dataset items)
104: _____5: test_hrt: ...
104: .....5: test_hrt: PASSED. (117 assertions, 18 dataset items)
104: _____6: test_input: ...
104: .....6: test_input: PASSED. (873 assertions, 147 dataset items)
104: Total 6 tests (2247 assertions, 399 dataset items), all passed.
104/119 Test #104: rss-static .......................   Passed    0.01 sec
test 105
        Start 105: sjis

105: Test command: /app/build/backend/tests/test_sjis
105: Environment variables:
105:  CMAKE_CURRENT_SOURCE_DIR=/app/backend/tests
105:  LD_LIBRARY_PATH=/app/build/backend
105:  PATH=/app/build/frontend:/usr/local/sbin:/usr/local/bin:/usr/sbin:/usr/bin:/sbin:/bin
105: Test timeout computed to be: 10000000
105: _____1: test_u_sjis_int: ...
105: .....1: test_u_sjis_int: PASSED. (72436 assertions, 63486 dataset items)
105: _____2: test_sjis_utf8: ...
105: .....2: test_sjis_utf8: PASSED. (24 assertions, 7 dataset items)
105: _____3: test_sjis_utf8_to_eci: ...
105: .....3: test_sjis_utf8_to_eci: PASSED. (157 assertions, 37 dataset items)
105: _____4: test_sjis_cpy: ...
105: .....4: test_sjis_cpy: PASSED. (46 assertions, 9 dataset items)
105: Total 4 tests (72663 assertions, 63539 dataset items), all passed.
105/119 Test #105: sjis .............................   Passed    0.03 sec
test 106
        Start 106: sjis-static

106: Test command: /app/build/backend/tests/test_sjis-static
106: Environment variables:
106:  CMAKE_CURRENT_SOURCE_DIR=/app/backend/tests
106:  LD_LIBRARY_PATH=/app/build/backend
106:  PATH=/app/build/frontend:/usr/local/sbin:/usr/local/bin:/usr/sbin:/usr/bin:/sbin:/bin
106: Test timeout computed to be: 10000000
106: _____1: test_u_sjis_int: ...
106: .....1: test_u_sjis_int: PASSED. (72436 assertions, 63486 dataset items)
106: _____2: test_sjis_utf8: ...
106: .....2: test_sjis_utf8: PASSED. (24 assertions, 7 dataset items)
106: _____3: test_sjis_utf8_to_eci: ...
106: .....3: test_sjis_utf8_to_eci: PASSED. (157 assertions, 37 dataset items)
106: _____4: test_sjis_cpy: ...
106: .....4: test_sjis_cpy: PASSED. (46 assertions, 9 dataset items)
106: Total 4 tests (72663 assertions, 63539 dataset items), all passed.
106/119 Test #106: sjis-static ......................   Passed    0.03 sec
test 107
        Start 107: svg

107: Test command: /app/build/backend/tests/test_svg
107: Environment variables:
107:  CMAKE_CURRENT_SOURCE_DIR=/app/backend/tests
107:  LD_LIBRARY_PATH=/app/build/backend
107:  PATH=/app/build/frontend:/usr/local/sbin:/usr/local/bin:/usr/sbin:/usr/bin:/sbin:/bin
107: Test timeout computed to be: 10000000
107: _____1: test_print: ...
107: .....1: test_print: PASSED. (1568 assertions, 112 dataset items)
107: _____2: test_outfile: ...
107: >>>Begin ignore (SVG to stdout)
107: <?xml version="1.0" standalone="no"?>
107: <!DOCTYPE svg PUBLIC "-//W3C//DTD SVG 1.1//EN" "http://www.w3.org/Graphics/SVG/1.1/DTD/svg11.dtd">
107: <svg width="0" height="0" version="1.1" xmlns="http://www.w3.org/2000/svg">
107:  <desc>Zint Generated Symbol</desc>
107:  <g id="barcode" fill="#EFEFEF">
107:   <rect x="0" y="0" width="0" height="0" fill="#EFEFEF"/>
107:  </g>
107: </svg>
107: <<<End ignore (SVG to stdout)
107: .....2: test_outfile: PASSED. (2 assertions)
107: Total 2 tests (1570 assertions, 112 dataset items), all passed.
107/119 Test #107: svg ..............................   Passed    0.08 sec
test 108
        Start 108: svg-static

108: Test command: /app/build/backend/tests/test_svg-static
108: Environment variables:
108:  CMAKE_CURRENT_SOURCE_DIR=/app/backend/tests
108:  LD_LIBRARY_PATH=/app/build/backend
108:  PATH=/app/build/frontend:/usr/local/sbin:/usr/local/bin:/usr/sbin:/usr/bin:/sbin:/bin
108: Test timeout computed to be: 10000000
108: _____1: test_print: ...
108: .....1: test_print: PASSED. (1568 assertions, 112 dataset items)
108: _____2: test_outfile: ...
108: >>>Begin ignore (SVG to stdout)
108: <?xml version="1.0" standalone="no"?>
108: <!DOCTYPE svg PUBLIC "-//W3C//DTD SVG 1.1//EN" "http://www.w3.org/Graphics/SVG/1.1/DTD/svg11.dtd">
108: <svg width="0" height="0" version="1.1" xmlns="http://www.w3.org/2000/svg">
108:  <desc>Zint Generated Symbol</desc>
108:  <g id="barcode" fill="#EFEFEF">
108:   <rect x="0" y="0" width="0" height="0" fill="#EFEFEF"/>
108:  </g>
108: </svg>
108: <<<End ignore (SVG to stdout)
108: .....2: test_outfile: PASSED. (2 assertions)
108: Total 2 tests (1570 assertions, 112 dataset items), all passed.
108/119 Test #108: svg-static .......................   Passed    0.06 sec
test 109
        Start 109: telepen

109: Test command: /app/build/backend/tests/test_telepen
109: Environment variables:
109:  CMAKE_CURRENT_SOURCE_DIR=/app/backend/tests
109:  LD_LIBRARY_PATH=/app/build/backend
109:  PATH=/app/build/frontend:/usr/local/sbin:/usr/local/bin:/usr/sbin:/usr/bin:/sbin:/bin
109: Test timeout computed to be: 10000000
109: _____1: test_large: ...
109: .....1: test_large: PASSED. (24 assertions, 4 dataset items)
109: _____2: test_hrt: ...
109: .....2: test_hrt: PASSED. (117 assertions, 18 dataset items)
109: _____3: test_input: ...
109: .....3: test_input: PASSED. (48 assertions, 9 dataset items)
109: _____4: test_encode: ...
109: .....4: test_encode: PASSED. (50 assertions, 10 dataset items)
109: _____5: test_fuzz: ...
109: .....5: test_fuzz: PASSED. (16 assertions, 8 dataset items)
109: Total 5 tests (255 assertions, 49 dataset items), all passed.
109/119 Test #109: telepen ..........................   Passed    0.00 sec
test 110
        Start 110: telepen-static

110: Test command: /app/build/backend/tests/test_telepen-static
110: Environment variables:
110:  CMAKE_CURRENT_SOURCE_DIR=/app/backend/tests
110:  LD_LIBRARY_PATH=/app/build/backend
110:  PATH=/app/build/frontend:/usr/local/sbin:/usr/local/bin:/usr/sbin:/usr/bin:/sbin:/bin
110: Test timeout computed to be: 10000000
110: _____1: test_large: ...
110: .....1: test_large: PASSED. (24 assertions, 4 dataset items)
110: _____2: test_hrt: ...
110: .....2: test_hrt: PASSED. (117 assertions, 18 dataset items)
110: _____3: test_input: ...
110: .....3: test_input: PASSED. (48 assertions, 9 dataset items)
110: _____4: test_encode: ...
110: .....4: test_encode: PASSED. (50 assertions, 10 dataset items)
110: _____5: test_fuzz: ...
110: .....5: test_fuzz: PASSED. (16 assertions, 8 dataset items)
110: Total 5 tests (255 assertions, 49 dataset items), all passed.
110/119 Test #110: telepen-static ...................   Passed    0.00 sec
test 111
        Start 111: tif

111: Test command: /app/build/backend/tests/test_tif
111: Environment variables:
111:  CMAKE_CURRENT_SOURCE_DIR=/app/backend/tests
111:  LD_LIBRARY_PATH=/app/build/backend
111:  PATH=/app/build/frontend:/usr/local/sbin:/usr/local/bin:/usr/sbin:/usr/bin:/sbin:/bin
111: Test timeout computed to be: 10000000
111: sh: 1: tiffinfo: not found
111: sh: 1: tiffinfo: not found
111: _____1: test_pixel_plot: ...
111: .....1: test_pixel_plot: PASSED. (153 assertions, 38 dataset items)
111: _____2: test_print: ...
111: .....2: test_print: PASSED. (338 assertions, 26 dataset items)
111: _____3: test_outfile: ...
111: <<<Begin ignore (TIF to stdout)
111: II*
111:
111:
111:
111:
111: 
111:
111:
111: 
111: 
111:
111:
111: 
111:
111:
111: 
111: 
111:
111:
111: 
111:
111:
111: 
111: 
111:
111:
111: 
111:
111:
111: 
111: 
111:
111:
111: 
111:
111:
111: 
111: 
111:
111:
111: 
111:
111:
111: 
111: 
111:
111:
111: 
111:
111:
111: 
111: 
111:
111:
111: 
111:
111:
111: 
111: 
111:
111:
111: 
111:
111:
111: 
111: 
111:
111:
111: �
111:
111:
111: 
111: 
111:
111:
111: �
111:
111:
111: (
111: 
111:
111:
111: 
111:
111:
111: @
111: 0
111:
111:
111: �
111:
111:
111:
111:
111:
111:
111: H
111:
111:
111: 
111:
111:
111: H
111:
111:
111: 
111:
111:
111: ����
111:
111:
111:
111:
111:
111:
111:
111:
111:
111:
111:
111:
111:
111:
111:
111:
111:
111:
111:
111:
111:
111:
111:
111:
111:
111:
111:
111: ����
111:
111:
111:
111:
111:
111:
111:
111:
111:
111:
111:
111:
111:
111:
111:
111:
111:
111:
111:
111:
111:
111:
111:
111:
111:
111:
111:
111: ����
111:
111:
111:
111:
111:
111:
111:
111:
111:
111:
111:
111:
111:
111:
111:
111:
111:
111:
111:
111:
111:
111:
111:
111:
111:
111:
111:
111:
111: <<<End ignore (TIF to stdout)
111: .....3: test_outfile: PASSED. (1 assertions)
111: Total 3 tests (492 assertions, 64 dataset items), all passed.
111/119 Test #111: tif ..............................   Passed    0.06 sec
test 112
        Start 112: tif-static

112: Test command: /app/build/backend/tests/test_tif-static
112: Environment variables:
112:  CMAKE_CURRENT_SOURCE_DIR=/app/backend/tests
112:  LD_LIBRARY_PATH=/app/build/backend
112:  PATH=/app/build/frontend:/usr/local/sbin:/usr/local/bin:/usr/sbin:/usr/bin:/sbin:/bin
112: Test timeout computed to be: 10000000
112: sh: 1: tiffinfo: not found
112: sh: 1: tiffinfo: not found
112: _____1: test_pixel_plot: ...
112: .....1: test_pixel_plot: PASSED. (153 assertions, 38 dataset items)
112: _____2: test_print: ...
112: .....2: test_print: PASSED. (338 assertions, 26 dataset items)
112: _____3: test_outfile: ...
112: <<<Begin ignore (TIF to stdout)
112: II*
112:
112:
112:
112:
112: 
112:
112:
112: 
112: 
112:
112:
112: 
112:
112:
112: 
112: 
112:
112:
112: 
112:
112:
112: 
112: 
112:
112:
112: 
112:
112:
112: 
112: 
112:
112:
112: 
112:
112:
112: 
112: 
112:
112:
112: 
112:
112:
112: 
112: 
112:
112:
112: 
112:
112:
112: 
112: 
112:
112:
112: 
112:
112:
112: 
112: 
112:
112:
112: 
112:
112:
112: 
112: 
112:
112:
112: �
112:
112:
112: 
112: 
112:
112:
112: �
112:
112:
112: (
112: 
112:
112:
112: 
112:
112:
112: @
112: 0
112:
112:
112: �
112:
112:
112:
112:
112:
112:
112: H
112:
112:
112: 
112:
112:
112: H
112:
112:
112: 
112:
112:
112: ����
112:
112:
112:
112:
112:
112:
112:
112:
112:
112:
112:
112:
112:
112:
112:
112:
112:
112:
112:
112:
112:
112:
112:
112:
112:
112:
112:
112: ����
112:
112:
112:
112:
112:
112:
112:
112:
112:
112:
112:
112:
112:
112:
112:
112:
112:
112:
112:
112:
112:
112:
112:
112:
112:
112:
112:
112: ����
112:
112:
112:
112:
112:
112:
112:
112:
112:
112:
112:
112:
112:
112:
112:
112:
112:
112:
112:
112:
112:
112:
112:
112:
112:
112:
112:
112:
112: <<<End ignore (TIF to stdout)
112: .....3: test_outfile: PASSED. (1 assertions)
112: Total 3 tests (492 assertions, 64 dataset items), all passed.
112/119 Test #112: tif-static .......................   Passed    0.05 sec
test 113
        Start 113: ultra

113: Test command: /app/build/backend/tests/test_ultra
113: Environment variables:
113:  CMAKE_CURRENT_SOURCE_DIR=/app/backend/tests
113:  LD_LIBRARY_PATH=/app/build/backend
113:  PATH=/app/build/frontend:/usr/local/sbin:/usr/local/bin:/usr/sbin:/usr/bin:/sbin:/bin
113: Test timeout computed to be: 10000000
113: _____1: test_large: ...
113: .....1: test_large: PASSED. (226 assertions, 38 dataset items)
113: _____2: test_reader_init: ...
113: .....2: test_reader_init: PASSED. (10 assertions, 2 dataset items)
113: _____3: test_input: ...
113: .....3: test_input: PASSED. (456 assertions, 76 dataset items)
113: _____4: test_encode: ...
113: .....4: test_encode: PASSED. (120 assertions, 24 dataset items)
113: _____5: test_encode_segs: ...
113: .....5: test_encode_segs: PASSED. (45 assertions, 9 dataset items)
113: _____6: test_rt: ...
113: .....6: test_rt: PASSED. (80 assertions, 13 dataset items)
113: _____7: test_rt_segs: ...
113: .....7: test_rt_segs: PASSED. (68 assertions, 6 dataset items)
113: Total 7 tests (1005 assertions, 168 dataset items), all passed.
113/119 Test #113: ultra ............................   Passed    0.01 sec
test 114
        Start 114: ultra-static

114: Test command: /app/build/backend/tests/test_ultra-static
114: Environment variables:
114:  CMAKE_CURRENT_SOURCE_DIR=/app/backend/tests
114:  LD_LIBRARY_PATH=/app/build/backend
114:  PATH=/app/build/frontend:/usr/local/sbin:/usr/local/bin:/usr/sbin:/usr/bin:/sbin:/bin
114: Test timeout computed to be: 10000000
114: _____1: test_large: ...
114: .....1: test_large: PASSED. (226 assertions, 38 dataset items)
114: _____2: test_reader_init: ...
114: .....2: test_reader_init: PASSED. (10 assertions, 2 dataset items)
114: _____3: test_input: ...
114: .....3: test_input: PASSED. (456 assertions, 76 dataset items)
114: _____4: test_encode: ...
114: .....4: test_encode: PASSED. (120 assertions, 24 dataset items)
114: _____5: test_encode_segs: ...
114: .....5: test_encode_segs: PASSED. (45 assertions, 9 dataset items)
114: _____6: test_rt: ...
114: .....6: test_rt: PASSED. (80 assertions, 13 dataset items)
114: _____7: test_rt_segs: ...
114: .....7: test_rt_segs: PASSED. (68 assertions, 6 dataset items)
114: Total 7 tests (1005 assertions, 168 dataset items), all passed.
114/119 Test #114: ultra-static .....................   Passed    0.01 sec
test 115
        Start 115: upcean

115: Test command: /app/build/backend/tests/test_upcean
115: Environment variables:
115:  CMAKE_CURRENT_SOURCE_DIR=/app/backend/tests
115:  LD_LIBRARY_PATH=/app/build/backend
115:  PATH=/app/build/frontend:/usr/local/sbin:/usr/local/bin:/usr/sbin:/usr/bin:/sbin:/bin
115: Test timeout computed to be: 10000000
115: _____1: test_upce_input: ...
115: .....1: test_upce_input: PASSED. (277 assertions, 76 dataset items)
115: _____2: test_upca_print: ...
115: .....2: test_upca_print: PASSED. (4 assertions, 1 dataset items)
115: _____3: test_upca_input: ...
115: .....3: test_upca_input: PASSED. (279 assertions, 93 dataset items)
115: _____4: test_ean13_input: ...
115: .....4: test_ean13_input: PASSED. (529 assertions, 150 dataset items)
115: _____5: test_ean8_input: ...
115: .....5: test_ean8_input: PASSED. (354 assertions, 103 dataset items)
115: _____6: test_ean_2addon_input: ...
115: .....6: test_ean_2addon_input: PASSED. (69 assertions, 22 dataset items)
115: _____7: test_ean_5addon_input: ...
115: .....7: test_ean_5addon_input: PASSED. (90 assertions, 28 dataset items)
115: _____8: test_eanx_input: ...
115: .....8: test_eanx_input: PASSED. (396 assertions, 132 dataset items)
115: _____9: test_isbn_input: ...
115: .....9: test_isbn_input: PASSED. (356 assertions, 105 dataset items)
115: _____10: test_hrt: ...
115: .....10: test_hrt: PASSED. (882 assertions, 138 dataset items)
115: _____11: test_vector_same: ...
115: .....11: test_vector_same: PASSED. (57 assertions, 3 dataset items)
115: _____12: test_encode: ...
115: .....12: test_encode: PASSED. (280 assertions, 56 dataset items)
115: _____13: test_fuzz: ...
115: .....13: test_fuzz: PASSED. (40 assertions, 20 dataset items)
115: Total 13 tests (3613 assertions, 927 dataset items), all passed.
115/119 Test #115: upcean ...........................   Passed    0.01 sec
test 116
        Start 116: upcean-static

116: Test command: /app/build/backend/tests/test_upcean-static
116: Environment variables:
116:  CMAKE_CURRENT_SOURCE_DIR=/app/backend/tests
116:  LD_LIBRARY_PATH=/app/build/backend
116:  PATH=/app/build/frontend:/usr/local/sbin:/usr/local/bin:/usr/sbin:/usr/bin:/sbin:/bin
116: Test timeout computed to be: 10000000
116: _____1: test_upce_input: ...
116: .....1: test_upce_input: PASSED. (277 assertions, 76 dataset items)
116: _____2: test_upca_print: ...
116: .....2: test_upca_print: PASSED. (4 assertions, 1 dataset items)
116: _____3: test_upca_input: ...
116: .....3: test_upca_input: PASSED. (279 assertions, 93 dataset items)
116: _____4: test_ean13_input: ...
116: .....4: test_ean13_input: PASSED. (529 assertions, 150 dataset items)
116: _____5: test_ean8_input: ...
116: .....5: test_ean8_input: PASSED. (354 assertions, 103 dataset items)
116: _____6: test_ean_2addon_input: ...
116: .....6: test_ean_2addon_input: PASSED. (69 assertions, 22 dataset items)
116: _____7: test_ean_5addon_input: ...
116: .....7: test_ean_5addon_input: PASSED. (90 assertions, 28 dataset items)
116: _____8: test_eanx_input: ...
116: .....8: test_eanx_input: PASSED. (396 assertions, 132 dataset items)
116: _____9: test_isbn_input: ...
116: .....9: test_isbn_input: PASSED. (356 assertions, 105 dataset items)
116: _____10: test_hrt: ...
116: .....10: test_hrt: PASSED. (882 assertions, 138 dataset items)
116: _____11: test_vector_same: ...
116: .....11: test_vector_same: PASSED. (57 assertions, 3 dataset items)
116: _____12: test_encode: ...
116: .....12: test_encode: PASSED. (280 assertions, 56 dataset items)
116: _____13: test_fuzz: ...
116: .....13: test_fuzz: PASSED. (40 assertions, 20 dataset items)
116: Total 13 tests (3613 assertions, 927 dataset items), all passed.
116/119 Test #116: upcean-static ....................   Passed    0.01 sec
test 117
        Start 117: vector

117: Test command: /app/build/backend/tests/test_vector
117: Environment variables:
117:  CMAKE_CURRENT_SOURCE_DIR=/app/backend/tests
117:  LD_LIBRARY_PATH=/app/build/backend
117:  PATH=/app/build/frontend:/usr/local/sbin:/usr/local/bin:/usr/sbin:/usr/bin:/sbin:/bin
117: Test timeout computed to be: 10000000
117: _____1: test_options: ...
117: .....1: test_options: PASSED. (14 assertions, 5 dataset items)
117: _____2: test_buffer_vector: ...
117: .....2: test_buffer_vector: PASSED. (1530 assertions, 153 dataset items)
117: _____3: test_has_hrt: ...
117: .....3: test_has_hrt: PASSED. (420 assertions, 105 dataset items)
117: _____4: test_upcean_hrt: ...
117: .....4: test_upcean_hrt: PASSED. (1352 assertions, 107 dataset items)
117: _____5: test_row_separator: ...
117: .....5: test_row_separator: PASSED. (72 assertions, 9 dataset items)
117: _____6: test_stacking: ...
117: .....6: test_stacking: PASSED. (36 assertions, 3 dataset items)
117: _____7: test_output_options: ...
117: .....7: test_output_options: PASSED. (556 assertions, 57 dataset items)
117: _____8: test_noncomposite_string_x: ...
117: .....8: test_noncomposite_string_x: PASSED. (21 assertions, 3 dataset items)
117: _____9: test_upcean_whitespace_width: ...
117: .....9: test_upcean_whitespace_width: PASSED. (36 assertions, 4 dataset items)
117: _____10: test_scale: ...
117: .....10: test_scale: PASSED. (70 assertions, 7 dataset items)
117: _____11: test_guard_descent: ...
117: .....11: test_guard_descent: PASSED. (430 assertions, 43 dataset items)
117: _____12: test_quiet_zones: ...
117: .....12: test_quiet_zones: PASSED. (3316 assertions, 326 dataset items)
117: _____13: test_text_gap: ...
117: .....13: test_text_gap: PASSED. (610 assertions, 61 dataset items)
117: _____14: test_height: ...
117: .....14: test_height: PASSED. (5886 assertions, 654 dataset items)
117: _____15: test_height_per_row: ...
117: .....15: test_height_per_row: PASSED. (729 assertions, 81 dataset items)
117: _____16: test_hrt_raw_text: ...
117: .....16: test_hrt_raw_text: PASSED. (253 assertions, 22 dataset items)
117: Total 16 tests (15331 assertions, 1640 dataset items), all passed.
117/119 Test #117: vector ...........................   Passed    0.08 sec
test 118
        Start 118: vector-static

118: Test command: /app/build/backend/tests/test_vector-static
118: Environment variables:
118:  CMAKE_CURRENT_SOURCE_DIR=/app/backend/tests
118:  LD_LIBRARY_PATH=/app/build/backend
118:  PATH=/app/build/frontend:/usr/local/sbin:/usr/local/bin:/usr/sbin:/usr/bin:/sbin:/bin
118: Test timeout computed to be: 10000000
118: _____1: test_options: ...
118: .....1: test_options: PASSED. (14 assertions, 5 dataset items)
118: _____2: test_buffer_vector: ...
118: .....2: test_buffer_vector: PASSED. (1530 assertions, 153 dataset items)
118: _____3: test_has_hrt: ...
118: .....3: test_has_hrt: PASSED. (420 assertions, 105 dataset items)
118: _____4: test_upcean_hrt: ...
118: .....4: test_upcean_hrt: PASSED. (1352 assertions, 107 dataset items)
118: _____5: test_row_separator: ...
118: .....5: test_row_separator: PASSED. (72 assertions, 9 dataset items)
118: _____6: test_stacking: ...
118: .....6: test_stacking: PASSED. (36 assertions, 3 dataset items)
118: _____7: test_output_options: ...
118: .....7: test_output_options: PASSED. (556 assertions, 57 dataset items)
118: _____8: test_noncomposite_string_x: ...
118: .....8: test_noncomposite_string_x: PASSED. (21 assertions, 3 dataset items)
118: _____9: test_upcean_whitespace_width: ...
118: .....9: test_upcean_whitespace_width: PASSED. (36 assertions, 4 dataset items)
118: _____10: test_scale: ...
118: .....10: test_scale: PASSED. (70 assertions, 7 dataset items)
118: _____11: test_guard_descent: ...
118: .....11: test_guard_descent: PASSED. (430 assertions, 43 dataset items)
118: _____12: test_quiet_zones: ...
118: .....12: test_quiet_zones: PASSED. (3316 assertions, 326 dataset items)
118: _____13: test_text_gap: ...
118: .....13: test_text_gap: PASSED. (610 assertions, 61 dataset items)
118: _____14: test_height: ...
118: .....14: test_height: PASSED. (5886 assertions, 654 dataset items)
118: _____15: test_height_per_row: ...
118: .....15: test_height_per_row: PASSED. (729 assertions, 81 dataset items)
118: _____16: test_hrt_raw_text: ...
118: .....16: test_hrt_raw_text: PASSED. (253 assertions, 22 dataset items)
118: Total 16 tests (15331 assertions, 1640 dataset items), all passed.
118/119 Test #118: vector-static ....................   Passed    0.07 sec
test 119
        Start 119: args

119: Test command: /app/build/frontend/tests/test_args
119: Environment variables:
119:  CMAKE_CURRENT_SOURCE_DIR=/app/frontend/tests
119:  LD_LIBRARY_PATH=/app/build/backend
119:  PATH=/app/build/frontend:/usr/local/sbin:/usr/local/bin:/usr/sbin:/usr/bin:/sbin:/bin
119: Test timeout computed to be: 10000000
119: _____1: test_dump_args: ...
119: .....1: test_dump_args: PASSED. (96 assertions, 44 dataset items)
119: _____2: test_dump_segs: ...
119: .....2: test_dump_segs: PASSED. (14 assertions, 7 dataset items)
119: _____3: test_input: ...
119: ++++ Following error expected, ignore: On line 1: Error 778: No input data
119: ++++ Following warning expected, ignore: Warning 188: directory for mirrored batch output too long (greater than 220), **IGNORED**
119: .....3: test_input: PASSED. (214 assertions, 29 dataset items)
119: _____4: test_stdin_input: ...
119: .....4: test_stdin_input: PASSED. (3 assertions, 1 dataset items)
119: _____5: test_batch_input: ...
119: .....5: test_batch_input: PASSED. (9 assertions, 3 dataset items)
119: _____6: test_batch_large: ...
119: ++++ Following error expected, ignore: On line 1: Error 541: Input too long, requires 3265 codewords (maximum 3264)
119: .....6: test_batch_large: PASSED. (9 assertions, 3 dataset items)
119: _____7: test_checks: ...
119: .....7: test_checks: PASSED. (103 assertions, 40 dataset items)
119: _____8: test_barcode_symbology: ...
119: .....8: test_barcode_symbology: PASSED. (625 assertions, 211 dataset items)
119: _____9: test_other_opts: ...
119: .....9: test_other_opts: PASSED. (159 assertions, 65 dataset items)
119: _____10: test_combos: ...
119: .....10: test_combos: PASSED. (3 assertions, 1 dataset items)
119: _____11: test_exit_status: ...
119: .....11: test_exit_status: PASSED. (19 assertions, 8 dataset items)
119: Total 11 tests (1254 assertions, 412 dataset items), all passed.
119/119 Test #119: args .............................   Passed    2.02 sec

100% tests passed, 0 tests failed out of 119

Total Test time (real) =   7.96 sec
