-- VCPKG_TARGET_TRIPLET:
-- CMAKE_TOOLCHAIN_FILE:
-- The C compiler identification is GNU 11.4.0
-- The CXX compiler identification is GNU 11.4.0
-- Detecting C compiler ABI info
-- Detecting C compiler ABI info - done
-- Check for working C compiler: /usr/bin/cc - skipped
-- Detecting C compile features
-- Detecting C compile features - done
-- Detecting CXX compiler ABI info
-- Detecting CXX compiler ABI info - done
-- Check for working CXX compiler: /usr/bin/c++ - skipped
-- Detecting CXX compile features
-- Detecting CXX compile features - done
-- Csound directory: /app
-- Csound version: 7.0.0
-- CMake module path: /app/cmake/Modules/
-- Performing Test HAS_TREE_VECTORIZE
-- Performing Test HAS_TREE_VECTORIZE - Success
-- Performing Test HAS_CXX_TREE_VECTORIZE
-- Performing Test HAS_CXX_TREE_VECTORIZE - Success
-- Performing Test HAS_FAST_MATH
-- Performing Test HAS_FAST_MATH - Success
-- Performing Test HAS_CXX_FAST_MATH
-- Performing Test HAS_CXX_FAST_MATH - Success
-- Performing Test HAS_FPMATH_SSE
-- Performing Test HAS_FPMATH_SSE - Success
-- Performing Test HAS_CXX_FPMATH_SSE
-- Performing Test HAS_CXX_FPMATH_SSE - Success
-- Performing Test HAS_SSE2
-- Performing Test HAS_SSE2 - Success
-- Performing Test HAS_CXX_SSE2
-- Performing Test HAS_CXX_SSE2 - Success
-- Performing Test HAS_OMIT_FRAME_POINTER
-- Performing Test HAS_OMIT_FRAME_POINTER - Success
-- Performing Test HAS_CXX_OMIT_FRAME_POINTER
-- Performing Test HAS_CXX_OMIT_FRAME_POINTER - Success
-- Found SampleRate: /usr/lib/x86_64-linux-gnu/libsamplerate.so
-- Using Secret Rabbit Code
-- Not using Custom.cmake file.
-- Not building with link-time optimisations
-- LIBRARY INSTALL DIR: /usr/local/lib
-- Building with 32-bit floats
-- Performing Test HAS_VISIBILITY_HIDDEN
-- Performing Test HAS_VISIBILITY_HIDDEN - Success
-- Performing Test HAS_CXX_VISIBILITY_HIDDEN
-- Performing Test HAS_CXX_VISIBILITY_HIDDEN - Success
-- Performing Test HAS_GNU99
-- Performing Test HAS_GNU99 - Success
-- LINUX operating system found
-- default plugin dir set to /usr/local/lib/csound/plugins-7.0
-- BUILD_BIN_DIR set to /app/build.
-- BUILD_LIB_DIR set to /app/build.
-- BUILD_PLUGINS_DIR set to /app/build.
-- looking  at /usr;/usr/local;/opt/local;/sw
-- Found SndFile: /usr/lib/x86_64-linux-gnu/libsndfile.so
-- libsndfile found: /usr/lib/x86_64-linux-gnu/libsndfile.so
-- USE_LIBSNDFILE is enabled.
-- Performing Test HAVE_SF_FORMAT_MPEG
-- Performing Test HAVE_SF_FORMAT_MPEG - Failed
-- USE_MP3 is disabled.
-- NOT Using libsndfile MP3 support
-- Could NOT find CURL (missing: CURL_LIBRARY CURL_INCLUDE_DIR)
-- Looking for pthread.h
-- Looking for pthread.h - found
-- Performing Test CMAKE_HAVE_LIBC_PTHREAD
-- Performing Test CMAKE_HAVE_LIBC_PTHREAD - Success
-- Found Threads: TRUE
-- REQUIRE_PTHREADS is enabled.
-- Performing Test HAVE_ATOMIC_BUILTIN_NOLIB
-- Performing Test HAVE_ATOMIC_BUILTIN_NOLIB - Success
-- Using atomic builtins.
-- Found Intl: built in to C library
-- Found Gettext: /usr/bin/msgmerge (found version "0.21")
-- Looking for lrint
-- Looking for lrint - found
-- Looking for unistd.h
-- Looking for unistd.h - found
-- Looking for io.h
-- Looking for io.h - not found
-- Looking for fcntl.h
-- Looking for fcntl.h - found
-- Looking for stdint.h
-- Looking for stdint.h - found
-- Looking for sys/time.h
-- Looking for sys/time.h - found
-- Looking for sys/types.h
-- Looking for sys/types.h - found
-- Looking for termios.h
-- Looking for termios.h - found
-- Looking for values.h
-- Looking for values.h - found
-- Looking for winsock.h
-- Looking for winsock.h - not found
-- Looking for sys/socket.h
-- Looking for sys/socket.h - found
-- Looking for dirent.h
-- Looking for dirent.h - found
-- Looking for inttypes.h
-- Looking for inttypes.h - found
-- Looking for execinfo.h
-- Looking for execinfo.h - found
-- USE_LRINT is enabled.
-- Could NOT find CURL (missing: CURL_LIBRARY CURL_INCLUDE_DIR)
-- Not using CURL for urls - not found.
-- Found FLEX: /usr/bin/flex (found version "2.6.4")
-- Found BISON: /usr/bin/bison (found version "3.8.2")
-- Looking for pthread_spin_lock
-- Looking for pthread_spin_lock - found
-- Looking for pthread_barrier_init
-- Looking for pthread_barrier_init - found
-- Could NOT find Git (missing: GIT_EXECUTABLE)
-- GIT: GIT_EXECUTABLE-NOTFOUND
-- Not building with new parser debugging.
-- Building with multicore support.
-- USE_GETTEXT is enabled.
-- Using GNU gettext.
-- Setting textdomain to /usr/local/share/locale.
-- Building on Linux.
--   ADDING LIBRT LIBRARY: /usr/lib/x86_64-linux-gnu/librt.a.
-- Looking for strlcat
-- Looking for strlcat - not found
-- Looking for strtok_r
-- Looking for strtok_r - found
-- Looking for strtod_l
-- Looking for strtod_l - found
-- Looking for sprintf_l
-- Looking for sprintf_l - not found
-- Looking for _strtok_r
-- Looking for _strtok_r - not found
-- Looking for _strtod_l
-- Looking for _strtod_l - not found
-- Looking for _sprintf_l
-- Looking for _sprintf_l - not found
-- BUILD_DSSI_OPCODES is disabled.
-- Found LibLO: /usr/lib/x86_64-linux-gnu/liblo.so
-- BUILD_OSC_OPCODES is enabled.
--
-- ## REALTIME AUDIO AND MIDI ##
-- Found portaudio: /usr/lib/x86_64-linux-gnu/libportaudio.so
-- Found PortMidi: /usr/lib/x86_64-linux-gnu/libportmidi.so
-- Found Jack: /usr/lib/x86_64-linux-gnu/libjack.so
-- Found ALSA: /usr/lib/x86_64-linux-gnu/libasound.so (found version "1.2.6.1")
-- Found PkgConfig: /usr/bin/pkg-config (found version "0.29.2")
-- Found PulseAudio: /usr/lib/x86_64-linux-gnu/libpulse.so (found version "15.99.1")
-- USE_PULSEAUDIO is enabled.
-- Found PipeWire: /usr/lib/x86_64-linux-gnu/libpipewire-0.3.so (found version "0.3.48")
-- USE_PIPEWIRE is enabled.
-- USE_PORTAUDIO is enabled.
-- USE_PORTMIDI is enabled.
-- USE_JACK is enabled.
-- BUILD_CSBEATS is enabled.
-- Found Python3: /usr/bin/python3.10 (found version "3.10.12") found components: Interpreter
-- INSTALL_PYTHON_INTERFACE is enabled.
-- Not building belacsound program.
-- BUILD_SRC_CONV is enabled.
-- Found GTest: /usr/lib/x86_64-linux-gnu/cmake/GTest/GTestConfig.cmake (found version "1.11.0")
-- BUILD_TESTS is enabled.
-- Building unit tests
-- Not building documentation
-- Configuring done
-- Generating done
-- Build files have been written to: /app/build
[  1%] Generating csound_prslex.c
[  1%] Generating csound_orclex.c
[  1%] Generating csound_orcparse.c, csound_orcparse.h
/app/Engine/csound_orc.y: warning: 193 shift/reduce conflicts [-Wconflicts-sr]
/app/Engine/csound_orc.y: note: rerun with option '-Wcounterexamples' to generate conflict counterexamples
[  1%] Generating csound_prelex.c
[  1%] Building C object CMakeFiles/csound.dir/Top/csound.c.o
[  1%] Building C object CMakeFiles/csound.dir/Top/argdecode.c.o
[  1%] Building C object CMakeFiles/csound.dir/Top/csdebug.c.o
[  1%] Building C object CMakeFiles/csound.dir/Top/csmodule.c.o
[  1%] Building C object CMakeFiles/csound.dir/Top/getstring.c.o
[  1%] Building C object CMakeFiles/csound.dir/Top/main.c.o
[  2%] Building C object CMakeFiles/csound.dir/Top/new_opts.c.o
[  2%] Building C object CMakeFiles/csound.dir/Top/one_file.c.o
[  2%] Building C object CMakeFiles/csound.dir/Top/opcode.c.o
[  2%] Building C object CMakeFiles/csound.dir/Top/threads.c.o
[  2%] Building C object CMakeFiles/csound.dir/Top/utility.c.o
[  2%] Building C object CMakeFiles/csound.dir/Top/threadsafe.c.o
[  2%] Building C object CMakeFiles/csound.dir/Top/server.c.o
[  3%] Building C object CMakeFiles/csound.dir/Engine/auxfd.c.o
[  3%] Building C object CMakeFiles/csound.dir/Engine/cfgvar.c.o
[  3%] Building C object CMakeFiles/csound.dir/Engine/corfiles.c.o
[  3%] Building C object CMakeFiles/csound.dir/Engine/entry.c.o
[  3%] Building C object CMakeFiles/csound.dir/Engine/extract.c.o
[  3%] Building C object CMakeFiles/csound.dir/Engine/environ.c.o
[  3%] Building C object CMakeFiles/csound.dir/Engine/fgens.c.o
[  4%] Building C object CMakeFiles/csound.dir/Engine/filesys.c.o
[  4%] Building C object CMakeFiles/csound.dir/Engine/insert.c.o
In file included from /app/include/csound.h:79,
                 from /app/include/csound_type_system.h:31,
                 from /app/include/csoundCore.h:45,
                 from /app/Engine/insert.c:27:
/app/Engine/insert.c: In function 'insert_new':
/app/Engine/insert.c:476:40: warning: format '%llu' expects argument of type 'long long unsigned int', but argument 3 has type 'uint64_t' {aka 'long unsigned int'} [-Wformat=]
  476 |           csound->ErrorMsg(csound, Str("new alloc (instance %llu) for instr %s:\n"),
      |                                        ^~~~~~~~~~~~~~~~~~~~~~~~~~~~~~~~~~~~~~~~~~~
/app/include/text.h:132:38: note: in definition of macro 'Str'
  132 | # define Str(x) csoundLocalizeString(x)
      |                                      ^
/app/Engine/insert.c:476:64: note: format string is defined here
  476 |           csound->ErrorMsg(csound, Str("new alloc (instance %llu) for instr %s:\n"),
      |                                                             ~~~^
      |                                                                |
      |                                                                long long unsigned int
      |                                                             %lu
In file included from /app/include/csound.h:79,
                 from /app/include/csound_type_system.h:31,
                 from /app/include/csoundCore.h:45,
                 from /app/Engine/insert.c:27:
/app/Engine/insert.c:479:40: warning: format '%llu' expects argument of type 'long long unsigned int', but argument 3 has type 'uint64_t' {aka 'long unsigned int'} [-Wformat=]
  479 |           csound->ErrorMsg(csound, Str("new alloc (instance %llu) for instr %d:\n"),
      |                                        ^~~~~~~~~~~~~~~~~~~~~~~~~~~~~~~~~~~~~~~~~~~
/app/include/text.h:132:38: note: in definition of macro 'Str'
  132 | # define Str(x) csoundLocalizeString(x)
      |                                      ^
/app/Engine/insert.c:479:64: note: format string is defined here
  479 |           csound->ErrorMsg(csound, Str("new alloc (instance %llu) for instr %d:\n"),
      |                                                             ~~~^
      |                                                                |
      |                                                                long long unsigned int
      |                                                             %lu
In file included from /app/include/csound.h:79,
                 from /app/include/csound_type_system.h:31,
                 from /app/include/csoundCore.h:45,
                 from /app/Engine/insert.c:27:
/app/Engine/insert.c: In function 'create_instance':
/app/Engine/insert.c:1882:30: warning: format '%llu' expects argument of type 'long long unsigned int', but argument 3 has type 'uint64_t' {aka 'long unsigned int'} [-Wformat=]
 1882 |                          Str("new free alloc (instance %llu) for instr %s:\n"),
      |                              ^~~~~~~~~~~~~~~~~~~~~~~~~~~~~~~~~~~~~~~~~~~~~~~~
/app/include/text.h:132:38: note: in definition of macro 'Str'
  132 | # define Str(x) csoundLocalizeString(x)
      |                                      ^
/app/Engine/insert.c:1882:59: note: format string is defined here
 1882 |                          Str("new free alloc (instance %llu) for instr %s:\n"),
      |                                                        ~~~^
      |                                                           |
      |                                                           long long unsigned int
      |                                                        %lu
In file included from /app/include/csound.h:79,
                 from /app/include/csound_type_system.h:31,
                 from /app/include/csoundCore.h:45,
                 from /app/Engine/insert.c:27:
/app/Engine/insert.c:1886:30: warning: format '%llu' expects argument of type 'long long unsigned int', but argument 3 has type 'uint64_t' {aka 'long unsigned int'} [-Wformat=]
 1886 |                          Str("new free alloc (instance %llu) for instr %d:\n"),
      |                              ^~~~~~~~~~~~~~~~~~~~~~~~~~~~~~~~~~~~~~~~~~~~~~~~
/app/include/text.h:132:38: note: in definition of macro 'Str'
  132 | # define Str(x) csoundLocalizeString(x)
      |                                      ^
/app/Engine/insert.c:1886:59: note: format string is defined here
 1886 |                          Str("new free alloc (instance %llu) for instr %d:\n"),
      |                                                        ~~~^
      |                                                           |
      |                                                           long long unsigned int
      |                                                        %lu
In file included from /app/include/csound.h:79,
                 from /app/include/csound_type_system.h:31,
                 from /app/include/csoundCore.h:45,
                 from /app/Engine/insert.c:27:
/app/Engine/insert.c: In function 'free_instance':
/app/Engine/insert.c:1950:36: warning: format '%llu' expects argument of type 'long long unsigned int', but argument 3 has type 'uint64_t' {aka 'long unsigned int'} [-Wformat=]
 1950 |       csound->ErrorMsg(csound, Str("instance %llu (instr %s) deleted\n"),
      |                                    ^~~~~~~~~~~~~~~~~~~~~~~~~~~~~~~~~~~~
/app/include/text.h:132:38: note: in definition of macro 'Str'
  132 | # define Str(x) csoundLocalizeString(x)
      |                                      ^
/app/Engine/insert.c:1950:49: note: format string is defined here
 1950 |       csound->ErrorMsg(csound, Str("instance %llu (instr %s) deleted\n"),
      |                                              ~~~^
      |                                                 |
      |                                                 long long unsigned int
      |                                              %lu
In file included from /app/include/csound.h:79,
                 from /app/include/csound_type_system.h:31,
                 from /app/include/csoundCore.h:45,
                 from /app/Engine/insert.c:27:
/app/Engine/insert.c:1953:36: warning: format '%llu' expects argument of type 'long long unsigned int', but argument 3 has type 'uint64_t' {aka 'long unsigned int'} [-Wformat=]
 1953 |       csound->ErrorMsg(csound, Str("instance %llu (instr %d) deleted\n"),
      |                                    ^~~~~~~~~~~~~~~~~~~~~~~~~~~~~~~~~~~~
/app/include/text.h:132:38: note: in definition of macro 'Str'
  132 | # define Str(x) csoundLocalizeString(x)
      |                                      ^
/app/Engine/insert.c:1953:49: note: format string is defined here
 1953 |       csound->ErrorMsg(csound, Str("instance %llu (instr %d) deleted\n"),
      |                                              ~~~^
      |                                                 |
      |                                                 long long unsigned int
      |                                              %lu
[  4%] Building C object CMakeFiles/csound.dir/Engine/srconvert.c.o
[  4%] Building C object CMakeFiles/csound.dir/Engine/udo.c.o
[  4%] Building C object CMakeFiles/csound.dir/Engine/linevent.c.o
[  4%] Building C object CMakeFiles/csound.dir/Engine/memalloc.c.o
[  4%] Building C object CMakeFiles/csound.dir/Engine/memfiles.c.o
[  5%] Building C object CMakeFiles/csound.dir/Engine/musmon.c.o
[  5%] Building C object CMakeFiles/csound.dir/Engine/namedins.c.o
[  5%] Building C object CMakeFiles/csound.dir/Engine/rdscor.c.o
[  5%] Building C object CMakeFiles/csound.dir/Engine/scsort.c.o
[  5%] Building C object CMakeFiles/csound.dir/Engine/scxtract.c.o
[  5%] Building C object CMakeFiles/csound.dir/Engine/sort.c.o
[  6%] Building C object CMakeFiles/csound.dir/Engine/sread.c.o
[  6%] Building C object CMakeFiles/csound.dir/Engine/swritestr.c.o
[  6%] Building C object CMakeFiles/csound.dir/Engine/twarp.c.o
[  6%] Building C object CMakeFiles/csound.dir/Engine/csound_type_system.c.o
[  6%] Building C object CMakeFiles/csound.dir/Engine/csound_standard_types.c.o
[  6%] Building C object CMakeFiles/csound.dir/Engine/csound_data_structures.c.o
[  6%] Building C object CMakeFiles/csound.dir/Engine/pools.c.o
[  7%] Building C object CMakeFiles/csound.dir/Engine/ugen.c.o
[  7%] Building C object CMakeFiles/csound.dir/InOut/soundfile.c.o
[  7%] Building C object CMakeFiles/csound.dir/InOut/libsnd.c.o
[  7%] Building C object CMakeFiles/csound.dir/InOut/libsnd_u.c.o
[  7%] Building C object CMakeFiles/csound.dir/InOut/midifile.c.o
[  7%] Building C object CMakeFiles/csound.dir/InOut/midirecv.c.o
[  7%] Building C object CMakeFiles/csound.dir/InOut/midisend.c.o
[  8%] Building C object CMakeFiles/csound.dir/InOut/winascii.c.o
[  8%] Building C object CMakeFiles/csound.dir/InOut/windin.c.o
[  8%] Building C object CMakeFiles/csound.dir/InOut/window.c.o
[  8%] Building C object CMakeFiles/csound.dir/InOut/winEPS.c.o
[  8%] Building C object CMakeFiles/csound.dir/InOut/circularbuffer.c.o
[  8%] Building C object CMakeFiles/csound.dir/OOps/array_ops.c.o
[  8%] Building C object CMakeFiles/csound.dir/OOps/aops.c.o
[  9%] Building C object CMakeFiles/csound.dir/OOps/assert_ops.c.o
[  9%] Building C object CMakeFiles/csound.dir/OOps/bus.c.o
[  9%] Building C object CMakeFiles/csound.dir/OOps/cmath.c.o
[  9%] Building C object CMakeFiles/csound.dir/OOps/complex_ops.c.o
[  9%] Building C object CMakeFiles/csound.dir/OOps/diskin2.c.o
[  9%] Building C object CMakeFiles/csound.dir/OOps/disprep.c.o
[  9%] Building C object CMakeFiles/csound.dir/OOps/dumpf.c.o
[ 10%] Building C object CMakeFiles/csound.dir/OOps/fftlib.c.o
[ 10%] Building C object CMakeFiles/csound.dir/OOps/inst_ops.c.o
In file included from /app/include/csound.h:79,
                 from /app/include/csound_type_system.h:31,
                 from /app/include/csoundCore.h:45,
                 from /app/OOps/inst_ops.c:25:
/app/OOps/inst_ops.c: In function 'play_instr':
/app/OOps/inst_ops.c:363:36: warning: format '%llu' expects argument of type 'long long unsigned int', but argument 3 has type 'uint64_t' {aka 'long unsigned int'} [-Wformat=]
  363 |                                Str("instance %llu (instr %s): "
      |                                    ^~~~~~~~~~~~~~~~~~~~~~~~~~~~
/app/include/text.h:132:38: note: in definition of macro 'Str'
  132 | # define Str(x) csoundLocalizeString(x)
      |                                      ^
/app/OOps/inst_ops.c:363:49: note: format string is defined here
  363 |                                Str("instance %llu (instr %s): "
      |                                              ~~~^
      |                                                 |
      |                                                 long long unsigned int
      |                                              %lu
In file included from /app/include/csound.h:79,
                 from /app/include/csound_type_system.h:31,
                 from /app/include/csoundCore.h:45,
                 from /app/OOps/inst_ops.c:25:
/app/OOps/inst_ops.c:368:36: warning: format '%llu' expects argument of type 'long long unsigned int', but argument 3 has type 'uint64_t' {aka 'long unsigned int'} [-Wformat=]
  368 |                                Str("instance %llu (instr %d): "
      |                                    ^~~~~~~~~~~~~~~~~~~~~~~~~~~~
/app/include/text.h:132:38: note: in definition of macro 'Str'
  132 | # define Str(x) csoundLocalizeString(x)
      |                                      ^
/app/OOps/inst_ops.c:368:49: note: format string is defined here
  368 |                                Str("instance %llu (instr %d): "
      |                                              ~~~^
      |                                                 |
      |                                                 long long unsigned int
      |                                              %lu
[ 10%] Building C object CMakeFiles/csound.dir/OOps/lpred.c.o
[ 10%] Building C object CMakeFiles/csound.dir/OOps/pffft.c.o
[ 10%] Building C object CMakeFiles/csound.dir/OOps/goto_ops.c.o
[ 10%] Building C object CMakeFiles/csound.dir/OOps/midiinterop.c.o
[ 10%] Building C object CMakeFiles/csound.dir/OOps/midiops.c.o
[ 11%] Building C object CMakeFiles/csound.dir/OOps/midiops2.c.o
[ 11%] Building C object CMakeFiles/csound.dir/OOps/midiops3.c.o
[ 11%] Building C object CMakeFiles/csound.dir/OOps/midiout.c.o
[ 11%] Building C object CMakeFiles/csound.dir/OOps/mxfft.c.o
[ 11%] Building C object CMakeFiles/csound.dir/OOps/oscils.c.o
[ 11%] Building C object CMakeFiles/csound.dir/OOps/pitch0.c.o
[ 11%] Building C object CMakeFiles/csound.dir/OOps/pstream.c.o
[ 12%] Building C object CMakeFiles/csound.dir/OOps/pvfileio.c.o
[ 12%] Building C object CMakeFiles/csound.dir/OOps/pvsanal.c.o
[ 12%] Building C object CMakeFiles/csound.dir/OOps/random.c.o
[ 12%] Building C object CMakeFiles/csound.dir/OOps/remote.c.o
[ 12%] Building C object CMakeFiles/csound.dir/OOps/schedule.c.o
[ 12%] Building C object CMakeFiles/csound.dir/OOps/sndinfUG.c.o
[ 12%] Building C object CMakeFiles/csound.dir/OOps/str_ops.c.o
[ 13%] Building C object CMakeFiles/csound.dir/OOps/ugens1.c.o
In file included from /app/include/csound.h:79,
                 from /app/include/csound_type_system.h:31,
                 from /app/include/csoundCore.h:45,
                 from /app/OOps/ugens1.c:24:
/app/OOps/ugens1.c: In function 'xsgset':
/app/OOps/ugens1.c:551:42: warning: format '%lld' expects argument of type 'long long int', but argument 3 has type 'int64_t' {aka 'long int'} [-Wformat=]
  551 |     return csound->InitError(csound, Str("ival%lld is zero"), n);
      |                                          ^~~~~~~~~~~~~~~~~~
/app/include/text.h:132:38: note: in definition of macro 'Str'
  132 | # define Str(x) csoundLocalizeString(x)
      |                                      ^
/app/OOps/ugens1.c:551:50: note: format string is defined here
  551 |     return csound->InitError(csound, Str("ival%lld is zero"), n);
      |                                               ~~~^
      |                                                  |
      |                                                  long long int
      |                                               %ld
In file included from /app/include/csound.h:79,
                 from /app/include/csound_type_system.h:31,
                 from /app/include/csoundCore.h:45,
                 from /app/OOps/ugens1.c:24:
/app/OOps/ugens1.c:553:42: warning: format '%lld' expects argument of type 'long long int', but argument 3 has type 'int64_t' {aka 'long int'} [-Wformat=]
  553 |     return csound->InitError(csound, Str("ival%lld is zero"), n+1);
      |                                          ^~~~~~~~~~~~~~~~~~
/app/include/text.h:132:38: note: in definition of macro 'Str'
  132 | # define Str(x) csoundLocalizeString(x)
      |                                      ^
/app/OOps/ugens1.c:553:50: note: format string is defined here
  553 |     return csound->InitError(csound, Str("ival%lld is zero"), n+1);
      |                                               ~~~^
      |                                                  |
      |                                                  long long int
      |                                               %ld
In file included from /app/include/csound.h:79,
                 from /app/include/csound_type_system.h:31,
                 from /app/include/csoundCore.h:45,
                 from /app/OOps/ugens1.c:24:
/app/OOps/ugens1.c:554:40: warning: format '%lld' expects argument of type 'long long int', but argument 3 has type 'int64_t' {aka 'long int'} [-Wformat=]
  554 |   return csound->InitError(csound, Str("ival%lld sign conflict"), n+1);
      |                                        ^~~~~~~~~~~~~~~~~~~~~~~~
/app/include/text.h:132:38: note: in definition of macro 'Str'
  132 | # define Str(x) csoundLocalizeString(x)
      |                                      ^
/app/OOps/ugens1.c:554:48: note: format string is defined here
  554 |   return csound->InitError(csound, Str("ival%lld sign conflict"), n+1);
      |                                             ~~~^
      |                                                |
      |                                                long long int
      |                                             %ld
In file included from /app/include/csound.h:79,
                 from /app/include/csound_type_system.h:31,
                 from /app/include/csoundCore.h:45,
                 from /app/OOps/ugens1.c:24:
/app/OOps/ugens1.c: In function 'xsgset_bkpt':
/app/OOps/ugens1.c:610:42: warning: format '%lld' expects argument of type 'long long int', but argument 3 has type 'int64_t' {aka 'long int'} [-Wformat=]
  610 |     return csound->InitError(csound, Str("ival%lld is zero"), n);
      |                                          ^~~~~~~~~~~~~~~~~~
/app/include/text.h:132:38: note: in definition of macro 'Str'
  132 | # define Str(x) csoundLocalizeString(x)
      |                                      ^
/app/OOps/ugens1.c:610:50: note: format string is defined here
  610 |     return csound->InitError(csound, Str("ival%lld is zero"), n);
      |                                               ~~~^
      |                                                  |
      |                                                  long long int
      |                                               %ld
In file included from /app/include/csound.h:79,
                 from /app/include/csound_type_system.h:31,
                 from /app/include/csoundCore.h:45,
                 from /app/OOps/ugens1.c:24:
/app/OOps/ugens1.c:612:42: warning: format '%lld' expects argument of type 'long long int', but argument 3 has type 'int64_t' {aka 'long int'} [-Wformat=]
  612 |     return csound->InitError(csound, Str("ival%lld is zero"), n+1);
      |                                          ^~~~~~~~~~~~~~~~~~
/app/include/text.h:132:38: note: in definition of macro 'Str'
  132 | # define Str(x) csoundLocalizeString(x)
      |                                      ^
/app/OOps/ugens1.c:612:50: note: format string is defined here
  612 |     return csound->InitError(csound, Str("ival%lld is zero"), n+1);
      |                                               ~~~^
      |                                                  |
      |                                                  long long int
      |                                               %ld
In file included from /app/include/csound.h:79,
                 from /app/include/csound_type_system.h:31,
                 from /app/include/csoundCore.h:45,
                 from /app/OOps/ugens1.c:24:
/app/OOps/ugens1.c:613:40: warning: format '%lld' expects argument of type 'long long int', but argument 3 has type 'int64_t' {aka 'long int'} [-Wformat=]
  613 |   return csound->InitError(csound, Str("ival%lld sign conflict"), n+1);
      |                                        ^~~~~~~~~~~~~~~~~~~~~~~~
/app/include/text.h:132:38: note: in definition of macro 'Str'
  132 | # define Str(x) csoundLocalizeString(x)
      |                                      ^
/app/OOps/ugens1.c:613:48: note: format string is defined here
  613 |   return csound->InitError(csound, Str("ival%lld sign conflict"), n+1);
      |                                             ~~~^
      |                                                |
      |                                                long long int
      |                                             %ld
In file included from /app/include/csound.h:79,
                 from /app/include/csound_type_system.h:31,
                 from /app/include/csoundCore.h:45,
                 from /app/OOps/ugens1.c:24:
/app/OOps/ugens1.c: In function 'xsgset2b':
/app/OOps/ugens1.c:672:42: warning: format '%lld' expects argument of type 'long long int', but argument 3 has type 'int64_t' {aka 'long int'} [-Wformat=]
  672 |     return csound->InitError(csound, Str("ival%lld is zero"), n);
      |                                          ^~~~~~~~~~~~~~~~~~
/app/include/text.h:132:38: note: in definition of macro 'Str'
  132 | # define Str(x) csoundLocalizeString(x)
      |                                      ^
/app/OOps/ugens1.c:672:50: note: format string is defined here
  672 |     return csound->InitError(csound, Str("ival%lld is zero"), n);
      |                                               ~~~^
      |                                                  |
      |                                                  long long int
      |                                               %ld
In file included from /app/include/csound.h:79,
                 from /app/include/csound_type_system.h:31,
                 from /app/include/csoundCore.h:45,
                 from /app/OOps/ugens1.c:24:
/app/OOps/ugens1.c:674:42: warning: format '%lld' expects argument of type 'long long int', but argument 3 has type 'int64_t' {aka 'long int'} [-Wformat=]
  674 |     return csound->InitError(csound, Str("ival%lld is zero"), n+1);
      |                                          ^~~~~~~~~~~~~~~~~~
/app/include/text.h:132:38: note: in definition of macro 'Str'
  132 | # define Str(x) csoundLocalizeString(x)
      |                                      ^
/app/OOps/ugens1.c:674:50: note: format string is defined here
  674 |     return csound->InitError(csound, Str("ival%lld is zero"), n+1);
      |                                               ~~~^
      |                                                  |
      |                                                  long long int
      |                                               %ld
In file included from /app/include/csound.h:79,
                 from /app/include/csound_type_system.h:31,
                 from /app/include/csoundCore.h:45,
                 from /app/OOps/ugens1.c:24:
/app/OOps/ugens1.c:675:40: warning: format '%lld' expects argument of type 'long long int', but argument 3 has type 'int64_t' {aka 'long int'} [-Wformat=]
  675 |   return csound->InitError(csound, Str("ival%lld sign conflict"), n+1);
      |                                        ^~~~~~~~~~~~~~~~~~~~~~~~
/app/include/text.h:132:38: note: in definition of macro 'Str'
  132 | # define Str(x) csoundLocalizeString(x)
      |                                      ^
/app/OOps/ugens1.c:675:48: note: format string is defined here
  675 |   return csound->InitError(csound, Str("ival%lld sign conflict"), n+1);
      |                                             ~~~^
      |                                                |
      |                                                long long int
      |                                             %ld
In file included from /app/include/csound.h:79,
                 from /app/include/csound_type_system.h:31,
                 from /app/include/csoundCore.h:45,
                 from /app/OOps/ugens1.c:24:
/app/OOps/ugens1.c: In function 'xsgset2':
/app/OOps/ugens1.c:728:42: warning: format '%lld' expects argument of type 'long long int', but argument 3 has type 'int64_t' {aka 'long int'} [-Wformat=]
  728 |     return csound->InitError(csound, Str("ival%lld is zero"), n);
      |                                          ^~~~~~~~~~~~~~~~~~
/app/include/text.h:132:38: note: in definition of macro 'Str'
  132 | # define Str(x) csoundLocalizeString(x)
      |                                      ^
/app/OOps/ugens1.c:728:50: note: format string is defined here
  728 |     return csound->InitError(csound, Str("ival%lld is zero"), n);
      |                                               ~~~^
      |                                                  |
      |                                                  long long int
      |                                               %ld
In file included from /app/include/csound.h:79,
                 from /app/include/csound_type_system.h:31,
                 from /app/include/csoundCore.h:45,
                 from /app/OOps/ugens1.c:24:
/app/OOps/ugens1.c:730:42: warning: format '%lld' expects argument of type 'long long int', but argument 3 has type 'int64_t' {aka 'long int'} [-Wformat=]
  730 |     return csound->InitError(csound, Str("ival%lld is zero"), n+1);
      |                                          ^~~~~~~~~~~~~~~~~~
/app/include/text.h:132:38: note: in definition of macro 'Str'
  132 | # define Str(x) csoundLocalizeString(x)
      |                                      ^
/app/OOps/ugens1.c:730:50: note: format string is defined here
  730 |     return csound->InitError(csound, Str("ival%lld is zero"), n+1);
      |                                               ~~~^
      |                                                  |
      |                                                  long long int
      |                                               %ld
In file included from /app/include/csound.h:79,
                 from /app/include/csound_type_system.h:31,
                 from /app/include/csoundCore.h:45,
                 from /app/OOps/ugens1.c:24:
/app/OOps/ugens1.c:731:40: warning: format '%lld' expects argument of type 'long long int', but argument 3 has type 'int64_t' {aka 'long int'} [-Wformat=]
  731 |   return csound->InitError(csound, Str("ival%lld sign conflict"), n+1);
      |                                        ^~~~~~~~~~~~~~~~~~~~~~~~
/app/include/text.h:132:38: note: in definition of macro 'Str'
  132 | # define Str(x) csoundLocalizeString(x)
      |                                      ^
/app/OOps/ugens1.c:731:48: note: format string is defined here
  731 |   return csound->InitError(csound, Str("ival%lld sign conflict"), n+1);
      |                                             ~~~^
      |                                                |
      |                                                long long int
      |                                             %ld
In file included from /app/include/csound.h:79,
                 from /app/include/csound_type_system.h:31,
                 from /app/include/csoundCore.h:45,
                 from /app/OOps/ugens1.c:24:
/app/OOps/ugens1.c: In function 'xsgrset':
/app/OOps/ugens1.c:945:42: warning: format '%lld' expects argument of type 'long long int', but argument 3 has type 'int64_t' {aka 'long int'} [-Wformat=]
  945 |     return csound->InitError(csound, Str("ival%lld is zero"), n);
      |                                          ^~~~~~~~~~~~~~~~~~
/app/include/text.h:132:38: note: in definition of macro 'Str'
  132 | # define Str(x) csoundLocalizeString(x)
      |                                      ^
/app/OOps/ugens1.c:945:50: note: format string is defined here
  945 |     return csound->InitError(csound, Str("ival%lld is zero"), n);
      |                                               ~~~^
      |                                                  |
      |                                                  long long int
      |                                               %ld
In file included from /app/include/csound.h:79,
                 from /app/include/csound_type_system.h:31,
                 from /app/include/csoundCore.h:45,
                 from /app/OOps/ugens1.c:24:
/app/OOps/ugens1.c:947:42: warning: format '%lld' expects argument of type 'long long int', but argument 3 has type 'int64_t' {aka 'long int'} [-Wformat=]
  947 |     return csound->InitError(csound, Str("ival%lld is zero"), n+1);
      |                                          ^~~~~~~~~~~~~~~~~~
/app/include/text.h:132:38: note: in definition of macro 'Str'
  132 | # define Str(x) csoundLocalizeString(x)
      |                                      ^
/app/OOps/ugens1.c:947:50: note: format string is defined here
  947 |     return csound->InitError(csound, Str("ival%lld is zero"), n+1);
      |                                               ~~~^
      |                                                  |
      |                                                  long long int
      |                                               %ld
In file included from /app/include/csound.h:79,
                 from /app/include/csound_type_system.h:31,
                 from /app/include/csoundCore.h:45,
                 from /app/OOps/ugens1.c:24:
/app/OOps/ugens1.c:948:40: warning: format '%lld' expects argument of type 'long long int', but argument 3 has type 'int64_t' {aka 'long int'} [-Wformat=]
  948 |   return csound->InitError(csound, Str("ival%lld sign conflict"), n+1);
      |                                        ^~~~~~~~~~~~~~~~~~~~~~~~
/app/include/text.h:132:38: note: in definition of macro 'Str'
  132 | # define Str(x) csoundLocalizeString(x)
      |                                      ^
/app/OOps/ugens1.c:948:48: note: format string is defined here
  948 |   return csound->InitError(csound, Str("ival%lld sign conflict"), n+1);
      |                                             ~~~^
      |                                                |
      |                                                long long int
      |                                             %ld
[ 13%] Building C object CMakeFiles/csound.dir/OOps/ugens2.c.o
[ 13%] Building C object CMakeFiles/csound.dir/OOps/ugens3.c.o
[ 13%] Building C object CMakeFiles/csound.dir/OOps/ugens4.c.o
[ 13%] Building C object CMakeFiles/csound.dir/OOps/ugens5.c.o
[ 13%] Building C object CMakeFiles/csound.dir/OOps/ugens6.c.o
[ 14%] Building C object CMakeFiles/csound.dir/OOps/ugtabs.c.o
[ 14%] Building C object CMakeFiles/csound.dir/OOps/ugrw1.c.o
[ 14%] Building C object CMakeFiles/csound.dir/OOps/vdelay.c.o
[ 14%] Building C object CMakeFiles/csound.dir/OOps/compile_ops.c.o
[ 14%] Building CXX object CMakeFiles/csound.dir/Opcodes/ampmidid.cpp.o
[ 14%] Building CXX object CMakeFiles/csound.dir/Opcodes/mixer.cpp.o
[ 14%] Building CXX object CMakeFiles/csound.dir/Opcodes/bformdec2.cpp.o
[ 15%] Building CXX object CMakeFiles/csound.dir/Opcodes/doppler.cpp.o
[ 15%] Building CXX object CMakeFiles/csound.dir/Opcodes/ftsamplebank.cpp.o
[ 15%] Building CXX object CMakeFiles/csound.dir/Opcodes/padsynth_gen.cpp.o
[ 15%] Building CXX object CMakeFiles/csound.dir/Opcodes/signalflowgraph.cpp.o
[ 15%] Building CXX object CMakeFiles/csound.dir/Opcodes/arrayops.cpp.o
[ 15%] Building CXX object CMakeFiles/csound.dir/Opcodes/lfsr.cpp.o
[ 15%] Building CXX object CMakeFiles/csound.dir/Opcodes/pvsops.cpp.o
[ 16%] Building CXX object CMakeFiles/csound.dir/Opcodes/trigEnvSegs.cpp.o
[ 16%] Building CXX object CMakeFiles/csound.dir/Opcodes/tl/fractalnoise.cpp.o
[ 16%] Building C object CMakeFiles/csound.dir/Opcodes/scansyn.c.o
[ 16%] Building C object CMakeFiles/csound.dir/Opcodes/scansynx.c.o
[ 16%] Building C object CMakeFiles/csound.dir/Opcodes/physutil.c.o
[ 16%] Building C object CMakeFiles/csound.dir/Opcodes/modal4.c.o
[ 16%] Building C object CMakeFiles/csound.dir/Opcodes/physmod.c.o
[ 17%] Building C object CMakeFiles/csound.dir/Opcodes/mandolin.c.o
[ 17%] Building C object CMakeFiles/csound.dir/Opcodes/singwave.c.o
[ 17%] Building C object CMakeFiles/csound.dir/Opcodes/fm4op.c.o
[ 17%] Building C object CMakeFiles/csound.dir/Opcodes/moog1.c.o
[ 17%] Building C object CMakeFiles/csound.dir/Opcodes/shaker.c.o
[ 17%] Building C object CMakeFiles/csound.dir/Opcodes/bowedbar.c.o
[ 17%] Building C object CMakeFiles/csound.dir/Opcodes/mp3in.c.o
[ 18%] Building C object CMakeFiles/csound.dir/InOut/libmpadec/layer1.c.o
[ 18%] Building C object CMakeFiles/csound.dir/InOut/libmpadec/layer2.c.o
[ 18%] Building C object CMakeFiles/csound.dir/InOut/libmpadec/layer3.c.o
[ 18%] Building C object CMakeFiles/csound.dir/InOut/libmpadec/synth.c.o
[ 18%] Building C object CMakeFiles/csound.dir/InOut/libmpadec/tables.c.o
[ 18%] Building C object CMakeFiles/csound.dir/InOut/libmpadec/mpadec.c.o
[ 18%] Building C object CMakeFiles/csound.dir/InOut/libmpadec/mp3dec.c.o
[ 19%] Building C object CMakeFiles/csound.dir/Opcodes/hrtfopcodes.c.o
[ 19%] Building C object CMakeFiles/csound.dir/Opcodes/hrtfearly.c.o
[ 19%] Building C object CMakeFiles/csound.dir/Opcodes/hrtfreverb.c.o
[ 19%] Building C object CMakeFiles/csound.dir/Opcodes/hrtferX.c.o
[ 19%] Building C object CMakeFiles/csound.dir/Opcodes/socksend.c.o
[ 19%] Building C object CMakeFiles/csound.dir/Opcodes/sockrecv.c.o
/app/Opcodes/sockrecv.c: In function 'perf_raw_osc':
/app/Opcodes/sockrecv.c:747:42: warning: 'snprintf' output truncated before the last format character [-Wformat-truncation=]
  747 |             snprintf(str[n].data, 2, "%d:", dim);
      |                                          ^
/app/Opcodes/sockrecv.c:747:13: note: 'snprintf' output between 3 and 13 bytes into a destination of size 2
  747 |             snprintf(str[n].data, 2, "%d:", dim);
      |             ^~~~~~~~~~~~~~~~~~~~~~~~~~~~~~~~~~~~
/app/Opcodes/sockrecv.c:754:43: warning: 'snprintf' output truncated before the last format character [-Wformat-truncation=]
  754 |             snprintf(data+15*asize, 1, "%c", ']');
      |                                           ^
/app/Opcodes/sockrecv.c:754:13: note: 'snprintf' output 2 bytes into a destination of size 1
  754 |             snprintf(data+15*asize, 1, "%c", ']');
      |             ^~~~~~~~~~~~~~~~~~~~~~~~~~~~~~~~~~~~~
[ 19%] Building C object CMakeFiles/csound.dir/Opcodes/babo.c.o
[ 20%] Building C object CMakeFiles/csound.dir/Opcodes/bilbar.c.o
[ 20%] Building C object CMakeFiles/csound.dir/Opcodes/compress.c.o
[ 20%] Building C object CMakeFiles/csound.dir/Opcodes/eqfil.c.o
[ 20%] Building C object CMakeFiles/csound.dir/Opcodes/Vosim.c.o
[ 20%] Building C object CMakeFiles/csound.dir/Opcodes/squinewave.c.o
[ 20%] Building C object CMakeFiles/csound.dir/Opcodes/pinker.c.o
[ 20%] Building C object CMakeFiles/csound.dir/Opcodes/cpumeter.c.o
[ 21%] Building C object CMakeFiles/csound.dir/Opcodes/sc_noise.c.o
[ 21%] Building C object CMakeFiles/csound.dir/Opcodes/afilters.c.o
[ 21%] Building C object CMakeFiles/csound.dir/Opcodes/wpfilters.c.o
[ 21%] Building C object CMakeFiles/csound.dir/Opcodes/lufs.c.o
[ 21%] Building C object CMakeFiles/csound.dir/Opcodes/date.c.o
[ 21%] Building C object CMakeFiles/csound.dir/Opcodes/system_call.c.o
[ 22%] Building C object CMakeFiles/csound.dir/Opcodes/serial.c.o
[ 22%] Building C object CMakeFiles/csound.dir/Opcodes/counter.c.o
[ 22%] Building C object CMakeFiles/csound.dir/Opcodes/liveconv.c.o
[ 22%] Building C object CMakeFiles/csound.dir/Opcodes/sterrain.c.o
[ 22%] Building C object CMakeFiles/csound.dir/Opcodes/gammatone.c.o
[ 22%] Building C object CMakeFiles/csound.dir/Opcodes/sfont.c.o
[ 22%] Building C object CMakeFiles/csound.dir/Opcodes/gendy.c.o
[ 23%] Building C object CMakeFiles/csound.dir/Opcodes/phisem.c.o
[ 23%] Building C object CMakeFiles/csound.dir/Opcodes/framebuffer.c.o
[ 23%] Building C object CMakeFiles/csound.dir/Opcodes/cellular.c.o
[ 23%] Building C object CMakeFiles/csound.dir/Opcodes/exciter.c.o
[ 23%] Building C object CMakeFiles/csound.dir/Opcodes/buchla.c.o
[ 23%] Building C object CMakeFiles/csound.dir/Opcodes/select.c.o
[ 23%] Building C object CMakeFiles/csound.dir/Opcodes/platerev.c.o
[ 24%] Building C object CMakeFiles/csound.dir/Opcodes/sequencer.c.o
[ 24%] Building C object CMakeFiles/csound.dir/Opcodes/grain4.c.o
[ 24%] Building C object CMakeFiles/csound.dir/Opcodes/loscilx.c.o
[ 24%] Building C object CMakeFiles/csound.dir/Opcodes/minmax.c.o
[ 24%] Building C object CMakeFiles/csound.dir/Opcodes/pan2.c.o
[ 24%] Building C object CMakeFiles/csound.dir/Opcodes/vaops.c.o
[ 24%] Building C object CMakeFiles/csound.dir/Opcodes/ugakbari.c.o
[ 25%] Building C object CMakeFiles/csound.dir/Opcodes/harmon.c.o
[ 25%] Building C object CMakeFiles/csound.dir/Opcodes/pitchtrack.c.o
[ 25%] Building C object CMakeFiles/csound.dir/Opcodes/partikkel.c.o
[ 25%] Building C object CMakeFiles/csound.dir/Opcodes/shape.c.o
[ 25%] Building C object CMakeFiles/csound.dir/Opcodes/tabaudio.c.o
[ 25%] Building C object CMakeFiles/csound.dir/Opcodes/tabsum.c.o
[ 25%] Building C object CMakeFiles/csound.dir/Opcodes/crossfm.c.o
[ 26%] Building C object CMakeFiles/csound.dir/Opcodes/pvlock.c.o
[ 26%] Building C object CMakeFiles/csound.dir/Opcodes/fareyseq.c.o
[ 26%] Building C object CMakeFiles/csound.dir/Opcodes/modmatrix.c.o
[ 26%] Building C object CMakeFiles/csound.dir/Opcodes/scoreline.c.o
[ 26%] Building C object CMakeFiles/csound.dir/Opcodes/ambicode1.c.o
[ 26%] Building C object CMakeFiles/csound.dir/Opcodes/arrays.c.o
[ 26%] Building C object CMakeFiles/csound.dir/Opcodes/emugens/emugens.c.o
[ 27%] Building C object CMakeFiles/csound.dir/Opcodes/emugens/scugens.c.o
[ 27%] Building C object CMakeFiles/csound.dir/Opcodes/zak.c.o
[ 27%] Building C object CMakeFiles/csound.dir/Opcodes/paulstretch.c.o
[ 27%] Building C object CMakeFiles/csound.dir/Opcodes/ftest.c.o
[ 27%] Building C object CMakeFiles/csound.dir/Opcodes/fareygen.c.o
[ 27%] Building C object CMakeFiles/csound.dir/Opcodes/quadbezier.c.o
[ 27%] Building C object CMakeFiles/csound.dir/Opcodes/ifd.c.o
[ 28%] Building C object CMakeFiles/csound.dir/Opcodes/partials.c.o
[ 28%] Building C object CMakeFiles/csound.dir/Opcodes/psynth.c.o
[ 28%] Building C object CMakeFiles/csound.dir/Opcodes/pvsbasic.c.o
[ 28%] Building C object CMakeFiles/csound.dir/Opcodes/pvscent.c.o
[ 28%] Building C object CMakeFiles/csound.dir/Opcodes/pvsdemix.c.o
[ 28%] Building C object CMakeFiles/csound.dir/Opcodes/pvs_ops.c.o
[ 29%] Building C object CMakeFiles/csound.dir/Opcodes/pvsband.c.o
[ 29%] Building C object CMakeFiles/csound.dir/Opcodes/pvsbuffer.c.o
[ 29%] Building C object CMakeFiles/csound.dir/Opcodes/pvsgendy.c.o
[ 29%] Building C object CMakeFiles/csound.dir/Opcodes/gab/tabmorph.c.o
[ 29%] Building C object CMakeFiles/csound.dir/Opcodes/gab/hvs.c.o
[ 29%] Building C object CMakeFiles/csound.dir/Opcodes/gab/newgabopc.c.o
[ 29%] Building C object CMakeFiles/csound.dir/Opcodes/dsputil.c.o
[ 30%] Building C object CMakeFiles/csound.dir/Opcodes/pvadd.c.o
[ 30%] Building C object CMakeFiles/csound.dir/Opcodes/pvinterp.c.o
[ 30%] Building C object CMakeFiles/csound.dir/Opcodes/pvocext.c.o
[ 30%] Building C object CMakeFiles/csound.dir/Opcodes/pvread.c.o
[ 30%] Building C object CMakeFiles/csound.dir/Opcodes/ugens8.c.o
[ 30%] Building C object CMakeFiles/csound.dir/Opcodes/vpvoc.c.o
[ 30%] Building C object CMakeFiles/csound.dir/Opcodes/pvoc.c.o
[ 31%] Building C object CMakeFiles/csound.dir/Opcodes/pitch.c.o
[ 31%] Building C object CMakeFiles/csound.dir/Opcodes/spectra.c.o
[ 31%] Building C object CMakeFiles/csound.dir/Opcodes/vbap.c.o
[ 31%] Building C object CMakeFiles/csound.dir/Opcodes/ambicode.c.o
[ 31%] Building C object CMakeFiles/csound.dir/Opcodes/bbcut.c.o
[ 31%] Building C object CMakeFiles/csound.dir/Opcodes/biquad.c.o
[ 31%] Building C object CMakeFiles/csound.dir/Opcodes/butter.c.o
[ 32%] Building C object CMakeFiles/csound.dir/Opcodes/clfilt.c.o
[ 32%] Building C object CMakeFiles/csound.dir/Opcodes/cross2.c.o
[ 32%] Building C object CMakeFiles/csound.dir/Opcodes/dam.c.o
[ 32%] Building C object CMakeFiles/csound.dir/Opcodes/dcblockr.c.o
[ 32%] Building C object CMakeFiles/csound.dir/Opcodes/filter.c.o
[ 32%] Building C object CMakeFiles/csound.dir/Opcodes/flanger.c.o
[ 32%] Building C object CMakeFiles/csound.dir/Opcodes/follow.c.o
[ 33%] Building C object CMakeFiles/csound.dir/Opcodes/fout.c.o
[ 33%] Building C object CMakeFiles/csound.dir/Opcodes/freeverb.c.o
[ 33%] Building C object CMakeFiles/csound.dir/Opcodes/ftconv.c.o
[ 33%] Building C object CMakeFiles/csound.dir/Opcodes/ftgen.c.o
[ 33%] Building C object CMakeFiles/csound.dir/Opcodes/gab/gab.c.o
[ 33%] Building C object CMakeFiles/csound.dir/Opcodes/gab/vectorial.c.o
[ 33%] Building C object CMakeFiles/csound.dir/Opcodes/grain.c.o
[ 34%] Building C object CMakeFiles/csound.dir/Opcodes/locsig.c.o
[ 34%] Building C object CMakeFiles/csound.dir/Opcodes/lowpassr.c.o
[ 34%] Building C object CMakeFiles/csound.dir/Opcodes/metro.c.o
[ 34%] Building C object CMakeFiles/csound.dir/Opcodes/newfils.c.o
[ 34%] Building C object CMakeFiles/csound.dir/Opcodes/nlfilt.c.o
[ 34%] Building C object CMakeFiles/csound.dir/Opcodes/oscbnk.c.o
[ 34%] Building C object CMakeFiles/csound.dir/Opcodes/pluck.c.o
[ 35%] Building C object CMakeFiles/csound.dir/Opcodes/repluck.c.o
[ 35%] Building C object CMakeFiles/csound.dir/Opcodes/reverbsc.c.o
[ 35%] Building C object CMakeFiles/csound.dir/Opcodes/seqtime.c.o
[ 35%] Building C object CMakeFiles/csound.dir/Opcodes/sndloop.c.o
[ 35%] Building C object CMakeFiles/csound.dir/Opcodes/sndwarp.c.o
[ 35%] Building C object CMakeFiles/csound.dir/Opcodes/space.c.o
[ 35%] Building C object CMakeFiles/csound.dir/Opcodes/spat3d.c.o
[ 36%] Building C object CMakeFiles/csound.dir/Opcodes/syncgrain.c.o
[ 36%] Building C object CMakeFiles/csound.dir/Opcodes/ugens7.c.o
[ 36%] Building C object CMakeFiles/csound.dir/Opcodes/ugens9.c.o
[ 36%] Building C object CMakeFiles/csound.dir/Opcodes/ugensa.c.o
[ 36%] Building C object CMakeFiles/csound.dir/Opcodes/uggab.c.o
[ 36%] Building C object CMakeFiles/csound.dir/Opcodes/ugmoss.c.o
[ 37%] Building C object CMakeFiles/csound.dir/Opcodes/ugnorman.c.o
[ 37%] Building C object CMakeFiles/csound.dir/Opcodes/ugsc.c.o
[ 37%] Building C object CMakeFiles/csound.dir/Opcodes/wave-terrain.c.o
[ 37%] Building C object CMakeFiles/csound.dir/Opcodes/wterrain2.c.o
[ 37%] Building C object CMakeFiles/csound.dir/Opcodes/stdopcod.c.o
[ 37%] Building C object CMakeFiles/csound.dir/Opcodes/control.c.o
[ 37%] Building C object CMakeFiles/csound.dir/Opcodes/urandom.c.o
[ 38%] Building CXX object CMakeFiles/csound.dir/Top/csPerfThread.cpp.o
[ 38%] Building C object CMakeFiles/csound.dir/csound_orclex.c.o
[ 38%] Building C object CMakeFiles/csound.dir/csound_orcparse.c.o
[ 38%] Building C object CMakeFiles/csound.dir/csound_prelex.c.o
[ 38%] Building C object CMakeFiles/csound.dir/Engine/csound_orc_semantics.c.o
[ 38%] Building C object CMakeFiles/csound.dir/Engine/csound_orc_expressions.c.o
[ 38%] Building C object CMakeFiles/csound.dir/Engine/csound_orc_optimize.c.o
[ 39%] Building C object CMakeFiles/csound.dir/Engine/csound_orc_compile.c.o
[ 39%] Building C object CMakeFiles/csound.dir/Engine/new_orc_parser.c.o
[ 39%] Building C object CMakeFiles/csound.dir/Engine/symbtab.c.o
[ 39%] Building C object CMakeFiles/csound.dir/csound_prslex.c.o
/app/Engine/csound_prs.lex: In function 'on_EOF':
/app/Engine/csound_prs.lex:1833:29: warning: format '%llu' expects argument of type 'long long unsigned int', but argument 4 has type 'uint64_t' {aka 'long unsigned int'} [-Wformat=]
 1833 |     csound->DebugMsg(csound,"csound-prs(%d): loc=%llu ; lastloc=%llu\n",
      |                             ^~~~~~~~~~~~~~~~~~~~~~~~~~~~~~~~~~~~~~~~~~~
/app/Engine/csound_prs.lex:1833:29: warning: format '%llu' expects argument of type 'long long unsigned int', but argument 5 has type 'uint64_t' {aka 'long unsigned int'} [-Wformat=]
 1833 |     csound->DebugMsg(csound,"csound-prs(%d): loc=%llu ; lastloc=%llu\n",
      |                             ^~~~~~~~~~~~~~~~~~~~~~~~~~~~~~~~~~~~~~~~~~~
[ 39%] Building C object CMakeFiles/csound.dir/Engine/cs_new_dispatch.c.o
[ 39%] Building C object CMakeFiles/csound.dir/Engine/cs_par_base.c.o
[ 39%] Building C object CMakeFiles/csound.dir/Engine/cs_par_orc_semantic_analysis.c.o
[ 40%] Linking CXX shared library libcsound.so
[ 40%] Built target csound
[ 40%] Building C object CMakeFiles/csound-static.dir/Top/csound.c.o
[ 40%] Building C object CMakeFiles/csound-static.dir/Top/argdecode.c.o
[ 40%] Building C object CMakeFiles/csound-static.dir/Top/csdebug.c.o
[ 40%] Building C object CMakeFiles/csound-static.dir/Top/csmodule.c.o
[ 40%] Building C object CMakeFiles/csound-static.dir/Top/getstring.c.o
[ 40%] Building C object CMakeFiles/csound-static.dir/Top/main.c.o
[ 41%] Building C object CMakeFiles/csound-static.dir/Top/new_opts.c.o
[ 41%] Building C object CMakeFiles/csound-static.dir/Top/one_file.c.o
[ 41%] Building C object CMakeFiles/csound-static.dir/Top/opcode.c.o
[ 41%] Building C object CMakeFiles/csound-static.dir/Top/threads.c.o
[ 41%] Building C object CMakeFiles/csound-static.dir/Top/utility.c.o
[ 41%] Building C object CMakeFiles/csound-static.dir/Top/threadsafe.c.o
[ 41%] Building C object CMakeFiles/csound-static.dir/Top/server.c.o
[ 42%] Building C object CMakeFiles/csound-static.dir/Engine/auxfd.c.o
[ 42%] Building C object CMakeFiles/csound-static.dir/Engine/cfgvar.c.o
[ 42%] Building C object CMakeFiles/csound-static.dir/Engine/corfiles.c.o
[ 42%] Building C object CMakeFiles/csound-static.dir/Engine/entry.c.o
[ 42%] Building C object CMakeFiles/csound-static.dir/Engine/extract.c.o
[ 42%] Building C object CMakeFiles/csound-static.dir/Engine/environ.c.o
[ 42%] Building C object CMakeFiles/csound-static.dir/Engine/fgens.c.o
[ 43%] Building C object CMakeFiles/csound-static.dir/Engine/filesys.c.o
[ 43%] Building C object CMakeFiles/csound-static.dir/Engine/insert.c.o
In file included from /app/include/csound.h:79,
                 from /app/include/csound_type_system.h:31,
                 from /app/include/csoundCore.h:45,
                 from /app/Engine/insert.c:27:
/app/Engine/insert.c: In function 'insert_new':
/app/Engine/insert.c:476:40: warning: format '%llu' expects argument of type 'long long unsigned int', but argument 3 has type 'uint64_t' {aka 'long unsigned int'} [-Wformat=]
  476 |           csound->ErrorMsg(csound, Str("new alloc (instance %llu) for instr %s:\n"),
      |                                        ^~~~~~~~~~~~~~~~~~~~~~~~~~~~~~~~~~~~~~~~~~~
/app/include/text.h:132:38: note: in definition of macro 'Str'
  132 | # define Str(x) csoundLocalizeString(x)
      |                                      ^
/app/Engine/insert.c:476:64: note: format string is defined here
  476 |           csound->ErrorMsg(csound, Str("new alloc (instance %llu) for instr %s:\n"),
      |                                                             ~~~^
      |                                                                |
      |                                                                long long unsigned int
      |                                                             %lu
In file included from /app/include/csound.h:79,
                 from /app/include/csound_type_system.h:31,
                 from /app/include/csoundCore.h:45,
                 from /app/Engine/insert.c:27:
/app/Engine/insert.c:479:40: warning: format '%llu' expects argument of type 'long long unsigned int', but argument 3 has type 'uint64_t' {aka 'long unsigned int'} [-Wformat=]
  479 |           csound->ErrorMsg(csound, Str("new alloc (instance %llu) for instr %d:\n"),
      |                                        ^~~~~~~~~~~~~~~~~~~~~~~~~~~~~~~~~~~~~~~~~~~
/app/include/text.h:132:38: note: in definition of macro 'Str'
  132 | # define Str(x) csoundLocalizeString(x)
      |                                      ^
/app/Engine/insert.c:479:64: note: format string is defined here
  479 |           csound->ErrorMsg(csound, Str("new alloc (instance %llu) for instr %d:\n"),
      |                                                             ~~~^
      |                                                                |
      |                                                                long long unsigned int
      |                                                             %lu
In file included from /app/include/csound.h:79,
                 from /app/include/csound_type_system.h:31,
                 from /app/include/csoundCore.h:45,
                 from /app/Engine/insert.c:27:
/app/Engine/insert.c: In function 'create_instance':
/app/Engine/insert.c:1882:30: warning: format '%llu' expects argument of type 'long long unsigned int', but argument 3 has type 'uint64_t' {aka 'long unsigned int'} [-Wformat=]
 1882 |                          Str("new free alloc (instance %llu) for instr %s:\n"),
      |                              ^~~~~~~~~~~~~~~~~~~~~~~~~~~~~~~~~~~~~~~~~~~~~~~~
/app/include/text.h:132:38: note: in definition of macro 'Str'
  132 | # define Str(x) csoundLocalizeString(x)
      |                                      ^
/app/Engine/insert.c:1882:59: note: format string is defined here
 1882 |                          Str("new free alloc (instance %llu) for instr %s:\n"),
      |                                                        ~~~^
      |                                                           |
      |                                                           long long unsigned int
      |                                                        %lu
In file included from /app/include/csound.h:79,
                 from /app/include/csound_type_system.h:31,
                 from /app/include/csoundCore.h:45,
                 from /app/Engine/insert.c:27:
/app/Engine/insert.c:1886:30: warning: format '%llu' expects argument of type 'long long unsigned int', but argument 3 has type 'uint64_t' {aka 'long unsigned int'} [-Wformat=]
 1886 |                          Str("new free alloc (instance %llu) for instr %d:\n"),
      |                              ^~~~~~~~~~~~~~~~~~~~~~~~~~~~~~~~~~~~~~~~~~~~~~~~
/app/include/text.h:132:38: note: in definition of macro 'Str'
  132 | # define Str(x) csoundLocalizeString(x)
      |                                      ^
/app/Engine/insert.c:1886:59: note: format string is defined here
 1886 |                          Str("new free alloc (instance %llu) for instr %d:\n"),
      |                                                        ~~~^
      |                                                           |
      |                                                           long long unsigned int
      |                                                        %lu
In file included from /app/include/csound.h:79,
                 from /app/include/csound_type_system.h:31,
                 from /app/include/csoundCore.h:45,
                 from /app/Engine/insert.c:27:
/app/Engine/insert.c: In function 'free_instance':
/app/Engine/insert.c:1950:36: warning: format '%llu' expects argument of type 'long long unsigned int', but argument 3 has type 'uint64_t' {aka 'long unsigned int'} [-Wformat=]
 1950 |       csound->ErrorMsg(csound, Str("instance %llu (instr %s) deleted\n"),
      |                                    ^~~~~~~~~~~~~~~~~~~~~~~~~~~~~~~~~~~~
/app/include/text.h:132:38: note: in definition of macro 'Str'
  132 | # define Str(x) csoundLocalizeString(x)
      |                                      ^
/app/Engine/insert.c:1950:49: note: format string is defined here
 1950 |       csound->ErrorMsg(csound, Str("instance %llu (instr %s) deleted\n"),
      |                                              ~~~^
      |                                                 |
      |                                                 long long unsigned int
      |                                              %lu
In file included from /app/include/csound.h:79,
                 from /app/include/csound_type_system.h:31,
                 from /app/include/csoundCore.h:45,
                 from /app/Engine/insert.c:27:
/app/Engine/insert.c:1953:36: warning: format '%llu' expects argument of type 'long long unsigned int', but argument 3 has type 'uint64_t' {aka 'long unsigned int'} [-Wformat=]
 1953 |       csound->ErrorMsg(csound, Str("instance %llu (instr %d) deleted\n"),
      |                                    ^~~~~~~~~~~~~~~~~~~~~~~~~~~~~~~~~~~~
/app/include/text.h:132:38: note: in definition of macro 'Str'
  132 | # define Str(x) csoundLocalizeString(x)
      |                                      ^
/app/Engine/insert.c:1953:49: note: format string is defined here
 1953 |       csound->ErrorMsg(csound, Str("instance %llu (instr %d) deleted\n"),
      |                                              ~~~^
      |                                                 |
      |                                                 long long unsigned int
      |                                              %lu
[ 43%] Building C object CMakeFiles/csound-static.dir/Engine/srconvert.c.o
[ 43%] Building C object CMakeFiles/csound-static.dir/Engine/udo.c.o
[ 43%] Building C object CMakeFiles/csound-static.dir/Engine/linevent.c.o
[ 43%] Building C object CMakeFiles/csound-static.dir/Engine/memalloc.c.o
[ 44%] Building C object CMakeFiles/csound-static.dir/Engine/memfiles.c.o
[ 44%] Building C object CMakeFiles/csound-static.dir/Engine/musmon.c.o
[ 44%] Building C object CMakeFiles/csound-static.dir/Engine/namedins.c.o
[ 44%] Building C object CMakeFiles/csound-static.dir/Engine/rdscor.c.o
[ 44%] Building C object CMakeFiles/csound-static.dir/Engine/scsort.c.o
[ 44%] Building C object CMakeFiles/csound-static.dir/Engine/scxtract.c.o
[ 44%] Building C object CMakeFiles/csound-static.dir/Engine/sort.c.o
[ 45%] Building C object CMakeFiles/csound-static.dir/Engine/sread.c.o
[ 45%] Building C object CMakeFiles/csound-static.dir/Engine/swritestr.c.o
[ 45%] Building C object CMakeFiles/csound-static.dir/Engine/twarp.c.o
[ 45%] Building C object CMakeFiles/csound-static.dir/Engine/csound_type_system.c.o
[ 45%] Building C object CMakeFiles/csound-static.dir/Engine/csound_standard_types.c.o
[ 45%] Building C object CMakeFiles/csound-static.dir/Engine/csound_data_structures.c.o
[ 45%] Building C object CMakeFiles/csound-static.dir/Engine/pools.c.o
[ 46%] Building C object CMakeFiles/csound-static.dir/Engine/ugen.c.o
[ 46%] Building C object CMakeFiles/csound-static.dir/InOut/soundfile.c.o
[ 46%] Building C object CMakeFiles/csound-static.dir/InOut/libsnd.c.o
[ 46%] Building C object CMakeFiles/csound-static.dir/InOut/libsnd_u.c.o
[ 46%] Building C object CMakeFiles/csound-static.dir/InOut/midifile.c.o
[ 46%] Building C object CMakeFiles/csound-static.dir/InOut/midirecv.c.o
[ 46%] Building C object CMakeFiles/csound-static.dir/InOut/midisend.c.o
[ 47%] Building C object CMakeFiles/csound-static.dir/InOut/winascii.c.o
[ 47%] Building C object CMakeFiles/csound-static.dir/InOut/windin.c.o
[ 47%] Building C object CMakeFiles/csound-static.dir/InOut/window.c.o
[ 47%] Building C object CMakeFiles/csound-static.dir/InOut/winEPS.c.o
[ 47%] Building C object CMakeFiles/csound-static.dir/InOut/circularbuffer.c.o
[ 47%] Building C object CMakeFiles/csound-static.dir/OOps/array_ops.c.o
[ 47%] Building C object CMakeFiles/csound-static.dir/OOps/aops.c.o
[ 48%] Building C object CMakeFiles/csound-static.dir/OOps/assert_ops.c.o
[ 48%] Building C object CMakeFiles/csound-static.dir/OOps/bus.c.o
[ 48%] Building C object CMakeFiles/csound-static.dir/OOps/cmath.c.o
[ 48%] Building C object CMakeFiles/csound-static.dir/OOps/complex_ops.c.o
[ 48%] Building C object CMakeFiles/csound-static.dir/OOps/diskin2.c.o
[ 48%] Building C object CMakeFiles/csound-static.dir/OOps/disprep.c.o
[ 48%] Building C object CMakeFiles/csound-static.dir/OOps/dumpf.c.o
[ 49%] Building C object CMakeFiles/csound-static.dir/OOps/fftlib.c.o
[ 49%] Building C object CMakeFiles/csound-static.dir/OOps/inst_ops.c.o
In file included from /app/include/csound.h:79,
                 from /app/include/csound_type_system.h:31,
                 from /app/include/csoundCore.h:45,
                 from /app/OOps/inst_ops.c:25:
/app/OOps/inst_ops.c: In function 'play_instr':
/app/OOps/inst_ops.c:363:36: warning: format '%llu' expects argument of type 'long long unsigned int', but argument 3 has type 'uint64_t' {aka 'long unsigned int'} [-Wformat=]
  363 |                                Str("instance %llu (instr %s): "
      |                                    ^~~~~~~~~~~~~~~~~~~~~~~~~~~~
/app/include/text.h:132:38: note: in definition of macro 'Str'
  132 | # define Str(x) csoundLocalizeString(x)
      |                                      ^
/app/OOps/inst_ops.c:363:49: note: format string is defined here
  363 |                                Str("instance %llu (instr %s): "
      |                                              ~~~^
      |                                                 |
      |                                                 long long unsigned int
      |                                              %lu
In file included from /app/include/csound.h:79,
                 from /app/include/csound_type_system.h:31,
                 from /app/include/csoundCore.h:45,
                 from /app/OOps/inst_ops.c:25:
/app/OOps/inst_ops.c:368:36: warning: format '%llu' expects argument of type 'long long unsigned int', but argument 3 has type 'uint64_t' {aka 'long unsigned int'} [-Wformat=]
  368 |                                Str("instance %llu (instr %d): "
      |                                    ^~~~~~~~~~~~~~~~~~~~~~~~~~~~
/app/include/text.h:132:38: note: in definition of macro 'Str'
  132 | # define Str(x) csoundLocalizeString(x)
      |                                      ^
/app/OOps/inst_ops.c:368:49: note: format string is defined here
  368 |                                Str("instance %llu (instr %d): "
      |                                              ~~~^
      |                                                 |
      |                                                 long long unsigned int
      |                                              %lu
[ 49%] Building C object CMakeFiles/csound-static.dir/OOps/lpred.c.o
[ 49%] Building C object CMakeFiles/csound-static.dir/OOps/pffft.c.o
[ 49%] Building C object CMakeFiles/csound-static.dir/OOps/goto_ops.c.o
[ 49%] Building C object CMakeFiles/csound-static.dir/OOps/midiinterop.c.o
[ 49%] Building C object CMakeFiles/csound-static.dir/OOps/midiops.c.o
[ 50%] Building C object CMakeFiles/csound-static.dir/OOps/midiops2.c.o
[ 50%] Building C object CMakeFiles/csound-static.dir/OOps/midiops3.c.o
[ 50%] Building C object CMakeFiles/csound-static.dir/OOps/midiout.c.o
[ 50%] Building C object CMakeFiles/csound-static.dir/OOps/mxfft.c.o
[ 50%] Building C object CMakeFiles/csound-static.dir/OOps/oscils.c.o
[ 50%] Building C object CMakeFiles/csound-static.dir/OOps/pitch0.c.o
[ 51%] Building C object CMakeFiles/csound-static.dir/OOps/pstream.c.o
[ 51%] Building C object CMakeFiles/csound-static.dir/OOps/pvfileio.c.o
[ 51%] Building C object CMakeFiles/csound-static.dir/OOps/pvsanal.c.o
[ 51%] Building C object CMakeFiles/csound-static.dir/OOps/random.c.o
[ 51%] Building C object CMakeFiles/csound-static.dir/OOps/remote.c.o
[ 51%] Building C object CMakeFiles/csound-static.dir/OOps/schedule.c.o
[ 51%] Building C object CMakeFiles/csound-static.dir/OOps/sndinfUG.c.o
[ 52%] Building C object CMakeFiles/csound-static.dir/OOps/str_ops.c.o
[ 52%] Building C object CMakeFiles/csound-static.dir/OOps/ugens1.c.o
In file included from /app/include/csound.h:79,
                 from /app/include/csound_type_system.h:31,
                 from /app/include/csoundCore.h:45,
                 from /app/OOps/ugens1.c:24:
/app/OOps/ugens1.c: In function 'xsgset':
/app/OOps/ugens1.c:551:42: warning: format '%lld' expects argument of type 'long long int', but argument 3 has type 'int64_t' {aka 'long int'} [-Wformat=]
  551 |     return csound->InitError(csound, Str("ival%lld is zero"), n);
      |                                          ^~~~~~~~~~~~~~~~~~
/app/include/text.h:132:38: note: in definition of macro 'Str'
  132 | # define Str(x) csoundLocalizeString(x)
      |                                      ^
/app/OOps/ugens1.c:551:50: note: format string is defined here
  551 |     return csound->InitError(csound, Str("ival%lld is zero"), n);
      |                                               ~~~^
      |                                                  |
      |                                                  long long int
      |                                               %ld
In file included from /app/include/csound.h:79,
                 from /app/include/csound_type_system.h:31,
                 from /app/include/csoundCore.h:45,
                 from /app/OOps/ugens1.c:24:
/app/OOps/ugens1.c:553:42: warning: format '%lld' expects argument of type 'long long int', but argument 3 has type 'int64_t' {aka 'long int'} [-Wformat=]
  553 |     return csound->InitError(csound, Str("ival%lld is zero"), n+1);
      |                                          ^~~~~~~~~~~~~~~~~~
/app/include/text.h:132:38: note: in definition of macro 'Str'
  132 | # define Str(x) csoundLocalizeString(x)
      |                                      ^
/app/OOps/ugens1.c:553:50: note: format string is defined here
  553 |     return csound->InitError(csound, Str("ival%lld is zero"), n+1);
      |                                               ~~~^
      |                                                  |
      |                                                  long long int
      |                                               %ld
In file included from /app/include/csound.h:79,
                 from /app/include/csound_type_system.h:31,
                 from /app/include/csoundCore.h:45,
                 from /app/OOps/ugens1.c:24:
/app/OOps/ugens1.c:554:40: warning: format '%lld' expects argument of type 'long long int', but argument 3 has type 'int64_t' {aka 'long int'} [-Wformat=]
  554 |   return csound->InitError(csound, Str("ival%lld sign conflict"), n+1);
      |                                        ^~~~~~~~~~~~~~~~~~~~~~~~
/app/include/text.h:132:38: note: in definition of macro 'Str'
  132 | # define Str(x) csoundLocalizeString(x)
      |                                      ^
/app/OOps/ugens1.c:554:48: note: format string is defined here
  554 |   return csound->InitError(csound, Str("ival%lld sign conflict"), n+1);
      |                                             ~~~^
      |                                                |
      |                                                long long int
      |                                             %ld
In file included from /app/include/csound.h:79,
                 from /app/include/csound_type_system.h:31,
                 from /app/include/csoundCore.h:45,
                 from /app/OOps/ugens1.c:24:
/app/OOps/ugens1.c: In function 'xsgset_bkpt':
/app/OOps/ugens1.c:610:42: warning: format '%lld' expects argument of type 'long long int', but argument 3 has type 'int64_t' {aka 'long int'} [-Wformat=]
  610 |     return csound->InitError(csound, Str("ival%lld is zero"), n);
      |                                          ^~~~~~~~~~~~~~~~~~
/app/include/text.h:132:38: note: in definition of macro 'Str'
  132 | # define Str(x) csoundLocalizeString(x)
      |                                      ^
/app/OOps/ugens1.c:610:50: note: format string is defined here
  610 |     return csound->InitError(csound, Str("ival%lld is zero"), n);
      |                                               ~~~^
      |                                                  |
      |                                                  long long int
      |                                               %ld
In file included from /app/include/csound.h:79,
                 from /app/include/csound_type_system.h:31,
                 from /app/include/csoundCore.h:45,
                 from /app/OOps/ugens1.c:24:
/app/OOps/ugens1.c:612:42: warning: format '%lld' expects argument of type 'long long int', but argument 3 has type 'int64_t' {aka 'long int'} [-Wformat=]
  612 |     return csound->InitError(csound, Str("ival%lld is zero"), n+1);
      |                                          ^~~~~~~~~~~~~~~~~~
/app/include/text.h:132:38: note: in definition of macro 'Str'
  132 | # define Str(x) csoundLocalizeString(x)
      |                                      ^
/app/OOps/ugens1.c:612:50: note: format string is defined here
  612 |     return csound->InitError(csound, Str("ival%lld is zero"), n+1);
      |                                               ~~~^
      |                                                  |
      |                                                  long long int
      |                                               %ld
In file included from /app/include/csound.h:79,
                 from /app/include/csound_type_system.h:31,
                 from /app/include/csoundCore.h:45,
                 from /app/OOps/ugens1.c:24:
/app/OOps/ugens1.c:613:40: warning: format '%lld' expects argument of type 'long long int', but argument 3 has type 'int64_t' {aka 'long int'} [-Wformat=]
  613 |   return csound->InitError(csound, Str("ival%lld sign conflict"), n+1);
      |                                        ^~~~~~~~~~~~~~~~~~~~~~~~
/app/include/text.h:132:38: note: in definition of macro 'Str'
  132 | # define Str(x) csoundLocalizeString(x)
      |                                      ^
/app/OOps/ugens1.c:613:48: note: format string is defined here
  613 |   return csound->InitError(csound, Str("ival%lld sign conflict"), n+1);
      |                                             ~~~^
      |                                                |
      |                                                long long int
      |                                             %ld
In file included from /app/include/csound.h:79,
                 from /app/include/csound_type_system.h:31,
                 from /app/include/csoundCore.h:45,
                 from /app/OOps/ugens1.c:24:
/app/OOps/ugens1.c: In function 'xsgset2b':
/app/OOps/ugens1.c:672:42: warning: format '%lld' expects argument of type 'long long int', but argument 3 has type 'int64_t' {aka 'long int'} [-Wformat=]
  672 |     return csound->InitError(csound, Str("ival%lld is zero"), n);
      |                                          ^~~~~~~~~~~~~~~~~~
/app/include/text.h:132:38: note: in definition of macro 'Str'
  132 | # define Str(x) csoundLocalizeString(x)
      |                                      ^
/app/OOps/ugens1.c:672:50: note: format string is defined here
  672 |     return csound->InitError(csound, Str("ival%lld is zero"), n);
      |                                               ~~~^
      |                                                  |
      |                                                  long long int
      |                                               %ld
In file included from /app/include/csound.h:79,
                 from /app/include/csound_type_system.h:31,
                 from /app/include/csoundCore.h:45,
                 from /app/OOps/ugens1.c:24:
/app/OOps/ugens1.c:674:42: warning: format '%lld' expects argument of type 'long long int', but argument 3 has type 'int64_t' {aka 'long int'} [-Wformat=]
  674 |     return csound->InitError(csound, Str("ival%lld is zero"), n+1);
      |                                          ^~~~~~~~~~~~~~~~~~
/app/include/text.h:132:38: note: in definition of macro 'Str'
  132 | # define Str(x) csoundLocalizeString(x)
      |                                      ^
/app/OOps/ugens1.c:674:50: note: format string is defined here
  674 |     return csound->InitError(csound, Str("ival%lld is zero"), n+1);
      |                                               ~~~^
      |                                                  |
      |                                                  long long int
      |                                               %ld
In file included from /app/include/csound.h:79,
                 from /app/include/csound_type_system.h:31,
                 from /app/include/csoundCore.h:45,
                 from /app/OOps/ugens1.c:24:
/app/OOps/ugens1.c:675:40: warning: format '%lld' expects argument of type 'long long int', but argument 3 has type 'int64_t' {aka 'long int'} [-Wformat=]
  675 |   return csound->InitError(csound, Str("ival%lld sign conflict"), n+1);
      |                                        ^~~~~~~~~~~~~~~~~~~~~~~~
/app/include/text.h:132:38: note: in definition of macro 'Str'
  132 | # define Str(x) csoundLocalizeString(x)
      |                                      ^
/app/OOps/ugens1.c:675:48: note: format string is defined here
  675 |   return csound->InitError(csound, Str("ival%lld sign conflict"), n+1);
      |                                             ~~~^
      |                                                |
      |                                                long long int
      |                                             %ld
In file included from /app/include/csound.h:79,
                 from /app/include/csound_type_system.h:31,
                 from /app/include/csoundCore.h:45,
                 from /app/OOps/ugens1.c:24:
/app/OOps/ugens1.c: In function 'xsgset2':
/app/OOps/ugens1.c:728:42: warning: format '%lld' expects argument of type 'long long int', but argument 3 has type 'int64_t' {aka 'long int'} [-Wformat=]
  728 |     return csound->InitError(csound, Str("ival%lld is zero"), n);
      |                                          ^~~~~~~~~~~~~~~~~~
/app/include/text.h:132:38: note: in definition of macro 'Str'
  132 | # define Str(x) csoundLocalizeString(x)
      |                                      ^
/app/OOps/ugens1.c:728:50: note: format string is defined here
  728 |     return csound->InitError(csound, Str("ival%lld is zero"), n);
      |                                               ~~~^
      |                                                  |
      |                                                  long long int
      |                                               %ld
In file included from /app/include/csound.h:79,
                 from /app/include/csound_type_system.h:31,
                 from /app/include/csoundCore.h:45,
                 from /app/OOps/ugens1.c:24:
/app/OOps/ugens1.c:730:42: warning: format '%lld' expects argument of type 'long long int', but argument 3 has type 'int64_t' {aka 'long int'} [-Wformat=]
  730 |     return csound->InitError(csound, Str("ival%lld is zero"), n+1);
      |                                          ^~~~~~~~~~~~~~~~~~
/app/include/text.h:132:38: note: in definition of macro 'Str'
  132 | # define Str(x) csoundLocalizeString(x)
      |                                      ^
/app/OOps/ugens1.c:730:50: note: format string is defined here
  730 |     return csound->InitError(csound, Str("ival%lld is zero"), n+1);
      |                                               ~~~^
      |                                                  |
      |                                                  long long int
      |                                               %ld
In file included from /app/include/csound.h:79,
                 from /app/include/csound_type_system.h:31,
                 from /app/include/csoundCore.h:45,
                 from /app/OOps/ugens1.c:24:
/app/OOps/ugens1.c:731:40: warning: format '%lld' expects argument of type 'long long int', but argument 3 has type 'int64_t' {aka 'long int'} [-Wformat=]
  731 |   return csound->InitError(csound, Str("ival%lld sign conflict"), n+1);
      |                                        ^~~~~~~~~~~~~~~~~~~~~~~~
/app/include/text.h:132:38: note: in definition of macro 'Str'
  132 | # define Str(x) csoundLocalizeString(x)
      |                                      ^
/app/OOps/ugens1.c:731:48: note: format string is defined here
  731 |   return csound->InitError(csound, Str("ival%lld sign conflict"), n+1);
      |                                             ~~~^
      |                                                |
      |                                                long long int
      |                                             %ld
In file included from /app/include/csound.h:79,
                 from /app/include/csound_type_system.h:31,
                 from /app/include/csoundCore.h:45,
                 from /app/OOps/ugens1.c:24:
/app/OOps/ugens1.c: In function 'xsgrset':
/app/OOps/ugens1.c:945:42: warning: format '%lld' expects argument of type 'long long int', but argument 3 has type 'int64_t' {aka 'long int'} [-Wformat=]
  945 |     return csound->InitError(csound, Str("ival%lld is zero"), n);
      |                                          ^~~~~~~~~~~~~~~~~~
/app/include/text.h:132:38: note: in definition of macro 'Str'
  132 | # define Str(x) csoundLocalizeString(x)
      |                                      ^
/app/OOps/ugens1.c:945:50: note: format string is defined here
  945 |     return csound->InitError(csound, Str("ival%lld is zero"), n);
      |                                               ~~~^
      |                                                  |
      |                                                  long long int
      |                                               %ld
In file included from /app/include/csound.h:79,
                 from /app/include/csound_type_system.h:31,
                 from /app/include/csoundCore.h:45,
                 from /app/OOps/ugens1.c:24:
/app/OOps/ugens1.c:947:42: warning: format '%lld' expects argument of type 'long long int', but argument 3 has type 'int64_t' {aka 'long int'} [-Wformat=]
  947 |     return csound->InitError(csound, Str("ival%lld is zero"), n+1);
      |                                          ^~~~~~~~~~~~~~~~~~
/app/include/text.h:132:38: note: in definition of macro 'Str'
  132 | # define Str(x) csoundLocalizeString(x)
      |                                      ^
/app/OOps/ugens1.c:947:50: note: format string is defined here
  947 |     return csound->InitError(csound, Str("ival%lld is zero"), n+1);
      |                                               ~~~^
      |                                                  |
      |                                                  long long int
      |                                               %ld
In file included from /app/include/csound.h:79,
                 from /app/include/csound_type_system.h:31,
                 from /app/include/csoundCore.h:45,
                 from /app/OOps/ugens1.c:24:
/app/OOps/ugens1.c:948:40: warning: format '%lld' expects argument of type 'long long int', but argument 3 has type 'int64_t' {aka 'long int'} [-Wformat=]
  948 |   return csound->InitError(csound, Str("ival%lld sign conflict"), n+1);
      |                                        ^~~~~~~~~~~~~~~~~~~~~~~~
/app/include/text.h:132:38: note: in definition of macro 'Str'
  132 | # define Str(x) csoundLocalizeString(x)
      |                                      ^
/app/OOps/ugens1.c:948:48: note: format string is defined here
  948 |   return csound->InitError(csound, Str("ival%lld sign conflict"), n+1);
      |                                             ~~~^
      |                                                |
      |                                                long long int
      |                                             %ld
[ 52%] Building C object CMakeFiles/csound-static.dir/OOps/ugens2.c.o
[ 52%] Building C object CMakeFiles/csound-static.dir/OOps/ugens3.c.o
[ 52%] Building C object CMakeFiles/csound-static.dir/OOps/ugens4.c.o
[ 52%] Building C object CMakeFiles/csound-static.dir/OOps/ugens5.c.o
[ 52%] Building C object CMakeFiles/csound-static.dir/OOps/ugens6.c.o
[ 53%] Building C object CMakeFiles/csound-static.dir/OOps/ugtabs.c.o
[ 53%] Building C object CMakeFiles/csound-static.dir/OOps/ugrw1.c.o
[ 53%] Building C object CMakeFiles/csound-static.dir/OOps/vdelay.c.o
[ 53%] Building C object CMakeFiles/csound-static.dir/OOps/compile_ops.c.o
[ 53%] Building C object CMakeFiles/csound-static.dir/Opcodes/ambicode.c.o
[ 53%] Building C object CMakeFiles/csound-static.dir/Opcodes/bbcut.c.o
[ 53%] Building C object CMakeFiles/csound-static.dir/Opcodes/biquad.c.o
[ 54%] Building C object CMakeFiles/csound-static.dir/Opcodes/butter.c.o
[ 54%] Building C object CMakeFiles/csound-static.dir/Opcodes/clfilt.c.o
[ 54%] Building C object CMakeFiles/csound-static.dir/Opcodes/cross2.c.o
[ 54%] Building C object CMakeFiles/csound-static.dir/Opcodes/dam.c.o
[ 54%] Building C object CMakeFiles/csound-static.dir/Opcodes/dcblockr.c.o
[ 54%] Building C object CMakeFiles/csound-static.dir/Opcodes/filter.c.o
[ 54%] Building C object CMakeFiles/csound-static.dir/Opcodes/flanger.c.o
[ 55%] Building C object CMakeFiles/csound-static.dir/Opcodes/follow.c.o
[ 55%] Building C object CMakeFiles/csound-static.dir/Opcodes/fout.c.o
[ 55%] Building C object CMakeFiles/csound-static.dir/Opcodes/freeverb.c.o
[ 55%] Building C object CMakeFiles/csound-static.dir/Opcodes/ftconv.c.o
[ 55%] Building C object CMakeFiles/csound-static.dir/Opcodes/ftgen.c.o
[ 55%] Building C object CMakeFiles/csound-static.dir/Opcodes/gab/gab.c.o
[ 55%] Building C object CMakeFiles/csound-static.dir/Opcodes/gab/vectorial.c.o
[ 56%] Building C object CMakeFiles/csound-static.dir/Opcodes/grain.c.o
[ 56%] Building C object CMakeFiles/csound-static.dir/Opcodes/locsig.c.o
[ 56%] Building C object CMakeFiles/csound-static.dir/Opcodes/lowpassr.c.o
[ 56%] Building C object CMakeFiles/csound-static.dir/Opcodes/metro.c.o
[ 56%] Building C object CMakeFiles/csound-static.dir/Opcodes/newfils.c.o
[ 56%] Building C object CMakeFiles/csound-static.dir/Opcodes/nlfilt.c.o
[ 56%] Building C object CMakeFiles/csound-static.dir/Opcodes/oscbnk.c.o
[ 57%] Building C object CMakeFiles/csound-static.dir/Opcodes/pluck.c.o
[ 57%] Building C object CMakeFiles/csound-static.dir/Opcodes/repluck.c.o
[ 57%] Building C object CMakeFiles/csound-static.dir/Opcodes/reverbsc.c.o
[ 57%] Building C object CMakeFiles/csound-static.dir/Opcodes/seqtime.c.o
[ 57%] Building C object CMakeFiles/csound-static.dir/Opcodes/sndloop.c.o
[ 57%] Building C object CMakeFiles/csound-static.dir/Opcodes/sndwarp.c.o
[ 57%] Building C object CMakeFiles/csound-static.dir/Opcodes/space.c.o
[ 58%] Building C object CMakeFiles/csound-static.dir/Opcodes/spat3d.c.o
[ 58%] Building C object CMakeFiles/csound-static.dir/Opcodes/syncgrain.c.o
[ 58%] Building C object CMakeFiles/csound-static.dir/Opcodes/ugens7.c.o
[ 58%] Building C object CMakeFiles/csound-static.dir/Opcodes/ugens9.c.o
[ 58%] Building C object CMakeFiles/csound-static.dir/Opcodes/ugensa.c.o
[ 58%] Building C object CMakeFiles/csound-static.dir/Opcodes/uggab.c.o
[ 59%] Building C object CMakeFiles/csound-static.dir/Opcodes/ugmoss.c.o
[ 59%] Building C object CMakeFiles/csound-static.dir/Opcodes/ugnorman.c.o
[ 59%] Building C object CMakeFiles/csound-static.dir/Opcodes/ugsc.c.o
[ 59%] Building C object CMakeFiles/csound-static.dir/Opcodes/wave-terrain.c.o
[ 59%] Building C object CMakeFiles/csound-static.dir/Opcodes/wterrain2.c.o
[ 59%] Building C object CMakeFiles/csound-static.dir/Opcodes/stdopcod.c.o
[ 59%] Building C object CMakeFiles/csound-static.dir/Opcodes/ifd.c.o
[ 60%] Building C object CMakeFiles/csound-static.dir/Opcodes/partials.c.o
[ 60%] Building C object CMakeFiles/csound-static.dir/Opcodes/psynth.c.o
[ 60%] Building C object CMakeFiles/csound-static.dir/Opcodes/pvsbasic.c.o
[ 60%] Building C object CMakeFiles/csound-static.dir/Opcodes/pvscent.c.o
[ 60%] Building C object CMakeFiles/csound-static.dir/Opcodes/pvsdemix.c.o
[ 60%] Building C object CMakeFiles/csound-static.dir/Opcodes/pvs_ops.c.o
[ 60%] Building C object CMakeFiles/csound-static.dir/Opcodes/pvsband.c.o
[ 61%] Building C object CMakeFiles/csound-static.dir/Opcodes/pvsbuffer.c.o
[ 61%] Building C object CMakeFiles/csound-static.dir/Opcodes/pvsgendy.c.o
[ 61%] Building C object CMakeFiles/csound-static.dir/Opcodes/physutil.c.o
[ 61%] Building C object CMakeFiles/csound-static.dir/Opcodes/modal4.c.o
[ 61%] Building C object CMakeFiles/csound-static.dir/Opcodes/physmod.c.o
[ 61%] Building C object CMakeFiles/csound-static.dir/Opcodes/mandolin.c.o
[ 61%] Building C object CMakeFiles/csound-static.dir/Opcodes/singwave.c.o
[ 62%] Building C object CMakeFiles/csound-static.dir/Opcodes/fm4op.c.o
[ 62%] Building C object CMakeFiles/csound-static.dir/Opcodes/moog1.c.o
[ 62%] Building C object CMakeFiles/csound-static.dir/Opcodes/shaker.c.o
[ 62%] Building C object CMakeFiles/csound-static.dir/Opcodes/bowedbar.c.o
[ 62%] Building C object CMakeFiles/csound-static.dir/Opcodes/pitch.c.o
[ 62%] Building C object CMakeFiles/csound-static.dir/Opcodes/spectra.c.o
[ 62%] Building C object CMakeFiles/csound-static.dir/Opcodes/dsputil.c.o
[ 63%] Building C object CMakeFiles/csound-static.dir/Opcodes/pvadd.c.o
[ 63%] Building C object CMakeFiles/csound-static.dir/Opcodes/pvinterp.c.o
[ 63%] Building C object CMakeFiles/csound-static.dir/Opcodes/pvocext.c.o
[ 63%] Building C object CMakeFiles/csound-static.dir/Opcodes/pvread.c.o
[ 63%] Building C object CMakeFiles/csound-static.dir/Opcodes/ugens8.c.o
[ 63%] Building C object CMakeFiles/csound-static.dir/Opcodes/vpvoc.c.o
[ 63%] Building C object CMakeFiles/csound-static.dir/Opcodes/pvoc.c.o
[ 64%] Building C object CMakeFiles/csound-static.dir/Opcodes/scansyn.c.o
[ 64%] Building C object CMakeFiles/csound-static.dir/Opcodes/scansynx.c.o
[ 64%] Building C object CMakeFiles/csound-static.dir/Opcodes/mp3in.c.o
[ 64%] Building C object CMakeFiles/csound-static.dir/InOut/libmpadec/layer1.c.o
[ 64%] Building C object CMakeFiles/csound-static.dir/InOut/libmpadec/layer2.c.o
[ 64%] Building C object CMakeFiles/csound-static.dir/InOut/libmpadec/layer3.c.o
[ 64%] Building C object CMakeFiles/csound-static.dir/InOut/libmpadec/synth.c.o
[ 65%] Building C object CMakeFiles/csound-static.dir/InOut/libmpadec/tables.c.o
[ 65%] Building C object CMakeFiles/csound-static.dir/InOut/libmpadec/mpadec.c.o
[ 65%] Building C object CMakeFiles/csound-static.dir/InOut/libmpadec/mp3dec.c.o
[ 65%] Building CXX object CMakeFiles/csound-static.dir/Opcodes/ampmidid.cpp.o
[ 65%] Building CXX object CMakeFiles/csound-static.dir/Opcodes/mixer.cpp.o
[ 65%] Building CXX object CMakeFiles/csound-static.dir/Opcodes/bformdec2.cpp.o
[ 65%] Building CXX object CMakeFiles/csound-static.dir/Opcodes/doppler.cpp.o
[ 66%] Building CXX object CMakeFiles/csound-static.dir/Opcodes/ftsamplebank.cpp.o
[ 66%] Building CXX object CMakeFiles/csound-static.dir/Opcodes/padsynth_gen.cpp.o
[ 66%] Building CXX object CMakeFiles/csound-static.dir/Opcodes/signalflowgraph.cpp.o
[ 66%] Building CXX object CMakeFiles/csound-static.dir/Opcodes/arrayops.cpp.o
[ 66%] Building CXX object CMakeFiles/csound-static.dir/Opcodes/lfsr.cpp.o
[ 66%] Building CXX object CMakeFiles/csound-static.dir/Opcodes/pvsops.cpp.o
[ 67%] Building CXX object CMakeFiles/csound-static.dir/Opcodes/trigEnvSegs.cpp.o
[ 67%] Building CXX object CMakeFiles/csound-static.dir/Opcodes/tl/fractalnoise.cpp.o
[ 67%] Building C object CMakeFiles/csound-static.dir/Opcodes/hrtfopcodes.c.o
[ 67%] Building C object CMakeFiles/csound-static.dir/Opcodes/hrtfearly.c.o
[ 67%] Building C object CMakeFiles/csound-static.dir/Opcodes/hrtfreverb.c.o
[ 67%] Building C object CMakeFiles/csound-static.dir/Opcodes/hrtferX.c.o
[ 67%] Building C object CMakeFiles/csound-static.dir/Opcodes/socksend.c.o
[ 68%] Building C object CMakeFiles/csound-static.dir/Opcodes/sockrecv.c.o
/app/Opcodes/sockrecv.c: In function 'perf_raw_osc':
/app/Opcodes/sockrecv.c:747:42: warning: 'snprintf' output truncated before the last format character [-Wformat-truncation=]
  747 |             snprintf(str[n].data, 2, "%d:", dim);
      |                                          ^
/app/Opcodes/sockrecv.c:747:13: note: 'snprintf' output between 3 and 13 bytes into a destination of size 2
  747 |             snprintf(str[n].data, 2, "%d:", dim);
      |             ^~~~~~~~~~~~~~~~~~~~~~~~~~~~~~~~~~~~
/app/Opcodes/sockrecv.c:754:43: warning: 'snprintf' output truncated before the last format character [-Wformat-truncation=]
  754 |             snprintf(data+15*asize, 1, "%c", ']');
      |                                           ^
/app/Opcodes/sockrecv.c:754:13: note: 'snprintf' output 2 bytes into a destination of size 1
  754 |             snprintf(data+15*asize, 1, "%c", ']');
      |             ^~~~~~~~~~~~~~~~~~~~~~~~~~~~~~~~~~~~~
[ 68%] Building C object CMakeFiles/csound-static.dir/Opcodes/babo.c.o
[ 68%] Building C object CMakeFiles/csound-static.dir/Opcodes/bilbar.c.o
[ 68%] Building C object CMakeFiles/csound-static.dir/Opcodes/compress.c.o
[ 68%] Building C object CMakeFiles/csound-static.dir/Opcodes/eqfil.c.o
[ 68%] Building C object CMakeFiles/csound-static.dir/Opcodes/Vosim.c.o
[ 68%] Building C object CMakeFiles/csound-static.dir/Opcodes/squinewave.c.o
[ 69%] Building C object CMakeFiles/csound-static.dir/Opcodes/pinker.c.o
[ 69%] Building C object CMakeFiles/csound-static.dir/Opcodes/cpumeter.c.o
[ 69%] Building C object CMakeFiles/csound-static.dir/Opcodes/sc_noise.c.o
[ 69%] Building C object CMakeFiles/csound-static.dir/Opcodes/afilters.c.o
[ 69%] Building C object CMakeFiles/csound-static.dir/Opcodes/wpfilters.c.o
[ 69%] Building C object CMakeFiles/csound-static.dir/Opcodes/lufs.c.o
[ 69%] Building C object CMakeFiles/csound-static.dir/Opcodes/date.c.o
[ 70%] Building C object CMakeFiles/csound-static.dir/Opcodes/system_call.c.o
[ 70%] Building C object CMakeFiles/csound-static.dir/Opcodes/serial.c.o
[ 70%] Building C object CMakeFiles/csound-static.dir/Opcodes/counter.c.o
[ 70%] Building C object CMakeFiles/csound-static.dir/Opcodes/liveconv.c.o
[ 70%] Building C object CMakeFiles/csound-static.dir/Opcodes/sterrain.c.o
[ 70%] Building C object CMakeFiles/csound-static.dir/Opcodes/gammatone.c.o
[ 70%] Building C object CMakeFiles/csound-static.dir/Opcodes/sfont.c.o
[ 71%] Building C object CMakeFiles/csound-static.dir/Opcodes/gendy.c.o
[ 71%] Building C object CMakeFiles/csound-static.dir/Opcodes/phisem.c.o
[ 71%] Building C object CMakeFiles/csound-static.dir/Opcodes/framebuffer.c.o
[ 71%] Building C object CMakeFiles/csound-static.dir/Opcodes/cellular.c.o
[ 71%] Building C object CMakeFiles/csound-static.dir/Opcodes/exciter.c.o
[ 71%] Building C object CMakeFiles/csound-static.dir/Opcodes/buchla.c.o
[ 71%] Building C object CMakeFiles/csound-static.dir/Opcodes/select.c.o
[ 72%] Building C object CMakeFiles/csound-static.dir/Opcodes/platerev.c.o
[ 72%] Building C object CMakeFiles/csound-static.dir/Opcodes/sequencer.c.o
[ 72%] Building C object CMakeFiles/csound-static.dir/Opcodes/grain4.c.o
[ 72%] Building C object CMakeFiles/csound-static.dir/Opcodes/loscilx.c.o
[ 72%] Building C object CMakeFiles/csound-static.dir/Opcodes/minmax.c.o
[ 72%] Building C object CMakeFiles/csound-static.dir/Opcodes/pan2.c.o
[ 72%] Building C object CMakeFiles/csound-static.dir/Opcodes/vaops.c.o
[ 73%] Building C object CMakeFiles/csound-static.dir/Opcodes/ugakbari.c.o
[ 73%] Building C object CMakeFiles/csound-static.dir/Opcodes/harmon.c.o
[ 73%] Building C object CMakeFiles/csound-static.dir/Opcodes/pitchtrack.c.o
[ 73%] Building C object CMakeFiles/csound-static.dir/Opcodes/partikkel.c.o
[ 73%] Building C object CMakeFiles/csound-static.dir/Opcodes/shape.c.o
[ 73%] Building C object CMakeFiles/csound-static.dir/Opcodes/tabaudio.c.o
[ 74%] Building C object CMakeFiles/csound-static.dir/Opcodes/tabsum.c.o
[ 74%] Building C object CMakeFiles/csound-static.dir/Opcodes/crossfm.c.o
[ 74%] Building C object CMakeFiles/csound-static.dir/Opcodes/pvlock.c.o
[ 74%] Building C object CMakeFiles/csound-static.dir/Opcodes/fareyseq.c.o
[ 74%] Building C object CMakeFiles/csound-static.dir/Opcodes/modmatrix.c.o
[ 74%] Building C object CMakeFiles/csound-static.dir/Opcodes/scoreline.c.o
[ 74%] Building C object CMakeFiles/csound-static.dir/Opcodes/ambicode1.c.o
[ 75%] Building C object CMakeFiles/csound-static.dir/Opcodes/arrays.c.o
[ 75%] Building C object CMakeFiles/csound-static.dir/Opcodes/emugens/emugens.c.o
[ 75%] Building C object CMakeFiles/csound-static.dir/Opcodes/emugens/scugens.c.o
[ 75%] Building C object CMakeFiles/csound-static.dir/Opcodes/zak.c.o
[ 75%] Building C object CMakeFiles/csound-static.dir/Opcodes/paulstretch.c.o
[ 75%] Building C object CMakeFiles/csound-static.dir/Opcodes/ftest.c.o
[ 75%] Building C object CMakeFiles/csound-static.dir/Opcodes/fareygen.c.o
[ 76%] Building C object CMakeFiles/csound-static.dir/Opcodes/quadbezier.c.o
[ 76%] Building C object CMakeFiles/csound-static.dir/Opcodes/gab/tabmorph.c.o
[ 76%] Building C object CMakeFiles/csound-static.dir/Opcodes/gab/hvs.c.o
[ 76%] Building C object CMakeFiles/csound-static.dir/Opcodes/gab/newgabopc.c.o
[ 76%] Building C object CMakeFiles/csound-static.dir/Opcodes/vbap.c.o
[ 76%] Building C object CMakeFiles/csound-static.dir/Opcodes/control.c.o
[ 76%] Building C object CMakeFiles/csound-static.dir/Opcodes/urandom.c.o
[ 77%] Building CXX object CMakeFiles/csound-static.dir/Top/csPerfThread.cpp.o
[ 77%] Building C object CMakeFiles/csound-static.dir/csound_orclex.c.o
[ 77%] Building C object CMakeFiles/csound-static.dir/csound_orcparse.c.o
[ 77%] Building C object CMakeFiles/csound-static.dir/csound_prelex.c.o
[ 77%] Building C object CMakeFiles/csound-static.dir/Engine/csound_orc_semantics.c.o
[ 77%] Building C object CMakeFiles/csound-static.dir/Engine/csound_orc_expressions.c.o
[ 77%] Building C object CMakeFiles/csound-static.dir/Engine/csound_orc_optimize.c.o
[ 78%] Building C object CMakeFiles/csound-static.dir/Engine/csound_orc_compile.c.o
[ 78%] Building C object CMakeFiles/csound-static.dir/Engine/new_orc_parser.c.o
[ 78%] Building C object CMakeFiles/csound-static.dir/Engine/symbtab.c.o
[ 78%] Building C object CMakeFiles/csound-static.dir/csound_prslex.c.o
/app/Engine/csound_prs.lex: In function 'on_EOF':
/app/Engine/csound_prs.lex:1833:29: warning: format '%llu' expects argument of type 'long long unsigned int', but argument 4 has type 'uint64_t' {aka 'long unsigned int'} [-Wformat=]
 1833 |     csound->DebugMsg(csound,"csound-prs(%d): loc=%llu ; lastloc=%llu\n",
      |                             ^~~~~~~~~~~~~~~~~~~~~~~~~~~~~~~~~~~~~~~~~~~
/app/Engine/csound_prs.lex:1833:29: warning: format '%llu' expects argument of type 'long long unsigned int', but argument 5 has type 'uint64_t' {aka 'long unsigned int'} [-Wformat=]
 1833 |     csound->DebugMsg(csound,"csound-prs(%d): loc=%llu ; lastloc=%llu\n",
      |                             ^~~~~~~~~~~~~~~~~~~~~~~~~~~~~~~~~~~~~~~~~~~
[ 78%] Building C object CMakeFiles/csound-static.dir/Engine/cs_new_dispatch.c.o
[ 78%] Building C object CMakeFiles/csound-static.dir/Engine/cs_par_base.c.o
[ 78%] Building C object CMakeFiles/csound-static.dir/Engine/cs_par_orc_semantic_analysis.c.o
[ 79%] Linking CXX static library libcsound.a
[ 80%] Built target csound-static
[ 80%] Building C object Opcodes/CMakeFiles/joystick.dir/linuxjoystick.c.o
[ 80%] Linking C shared module ../libjoystick.so
[ 80%] Built target joystick
[ 81%] Building C object Opcodes/CMakeFiles/osc.dir/OSC.c.o
[ 81%] Linking C shared module ../libosc.so
[ 81%] Built target osc
[ 81%] Building C object Opcodes/CMakeFiles/deprecated.dir/deprecated.c.o
[ 81%] Linking C shared module ../libdeprecated.so
[ 81%] Built target deprecated
[ 81%] Building C object InOut/CMakeFiles/rtalsa.dir/rtalsa.c.o
[ 81%] Linking C shared module ../librtalsa.so
[ 81%] Built target rtalsa
[ 81%] Building C object InOut/CMakeFiles/rtpulse.dir/rtpulse.c.o
[ 81%] Linking C shared module ../librtpulse.so
[ 81%] Built target rtpulse
[ 82%] Building C object InOut/CMakeFiles/rtpw.dir/rtpw.c.o
[ 82%] Linking C shared module ../librtpw.so
[ 82%] Built target rtpw
[ 82%] Building C object InOut/CMakeFiles/rtpa.dir/rtpa.c.o
[ 82%] Linking C shared module ../librtpa.so
[ 82%] Built target rtpa
[ 82%] Building C object InOut/CMakeFiles/pmidi.dir/pmidi.c.o
[ 82%] Linking C shared module ../libpmidi.so
[ 82%] Built target pmidi
[ 82%] Building C object InOut/CMakeFiles/ipmidi.dir/ipmidi.c.o
[ 83%] Linking C shared module ../libipmidi.so
[ 83%] Built target ipmidi
[ 84%] Building C object InOut/CMakeFiles/rtjack.dir/rtjack.c.o
[ 84%] Building C object InOut/CMakeFiles/rtjack.dir/alphanumcmp.c.o
[ 84%] Linking C shared module ../librtjack.so
[ 84%] Built target rtjack
[ 84%] Building C object Frontends/CMakeFiles/csound-bin.dir/csound/csound_main.c.o
[ 84%] Building C object Frontends/CMakeFiles/csound-bin.dir/csound/sched.c.o
[ 84%] Linking C executable ../csound
[ 84%] Built target csound-bin
[ 84%] Building CXX object Frontends/CMakeFiles/csdebugger.dir/debugger/csdebugger.cpp.o
[ 84%] Linking CXX executable ../csdebugger
[ 84%] Built target csdebugger
[ 84%] [FLEX][csbeats_SCANNER] Building scanner with flex 2.6.4
[ 84%] [BISON][csbeats_PARSER] Building parser with bison 3.8.2
beats/beats.y: warning: 1 reduce/reduce conflict [-Wconflicts-rr]
beats/beats.y: note: rerun with option '-Wcounterexamples' to generate conflict counterexamples
[ 84%] Building C object Frontends/CMakeFiles/csbeats.dir/beats/main.c.o
[ 84%] Building C object Frontends/CMakeFiles/csbeats.dir/beatslex.yy.c.o
[ 85%] Building C object Frontends/CMakeFiles/csbeats.dir/beats.tab.c.o
[ 85%] Linking C executable ../csbeats
[ 85%] Built target csbeats
[ 85%] Building C object util/CMakeFiles/stdutil.dir/atsa.c.o
[ 85%] Building C object util/CMakeFiles/stdutil.dir/cvanal.c.o
[ 85%] Building C object util/CMakeFiles/stdutil.dir/dnoise.c.o
[ 85%] Building C object util/CMakeFiles/stdutil.dir/envext.c.o
[ 85%] Building C object util/CMakeFiles/stdutil.dir/het_export.c.o
[ 85%] Building C object util/CMakeFiles/stdutil.dir/het_import.c.o
[ 86%] Building C object util/CMakeFiles/stdutil.dir/hetro.c.o
[ 86%] Building C object util/CMakeFiles/stdutil.dir/lpanal.c.o
[ 86%] Building C object util/CMakeFiles/stdutil.dir/lpc_export.c.o
[ 86%] Building C object util/CMakeFiles/stdutil.dir/lpc_import.c.o
[ 86%] Building C object util/CMakeFiles/stdutil.dir/mixer.c.o
[ 86%] Building C object util/CMakeFiles/stdutil.dir/pvanal.c.o
[ 86%] Building C object util/CMakeFiles/stdutil.dir/pv_export.c.o
[ 87%] Building C object util/CMakeFiles/stdutil.dir/pv_import.c.o
[ 87%] Building C object util/CMakeFiles/stdutil.dir/pvlook.c.o
[ 87%] Building C object util/CMakeFiles/stdutil.dir/scale.c.o
[ 87%] Building C object util/CMakeFiles/stdutil.dir/sndinfo.c.o
[ 87%] Building C object util/CMakeFiles/stdutil.dir/srconv.c.o
[ 87%] Building C object util/CMakeFiles/stdutil.dir/std_util.c.o
[ 87%] Building C object util/CMakeFiles/stdutil.dir/xtrct.c.o
[ 88%] Building C object util/CMakeFiles/stdutil.dir/smf_conv.c.o
[ 88%] Building C object util/CMakeFiles/stdutil.dir/SDIF/sdif.c.o
[ 88%] Linking C shared module ../libstdutil.so
[ 88%] Built target stdutil
[ 88%] Building C object util/CMakeFiles/atsa.dir/atsa_main.c.o
[ 88%] Linking C executable ../atsa
[ 88%] Built target atsa
[ 88%] Building C object util/CMakeFiles/csanalyze.dir/csanalyze.c.o
[ 88%] Linking C executable ../csanalyze
[ 88%] Built target csanalyze
[ 88%] Building C object util/CMakeFiles/cvanal.dir/cvl_main.c.o
[ 88%] Linking C executable ../cvanal
[ 88%] Built target cvanal
[ 88%] Building C object util/CMakeFiles/dnoise.dir/dnoise_main.c.o
[ 88%] Linking C executable ../dnoise
[ 88%] Built target dnoise
[ 89%] Building C object util/CMakeFiles/envext.dir/env_main.c.o
[ 89%] Linking C executable ../envext
[ 89%] Built target envext
[ 89%] Building C object util/CMakeFiles/extractor.dir/xtrc_main.c.o
[ 89%] Linking C executable ../extractor
[ 89%] Built target extractor
[ 89%] Building C object util/CMakeFiles/het_export.dir/hetx_main.c.o
[ 90%] Linking C executable ../het_export
[ 90%] Built target het_export
[ 90%] Building C object util/CMakeFiles/het_import.dir/heti_main.c.o
[ 90%] Linking C executable ../het_import
[ 90%] Built target het_import
[ 90%] Building C object util/CMakeFiles/hetro.dir/het_main.c.o
[ 90%] Linking C executable ../hetro
[ 90%] Built target hetro
[ 90%] Building C object util/CMakeFiles/lpanal.dir/lpc_main.c.o
[ 90%] Linking C executable ../lpanal
[ 90%] Built target lpanal
[ 90%] Building C object util/CMakeFiles/lpc_export.dir/lpcx_main.c.o
[ 90%] Linking C executable ../lpc_export
[ 90%] Built target lpc_export
[ 91%] Building C object util/CMakeFiles/lpc_import.dir/lpci_main.c.o
[ 91%] Linking C executable ../lpc_import
[ 91%] Built target lpc_import
[ 91%] Building C object util/CMakeFiles/mixer-bin.dir/mixer_main.c.o
[ 91%] Linking C executable ../mixer
[ 91%] Built target mixer-bin
[ 91%] Building C object util/CMakeFiles/pvanal.dir/pvc_main.c.o
[ 91%] Linking C executable ../pvanal
[ 91%] Built target pvanal
[ 91%] Building C object util/CMakeFiles/pvlook.dir/pvl_main.c.o
[ 91%] Linking C executable ../pvlook
[ 91%] Built target pvlook
[ 91%] Building C object util/CMakeFiles/pv_export.dir/pvx_main.c.o
[ 91%] Linking C executable ../pv_export
[ 91%] Built target pv_export
[ 91%] Building C object util/CMakeFiles/pv_import.dir/pvi_main.c.o
[ 92%] Linking C executable ../pv_import
[ 92%] Built target pv_import
[ 92%] Building C object util/CMakeFiles/scale.dir/scale_main.c.o
[ 92%] Linking C executable ../scale
[ 92%] Built target scale
[ 92%] Building C object util/CMakeFiles/sndinfo.dir/sndinfo_main.c.o
[ 92%] Linking C executable ../sndinfo
[ 92%] Built target sndinfo
[ 92%] Building C object util/CMakeFiles/srconv.dir/srconv_main.c.o
[ 93%] Linking C executable ../srconv
[ 93%] Built target srconv
[ 94%] Building C object util/CMakeFiles/smf_conv.dir/smf_conv_main.c.o
[ 94%] Linking C executable ../smf_conv
[ 94%] Built target smf_conv
[ 94%] Building C object util/CMakeFiles/src_conv.dir/new_srconv.c.o
[ 94%] Linking C executable ../src_conv
[ 94%] Built target src_conv
[ 94%] Building C object util/SDIF/CMakeFiles/sdif2ad.dir/sdif2adsyn.c.o
[ 94%] Building C object util/SDIF/CMakeFiles/sdif2ad.dir/sdif.c.o
[ 94%] Building C object util/SDIF/CMakeFiles/sdif2ad.dir/sdif-mem.c.o
[ 94%] Linking C executable ../../sdif2ad
[ 94%] Built target sdif2ad
[ 95%] Building C object util1/CMakeFiles/scsort.dir/sortex/smain.c.o
[ 95%] Linking C executable ../scsort
[ 95%] Built target scsort
[ 95%] Building C object util1/CMakeFiles/extract.dir/sortex/xmain.c.o
[ 95%] Linking C executable ../extract
[ 95%] Built target extract
[ 95%] Building C object util1/CMakeFiles/cs.dir/csd_util/cs.c.o
[ 95%] Linking C executable ../cs
[ 95%] Built target cs
[ 96%] Building C object util1/CMakeFiles/csb64enc.dir/csd_util/base64.c.o
[ 96%] Building C object util1/CMakeFiles/csb64enc.dir/csd_util/csb64enc.c.o
[ 96%] Linking C executable ../csb64enc
[ 96%] Built target csb64enc
[ 96%] Building C object util1/CMakeFiles/makecsd.dir/csd_util/base64.c.o
[ 96%] Building C object util1/CMakeFiles/makecsd.dir/csd_util/makecsd.c.o
[ 96%] Linking C executable ../makecsd
[ 96%] Built target makecsd
[ 96%] Building C object util1/CMakeFiles/scot.dir/scot/scot_main.c.o
[ 96%] Building C object util1/CMakeFiles/scot.dir/scot/scot.c.o
[ 96%] Linking C executable ../scot
[ 96%] Built target scot
[ 96%] Generating ru.mo
[ 96%] Built target pofile_ru
[ 96%] Generating en_US.mo
[ 96%] Built target pofile_en_US
[ 97%] Generating es_CO.mo
[ 97%] Built target pofile_es_CO
[ 97%] Generating es.mo
[ 97%] Built target pofile_es
[ 97%] Generating fr.mo
[ 97%] Built target pofile_fr
[ 97%] Generating de.mo
[ 97%] Built target pofile_de
[ 97%] Generating it.mo
[ 97%] Built target pofile_it
[ 97%] Built target translations
[ 97%] Building CXX object tests/c/CMakeFiles/unittests.dir/channel_tests.cpp.o
[ 97%] Building CXX object tests/c/CMakeFiles/unittests.dir/csound_data_structures_test.cpp.o
[ 97%] Building CXX object tests/c/CMakeFiles/unittests.dir/csound_debugger_test.cpp.o
[ 97%] Building CXX object tests/c/CMakeFiles/unittests.dir/csound_message_buffer_test.cpp.o
[ 98%] Building CXX object tests/c/CMakeFiles/unittests.dir/csound_option_parser_test.cpp.o
[ 98%] Building CXX object tests/c/CMakeFiles/unittests.dir/csound_orc_compile_test.cpp.o
[ 98%] Building CXX object tests/c/CMakeFiles/unittests.dir/csound_orc_semantics_test.cpp.o
[ 98%] Building CXX object tests/c/CMakeFiles/unittests.dir/csound_type_system_test.cpp.o
[ 98%] Building CXX object tests/c/CMakeFiles/unittests.dir/csound_circular_buffer_test.cpp.o
[ 98%] Building CXX object tests/c/CMakeFiles/unittests.dir/engine_test.cpp.o
[ 98%] Building CXX object tests/c/CMakeFiles/unittests.dir/io_test.cpp.o
[ 99%] Building CXX object tests/c/CMakeFiles/unittests.dir/server_test.cpp.o
[ 99%] Building CXX object tests/c/CMakeFiles/unittests.dir/csound_plugin_opcode_test.cpp.o
[ 99%] Building CXX object tests/c/CMakeFiles/unittests.dir/perfthread_test.cpp.o
[ 99%] Building CXX object tests/c/CMakeFiles/unittests.dir/csound_test_sndfile.cpp.o
[ 99%] Building CXX object tests/c/CMakeFiles/unittests.dir/test_new_type.cpp.o
[ 99%] Building CXX object tests/c/CMakeFiles/unittests.dir/test_pfields.cpp.o
[100%] Linking CXX executable unittests
[100%] Built target unittests
Running tests...
Test project /app/build
      Start  1: ChannelTests.ControlChannelParams
 1/74 Test  #1: ChannelTests.ControlChannelParams ....................   Passed    0.02 sec
      Start  2: ChannelTests.ControlChannel
 2/74 Test  #2: ChannelTests.ControlChannel ..........................   Passed    0.02 sec
      Start  3: ChannelTests.ChannelList
 3/74 Test  #3: ChannelTests.ChannelList .............................   Passed    0.02 sec
      Start  4: ChannelTests.ChannelCallbacks
 4/74 Test  #4: ChannelTests.ChannelCallbacks ........................   Passed    0.02 sec
      Start  5: ChannelTests.ChannelOpcodes
 5/74 Test  #5: ChannelTests.ChannelOpcodes ..........................   Passed    0.02 sec
      Start  6: ChannelTests.InvalidChannel
 6/74 Test  #6: ChannelTests.InvalidChannel ..........................   Passed    0.02 sec
      Start  7: ChannelTests.ChnHints
 7/74 Test  #7: ChannelTests.ChnHints ................................   Passed    0.02 sec
      Start  8: ChannelTests.StringChannel
 8/74 Test  #8: ChannelTests.StringChannel ...........................   Passed    0.02 sec
      Start  9: CsoundDataStructuresTests.testCsCons
 9/74 Test  #9: CsoundDataStructuresTests.testCsCons .................   Passed    0.01 sec
      Start 10: CsoundDataStructuresTests.testCsConsAppend
10/74 Test #10: CsoundDataStructuresTests.testCsConsAppend ...........   Passed    0.01 sec
      Start 11: CsoundDataStructuresTests.testCsHashTable
11/74 Test #11: CsoundDataStructuresTests.testCsHashTable ............   Passed    0.01 sec
      Start 12: CsoundDataStructuresTests.testCsHasTableMerge
12/74 Test #12: CsoundDataStructuresTests.testCsHasTableMerge ........   Passed    0.01 sec
      Start 13: CsoundDataStructuresTests.testCsHashTableGetPutKey
13/74 Test #13: CsoundDataStructuresTests.testCsHashTableGetPutKey ...   Passed    0.01 sec
      Start 14: DebuggerTests.testDebuggerInit
14/74 Test #14: DebuggerTests.testDebuggerInit .......................   Passed    0.02 sec
      Start 15: DebuggerTests.testAddBreakpoint
15/74 Test #15: DebuggerTests.testAddBreakpoint ......................   Passed    0.01 sec
      Start 16: DebuggerTests.testAddCallback
16/74 Test #16: DebuggerTests.testAddCallback ........................   Passed    0.01 sec
      Start 17: DebuggerTests.testBreakpointOnce
17/74 Test #17: DebuggerTests.testBreakpointOnce .....................   Passed    0.02 sec
      Start 18: DebuggerTests.testBreakpointRemove
18/74 Test #18: DebuggerTests.testBreakpointRemove ...................   Passed    0.02 sec
      Start 19: DebuggerTests.testVariables
19/74 Test #19: DebuggerTests.testVariables ..........................   Passed    0.02 sec
      Start 20: DebuggerTests.testBreakpointInstrument
20/74 Test #20: DebuggerTests.testBreakpointInstrument ...............   Passed    0.02 sec
      Start 21: DebuggerTests.testLineBreakpointAddRemove
21/74 Test #21: DebuggerTests.testLineBreakpointAddRemove ............   Passed    0.02 sec
      Start 22: DebuggerTests.testLineBreakpoint
22/74 Test #22: DebuggerTests.testLineBreakpoint .....................   Passed    0.02 sec
      Start 23: DebuggerTests.testLineBreakpointOrcFile
23/74 Test #23: DebuggerTests.testLineBreakpointOrcFile ..............   Passed    0.02 sec
      Start 24: DebuggerTests.testNoCallback
24/74 Test #24: DebuggerTests.testNoCallback .........................   Passed    0.02 sec
      Start 25: DebuggerTests.testNext
25/74 Test #25: DebuggerTests.testNext ...............................   Passed    0.02 sec
      Start 26: MessageBufferTests.testCreateBuffer
26/74 Test #26: MessageBufferTests.testCreateBuffer ..................   Passed    0.01 sec
      Start 27: MessageBufferTests.testBufferRun
27/74 Test #27: MessageBufferTests.testBufferRun .....................   Passed    0.01 sec
      Start 28: OptionParserTests.testParseSimpleEnvVar
28/74 Test #28: OptionParserTests.testParseSimpleEnvVar ..............   Passed    0.01 sec
      Start 29: OptionParserTests.testParseQuotedEnvVar
29/74 Test #29: OptionParserTests.testParseQuotedEnvVar ..............   Passed    0.01 sec
      Start 30: OrcCompileTests.testArgsRequired
30/74 Test #30: OrcCompileTests.testArgsRequired .....................   Passed    0.01 sec
      Start 31: OrcCompileTests.testSplitArgs
31/74 Test #31: OrcCompileTests.testSplitArgs ........................   Passed    0.01 sec
      Start 32: OrcCompileTests.testCompile
32/74 Test #32: OrcCompileTests.testCompile ..........................   Passed    4.02 sec
      Start 33: OrcCompileTests.testReuse
33/74 Test #33: OrcCompileTests.testReuse ............................   Passed    1.04 sec
      Start 34: OrcCompileTests.testLineNumber
34/74 Test #34: OrcCompileTests.testLineNumber .......................   Passed    0.01 sec
      Start 35: OrcCompileTests.testStringsInEvent
35/74 Test #35: OrcCompileTests.testStringsInEvent ...................   Passed    0.01 sec
      Start 36: OrcCompileTests.testMaxTableSize
36/74 Test #36: OrcCompileTests.testMaxTableSize .....................   Passed    0.02 sec
      Start 37: OrcCompileTests.test0dbfs
37/74 Test #37: OrcCompileTests.test0dbfs ............................   Passed    0.02 sec
      Start 38: OrcCompileTests.testReCompileCSD
38/74 Test #38: OrcCompileTests.testReCompileCSD .....................   Passed    0.02 sec
      Start 39: OrcCompileTests.testSampleAccurate
39/74 Test #39: OrcCompileTests.testSampleAccurate ...................   Passed    0.02 sec
      Start 40: OrcCompileTests.testCompileCSD
40/74 Test #40: OrcCompileTests.testCompileCSD .......................   Passed    0.02 sec
      Start 41: OrcCompileTests.testAssert
41/74 Test #41: OrcCompileTests.testAssert ...........................   Passed    0.02 sec
      Start 42: OrcSemanticsTest.FindOpcode2Test
42/74 Test #42: OrcSemanticsTest.FindOpcode2Test .....................   Passed    0.01 sec
      Start 43: OrcSemanticsTest.ResolveOpcodeTest
43/74 Test #43: OrcSemanticsTest.ResolveOpcodeTest ...................   Passed    0.02 sec
      Start 44: OrcSemanticsTest.FindOpcodeNewTest
44/74 Test #44: OrcSemanticsTest.FindOpcodeNewTest ...................   Passed    0.01 sec
      Start 45: OrcSemanticsTest.CheckInArgsTest
45/74 Test #45: OrcSemanticsTest.CheckInArgsTest .....................   Passed    0.01 sec
      Start 46: OrcSemanticsTest.CheckInArgs2Test
46/74 Test #46: OrcSemanticsTest.CheckInArgs2Test ....................   Passed    0.01 sec
      Start 47: OrcSemanticsTest.CheckOutArgTest
47/74 Test #47: OrcSemanticsTest.CheckOutArgTest .....................   Passed    0.01 sec
      Start 48: OrcSemanticsTest.CheckOutArgs2Test
48/74 Test #48: OrcSemanticsTest.CheckOutArgs2Test ...................   Passed    0.01 sec
      Start 49: TypeSystemTests.testTypeSystem
49/74 Test #49: TypeSystemTests.testTypeSystem .......................   Passed    0.01 sec
      Start 50: TypeSystemTests.testGetVarSimpleName
50/74 Test #50: TypeSystemTests.testGetVarSimpleName .................   Passed    0.02 sec
      Start 51: CircularBufferTests.testReadWrite
51/74 Test #51: CircularBufferTests.testReadWrite ....................   Passed    0.02 sec
      Start 52: CircularBufferTests.testReadWriteDiffSizes
52/74 Test #52: CircularBufferTests.testReadWriteDiffSizes ...........   Passed    0.01 sec
      Start 53: CircularBufferTests.testPeeking
53/74 Test #53: CircularBufferTests.testPeeking ......................   Passed    0.01 sec
      Start 54: CircularBufferTests.testWraping
54/74 Test #54: CircularBufferTests.testWraping ......................   Passed    0.01 sec
      Start 55: EngineTests.testUdpServer
55/74 Test #55: EngineTests.testUdpServer ............................   Passed    1.02 sec
      Start 56: IOTests.testDeviceList
56/74 Test #56: IOTests.testDeviceList ...............................   Passed    0.02 sec
      Start 57: IOTests.testKeyboardIO
57/74 Test #57: IOTests.testKeyboardIO ...............................   Passed    0.02 sec
      Start 58: IOTests.testAudioModules
58/74 Test #58: IOTests.testAudioModules .............................   Passed    0.01 sec
      Start 59: IOTests.testAudioHostBased
59/74 Test #59: IOTests.testAudioHostBased ...........................   Passed    0.02 sec
      Start 60: IOTests.testMidiModules
60/74 Test #60: IOTests.testMidiModules ..............................   Passed    0.01 sec
      Start 61: IOTests.testMidiHostBased
61/74 Test #61: IOTests.testMidiHostBased ............................   Passed    0.22 sec
      Start 62: ServerTests.testServer
62/74 Test #62: ServerTests.testServer ...............................   Passed    3.04 sec
      Start 63: PluginTests.testAddOpcodeC
63/74 Test #63: PluginTests.testAddOpcodeC ...........................   Passed    1.52 sec
      Start 64: PluginTests.testAddOpcodeCpp
64/74 Test #64: PluginTests.testAddOpcodeCpp .........................   Passed    1.52 sec
      Start 65: PerfThreadsTests.PerfThread
65/74 Test #65: PerfThreadsTests.PerfThread ..........................   Passed    6.05 sec
      Start 66: PerfThreadsTests.Record
66/74 Test #66: PerfThreadsTests.Record ..............................   Passed    2.03 sec
      Start 67: SndfileTests.testWriteSndfile
67/74 Test #67: SndfileTests.testWriteSndfile ........................   Passed    0.03 sec
      Start 68: SndfileTests.testReadSndfile
68/74 Test #68: SndfileTests.testReadSndfile .........................   Passed    1.02 sec
      Start 69: NewTypeTests.testAddOpcodeC
69/74 Test #69: NewTypeTests.testAddOpcodeC ..........................   Passed    1.52 sec
      Start 70: PfieldTests.testScoreStringEvent
70/74 Test #70: PfieldTests.testScoreStringEvent .....................   Passed    0.03 sec
      Start 71: PfieldTests.testRTStringEvent
71/74 Test #71: PfieldTests.testRTStringEvent ........................   Passed    0.02 sec
      Start 72: PfieldTests.testScoreFTStringEvent
72/74 Test #72: PfieldTests.testScoreFTStringEvent ...................   Passed    0.02 sec
      Start 73: PfieldTests.testScoreEvent
73/74 Test #73: PfieldTests.testScoreEvent ...........................   Passed    0.02 sec
      Start 74: PfieldTests.testAlwaysOn
74/74 Test #74: PfieldTests.testAlwaysOn .............................   Passed    0.02 sec

100% tests passed, 0 tests failed out of 74

Total Test time (real) =  24.09 sec
/app/build/csound
/app/build
Testing with new parser
/app/build/csound  -nd /app/tests/commandline/test1.csd 2> csound_test_output.txt
[pass] - Test 1: Simple Test, Single Channel (test1.csd)
	Return Code: 0	Expected: 0

/app/build/csound  -nd /app/tests/commandline/test2.csd 2> csound_test_output.txt
[pass] - Test 2: Simple Test, 2 Channel (test2.csd)
	Return Code: 0	Expected: 0

/app/build/csound  -nd /app/tests/commandline/test3.csd 2> csound_test_output.txt
[pass] - Test 3: Simple Test, using i-rate variables, 2 Channel (test3.csd)
	Return Code: 0	Expected: 0

/app/build/csound  -nd /app/tests/commandline/test4.csd 2> csound_test_output.txt
[pass] - Test 4: Simple Test, using k-rate variables, 2 Channel (test4.csd)
	Return Code: 0	Expected: 0

/app/build/csound  -nd /app/tests/commandline/test5.csd 2> csound_test_output.txt
[pass] - Test 5: Simple Test, using global i-rate variables, 2 Channel (test5.csd)
	Return Code: 0	Expected: 0

/app/build/csound  -nd /app/tests/commandline/test6.csd 2> csound_test_output.txt
[pass] - Test 6: Testing Pfields (test6.csd)
	Return Code: 0	Expected: 0

/app/build/csound  -nd /app/tests/commandline/test7.csd 2> csound_test_output.txt
[pass] - Test 7: Testing expressions, no functions (test7.csd)
	Return Code: 0	Expected: 0

/app/build/csound  -nd /app/tests/commandline/test8.csd 2> csound_test_output.txt
[pass] - Test 8: Testing multi-part expressions, no functions (test8.csd)
	Return Code: 0	Expected: 0

/app/build/csound  -nd /app/tests/commandline/test9.csd 2> csound_test_output.txt
[pass] - Test 9: Unused Label (to test labels get parsed) (test9.csd)
	Return Code: 0	Expected: 0

/app/build/csound  -nd /app/tests/commandline/test10.csd 2> csound_test_output.txt
[pass] - Test 10: kgoto going to a label (test10.csd)
	Return Code: 0	Expected: 0

/app/build/csound  -nd /app/tests/commandline/test11.csd 2> csound_test_output.txt
[pass] - Test 11: if-kgoto going to a label, boolean expressions (test11.csd)
	Return Code: 0	Expected: 0

/app/build/csound  -nd /app/tests/commandline/test12.csd 2> csound_test_output.txt
[pass] - Test 12: Simple if-then statement (test12.csd)
	Return Code: 0	Expected: 0

/app/build/csound  -nd /app/tests/commandline/test13.csd 2> csound_test_output.txt
[pass] - Test 13: function call (test13.csd)
	Return Code: 0	Expected: 0

/app/build/csound  -nd /app/tests/commandline/test14.csd 2> csound_test_output.txt
[pass] - Test 14: polymorphic test, 0xffff (init) (test14.csd)
	Return Code: 0	Expected: 0

/app/build/csound  -nd /app/tests/commandline/test15.csd 2> csound_test_output.txt
[pass] - Test 15: pluck test, 0xffff (init) (test15.csd)
	Return Code: 0	Expected: 0

/app/build/csound  -nd /app/tests/commandline/test16.csd 2> csound_test_output.txt
[pass] - Test 16: Simple if-then with multiple statements in body (test16.csd)
	Return Code: 0	Expected: 0

/app/build/csound  -nd /app/tests/commandline/test17.csd 2> csound_test_output.txt
[pass] - Test 17: Simple if-then-else with multiple statements in body (test17.csd)
	Return Code: 0	Expected: 0

/app/build/csound  -nd /app/tests/commandline/test18.csd 2> csound_test_output.txt
[pass] - Test 18: if-then-elseif with no else block (test18.csd)
	Return Code: 0	Expected: 0

/app/build/csound  -nd /app/tests/commandline/test19.csd 2> csound_test_output.txt
[pass] - Test 19: if-elseif-else (test19.csd)
	Return Code: 0	Expected: 0

/app/build/csound  -nd /app/tests/commandline/test20.csd 2> csound_test_output.txt
[pass] - Test 20: if-elseif-else with inner if-elseif-else blocks (test20.csd)
	Return Code: 0	Expected: 0

/app/build/csound  -nd /app/tests/commandline/test21.csd 2> csound_test_output.txt
[pass] - Test 21: if-elseif-else with multiple elseif blocks (test21.csd)
	Return Code: 0	Expected: 0

/app/build/csound  -nd /app/tests/commandline/test22.csd 2> csound_test_output.txt
[pass] - Test 22: simple UDO (test22.csd)
	Return Code: 0	Expected: 0

/app/build/csound  -nd /app/tests/commandline/test23.csd 2> csound_test_output.txt
[pass] - Test 23: named instrument (test23.csd)
	Return Code: 0	Expected: 0

/app/build/csound  -nd /app/tests/commandline/test43.csd 2> csound_test_output.txt
[pass] - Test 24: mixed numbered and named instruments (test43.csd)
	Return Code: 0	Expected: 0

/app/build/csound  -nd /app/tests/commandline/test25.csd 2> csound_test_output.txt
[pass] - Test 25: polymorphic test, 0xfffd (peak) (test25.csd)
	Return Code: 0	Expected: 0

/app/build/csound  -nd /app/tests/commandline/test26.csd 2> csound_test_output.txt
[pass] - Test 26: polymorphic test, 0xfffc (divz) (test26.csd)
	Return Code: 0	Expected: 0

/app/build/csound  -nd /app/tests/commandline/test27.csd 2> csound_test_output.txt
[pass] - Test 27: polymorphic test, 0xfffb (chnget) (test27.csd)
	Return Code: 0	Expected: 0

/app/build/csound  -nd /app/tests/commandline/test28.csd 2> csound_test_output.txt
[pass] - Test 28: label test (test28.csd)
	Return Code: 0	Expected: 0

/app/build/csound  -nd /app/tests/commandline/test29.csd 2> csound_test_output.txt
[pass] - Test 29: bit operations test (test29.csd)
	Return Code: 0	Expected: 0

/app/build/csound  -nd /app/tests/commandline/test30.csd 2> csound_test_output.txt
[pass] - Test 30: multi-numbered instrument test (test30.csd)
	Return Code: 0	Expected: 0

/app/build/csound  -nd /app/tests/commandline/test31.csd 2> csound_test_output.txt
[pass] - Test 31: i-rate conditional test (test31.csd)
	Return Code: 0	Expected: 0

/app/build/csound  -nd /app/tests/commandline/test32.csd 2> csound_test_output.txt
[pass] - Test 32: continuation lines test (test32.csd)
	Return Code: 0	Expected: 0

/app/build/csound  -nd /app/tests/commandline/test33.csd 2> csound_test_output.txt
[pass] - Test 33: using named instrument from score (testing score strings) (test33.csd)
	Return Code: 0	Expected: 0

/app/build/csound  -nd /app/tests/commandline/test34.csd 2> csound_test_output.txt
[pass] - Test 34: tertiary conditional expressions (test34.csd)
	Return Code: 0	Expected: 0

/app/build/csound  -nd /app/tests/commandline/test35.csd 2> csound_test_output.txt
[pass] - Test 35: test of passign (test35.csd)
	Return Code: 0	Expected: 0

/app/build/csound  -nd /app/tests/commandline/test36.csd 2> csound_test_output.txt
[pass] - Test 36: opcode with all input args optional (passign) (test36.csd)
	Return Code: 0	Expected: 0

/app/build/csound  -nd /app/tests/commandline/test37.csd 2> csound_test_output.txt
[pass] - Test 37: Testing in and out (test37.csd)
	Return Code: 0	Expected: 0

/app/build/csound  -nd /app/tests/commandline/test38.csd 2> csound_test_output.txt
[pass] - Test 38: Testing simple macro (test38.csd)
	Return Code: 0	Expected: 0

/app/build/csound  -nd /app/tests/commandline/test39.csd 2> csound_test_output.txt
[pass] - Test 39: Testing macro with argument (test39.csd)
	Return Code: 0	Expected: 0

/app/build/csound  -nd /app/tests/commandline/test40.csd 2> csound_test_output.txt
[pass] - Test 40: Testing i^j (test40.csd)
	Return Code: 0	Expected: 0

/app/build/csound  -nd /app/tests/commandline/test41.csd 2> csound_test_output.txt
[pass] - Test 41: if statement with = instead of == (test41.csd)
	Return Code: 0	Expected: 0

/app/build/csound  -nd /app/tests/commandline/test42.csd 2> csound_test_output.txt
[pass] - Test 42: extended string (test42.csd)
	Return Code: 0	Expected: 0

/app/build/csound  -nd /app/tests/commandline/test44.csd 2> csound_test_output.txt
[pass] - Test 43: expected failure with in-arg given to in opcode (test44.csd)
	Return Code: 1	Expected: 1

/app/build/csound  -nd /app/tests/commandline/test45.csd 2> csound_test_output.txt
[pass] - Test 44: if-goto with expression in boolean comparison (test45.csd)
	Return Code: 0	Expected: 0

/app/build/csound  -nd /app/tests/commandline/test46.csd 2> csound_test_output.txt
[pass] - Test 45: if-then with expression in boolean comparison (test46.csd)
	Return Code: 0	Expected: 0

/app/build/csound  -nd /app/tests/commandline/test47.csd 2> csound_test_output.txt
[pass] - Test 46: until loop and k[] (test47.csd)
	Return Code: 0	Expected: 0

/app/build/csound  -nd /app/tests/commandline/test48.csd 2> csound_test_output.txt
[pass] - Test 47: expected failure with variable used before defined (test48.csd)
	Return Code: 1	Expected: 1

/app/build/csound  -nd /app/tests/commandline/test_array_expr_opcall.csd 2> csound_test_output.txt
[pass] - Test 48: test array expr in opcall (test_array_expr_opcall.csd)
	Return Code: 0	Expected: 0

/app/build/csound  -nd /app/tests/commandline/test_shadowing_for_loop.csd 2> csound_test_output.txt
[pass] - Test 49: test local shadowing of vars in for loop (test_shadowing_for_loop.csd)
	Return Code: 0	Expected: 0

/app/build/csound  -nd /app/tests/commandline/test_shadowing_implicit.csd 2> csound_test_output.txt
[pass] - Test 50: test local shadowing of global vars for implicit types (test_shadowing_implicit.csd)
	Return Code: 0	Expected: 0

/app/build/csound  -nd /app/tests/commandline/test_opcode_with_opt_ins.csd 2> csound_test_output.txt
[pass] - Test 51: test opcode with opt ins only (test_opcode_with_opt_ins.csd)
	Return Code: 0	Expected: 0

/app/build/csound  -nd /app/tests/commandline/test_fillarray_audio.csd 2> csound_test_output.txt
[pass] - Test 52: test Arr:a[] = [sig:a] (test_fillarray_audio.csd)
	Return Code: 0	Expected: 0

/app/build/csound  -nd /app/tests/commandline/test_oversample.csd 2> csound_test_output.txt
[pass] - Test 53: test oversampling in new-style UDO (test_oversample.csd)
	Return Code: 0	Expected: 0

/app/build/csound  -nd /app/tests/commandline/test_pvs_np2.csd 2> csound_test_output.txt
[pass] - Test 54: test pvsanal/synth with np2 size (test_pvs_np2.csd)
	Return Code: 0	Expected: 0

/app/build/csound  -nd /app/tests/commandline/test_instr_redefinition.csd 2> csound_test_output.txt
[pass] - Test 55: allow instr redefinition (test_instr_redefinition.csd)
	Return Code: 0	Expected: 0

/app/build/csound  -nd /app/tests/commandline/test_instr0_labels.csd 2> csound_test_output.txt
[pass] - Test 56: test labels in instr0 space (test_instr0_labels.csd)
	Return Code: 0	Expected: 0

/app/build/csound  -nd /app/tests/commandline/test_string.csd 2> csound_test_output.txt
[pass] - Test 57: test string assignment and printing (test_string.csd)
	Return Code: 0	Expected: 0

/app/build/csound  -nd /app/tests/commandline/test_sprintf.csd 2> csound_test_output.txt
[pass] - Test 58: test string assignment and printing (test_sprintf.csd)
	Return Code: 0	Expected: 0

/app/build/csound  -nd /app/tests/commandline/test_sprintf2.csd 2> csound_test_output.txt
[pass] - Test 59: test string assignment and printing that causes reallocation (test_sprintf2.csd)
	Return Code: 0	Expected: 0

/app/build/csound  -nd /app/tests/commandline/test_switch_statement.csd 2> csound_test_output.txt
[pass] - Test 60: tests the new switch statement operator (test_switch_statement.csd)
	Return Code: 0	Expected: 0

/app/build/csound  -nd /app/tests/commandline/nested_strings.csd 2> csound_test_output.txt
[pass] - Test 61: test nested strings works with schedule [issue #861] (nested_strings.csd)
	Return Code: 0	Expected: 0

/app/build/csound  -nd /app/tests/commandline/test_label_within_if_block.csd 2> csound_test_output.txt
[pass] - Test 62: test label within if block (test_label_within_if_block.csd)
	Return Code: 0	Expected: 0

/app/build/csound  -nd /app/tests/commandline/test_newstyle_udo_optargs.csd 2> csound_test_output.txt
[pass] - Test 63: test newstyle UDO optional args (test_newstyle_udo_optargs.csd)
	Return Code: 0	Expected: 0

/app/build/csound  -nd /app/tests/commandline/test_arrays.csd 2> csound_test_output.txt
[pass] - Test 64: test k-array with single dimension, assignment to expression value (test_arrays.csd)
	Return Code: 0	Expected: 0

/app/build/csound  -nd /app/tests/commandline/test_arrays2.csd 2> csound_test_output.txt
[pass] - Test 65: test gk-array with single dimension, assignment to expression value (test_arrays2.csd)
	Return Code: 0	Expected: 0

/app/build/csound  -nd /app/tests/commandline/test_arrays3.csd 2> csound_test_output.txt
[pass] - Test 66: test k-array with single dimension, assignment with number (test_arrays3.csd)
	Return Code: 0	Expected: 0

/app/build/csound  -nd /app/tests/commandline/test_arrays_multi.csd 2> csound_test_output.txt
[pass] - Test 67: test multi-dimensionsl k-array, assigment to number and expression (test_arrays_multi.csd)
	Return Code: 0	Expected: 0

/app/build/csound  -nd /app/tests/commandline/test_arrays_string.csd 2> csound_test_output.txt
[pass] - Test 68: test string-array (test_arrays_string.csd)
	Return Code: 0	Expected: 0

/app/build/csound  -nd /app/tests/commandline/test_arrays_string2.csd 2> csound_test_output.txt
[pass] - Test 69: test simple string-array assignment (test_arrays_string2.csd)
	Return Code: 0	Expected: 0

/app/build/csound  -nd /app/tests/commandline/test_arrays_static_init.csd 2> csound_test_output.txt
[pass] - Test 70: test arrays initialized with static initializer (i.e. kvals = [0,1,2]) (test_arrays_static_init.csd)
	Return Code: 0	Expected: 0

/app/build/csound  -nd /app/tests/commandline/test_asig_as_array.csd 2> csound_test_output.txt
[pass] - Test 71: test using a-sig with array get/set syntax (test_asig_as_array.csd)
	Return Code: 0	Expected: 0

/app/build/csound  -nd /app/tests/commandline/test_arrays_negative_dimension_fail.csd 2> csound_test_output.txt
[pass] - Test 72: test expected failure with negative dimension size and array (test_arrays_negative_dimension_fail.csd)
	Return Code: 1	Expected: 1

/app/build/csound  -nd /app/tests/commandline/test_iarr_operators.csd 2> csound_test_output.txt
[pass] - Test 73: test i[] operators (test_iarr_operators.csd)
	Return Code: 0	Expected: 0

/app/build/csound  -nd /app/tests/commandline/test_booleans.csd 2> csound_test_output.txt
[pass] - Test 74: tests using boolean data-types (test_booleans.csd)
	Return Code: 0	Expected: 0

/app/build/csound  -nd /app/tests/commandline/test_boolean_function.csd 2> csound_test_output.txt
[pass] - Test 75: test boolean function in conditionals (test_boolean_function.csd)
	Return Code: 0	Expected: 0

/app/build/csound  -nd /app/tests/commandline/test_type_eq.csd 2> csound_test_output.txt
[pass] - Test 76: test type equality operator (test_type_eq.csd)
	Return Code: 0	Expected: 0

/app/build/csound  -nd /app/tests/commandline/test_audio_in.csd 2> csound_test_output.txt
[pass] - Test 77: test the parsing of the 'in' operator as opcode (test_audio_in.csd)
	Return Code: 0	Expected: 0

/app/build/csound  -nd /app/tests/commandline/test_empty_conditional_branches.csd 2> csound_test_output.txt
[pass] - Test 78: tests that empty branches do not cause compiler issues (test_empty_conditional_branches.csd)
	Return Code: 0	Expected: 0

/app/build/csound  -nd /app/tests/commandline/test_empty_instr.csd 2> csound_test_output.txt
[pass] - Test 79: tests that empty instruments do not cause compiler issues (test_empty_instr.csd)
	Return Code: 0	Expected: 0

/app/build/csound  -nd /app/tests/commandline/test_empty_udo.csd 2> csound_test_output.txt
[pass] - Test 80: tests that empty UDOs do not cause compiler issues (test_empty_udo.csd)
	Return Code: 0	Expected: 0

/app/build/csound  -nd /app/tests/commandline/test_semantics_undefined_var.csd 2> csound_test_output.txt
[pass] - Test 81: test undefined var (test_semantics_undefined_var.csd)
	Return Code: 1	Expected: 1

/app/build/csound  -nd /app/tests/commandline/test_opcall_expr.csd 2> csound_test_output.txt
[pass] - Test 82: test expression in opcall (test_opcall_expr.csd)
	Return Code: 0	Expected: 0

/app/build/csound  -nd /app/tests/commandline/test_invalid_expression.csd 2> csound_test_output.txt
[pass] - Test 83: test expression (test_invalid_expression.csd)
	Return Code: 1	Expected: 1

/app/build/csound  -nd /app/tests/commandline/test_invalid_ternary.csd 2> csound_test_output.txt
[pass] - Test 84: test expression (test_invalid_ternary.csd)
	Return Code: 1	Expected: 1

/app/build/csound  -nd /app/tests/commandline/test_for_in.csd 2> csound_test_output.txt
[pass] - Test 85: for in loop (test_for_in.csd)
	Return Code: 0	Expected: 0

/app/build/csound  -nd /app/tests/commandline/test_for_in2.csd 2> csound_test_output.txt
[pass] - Test 86: for in loop (2nd form) (test_for_in2.csd)
	Return Code: 0	Expected: 0

/app/build/csound  -nd /app/tests/commandline/test_opcode_as_function.csd 2> csound_test_output.txt
[pass] - Test 87: test expression (test_opcode_as_function.csd)
	Return Code: 0	Expected: 0

/app/build/csound  -nd /app/tests/commandline/test_fsig_udo.csd 2> csound_test_output.txt
[pass] - Test 88: UDO with f-sig arg (test_fsig_udo.csd)
	Return Code: 0	Expected: 0

/app/build/csound  -nd /app/tests/commandline/test_karrays_udo.csd 2> csound_test_output.txt
[pass] - Test 89: UDO with k[] arg (test_karrays_udo.csd)
	Return Code: 0	Expected: 0

/app/build/csound  -nd /app/tests/commandline/test_arrays_addition.csd 2> csound_test_output.txt
[pass] - Test 90: test array arithmetic (i.e. k[] + k[] (test_arrays_addition.csd)
	Return Code: 0	Expected: 0

/app/build/csound  -nd /app/tests/commandline/test_arrays_fns.csd 2> csound_test_output.txt
[pass] - Test 91: test functions on arrays (i.e. tabgen) (test_arrays_fns.csd)
	Return Code: 1	Expected: 1

/app/build/csound  -nd /app/tests/commandline/test_polymorphic_udo.csd 2> csound_test_output.txt
[pass] - Test 92: test polymorphic udo (test_polymorphic_udo.csd)
	Return Code: 0	Expected: 0

/app/build/csound  -nd /app/tests/commandline/test_udo_a_array.csd 2> csound_test_output.txt
[pass] - Test 93: test udo with a-array (test_udo_a_array.csd)
	Return Code: 0	Expected: 0

/app/build/csound  -nd /app/tests/commandline/test_udo_2d_array.csd 2> csound_test_output.txt
[pass] - Test 94: test udo with 2d-array (test_udo_2d_array.csd)
	Return Code: 0	Expected: 0

/app/build/csound  -nd /app/tests/commandline/test_udo_string_array_join.csd 2> csound_test_output.txt
[pass] - Test 95: test udo with S[] arg returning S (test_udo_string_array_join.csd)
	Return Code: 0	Expected: 0

/app/build/csound  -nd /app/tests/commandline/test_array_function_call.csd 2> csound_test_output.txt
[pass] - Test 96: test synthesizing an array arg from a function-call (test_array_function_call.csd)
	Return Code: 0	Expected: 0

/app/build/csound  -nd /app/tests/commandline/test_explicit_types.csd 2> csound_test_output.txt
[pass] - Test 97: test typed identifiers (i.e. signals:a[], sigLeft:a) (test_explicit_types.csd)
	Return Code: 0	Expected: 0

/app/build/csound  -nd /app/tests/commandline/test_parser3_opcall_ambiguities.csd 2> csound_test_output.txt
[pass] - Test 98: test T_OPCALL ambiguities (test_parser3_opcall_ambiguities.csd)
	Return Code: 0	Expected: 0

/app/build/csound  -nd /app/tests/commandline/test_new_udo_syntax.csd 2> csound_test_output.txt
[pass] - Test 99: test new-style UDO syntax (test_new_udo_syntax.csd)
	Return Code: 0	Expected: 0

/app/build/csound  -nd /app/tests/commandline/test_new_udo_syntax_explicit_types.csd 2> csound_test_output.txt
[pass] - Test 100: test new-style UDO syntax with explicit types (test_new_udo_syntax_explicit_types.csd)
	Return Code: 0	Expected: 0

/app/build/csound  -nd /app/tests/commandline/test_multiple_return.csd 2> csound_test_output.txt
[pass] - Test 101: test multiple return from express (i.. a1,a2 = xx()) (test_multiple_return.csd)
	Return Code: 0	Expected: 0

/app/build/csound  -nd /app/tests/commandline/test_array_operations.csd 2> csound_test_output.txt
[pass] - Test 102: test multiple operations on multiple array types (test_array_operations.csd)
	Return Code: 0	Expected: 0

/app/build/csound  -nd /app/tests/commandline/prints_number_no_crash.csd 2> csound_test_output.txt
[pass] - Test 103: test prints does not crash when given a number arguments (prints_number_no_crash.csd)
	Return Code: 1	Expected: 1

/app/build/csound  -nd /app/tests/commandline/test_newlines_within_function_calls.csd 2> csound_test_output.txt
[pass] - Test 104: test newlines allowed within function calls (test_newlines_within_function_calls.csd)
	Return Code: 0	Expected: 0

/app/build/csound  -nd /app/tests/commandline/test_comma_newline.csd 2> csound_test_output.txt
[pass] - Test 105: test commas followed by newlines (test_comma_newline.csd)
	Return Code: 0	Expected: 0

/app/build/csound  -nd /app/tests/commandline/test_bool_with_explicit_type.csd 2> csound_test_output.txt
[pass] - Test 106: test use of explicit type in bool expression (test_bool_with_explicit_type.csd)
	Return Code: 0	Expected: 0

/app/build/csound  -nd /app/tests/commandline/test_explicit_globals.csd 2> csound_test_output.txt
[pass] - Test 107: test global declaration of explicit types (test_explicit_globals.csd)
	Return Code: 0	Expected: 0

/app/build/csound  -nd /app/tests/commandline/test_fail_mismatched_types.csd 2> csound_test_output.txt
[pass] - Test 108: syntax error on mismatched type declaration (test_fail_mismatched_types.csd)
	Return Code: 1	Expected: 1

/app/build/csound  -nd /app/tests/commandline/test_fail_redefine.csd 2> csound_test_output.txt
[pass] - Test 109: syntax error on redefinition of local var by global var in same context (test_fail_redefine.csd)
	Return Code: 1	Expected: 1

/app/build/csound  -nd /app/tests/commandline/test_var_redefine.csd 2> csound_test_output.txt
[pass] - Test 110: test variable redefinition (test_var_redefine.csd)
	Return Code: 0	Expected: 0

/app/build/csound  -nd /app/tests/commandline/test_declare.csd 2> csound_test_output.txt
[pass] - Test 111: test declare keyword (CS7) (test_declare.csd)
	Return Code: 0	Expected: 0

/app/build/csound  -nd /app/tests/commandline/test_sub_str.csd 2> csound_test_output.txt
[pass] - Test 112: test raw string embedded in raw string (test_sub_str.csd)
	Return Code: 0	Expected: 0

/app/build/csound  -nd /app/tests/commandline/test_plusname.csd 2> csound_test_output.txt
[pass] - Test 113: test +Name for instr name (test_plusname.csd)
	Return Code: 0	Expected: 0

/app/build/csound  -nd /app/tests/commandline/test_isactive.csd 2> csound_test_output.txt
[pass] - Test 114: test isactive and isperforming (test_isactive.csd)
	Return Code: 0	Expected: 0

/app/build/csound  -nd /app/tests/commandline/test_unary_expressions.csd 2> csound_test_output.txt
[pass] - Test 115: various unary operators in various expressions (test_unary_expressions.csd)
	Return Code: 0	Expected: 0

/app/build/csound  -nd /app/tests/commandline/test_opassign.csd 2> csound_test_output.txt
[pass] - Test 116: test +=, ==, *= and /= (test_opassign.csd)
	Return Code: 0	Expected: 0

/app/build/csound  -nd /app/tests/commandline/testnewline.csd 2> csound_test_output.txt
[pass] - Test 117: test newline in statements (testnewline.csd)
	Return Code: 0	Expected: 0

/app/build/csound  -nd /app/tests/commandline/test_string_in_event.csd 2> csound_test_output.txt
[pass] - Test 118: test multiple strings in realtime event (test_string_in_event.csd)
	Return Code: 0	Expected: 0

/app/build/csound  -nd /app/tests/commandline/testmidichannels.csd 2> csound_test_output.txt
[pass] - Test 119: test use of mapped multiport channels (testmidichannels.csd)
	Return Code: 0	Expected: 0

/app/build/csound  -nd /app/tests/commandline/test_instr_type.csd 2> csound_test_output.txt
[pass] - Test 120: test instr type and variables (test_instr_type.csd)
	Return Code: 0	Expected: 0

/app/build/csound  -nd /app/tests/commandline/test_delete_instr.csd 2> csound_test_output.txt
[pass] - Test 121: test creating and deleting instr (test_delete_instr.csd)
	Return Code: 0	Expected: 0

/app/build/csound  -nd /app/tests/commandline/test_create_instr.csd 2> csound_test_output.txt
[pass] - Test 122: testing creating and scheduling instr (test_create_instr.csd)
	Return Code: 0	Expected: 0

/app/build/csound  -nd /app/tests/commandline/test_instance_type.csd 2> csound_test_output.txt
[pass] - Test 123: testing instance type (test_instance_type.csd)
	Return Code: 0	Expected: 0

/app/build/csound  -nd /app/tests/commandline/test_play_opcode.csd 2> csound_test_output.txt
[pass] - Test 124: testing play opcode (test_play_opcode.csd)
	Return Code: 0	Expected: 0

/app/build/csound  -nd /app/tests/commandline/test_create_init_perf_delete.csd 2> csound_test_output.txt
[pass] - Test 125: testing new instance opcodes (test_create_init_perf_delete.csd)
	Return Code: 0	Expected: 0

/app/build/csound  -nd /app/tests/commandline/test_complex_numbers.csd 2> csound_test_output.txt
[pass] - Test 126: testing complex number operations (test_complex_numbers.csd)
	Return Code: 0	Expected: 0

/app/build/csound  -nd /app/tests/commandline/test_schedule_named_instance.csd 2> csound_test_output.txt
[pass] - Test 127: testing schedule with named instr instance (test_schedule_named_instance.csd)
	Return Code: 0	Expected: 0

/app/build/csound  -nd /app/tests/commandline/test_instr_type_var_new_compilation.csd 2> csound_test_output.txt
[pass] - Test 128: testing schedule of named instr in new compilations (test_instr_type_var_new_compilation.csd)
	Return Code: 0	Expected: 0

/app/build/csound  -nd /app/tests/commandline/test_ambiguous_opcall.csd 2> csound_test_output.txt
[pass] - Test 129: test ambiguous opcall examples (test_ambiguous_opcall.csd)
	Return Code: 0	Expected: 0

/app/build/csound  -nd /app/tests/commandline/test_opcode_type.csd 2> csound_test_output.txt
[pass] - Test 130: tests opcode type (test_opcode_type.csd)
	Return Code: 0	Expected: 0

/app/build/csound  -nd /app/tests/commandline/test_opcode_obj_loop.csd 2> csound_test_output.txt
[pass] - Test 131: tests array of opcode objects in loops (test_opcode_obj_loop.csd)
	Return Code: 0	Expected: 0

/app/build/csound  -nd /app/tests/commandline/test_sa.csd 2> csound_test_output.txt
[pass] - Test 132: test sample accurate mode (test_sa.csd)
	Return Code: 0	Expected: 0

/app/build/csound  -nd /app/tests/commandline/test_overload_selection.csd 2> csound_test_output.txt
[pass] - Test 133: test wrong annotation case (test_overload_selection.csd)
	Return Code: 0	Expected: 0

/app/build/csound  -nd /app/tests/commandline/test_unschedule.csd 2> csound_test_output.txt
[pass] - Test 134: test unscheduling events (test_unschedule.csd)
	Return Code: 0	Expected: 0

/app/build/csound  -nd /app/tests/commandline/diskin_excess_channels.csd 2> csound_test_output.txt
[pass] - Test 135: test sample accurate mode (diskin_excess_channels.csd)
	Return Code: 0	Expected: 0

/app/build/csound  -nd /app/tests/commandline/test_midifile_ops.csd 2> csound_test_output.txt
[pass] - Test 136: testing midifile opcodes (test_midifile_ops.csd)
	Return Code: 0	Expected: 0

/app/build/csound  -nd /app/tests/commandline/test_csound_object.csd 2> csound_test_output.txt
[pass] - Test 137: test Csound object opcodes (test_csound_object.csd)
	Return Code: 0	Expected: 0

/app/build/csound  -nd /app/tests/commandline/test_true_false.csd 2> csound_test_output.txt
[pass] - Test 138: testing true/false booleans (test_true_false.csd)
	Return Code: 0	Expected: 0

/app/build/csound  -nd /app/tests/commandline/arrays/arrays_i_local.csd 2> csound_test_output.txt
[pass] - Test 139: local i[] (arrays/arrays_i_local.csd)
	Return Code: 0	Expected: 0

/app/build/csound  -nd /app/tests/commandline/arrays/arrays_i_global.csd 2> csound_test_output.txt
[pass] - Test 140: global i[] (arrays/arrays_i_global.csd)
	Return Code: 0	Expected: 0

/app/build/csound  -nd /app/tests/commandline/arrays/arrays_k_local.csd 2> csound_test_output.txt
[pass] - Test 141: local k[] (arrays/arrays_k_local.csd)
	Return Code: 0	Expected: 0

/app/build/csound  -nd /app/tests/commandline/arrays/arrays_k_global.csd 2> csound_test_output.txt
[pass] - Test 142: global k[] (arrays/arrays_k_global.csd)
	Return Code: 0	Expected: 0

/app/build/csound  -nd /app/tests/commandline/arrays/arrays_a_local.csd 2> csound_test_output.txt
[pass] - Test 143: local a[] (arrays/arrays_a_local.csd)
	Return Code: 0	Expected: 0

/app/build/csound  -nd /app/tests/commandline/arrays/arrays_a_global.csd 2> csound_test_output.txt
[pass] - Test 144: global a[] (arrays/arrays_a_global.csd)
	Return Code: 0	Expected: 0

/app/build/csound  -nd /app/tests/commandline/arrays/arrays_S_local.csd 2> csound_test_output.txt
[pass] - Test 145: local S[] (arrays/arrays_S_local.csd)
	Return Code: 0	Expected: 0

/app/build/csound  -nd /app/tests/commandline/arrays/arrays_S_global.csd 2> csound_test_output.txt
[pass] - Test 146: global S[] (arrays/arrays_S_global.csd)
	Return Code: 0	Expected: 0

/app/build/csound  -nd /app/tests/commandline/arrays/array_get_inline.csd 2> csound_test_output.txt
[pass] - Test 147: tests parsing and eval of inline array[getters] (arrays/array_get_inline.csd)
	Return Code: 0	Expected: 0

/app/build/csound  -nd /app/tests/commandline/arrays/arrays_for_loop.csd 2> csound_test_output.txt
[pass] - Test 148: tests for loops over array types (arrays/arrays_for_loop.csd)
	Return Code: 0	Expected: 0

/app/build/csound  -nd /app/tests/commandline/arrays/test_redef_fail.csd 2> csound_test_output.txt
[pass] - Test 149: fail on redefinition of variable by array (arrays/test_redef_fail.csd)
	Return Code: 1	Expected: 1

/app/build/csound  -nd /app/tests/commandline/arrays/array_copy.csd 2> csound_test_output.txt
[pass] - Test 150: test for =.generic copy on k-rate only (arrays/array_copy.csd)
	Return Code: 0	Expected: 0

/app/build/csound  -nd /app/tests/commandline/complex_array_test.csd 2> csound_test_output.txt
[pass] - Test 151: testing complex array ops (complex_array_test.csd)
	Return Code: 0	Expected: 0

/app/build/csound  -nd /app/tests/commandline/fft_array_test.csd 2> csound_test_output.txt
[pass] - Test 152: testing complex fft array ops (fft_array_test.csd)
	Return Code: 0	Expected: 0

/app/build/csound  -nd /app/tests/commandline/rfft_array_test.csd 2> csound_test_output.txt
[pass] - Test 153: testing complex rfft array ops (rfft_array_test.csd)
	Return Code: 0	Expected: 0

/app/build/csound  -nd /app/tests/commandline/test_k_i_array_args.csd 2> csound_test_output.txt
[pass] - Test 154: testing k[] in-arg with i[] var (test_k_i_array_args.csd)
	Return Code: 0	Expected: 0

/app/build/csound  -nd /app/tests/commandline/test_gen_array.csd 2> csound_test_output.txt
[pass] - Test 155: testing genarray shorthand (test_gen_array.csd)
	Return Code: 0	Expected: 0

/app/build/csound  -nd /app/tests/commandline/test_array_annotation.csd 2> csound_test_output.txt
[pass] - Test 156: testing array type annotation for opcodes (test_array_annotation.csd)
	Return Code: 0	Expected: 0

/app/build/csound  -nd /app/tests/commandline/test_slice_array.csd 2> csound_test_output.txt
[pass] - Test 157: testing slice shorthand (test_slice_array.csd)
	Return Code: 0	Expected: 0

/app/build/csound  -nd /app/tests/commandline/structs/test_structs.csd 2> csound_test_output.txt
[pass] - Test 158: basic struct test (structs/test_structs.csd)
	Return Code: 0	Expected: 0

/app/build/csound  -nd /app/tests/commandline/structs/test_sub_structs.csd 2> csound_test_output.txt
[pass] - Test 159: read/write to struct member of struct (structs/test_sub_structs.csd)
	Return Code: 0	Expected: 0

/app/build/csound  -nd /app/tests/commandline/structs/test_struct_arrays.csd 2> csound_test_output.txt
[pass] - Test 160: arrays of structs (structs/test_struct_arrays.csd)
	Return Code: 0	Expected: 0

/app/build/csound  -nd /app/tests/commandline/udo/fail_no_xin.csd 2> csound_test_output.txt
[pass] - Test 161: fail due to no xin (udo/fail_no_xin.csd)
	Return Code: 1	Expected: 1

/app/build/csound  -nd /app/tests/commandline/udo/fail_no_xout.csd 2> csound_test_output.txt
[pass] - Test 162: fail due to no xout (udo/fail_no_xout.csd)
	Return Code: 1	Expected: 1

/app/build/csound  -nd /app/tests/commandline/udo/fail_invalid_xin.csd 2> csound_test_output.txt
[pass] - Test 163: fail due to invalid xin (udo/fail_invalid_xin.csd)
	Return Code: 1	Expected: 1

/app/build/csound  -nd /app/tests/commandline/udo/fail_invalid_xout.csd 2> csound_test_output.txt
[pass] - Test 164: fail due to invalid xout (udo/fail_invalid_xout.csd)
	Return Code: 1	Expected: 1

/app/build/csound  -nd /app/tests/commandline/udo/test_udo_xout_const.csd 2> csound_test_output.txt
[pass] - Test 165: Constants as xout inputs work (udo/test_udo_xout_const.csd)
	Return Code: 0	Expected: 0

/app/build/csound  -nd /app/tests/commandline/udo/pass_by_ref.csd 2> csound_test_output.txt
[pass] - Test 166: Pass-by-ref works with new-style UDOs (udo/pass_by_ref.csd)
	Return Code: 0	Expected: 0

/app/build/csound  -nd /app/tests/commandline/test_maxalloc_turnoff_lt_0.csd 2> csound_test_output.txt
[pass] - Test 167: Test maxalloc opcode less than 0 (test_maxalloc_turnoff_lt_0.csd)
	Return Code: 1	Expected: 1

/app/build/csound  -nd /app/tests/commandline/test_maxalloc_turnoff_gt_2.csd 2> csound_test_output.txt
[pass] - Test 168: Test maxalloc opcode greater than 2 (test_maxalloc_turnoff_gt_2.csd)
	Return Code: 1	Expected: 1

/app/build/csound  -nd /app/tests/commandline/test_maxalloc_turnoff_default.csd 2> csound_test_output.txt
[pass] - Test 169: Test maxalloc opcode defaults 0 (test_maxalloc_turnoff_default.csd)
	Return Code: 0	Expected: 0

/app/build/csound  -nd /app/tests/commandline/test_maxalloc_turnoff_eq_0.csd 2> csound_test_output.txt
[pass] - Test 170: Test maxalloc opcode value of 0 (test_maxalloc_turnoff_eq_0.csd)
	Return Code: 0	Expected: 0

/app/build/csound  -nd /app/tests/commandline/test_maxalloc_turnoff_eq_1.csd 2> csound_test_output.txt
[pass] - Test 171: Test maxalloc opcode value of 1 (test_maxalloc_turnoff_eq_1.csd)
	Return Code: 0	Expected: 0

/app/build/csound  -nd /app/tests/commandline/test_maxalloc_turnoff_eq_2.csd 2> csound_test_output.txt
[pass] - Test 172: Test maxalloc opcode value of 2 (test_maxalloc_turnoff_eq_2.csd)
	Return Code: 0	Expected: 0

/app/build/csound  -nd /app/tests/commandline/test_pfields_array.csd 2> csound_test_output.txt
[pass] - Test 173: Test dynamic allocation of pfields, schedule and ftgen (test_pfields_array.csd)
	Return Code: 0	Expected: 0

/app/build/csound  -nd /app/tests/commandline/test_schedule.csd 2> csound_test_output.txt
[pass] - Test 174: Test pfields on all forms of schedule (test_schedule.csd)
	Return Code: 0	Expected: 0

/app/build/csound  -nd /app/tests/commandline/test_schedule_instr.csd 2> csound_test_output.txt
[pass] - Test 175: Test pfields on all forms of schedule with instance (test_schedule_instr.csd)
	Return Code: 0	Expected: 0

/app/build/csound  -nd /app/tests/commandline/test_event_pfields.csd 2> csound_test_output.txt
[pass] - Test 176: Test pfields on all forms of event (test_event_pfields.csd)
	Return Code: 0	Expected: 0

/app/build/csound  -nd /app/tests/commandline/test_recursive_schedule.csd 2> csound_test_output.txt
[pass] - Test 177: Test recursive events (test_recursive_schedule.csd)
	Return Code: 0	Expected: 0

/app/build/csound  -nd /app/tests/commandline/test_file_table.csd 2> csound_test_output.txt
[pass] - Test 178: Test ftgen gen01 file input (test_file_table.csd)
	Return Code: 0	Expected: 0

/app/build/csound  -nd /app/tests/commandline/test_midifile.csd 2> csound_test_output.txt
[pass] - Test 179: Test midi file input (-F) (test_midifile.csd)
	Return Code: 0	Expected: 0

================================================================================


Tests Passed: 179
Tests Failed: 0

Built target csdtests
