-- The CXX compiler identification is GNU 11.4.0
-- Detecting CXX compiler ABI info
-- Detecting CXX compiler ABI info - done
-- Check for working CXX compiler: /usr/bin/c++ - skipped
-- Detecting CXX compile features
-- Detecting CXX compile features - done
-- Build type: Release
-- Found Boost: /usr/lib/x86_64-linux-gnu/cmake/Boost-1.74.0/BoostConfig.cmake (found suitable version "1.74.0", minimum required is "1.68") found components: serialization program_options
-- Found PkgConfig: /usr/bin/pkg-config (found version "0.29.2")
-- Checking for module 'libspot'
--   No package 'libspot' found
-- Could NOT find spot (missing: SPOT_LIBRARIES SPOT_INCLUDE_DIRS)
-- Could NOT find Doxygen (missing: DOXYGEN_EXECUTABLE)
-- Could NOT find PY_pyplusplus (missing: PY_PYPLUSPLUS)
-- Could NOT find PY_pygccxml (missing: PY_PYGCCXML)
-- Could NOT find castxml (missing: CASTXML)
-- VAMP: Using portable build mode for distribution
-- VAMP: Python bindings disabled (C++ only)
-- VAMP integration enabled via OMPL_BUILD_VAMP=ON
CMake Warning at CMakeModules/VampConfig.cmake:27 (message):
  VAMP submodule not found.  Run 'git submodule update --init --recursive' to
  initialize it.
Call Stack (most recent call first):
  CMakeLists.txt:185 (configure_vamp)


CMake Warning at tests/CMakeLists.txt:84 (message):
  OMPL_HAVE_VAMP is TRUE but vamp_cpp target not found


-- The following features have been enabled:

 * OMPL_VERSIONED_INSTALL, Whether to install header files in
   <prefix>/include/ompl-X.Y/ompl, where X and Y are the major and minor
   version numbers
 * OMPL_BUILD_TESTS, Whether to build the unit tests.

-- The following OPTIONAL packages have been found:

 * Threads, <https://en.wikipedia.org/wiki/POSIX_Threads>
   Pthreads is sometimes needed, depending on OS / compiler.
 * Triangle, <http://www.cs.cmu.edu/~quake/triangle.html>
   Used to create triangular decompositions of polygonal 2D environments.
 * PkgConfig, <https://www.freedesktop.org/wiki/Software/pkg-config/>
   Used to find (compilation flags for) dependencies.
 * boost_unit_test_framework (required version == 1.74.0)

-- The following REQUIRED packages have been found:

 * boost_serialization (required version == 1.74.0)
 * boost_program_options (required version == 1.74.0)
 * Eigen3, <http://eigen.tuxfamily.org>
   A linear algebra library used throughout OMPL.
 * yaml-cpp, <https://github.com/jbeder/yaml-cpp>
   Used for parsing YAML configuration files, required for VAMP demos.
 * boost_headers (required version == 1.74.0)
 * Boost (required version >= 1.68), <https://www.boost.org>
   Used throughout OMPL for data serialization, graphs, etc.

-- The following features have been disabled:

 * OMPL_BUILD_PYBINDINGS, Whether to build the Python bindings.
 * OMPL_BUILD_PYTESTS, Whether to build/run the python binding unit tests.
 * OMPL_BUILD_DEMOS, Whether to build the OMPL demo programs.

-- The following OPTIONAL packages have not been found:

 * flann (required version >= 1.9.2), <https://github.com/mariusmuja/flann>
   If detetected, FLANN can be used for nearest neighbor queries by OMPL.
 * spot, <http://spot.lrde.epita.fr>
   Used for constructing finite automata from LTL formulae.
 * Doxygen, <http://doxygen.org>
   Used to create the OMPL documentation (i.e., https://ompl.kavrakilab.org).
 * Python, <https://www.python.org>
   Used for python bindings.
 * castxml, <https://github.com/CastXML/CastXML>
   Used to generate Python bindings.

-- The following Python modules were NOT found:

 * pyplusplus pygccxml

-- Configuring done
-- Generating done
CMake Warning:
  Manually-specified variables were not used by the project:

    OMPL_PYTHON_INSTALL_DIR


-- Build files have been written to: /app/build
[  1%] Building CXX object src/ompl/CMakeFiles/ompl.dir/base/objectives/src/MinimaxObjective.cpp.o
[  1%] Building CXX object src/ompl/CMakeFiles/ompl.dir/base/objectives/src/MaximizeMinClearanceObjective.cpp.o
[  1%] Building CXX object src/ompl/CMakeFiles/ompl.dir/base/objectives/src/MinimizeArrivalTime.cpp.o
[  2%] Building CXX object src/ompl/CMakeFiles/ompl.dir/base/goals/src/GoalState.cpp.o
[  2%] Building CXX object src/ompl/CMakeFiles/ompl.dir/base/objectives/src/ControlDurationObjective.cpp.o
[  2%] Building CXX object src/ompl/CMakeFiles/ompl.dir/base/goals/src/GoalStates.cpp.o
[  2%] Building CXX object src/ompl/CMakeFiles/ompl.dir/base/objectives/src/MechanicalWorkOptimizationObjective.cpp.o
[  2%] Building CXX object src/ompl/CMakeFiles/ompl.dir/base/goals/src/GoalLazySamples.cpp.o
[  2%] Building CXX object src/ompl/CMakeFiles/ompl.dir/base/goals/src/GoalRegion.cpp.o
[  3%] Building CXX object src/ompl/CMakeFiles/ompl.dir/base/goals/src/GoalSpace.cpp.o
[  3%] Building CXX object src/ompl/CMakeFiles/ompl.dir/base/samplers/deterministic/src/PrecomputedSequence.cpp.o
[  3%] Building CXX object src/ompl/CMakeFiles/ompl.dir/base/objectives/src/PathLengthOptimizationObjective.cpp.o
[  4%] Building CXX object src/ompl/CMakeFiles/ompl.dir/base/samplers/deterministic/src/HaltonSequence.cpp.o
[  4%] Building CXX object src/ompl/CMakeFiles/ompl.dir/base/objectives/src/StateCostIntegralObjective.cpp.o
[  5%] Building CXX object src/ompl/CMakeFiles/ompl.dir/base/spaces/constraint/src/ConstrainedStateSpace.cpp.o
[  5%] Building CXX object src/ompl/CMakeFiles/ompl.dir/base/samplers/src/GaussianValidStateSampler.cpp.o
[  5%] Building CXX object src/ompl/CMakeFiles/ompl.dir/base/samplers/informed/src/PathLengthDirectInfSampler.cpp.o
[  5%] Building CXX object src/ompl/CMakeFiles/ompl.dir/base/spaces/constraint/src/TangentBundleStateSpace.cpp.o
[  6%] Building CXX object src/ompl/CMakeFiles/ompl.dir/base/samplers/src/DeterministicStateSampler.cpp.o
[  6%] Building CXX object src/ompl/CMakeFiles/ompl.dir/base/samplers/src/BridgeTestValidStateSampler.cpp.o
[  7%] Building CXX object src/ompl/CMakeFiles/ompl.dir/base/spaces/special/src/KleinBottleStateSpace.cpp.o
[  7%] Building CXX object src/ompl/CMakeFiles/ompl.dir/base/samplers/src/InformedStateSampler.cpp.o
[  7%] Building CXX object src/ompl/CMakeFiles/ompl.dir/base/samplers/src/ConditionalStateSampler.cpp.o
[  7%] Building CXX object src/ompl/CMakeFiles/ompl.dir/base/spaces/special/src/MobiusStateSpace.cpp.o
[  7%] Building CXX object src/ompl/CMakeFiles/ompl.dir/base/samplers/informed/src/RejectionInfSampler.cpp.o
[  8%] Building CXX object src/ompl/CMakeFiles/ompl.dir/base/spaces/src/DiscreteStateSpace.cpp.o
[  8%] Building CXX object src/ompl/CMakeFiles/ompl.dir/base/spaces/src/DubinsStateSpace.cpp.o
[  9%] Building CXX object src/ompl/CMakeFiles/ompl.dir/base/spaces/constraint/src/ProjectedStateSpace.cpp.o
[  9%] Building CXX object src/ompl/CMakeFiles/ompl.dir/base/spaces/special/src/SphereStateSpace.cpp.o
[ 10%] Building CXX object src/ompl/CMakeFiles/ompl.dir/base/spaces/src/HybridStateSpace.cpp.o
[ 10%] Building CXX object src/ompl/CMakeFiles/ompl.dir/base/samplers/informed/src/OrderedInfSampler.cpp.o
[ 10%] Building CXX object src/ompl/CMakeFiles/ompl.dir/base/samplers/src/ObstacleBasedValidStateSampler.cpp.o
[ 10%] Building CXX object src/ompl/CMakeFiles/ompl.dir/base/samplers/src/MaximizeClearanceValidStateSampler.cpp.o
[ 11%] Building CXX object src/ompl/CMakeFiles/ompl.dir/base/samplers/src/UniformValidStateSampler.cpp.o
[ 12%] Building CXX object src/ompl/CMakeFiles/ompl.dir/base/spaces/constraint/src/AtlasStateSpace.cpp.o
[ 12%] Building CXX object src/ompl/CMakeFiles/ompl.dir/base/samplers/src/MinimumClearanceValidStateSampler.cpp.o
[ 12%] Building CXX object src/ompl/CMakeFiles/ompl.dir/base/spaces/constraint/src/AtlasChart.cpp.o
[ 12%] Building CXX object src/ompl/CMakeFiles/ompl.dir/base/spaces/src/ReedsSheppStateSpace.cpp.o
[ 13%] Building CXX object src/ompl/CMakeFiles/ompl.dir/base/spaces/src/HybridTimeStateSpace.cpp.o
[ 13%] Building CXX object src/ompl/CMakeFiles/ompl.dir/base/spaces/src/OwenStateSpace.cpp.o
[ 13%] Building CXX object src/ompl/CMakeFiles/ompl.dir/base/spaces/special/src/TorusStateSpace.cpp.o
[ 14%] Building CXX object src/ompl/CMakeFiles/ompl.dir/base/spaces/src/SE2StateSpace.cpp.o
[ 15%] Building CXX object src/ompl/CMakeFiles/ompl.dir/base/spaces/src/RealVectorStateProjections.cpp.o
[ 15%] Building CXX object src/ompl/CMakeFiles/ompl.dir/base/spaces/src/SE3StateSpace.cpp.o
[ 15%] Building CXX object src/ompl/CMakeFiles/ompl.dir/base/spaces/src/RealVectorBounds.cpp.o
[ 15%] Building CXX object src/ompl/CMakeFiles/ompl.dir/base/spaces/src/RealVectorStateSpace.cpp.o
[ 15%] Building CXX object src/ompl/CMakeFiles/ompl.dir/base/spaces/src/SO2StateSpace.cpp.o
[ 15%] Building CXX object src/ompl/CMakeFiles/ompl.dir/base/spaces/src/SpaceTimeStateSpace.cpp.o
[ 16%] Building CXX object src/ompl/CMakeFiles/ompl.dir/base/spaces/src/SO3StateSpace.cpp.o
[ 16%] Building CXX object src/ompl/CMakeFiles/ompl.dir/base/spaces/src/VanaOwenStateSpace.cpp.o
[ 17%] Building CXX object src/ompl/CMakeFiles/ompl.dir/base/spaces/src/TimeStateSpace.cpp.o
[ 17%] Building CXX object src/ompl/CMakeFiles/ompl.dir/base/spaces/src/TrochoidStateSpace.cpp.o
[ 17%] Building CXX object src/ompl/CMakeFiles/ompl.dir/base/spaces/src/VanaStateSpace.cpp.o
[ 18%] Building CXX object src/ompl/CMakeFiles/ompl.dir/base/spaces/src/WrapperStateSpace.cpp.o
[ 19%] Building CXX object src/ompl/CMakeFiles/ompl.dir/base/src/Cost.cpp.o
[ 19%] Building CXX object src/ompl/CMakeFiles/ompl.dir/base/src/DiscreteMotionValidator.cpp.o
[ 19%] Building CXX object src/ompl/CMakeFiles/ompl.dir/base/src/Constraint.cpp.o
[ 19%] Building CXX object src/ompl/CMakeFiles/ompl.dir/base/src/GenericParam.cpp.o
[ 19%] Building CXX object src/ompl/CMakeFiles/ompl.dir/base/src/Goal.cpp.o
[ 19%] Building CXX object src/ompl/CMakeFiles/ompl.dir/base/src/Planner.cpp.o
[ 20%] Building CXX object src/ompl/CMakeFiles/ompl.dir/base/src/OptimizationObjective.cpp.o
[ 20%] Building CXX object src/ompl/CMakeFiles/ompl.dir/base/src/PlannerData.cpp.o
[ 21%] Building CXX object src/ompl/CMakeFiles/ompl.dir/base/src/PlannerDataStorage.cpp.o
[ 21%] Building CXX object src/ompl/CMakeFiles/ompl.dir/base/src/PlannerStatus.cpp.o
[ 21%] Building CXX object src/ompl/CMakeFiles/ompl.dir/base/src/PlannerTerminationCondition.cpp.o
[ 22%] Building CXX object src/ompl/CMakeFiles/ompl.dir/base/src/PrecomputedStateSampler.cpp.o
[ 22%] Building CXX object src/ompl/CMakeFiles/ompl.dir/base/src/ProblemDefinition.cpp.o
[ 22%] Building CXX object src/ompl/CMakeFiles/ompl.dir/base/src/ProjectionEvaluator.cpp.o
[ 23%] Building CXX object src/ompl/CMakeFiles/ompl.dir/base/src/SpaceInformation.cpp.o
[ 23%] Building CXX object src/ompl/CMakeFiles/ompl.dir/base/src/StateSampler.cpp.o
[ 23%] Building CXX object src/ompl/CMakeFiles/ompl.dir/base/src/StateSpace.cpp.o
[ 24%] Building CXX object src/ompl/CMakeFiles/ompl.dir/base/src/StateStorage.cpp.o
[ 24%] Building CXX object src/ompl/CMakeFiles/ompl.dir/base/src/ValidStateSampler.cpp.o
[ 24%] Building CXX object src/ompl/CMakeFiles/ompl.dir/base/terminationconditions/src/CostConvergenceTerminationCondition.cpp.o
[ 25%] Building CXX object src/ompl/CMakeFiles/ompl.dir/base/terminationconditions/src/IterationTerminationCondition.cpp.o
[ 25%] Building CXX object src/ompl/CMakeFiles/ompl.dir/control/planners/est/src/EST.cpp.o
[ 25%] Building CXX object src/ompl/CMakeFiles/ompl.dir/control/planners/kpiece/src/KPIECE1.cpp.o
[ 26%] Building CXX object src/ompl/CMakeFiles/ompl.dir/control/planners/ltl/src/Automaton.cpp.o
[ 26%] Building CXX object src/ompl/CMakeFiles/ompl.dir/control/planners/ltl/src/LTLPlanner.cpp.o
[ 27%] Building CXX object src/ompl/CMakeFiles/ompl.dir/control/planners/ltl/src/LTLSpaceInformation.cpp.o
[ 27%] Building CXX object src/ompl/CMakeFiles/ompl.dir/control/planners/ltl/src/LTLProblemDefinition.cpp.o
[ 27%] Building CXX object src/ompl/CMakeFiles/ompl.dir/control/planners/ltl/src/ProductGraph.cpp.o
[ 27%] Building CXX object src/ompl/CMakeFiles/ompl.dir/control/planners/ltl/src/PropositionalDecomposition.cpp.o
[ 28%] Building CXX object src/ompl/CMakeFiles/ompl.dir/control/planners/ltl/src/World.cpp.o
[ 28%] Building CXX object src/ompl/CMakeFiles/ompl.dir/control/planners/pdst/src/PDST.cpp.o
[ 28%] Building CXX object src/ompl/CMakeFiles/ompl.dir/control/planners/rrt/src/HyRRT.cpp.o
[ 29%] Building CXX object src/ompl/CMakeFiles/ompl.dir/control/planners/rrt/src/RRT.cpp.o
[ 29%] Building CXX object src/ompl/CMakeFiles/ompl.dir/control/planners/sst/src/HySST.cpp.o
[ 29%] Building CXX object src/ompl/CMakeFiles/ompl.dir/control/planners/sst/src/SST.cpp.o
[ 30%] Building CXX object src/ompl/CMakeFiles/ompl.dir/control/planners/syclop/src/GridDecomposition.cpp.o
[ 30%] Building CXX object src/ompl/CMakeFiles/ompl.dir/control/planners/syclop/src/Syclop.cpp.o
[ 30%] Building CXX object src/ompl/CMakeFiles/ompl.dir/control/planners/syclop/src/SyclopEST.cpp.o
[ 31%] Building CXX object src/ompl/CMakeFiles/ompl.dir/control/planners/syclop/src/SyclopRRT.cpp.o
[ 31%] Building CXX object src/ompl/CMakeFiles/ompl.dir/control/spaces/src/DiscreteControlSpace.cpp.o
[ 31%] Building CXX object src/ompl/CMakeFiles/ompl.dir/control/spaces/src/RealVectorControlSpace.cpp.o
[ 32%] Building CXX object src/ompl/CMakeFiles/ompl.dir/control/src/ControlSampler.cpp.o
[ 32%] Building CXX object src/ompl/CMakeFiles/ompl.dir/control/src/ControlSpace.cpp.o
[ 32%] Building CXX object src/ompl/CMakeFiles/ompl.dir/control/src/PathControl.cpp.o
[ 33%] Building CXX object src/ompl/CMakeFiles/ompl.dir/control/src/PlannerData.cpp.o
[ 33%] Building CXX object src/ompl/CMakeFiles/ompl.dir/control/src/PlannerDataStorage.cpp.o
[ 33%] Building CXX object src/ompl/CMakeFiles/ompl.dir/control/src/SimpleDirectedControlSampler.cpp.o
[ 34%] Building CXX object src/ompl/CMakeFiles/ompl.dir/control/src/SimpleSetup.cpp.o
[ 34%] Building CXX object src/ompl/CMakeFiles/ompl.dir/control/src/SpaceInformation.cpp.o
[ 34%] Building CXX object src/ompl/CMakeFiles/ompl.dir/datastructures/src/AdjacencyList.cpp.o
[ 35%] Building CXX object src/ompl/CMakeFiles/ompl.dir/geometric/planners/AnytimePathShortening.cpp.o
[ 35%] Building CXX object src/ompl/CMakeFiles/ompl.dir/geometric/planners/cforest/src/CForest.cpp.o
[ 35%] Building CXX object src/ompl/CMakeFiles/ompl.dir/geometric/planners/cforest/src/CForestStateSampler.cpp.o
[ 36%] Building CXX object src/ompl/CMakeFiles/ompl.dir/geometric/planners/cforest/src/CForestStateSpaceWrapper.cpp.o
[ 36%] Building CXX object src/ompl/CMakeFiles/ompl.dir/geometric/planners/est/src/BiEST.cpp.o
[ 36%] Building CXX object src/ompl/CMakeFiles/ompl.dir/geometric/planners/est/src/EST.cpp.o
[ 37%] Building CXX object src/ompl/CMakeFiles/ompl.dir/geometric/planners/est/src/ProjEST.cpp.o
[ 37%] Building CXX object src/ompl/CMakeFiles/ompl.dir/geometric/planners/experience/src/LightningRetrieveRepair.cpp.o
[ 37%] Building CXX object src/ompl/CMakeFiles/ompl.dir/geometric/planners/experience/src/ThunderRetrieveRepair.cpp.o
[ 37%] Building CXX object src/ompl/CMakeFiles/ompl.dir/geometric/planners/fmt/src/FMT.cpp.o
[ 38%] Building CXX object src/ompl/CMakeFiles/ompl.dir/geometric/planners/fmt/src/BFMT.cpp.o
[ 38%] Building CXX object src/ompl/CMakeFiles/ompl.dir/geometric/planners/informedtrees/aitstar/src/Edge.cpp.o
[ 39%] Building CXX object src/ompl/CMakeFiles/ompl.dir/geometric/planners/informedtrees/aitstar/src/ImplicitGraph.cpp.o
[ 39%] Building CXX object src/ompl/CMakeFiles/ompl.dir/geometric/planners/informedtrees/aitstar/src/Vertex.cpp.o
[ 39%] Building CXX object src/ompl/CMakeFiles/ompl.dir/geometric/planners/informedtrees/bitstar/src/ImplicitGraph.cpp.o
[ 40%] Building CXX object src/ompl/CMakeFiles/ompl.dir/geometric/planners/informedtrees/bitstar/src/SearchQueue.cpp.o
[ 40%] Building CXX object src/ompl/CMakeFiles/ompl.dir/geometric/planners/informedtrees/bitstar/src/Vertex.cpp.o
[ 40%] Building CXX object src/ompl/CMakeFiles/ompl.dir/geometric/planners/informedtrees/eitstar/src/Edge.cpp.o
[ 41%] Building CXX object src/ompl/CMakeFiles/ompl.dir/geometric/planners/informedtrees/eitstar/src/ForwardQueue.cpp.o
[ 41%] Building CXX object src/ompl/CMakeFiles/ompl.dir/geometric/planners/informedtrees/eitstar/src/RandomGeometricGraph.cpp.o
[ 41%] Building CXX object src/ompl/CMakeFiles/ompl.dir/geometric/planners/informedtrees/eitstar/src/ReverseQueue.cpp.o
[ 42%] Building CXX object src/ompl/CMakeFiles/ompl.dir/geometric/planners/informedtrees/eitstar/src/State.cpp.o
[ 42%] Building CXX object src/ompl/CMakeFiles/ompl.dir/geometric/planners/informedtrees/eitstar/src/Vertex.cpp.o
[ 42%] Building CXX object src/ompl/CMakeFiles/ompl.dir/geometric/planners/informedtrees/src/ABITstar.cpp.o
[ 43%] Building CXX object src/ompl/CMakeFiles/ompl.dir/geometric/planners/informedtrees/src/AITstar.cpp.o
[ 43%] Building CXX object src/ompl/CMakeFiles/ompl.dir/geometric/planners/informedtrees/src/BITstar.cpp.o
[ 43%] Building CXX object src/ompl/CMakeFiles/ompl.dir/geometric/planners/informedtrees/src/EIRMstar.cpp.o
[ 44%] Building CXX object src/ompl/CMakeFiles/ompl.dir/geometric/planners/informedtrees/src/EITstar.cpp.o
[ 44%] Building CXX object src/ompl/CMakeFiles/ompl.dir/geometric/planners/kpiece/src/BKPIECE1.cpp.o
[ 44%] Building CXX object src/ompl/CMakeFiles/ompl.dir/geometric/planners/kpiece/src/KPIECE1.cpp.o
[ 45%] Building CXX object src/ompl/CMakeFiles/ompl.dir/geometric/planners/kpiece/src/LBKPIECE1.cpp.o
[ 45%] Building CXX object src/ompl/CMakeFiles/ompl.dir/geometric/planners/lazyinformedtrees/blitstar/src/ImplicitGraph.cpp.o
[ 45%] Building CXX object src/ompl/CMakeFiles/ompl.dir/geometric/planners/lazyinformedtrees/blitstar/src/Vertex.cpp.o
[ 46%] Building CXX object src/ompl/CMakeFiles/ompl.dir/geometric/planners/lazyinformedtrees/src/BLITstar.cpp.o
[ 46%] Building CXX object src/ompl/CMakeFiles/ompl.dir/geometric/planners/pdst/src/PDST.cpp.o
[ 46%] Building CXX object src/ompl/CMakeFiles/ompl.dir/geometric/planners/prm/src/LazyPRM.cpp.o
[ 47%] Building CXX object src/ompl/CMakeFiles/ompl.dir/geometric/planners/prm/src/LazyPRMstar.cpp.o
[ 47%] Building CXX object src/ompl/CMakeFiles/ompl.dir/geometric/planners/prm/src/PRM.cpp.o
[ 47%] Building CXX object src/ompl/CMakeFiles/ompl.dir/geometric/planners/prm/src/PRMstar.cpp.o
[ 48%] Building CXX object src/ompl/CMakeFiles/ompl.dir/geometric/planners/prm/src/SPARS.cpp.o
[ 48%] Building CXX object src/ompl/CMakeFiles/ompl.dir/geometric/planners/prm/src/SPARStwo.cpp.o
[ 48%] Building CXX object src/ompl/CMakeFiles/ompl.dir/geometric/planners/rlrt/src/BiRLRT.cpp.o
[ 49%] Building CXX object src/ompl/CMakeFiles/ompl.dir/geometric/planners/rlrt/src/RLRT.cpp.o
[ 49%] Building CXX object src/ompl/CMakeFiles/ompl.dir/geometric/planners/rrt/src/ATRRT.cpp.o
[ 50%] Building CXX object src/ompl/CMakeFiles/ompl.dir/geometric/planners/rrt/src/BiTRRT.cpp.o
[ 50%] Building CXX object src/ompl/CMakeFiles/ompl.dir/geometric/planners/rrt/src/InformedRRTstar.cpp.o
[ 50%] Building CXX object src/ompl/CMakeFiles/ompl.dir/geometric/planners/rrt/src/LBTRRT.cpp.o
[ 51%] Building CXX object src/ompl/CMakeFiles/ompl.dir/geometric/planners/rrt/src/LazyLBTRRT.cpp.o
[ 51%] Building CXX object src/ompl/CMakeFiles/ompl.dir/geometric/planners/rrt/src/LazyRRT.cpp.o
[ 51%] Building CXX object src/ompl/CMakeFiles/ompl.dir/geometric/planners/rrt/src/RRT.cpp.o
[ 52%] Building CXX object src/ompl/CMakeFiles/ompl.dir/geometric/planners/rrt/src/RRTConnect.cpp.o
[ 52%] Building CXX object src/ompl/CMakeFiles/ompl.dir/geometric/planners/rrt/src/RRTXstatic.cpp.o
[ 52%] Building CXX object src/ompl/CMakeFiles/ompl.dir/geometric/planners/rrt/src/RRTsharp.cpp.o
[ 53%] Building CXX object src/ompl/CMakeFiles/ompl.dir/geometric/planners/rrt/src/RRTstar.cpp.o
[ 53%] Building CXX object src/ompl/CMakeFiles/ompl.dir/geometric/planners/rrt/src/SORRTstar.cpp.o
[ 53%] Building CXX object src/ompl/CMakeFiles/ompl.dir/geometric/planners/rrt/src/STRRTstar.cpp.o
[ 54%] Building CXX object src/ompl/CMakeFiles/ompl.dir/geometric/planners/rrt/src/TRRT.cpp.o
[ 54%] Building CXX object src/ompl/CMakeFiles/ompl.dir/geometric/planners/rrt/src/TRRTstar.cpp.o
[ 54%] Building CXX object src/ompl/CMakeFiles/ompl.dir/geometric/planners/rrt/src/TSRRT.cpp.o
[ 55%] Building CXX object src/ompl/CMakeFiles/ompl.dir/geometric/planners/rrt/src/VFRRT.cpp.o
[ 55%] Building CXX object src/ompl/CMakeFiles/ompl.dir/geometric/planners/rrt/src/pRRT.cpp.o
[ 55%] Building CXX object src/ompl/CMakeFiles/ompl.dir/geometric/planners/sbl/src/SBL.cpp.o
[ 56%] Building CXX object src/ompl/CMakeFiles/ompl.dir/geometric/planners/sbl/src/pSBL.cpp.o
[ 56%] Building CXX object src/ompl/CMakeFiles/ompl.dir/geometric/planners/sst/src/SST.cpp.o
[ 56%] Building CXX object src/ompl/CMakeFiles/ompl.dir/geometric/planners/stride/src/STRIDE.cpp.o
[ 57%] Building CXX object src/ompl/CMakeFiles/ompl.dir/geometric/planners/xxl/src/XXL.cpp.o
[ 57%] Building CXX object src/ompl/CMakeFiles/ompl.dir/geometric/planners/xxl/src/XXLPlanarDecomposition.cpp.o
[ 57%] Building CXX object src/ompl/CMakeFiles/ompl.dir/geometric/planners/xxl/src/XXLPositionDecomposition.cpp.o
[ 58%] Building CXX object src/ompl/CMakeFiles/ompl.dir/geometric/src/GeneticSearch.cpp.o
[ 58%] Building CXX object src/ompl/CMakeFiles/ompl.dir/geometric/src/HillClimbing.cpp.o
[ 58%] Building CXX object src/ompl/CMakeFiles/ompl.dir/geometric/src/PathGeometric.cpp.o
[ 59%] Building CXX object src/ompl/CMakeFiles/ompl.dir/geometric/src/PathHybridization.cpp.o
[ 59%] Building CXX object src/ompl/CMakeFiles/ompl.dir/geometric/src/PathSimplifier.cpp.o
[ 59%] Building CXX object src/ompl/CMakeFiles/ompl.dir/geometric/src/SimpleSetup.cpp.o
[ 60%] Building CXX object src/ompl/CMakeFiles/ompl.dir/multilevel/datastructures/graphsampler/src/GraphSampler.cpp.o
[ 60%] Building CXX object src/ompl/CMakeFiles/ompl.dir/multilevel/datastructures/graphsampler/src/RandomDegreeVertex.cpp.o
[ 60%] Building CXX object src/ompl/CMakeFiles/ompl.dir/multilevel/datastructures/graphsampler/src/RandomEdge.cpp.o
[ 61%] Building CXX object src/ompl/CMakeFiles/ompl.dir/multilevel/datastructures/graphsampler/src/RandomVertex.cpp.o
[ 61%] Building CXX object src/ompl/CMakeFiles/ompl.dir/multilevel/datastructures/importance/src/Exponential.cpp.o
[ 61%] Building CXX object src/ompl/CMakeFiles/ompl.dir/multilevel/datastructures/importance/src/Greedy.cpp.o
[ 62%] Building CXX object src/ompl/CMakeFiles/ompl.dir/multilevel/datastructures/importance/src/Uniform.cpp.o
[ 62%] Building CXX object src/ompl/CMakeFiles/ompl.dir/multilevel/datastructures/metrics/src/BundleSpaceMetric.cpp.o
[ 62%] Building CXX object src/ompl/CMakeFiles/ompl.dir/multilevel/datastructures/metrics/src/Geodesic.cpp.o
[ 63%] Building CXX object src/ompl/CMakeFiles/ompl.dir/multilevel/datastructures/pathrestriction/src/FindSection.cpp.o
[ 63%] Building CXX object src/ompl/CMakeFiles/ompl.dir/multilevel/datastructures/pathrestriction/src/FindSectionSideStep.cpp.o
[ 63%] Building CXX object src/ompl/CMakeFiles/ompl.dir/multilevel/datastructures/pathrestriction/src/Head.cpp.o
[ 64%] Building CXX object src/ompl/CMakeFiles/ompl.dir/multilevel/datastructures/pathrestriction/src/PathRestriction.cpp.o
[ 64%] Building CXX object src/ompl/CMakeFiles/ompl.dir/multilevel/datastructures/pathrestriction/src/PathSection.cpp.o
[ 64%] Building CXX object src/ompl/CMakeFiles/ompl.dir/multilevel/datastructures/projections/src/EmptySet.cpp.o
[ 65%] Building CXX object src/ompl/CMakeFiles/ompl.dir/multilevel/datastructures/projections/src/FiberedProjection.cpp.o
[ 65%] Building CXX object src/ompl/CMakeFiles/ompl.dir/multilevel/datastructures/projections/src/Identity.cpp.o
[ 65%] Building CXX object src/ompl/CMakeFiles/ompl.dir/multilevel/datastructures/projections/src/None.cpp.o
[ 66%] Building CXX object src/ompl/CMakeFiles/ompl.dir/multilevel/datastructures/projections/src/RNSO2_RN.cpp.o
[ 66%] Building CXX object src/ompl/CMakeFiles/ompl.dir/multilevel/datastructures/projections/src/RN_RM.cpp.o
[ 66%] Building CXX object src/ompl/CMakeFiles/ompl.dir/multilevel/datastructures/projections/src/Relaxation.cpp.o
[ 67%] Building CXX object src/ompl/CMakeFiles/ompl.dir/multilevel/datastructures/projections/src/SE2RN_R2.cpp.o
[ 67%] Building CXX object src/ompl/CMakeFiles/ompl.dir/multilevel/datastructures/projections/src/SE2_R2.cpp.o
[ 67%] Building CXX object src/ompl/CMakeFiles/ompl.dir/multilevel/datastructures/projections/src/SE3RN_R3.cpp.o
[ 68%] Building CXX object src/ompl/CMakeFiles/ompl.dir/multilevel/datastructures/projections/src/SE3_R3.cpp.o
[ 68%] Building CXX object src/ompl/CMakeFiles/ompl.dir/multilevel/datastructures/projections/src/SO2N_SO2M.cpp.o
[ 68%] Building CXX object src/ompl/CMakeFiles/ompl.dir/multilevel/datastructures/projections/src/XRN_X.cpp.o
[ 69%] Building CXX object src/ompl/CMakeFiles/ompl.dir/multilevel/datastructures/projections/src/XRN_XRM.cpp.o
[ 69%] Building CXX object src/ompl/CMakeFiles/ompl.dir/multilevel/datastructures/projections/src/XRN_XRM_SE2.cpp.o
[ 69%] Building CXX object src/ompl/CMakeFiles/ompl.dir/multilevel/datastructures/projections/src/XRN_XRM_SE3.cpp.o
[ 70%] Building CXX object src/ompl/CMakeFiles/ompl.dir/multilevel/datastructures/projections/src/XRN_XRM_SO2.cpp.o
[ 70%] Building CXX object src/ompl/CMakeFiles/ompl.dir/multilevel/datastructures/projections/src/XRN_XRM_SO3.cpp.o
[ 70%] Building CXX object src/ompl/CMakeFiles/ompl.dir/multilevel/datastructures/projections/src/XRN_X_SE2.cpp.o
[ 71%] Building CXX object src/ompl/CMakeFiles/ompl.dir/multilevel/datastructures/projections/src/XRN_X_SE3.cpp.o
[ 71%] Building CXX object src/ompl/CMakeFiles/ompl.dir/multilevel/datastructures/projections/src/XRN_X_SO2.cpp.o
[ 71%] Building CXX object src/ompl/CMakeFiles/ompl.dir/multilevel/datastructures/projections/src/XRN_X_SO3.cpp.o
[ 72%] Building CXX object src/ompl/CMakeFiles/ompl.dir/multilevel/datastructures/propagators/src/BundleSpacePropagator.cpp.o
[ 72%] Building CXX object src/ompl/CMakeFiles/ompl.dir/multilevel/datastructures/propagators/src/Geometric.cpp.o
[ 72%] Building CXX object src/ompl/CMakeFiles/ompl.dir/multilevel/datastructures/src/BundleSpace.cpp.o
[ 73%] Building CXX object src/ompl/CMakeFiles/ompl.dir/multilevel/datastructures/src/BundleSpaceGraph.cpp.o
[ 73%] Building CXX object src/ompl/CMakeFiles/ompl.dir/multilevel/datastructures/src/PlannerDataVertexAnnotated.cpp.o
[ 73%] Building CXX object src/ompl/CMakeFiles/ompl.dir/multilevel/datastructures/src/PlannerMultiLevel.cpp.o
[ 74%] Building CXX object src/ompl/CMakeFiles/ompl.dir/multilevel/datastructures/src/Projection.cpp.o
[ 74%] Building CXX object src/ompl/CMakeFiles/ompl.dir/multilevel/datastructures/src/ProjectionFactory.cpp.o
[ 74%] Building CXX object src/ompl/CMakeFiles/ompl.dir/multilevel/planners/qmp/src/QMPImpl.cpp.o
[ 75%] Building CXX object src/ompl/CMakeFiles/ompl.dir/multilevel/planners/qmp/src/QMPStarImpl.cpp.o
[ 75%] Building CXX object src/ompl/CMakeFiles/ompl.dir/multilevel/planners/qrrt/src/QRRTImpl.cpp.o
[ 75%] Building CXX object src/ompl/CMakeFiles/ompl.dir/multilevel/planners/qrrt/src/QRRTStarImpl.cpp.o
[ 76%] Building CXX object src/ompl/CMakeFiles/ompl.dir/tools/benchmark/src/Benchmark.cpp.o
[ 76%] Building CXX object src/ompl/CMakeFiles/ompl.dir/tools/benchmark/src/MachineSpecs.cpp.o
[ 76%] Building CXX object src/ompl/CMakeFiles/ompl.dir/tools/config/src/SelfConfig.cpp.o
[ 77%] Building CXX object src/ompl/CMakeFiles/ompl.dir/tools/debug/src/PlannerMonitor.cpp.o
[ 77%] Building CXX object src/ompl/CMakeFiles/ompl.dir/tools/debug/src/Profiler.cpp.o
[ 77%] Building CXX object src/ompl/CMakeFiles/ompl.dir/tools/experience/src/ExperienceSetup.cpp.o
[ 78%] Building CXX object src/ompl/CMakeFiles/ompl.dir/tools/lightning/src/DynamicTimeWarp.cpp.o
[ 78%] Building CXX object src/ompl/CMakeFiles/ompl.dir/tools/lightning/src/Lightning.cpp.o
[ 78%] Building CXX object src/ompl/CMakeFiles/ompl.dir/tools/lightning/src/LightningDB.cpp.o
[ 79%] Building CXX object src/ompl/CMakeFiles/ompl.dir/tools/multiplan/src/OptimizePlan.cpp.o
[ 79%] Building CXX object src/ompl/CMakeFiles/ompl.dir/tools/multiplan/src/ParallelPlan.cpp.o
[ 79%] Building CXX object src/ompl/CMakeFiles/ompl.dir/tools/thunder/src/SPARSdb.cpp.o
[ 80%] Building CXX object src/ompl/CMakeFiles/ompl.dir/tools/thunder/src/Thunder.cpp.o
[ 80%] Building CXX object src/ompl/CMakeFiles/ompl.dir/tools/thunder/src/ThunderDB.cpp.o
[ 80%] Building CXX object src/ompl/CMakeFiles/ompl.dir/util/src/Console.cpp.o
[ 81%] Building CXX object src/ompl/CMakeFiles/ompl.dir/util/src/GeometricEquations.cpp.o
[ 81%] Building CXX object src/ompl/CMakeFiles/ompl.dir/util/src/PPM.cpp.o
[ 81%] Building CXX object src/ompl/CMakeFiles/ompl.dir/util/src/ProlateHyperspheroid.cpp.o
[ 82%] Building CXX object src/ompl/CMakeFiles/ompl.dir/util/src/RandomNumbers.cpp.o
[ 82%] Building CXX object src/ompl/CMakeFiles/ompl.dir/util/src/String.cpp.o
[ 82%] Building CXX object src/ompl/CMakeFiles/ompl.dir/util/src/Time.cpp.o
[ 83%] Building CXX object src/ompl/CMakeFiles/ompl.dir/extensions/triangle/src/PropositionalTriangularDecomposition.cpp.o
[ 83%] Building CXX object src/ompl/CMakeFiles/ompl.dir/extensions/triangle/src/TriangularDecomposition.cpp.o
[ 83%] Linking CXX shared library libompl.so
[ 83%] Built target ompl
[ 84%] Building CXX object tests/CMakeFiles/test_grid.dir/datastructures/grid.cpp.o
[ 86%] Building CXX object tests/CMakeFiles/test_adjacency_list.dir/datastructures/adjacency_list.cpp.o
[ 86%] Building CXX object tests/CMakeFiles/test_heap.dir/datastructures/heap.cpp.o
[ 86%] Building CXX object tests/CMakeFiles/test_state_storage.dir/base/state_storage.cpp.o
[ 86%] Building CXX object tests/CMakeFiles/test_pdf.dir/datastructures/pdf.cpp.o
[ 86%] Building CXX object tests/CMakeFiles/test_gridb.dir/datastructures/gridb.cpp.o
[ 86%] Building CXX object tests/CMakeFiles/test_nearestneighbors.dir/datastructures/nearestneighbors.cpp.o
[ 87%] Building CXX object tests/CMakeFiles/test_ptc.dir/base/ptc.cpp.o
[ 87%] Building CXX object tests/CMakeFiles/test_random.dir/util/random/random.cpp.o
[ 87%] Building CXX object tests/CMakeFiles/test_spacetime_STRRTstar.dir/geometric/spacetime/STRRTstar_test.cpp.o
[ 88%] Building CXX object tests/CMakeFiles/test_planner_data.dir/base/planner_data.cpp.o
[ 88%] Building CXX object tests/CMakeFiles/test_experience_planning.dir/tools/test_experience_planning.cpp.o
[ 88%] Building CXX object tests/CMakeFiles/test_vamp_integration.dir/util/test_vamp_integration.cpp.o
[ 89%] Building CXX object tests/CMakeFiles/test_2dmap_geometric_simple.dir/geometric/2d/2dmap_simple.cpp.o
[ 89%] Building CXX object tests/CMakeFiles/test_state_operations.dir/base/state_operations.cpp.o
[ 89%] Building CXX object tests/CMakeFiles/test_halton_sampling.dir/base/halton_deterministic_sampling.cpp.o
[ 89%] Building CXX object tests/CMakeFiles/test_2dcircles_opt_geometric.dir/geometric/2d/2dcircles_optimize.cpp.o
[ 89%] Building CXX object tests/CMakeFiles/test_2dmap_ik.dir/geometric/2d/2dmap_ik.cpp.o
[ 90%] Building CXX object tests/CMakeFiles/test_state_spaces.dir/base/state_spaces.cpp.o
[ 90%] Building CXX object tests/CMakeFiles/test_planner_data_control.dir/control/planner_data.cpp.o
[ 91%] Building CXX object tests/regression_tests/CMakeFiles/regression_test.dir/RegressionTest.cpp.o
[ 91%] Building CXX object tests/CMakeFiles/test_2dmap_control.dir/control/2dmap/2dmap.cpp.o
[ 91%] Building CXX object tests/CMakeFiles/test_2dpath_simplifying.dir/geometric/2d/2dpath_simplifying.cpp.o
[ 91%] Building CXX object tests/CMakeFiles/test_constraint_sphere.dir/geometric/constraint/test_sphere.cpp.o
/app/tests/util/test_vamp_integration.cpp:9:10: fatal error: vamp/robots/panda.hh: No such file or directory
    9 | #include <vamp/robots/panda.hh>
      |          ^~~~~~~~~~~~~~~~~~~~~~
compilation terminated.
make[2]: *** [tests/CMakeFiles/test_vamp_integration.dir/build.make:76: tests/CMakeFiles/test_vamp_integration.dir/util/test_vamp_integration.cpp.o] Error 1
make[1]: *** [CMakeFiles/Makefile2:915: tests/CMakeFiles/test_vamp_integration.dir/all] Error 2
make[1]: *** Waiting for unfinished jobs....
[ 91%] Linking CXX executable test_heap
[ 91%] Built target test_heap
[ 91%] Linking CXX executable test_pdf
[ 91%] Built target test_pdf
[ 91%] Linking CXX executable test_halton_sampling
[ 91%] Built target test_halton_sampling
[ 91%] Linking CXX executable test_random
[ 91%] Built target test_random
[ 91%] Linking CXX executable test_adjacency_list
[ 91%] Built target test_adjacency_list
[ 92%] Linking CXX executable test_state_storage
[ 92%] Linking CXX executable test_ptc
[ 93%] Linking CXX executable test_gridb
[ 93%] Built target test_state_storage
[ 93%] Built target test_ptc
[ 93%] Linking CXX executable test_2dmap_geometric_simple
[ 93%] Built target test_gridb
[ 93%] Linking CXX executable test_grid
[ 94%] Linking CXX executable test_2dmap_ik
[ 94%] Built target test_2dmap_geometric_simple
[ 94%] Built target test_grid
[ 94%] Built target test_2dmap_ik
/app/tests/tools/test_experience_planning.cpp: In static member function 'static void ExperienceBasedPlannerTest<ExpPlannerT, PlannerT, ReplannerT>::runTest() [with ExpPlannerT = ompl::tools::Lightning; PlannerT = void; ReplannerT = void]':
/app/tests/tools/test_experience_planning.cpp:104:16: warning: ignoring return value of 'int mkstemp(char*)' declared with attribute 'warn_unused_result' [-Wunused-result]
  104 |         mkstemp(const_cast<char*>(temp_path.c_str()));
      |         ~~~~~~~^~~~~~~~~~~~~~~~~~~~~~~~~~~~~~~~~~~~~~
/app/tests/tools/test_experience_planning.cpp: In static member function 'static void ExperienceBasedPlannerTest<ExpPlannerT, PlannerT, ReplannerT>::runTest() [with ExpPlannerT = ompl::tools::Lightning; PlannerT = ompl::geometric::RRTConnect; ReplannerT = ompl::geometric::RRTConnect]':
/app/tests/tools/test_experience_planning.cpp:104:16: warning: ignoring return value of 'int mkstemp(char*)' declared with attribute 'warn_unused_result' [-Wunused-result]
/app/tests/tools/test_experience_planning.cpp: In static member function 'static void ExperienceBasedPlannerTest<ExpPlannerT, PlannerT, ReplannerT>::runTest() [with ExpPlannerT = ompl::tools::Lightning; PlannerT = ompl::geometric::KPIECE1; ReplannerT = ompl::geometric::KPIECE1]':
/app/tests/tools/test_experience_planning.cpp:104:16: warning: ignoring return value of 'int mkstemp(char*)' declared with attribute 'warn_unused_result' [-Wunused-result]
/app/tests/tools/test_experience_planning.cpp: In static member function 'static void ExperienceBasedPlannerTest<ExpPlannerT, PlannerT, ReplannerT>::runTest() [with ExpPlannerT = ompl::tools::Lightning; PlannerT = ompl::geometric::KPIECE1; ReplannerT = ompl::geometric::RRTConnect]':
/app/tests/tools/test_experience_planning.cpp:104:16: warning: ignoring return value of 'int mkstemp(char*)' declared with attribute 'warn_unused_result' [-Wunused-result]
/app/tests/tools/test_experience_planning.cpp: In static member function 'static void ExperienceBasedPlannerTest<ExpPlannerT, PlannerT, ReplannerT>::runTest() [with ExpPlannerT = ompl::tools::Lightning; PlannerT = ompl::geometric::RRTConnect; ReplannerT = ompl::geometric::KPIECE1]':
/app/tests/tools/test_experience_planning.cpp:104:16: warning: ignoring return value of 'int mkstemp(char*)' declared with attribute 'warn_unused_result' [-Wunused-result]
[ 94%] Linking CXX executable test_state_operations
[ 95%] Linking CXX executable test_spacetime_STRRTstar
[ 95%] Built target test_state_operations
[ 95%] Built target test_spacetime_STRRTstar
[ 95%] Linking CXX executable test_planner_data
[ 95%] Built target test_planner_data
[ 96%] Linking CXX executable test_nearestneighbors
[ 96%] Built target test_nearestneighbors
[ 97%] Linking CXX executable test_planner_data_control
[ 97%] Built target test_planner_data_control
[ 97%] Linking CXX executable test_state_spaces
[ 97%] Linking CXX executable test_experience_planning
[ 97%] Built target test_state_spaces
[ 97%] Built target test_experience_planning
[ 97%] Linking CXX executable test_2dmap_control
[ 98%] Linking CXX executable test_constraint_sphere
[ 98%] Built target test_2dmap_control
[ 98%] Built target test_constraint_sphere
[ 98%] Linking CXX executable regression_test
[ 98%] Linking CXX executable test_2dpath_simplifying
[ 98%] Built target test_2dpath_simplifying
[ 98%] Built target regression_test
[ 99%] Linking CXX executable test_2dcircles_opt_geometric
[ 99%] Built target test_2dcircles_opt_geometric
make: *** [Makefile:166: all] Error 2
Test project /app/build
      Start  1: test_adjacency_list
 1/23 Test  #1: test_adjacency_list ..............   Passed    0.37 sec
      Start  2: test_heap
 2/23 Test  #2: test_heap ........................   Passed    0.01 sec
      Start  3: test_grid
 3/23 Test  #3: test_grid ........................   Passed    0.00 sec
      Start  4: test_gridb
 4/23 Test  #4: test_gridb .......................   Passed    0.01 sec
      Start  5: test_nearestneighbors
 5/23 Test  #5: test_nearestneighbors ............   Passed    0.88 sec
      Start  6: test_pdf
 6/23 Test  #6: test_pdf .........................   Passed    0.19 sec
      Start  7: test_random
 7/23 Test  #7: test_random ......................   Passed    0.83 sec
      Start  8: test_halton_sampling
 8/23 Test  #8: test_halton_sampling .............   Passed    0.01 sec
      Start  9: test_state_operations
 9/23 Test  #9: test_state_operations ............   Passed    0.45 sec
      Start 10: test_state_spaces
10/23 Test #10: test_state_spaces ................   Passed    0.66 sec
      Start 11: test_state_storage
11/23 Test #11: test_state_storage ...............   Passed    0.02 sec
      Start 12: test_planner_data
12/23 Test #12: test_planner_data ................   Passed    0.05 sec
      Start 13: test_ptc
13/23 Test #13: test_ptc .........................   Passed    0.13 sec
      Start 14: test_2dmap_geometric_simple
14/23 Test #14: test_2dmap_geometric_simple ......   Passed    0.15 sec
      Start 15: test_2dmap_ik
15/23 Test #15: test_2dmap_ik ....................   Passed    0.05 sec
      Start 16: test_2dcircles_opt_geometric
16/23 Test #16: test_2dcircles_opt_geometric .....   Passed   51.23 sec
      Start 17: test_2dpath_simplifying
17/23 Test #17: test_2dpath_simplifying ..........   Passed    0.16 sec
      Start 18: test_constraint_sphere
18/23 Test #18: test_constraint_sphere ...........   Passed   16.18 sec
      Start 19: test_spacetime_STRRTstar
19/23 Test #19: test_spacetime_STRRTstar .........   Passed    0.63 sec
      Start 20: test_2dmap_control
20/23 Test #20: test_2dmap_control ...............   Passed    1.50 sec
      Start 21: test_planner_data_control
21/23 Test #21: test_planner_data_control ........   Passed    0.13 sec
      Start 22: test_experience_planning
22/23 Test #22: test_experience_planning .........   Passed    0.05 sec
      Start 23: test_vamp_integration
Unable to find executable: /app/build/tests/test_vamp_integration
Could not find executable /app/build/tests/test_vamp_integration
Looked in the following places:
/app/build/tests/test_vamp_integration
/app/build/tests/test_vamp_integration
/app/build/tests/Release/test_vamp_integration
/app/build/tests/Release/test_vamp_integration
/app/build/tests/Debug/test_vamp_integration
/app/build/tests/Debug/test_vamp_integration
/app/build/tests/MinSizeRel/test_vamp_integration
/app/build/tests/MinSizeRel/test_vamp_integration
/app/build/tests/RelWithDebInfo/test_vamp_integration
/app/build/tests/RelWithDebInfo/test_vamp_integration
/app/build/tests/Deployment/test_vamp_integration
/app/build/tests/Deployment/test_vamp_integration
/app/build/tests/Development/test_vamp_integration
/app/build/tests/Development/test_vamp_integration
app/build/tests/test_vamp_integration
app/build/tests/test_vamp_integration
app/build/tests/Release/test_vamp_integration
app/build/tests/Release/test_vamp_integration
app/build/tests/Debug/test_vamp_integration
app/build/tests/Debug/test_vamp_integration
app/build/tests/MinSizeRel/test_vamp_integration
app/build/tests/MinSizeRel/test_vamp_integration
app/build/tests/RelWithDebInfo/test_vamp_integration
app/build/tests/RelWithDebInfo/test_vamp_integration
app/build/tests/Deployment/test_vamp_integration
app/build/tests/Deployment/test_vamp_integration
app/build/tests/Development/test_vamp_integration
app/build/tests/Development/test_vamp_integration
23/23 Test #23: test_vamp_integration ............***Not Run   0.00 sec

96% tests passed, 1 tests failed out of 23

Total Test time (real) =  73.68 sec

The following tests FAILED:
	 23 - test_vamp_integration (Not Run)
Errors while running CTest
-- The CXX compiler identification is GNU 11.4.0
-- Detecting CXX compiler ABI info
-- Detecting CXX compiler ABI info - done
-- Check for working CXX compiler: /usr/bin/c++ - skipped
-- Detecting CXX compile features
-- Detecting CXX compile features - done
CMake Error at CMakeLists.txt:8 (find_package):
  Could not find a package configuration file provided by "ompl" with any of
  the following names:

    omplConfig.cmake
    ompl-config.cmake

  Add the installation prefix of "ompl" to CMAKE_PREFIX_PATH or set
  "ompl_DIR" to a directory containing one of the above files.  If "ompl"
  provides a separate development package or SDK, be sure it has been
  installed.


-- Configuring incomplete, errors occurred!
See also "/app/tests/cmake_export/build/CMakeFiles/CMakeOutput.log".
gmake: Makefile: No such file or directory
gmake: *** No rule to make target 'Makefile'.  Stop.
